<?xml version="1.0" encoding="UTF-8"?>
<TestRun id="6846b1e4-6e64-4b26-a439-43fcb885ac7c" name="Administrator@DESKTOP 2008-05-04 01:47:47" runUser="DESKTOP\Administrator" xmlns="http://microsoft.com/schemas/VisualStudio/TeamTest/2006">
  <TestRunConfiguration name="Local Test Run" id="83aba3ea-57f6-4249-8e07-3130942d9d3b">
    <Description>This is a default test run configuration for a local test run.</Description>
    <Deployment runDeploymentRoot="C:\Documents and Settings\Administrator\My Documents\Projects\Published\TestResults\Administrator_DESKTOP 2008-05-04 01_47_47">
      <DeploymentItem filename="C:\Documents and Settings\Administrator\My Documents\Projects\Published\OBDReap\bin\Debug\OBDReap.exe" />
    </Deployment>
    <TestTypeSpecific />
  </TestRunConfiguration>
  <ResultSummary outcome="Failed">
    <Counters total="43" executed="43" passed="1" error="0" failed="38" timeout="0" aborted="0" inconclusive="4" passedButRunAborted="0" notRunnable="0" notExecuted="0" disconnected="0" warning="0" completed="0" inProgress="0" pending="0" />
  </ResultSummary>
  <Times creation="2008-05-04T01:47:47.9531250-05:00" queuing="2008-05-04T01:47:49.3906250-05:00" start="2008-05-04T01:47:49.6718750-05:00" finish="2008-05-04T01:47:51.3593750-05:00" />
  <TestDefinitions>
    <UnitTest name="BitStringTest" storage="c:\documents and settings\administrator\my documents\projects\published\obdreaptestproject\bin\debug\obdreaptestproject.dll" id="05d9f462-1f8f-b8df-388c-1724762f2858">
      <Css projectStructure="" iteration="" />
      <Owners>
        <Owner name="" />
      </Owners>
      <DeploymentItems>
        <DeploymentItem filename="OBDReap.exe" />
      </DeploymentItems>
      <Execution id="0de03869-b033-4092-a58c-c16c43d6ff17" />
      <TestMethod codeBase="C:\Documents and Settings\Administrator\My Documents\Projects\Published\OBDReapTestProject\bin\Debug\OBDReapTestProject.dll" adapterTypeName="Microsoft.VisualStudio.TestTools.TestTypes.Unit.UnitTestAdapter, Microsoft.VisualStudio.QualityTools.Tips.UnitTest.Adapter, Version=9.0.0.0, Culture=neutral, PublicKeyToken=b03f5f7f11d50a3a" className="OBDReapTestProject.OBD_SensorsTest, OBDReapTestProject" name="BitStringTest" />
    </UnitTest>
    <UnitTest name="Fuel_System_StatusTest" storage="c:\documents and settings\administrator\my documents\projects\published\obdreaptestproject\bin\debug\obdreaptestproject.dll" id="988a5a50-f787-d696-beb5-18d2ffd4817b">
      <Css projectStructure="" iteration="" />
      <Owners>
        <Owner name="" />
      </Owners>
      <Execution id="addfeb07-e80a-4815-a099-7f3e070657f7" />
      <TestMethod codeBase="C:\Documents and Settings\Administrator\My Documents\Projects\Published\OBDReapTestProject\bin\Debug\OBDReapTestProject.dll" adapterTypeName="Microsoft.VisualStudio.TestTools.TestTypes.Unit.UnitTestAdapter, Microsoft.VisualStudio.QualityTools.Tips.UnitTest.Adapter, Version=9.0.0.0, Culture=neutral, PublicKeyToken=b03f5f7f11d50a3a" className="OBDReapTestProject.OBD_SensorsTest, OBDReapTestProject" name="Fuel_System_StatusTest" />
    </UnitTest>
    <UnitTest name="OBD_SensorsConstructorTest" storage="c:\documents and settings\administrator\my documents\projects\published\obdreaptestproject\bin\debug\obdreaptestproject.dll" id="09bf6443-6779-c767-dc94-609331a6dcf2">
      <Css projectStructure="" iteration="" />
      <Owners>
        <Owner name="" />
      </Owners>
      <Execution id="8275d77b-8e14-4f40-a8cb-e19a30abc41d" />
      <TestMethod codeBase="C:\Documents and Settings\Administrator\My Documents\Projects\Published\OBDReapTestProject\bin\Debug\OBDReapTestProject.dll" adapterTypeName="Microsoft.VisualStudio.TestTools.TestTypes.Unit.UnitTestAdapter, Microsoft.VisualStudio.QualityTools.Tips.UnitTest.Adapter, Version=9.0.0.0, Culture=neutral, PublicKeyToken=b03f5f7f11d50a3a" className="OBDReapTestProject.OBD_SensorsTest, OBDReapTestProject" name="OBD_SensorsConstructorTest" />
    </UnitTest>
    <UnitTest name="Status_Since_DTC_ClearedTest" storage="c:\documents and settings\administrator\my documents\projects\published\obdreaptestproject\bin\debug\obdreaptestproject.dll" id="352ccee4-eca2-33a6-ce4c-5f8f8e0179a4">
      <Css projectStructure="" iteration="" />
      <Owners>
        <Owner name="" />
      </Owners>
      <Execution id="a2e614de-9340-4c24-bf2a-187f04bb364f" />
      <TestMethod codeBase="C:\Documents and Settings\Administrator\My Documents\Projects\Published\OBDReapTestProject\bin\Debug\OBDReapTestProject.dll" adapterTypeName="Microsoft.VisualStudio.TestTools.TestTypes.Unit.UnitTestAdapter, Microsoft.VisualStudio.QualityTools.Tips.UnitTest.Adapter, Version=9.0.0.0, Culture=neutral, PublicKeyToken=b03f5f7f11d50a3a" className="OBDReapTestProject.OBD_SensorsTest, OBDReapTestProject" name="Status_Since_DTC_ClearedTest" />
    </UnitTest>
    <UnitTest name="Coolant_TemperatureTest" storage="c:\documents and settings\administrator\my documents\projects\published\obdreaptestproject\bin\debug\obdreaptestproject.dll" id="1068b125-7e20-f5ad-a067-c696cae3e38b">
      <Css projectStructure="" iteration="" />
      <Owners>
        <Owner name="" />
      </Owners>
      <Execution id="9bd267c1-2422-45d3-94a9-f1d58fc8fd5c" />
      <TestMethod codeBase="C:\Documents and Settings\Administrator\My Documents\Projects\Published\OBDReapTestProject\bin\Debug\OBDReapTestProject.dll" adapterTypeName="Microsoft.VisualStudio.TestTools.TestTypes.Unit.UnitTestAdapter, Microsoft.VisualStudio.QualityTools.Tips.UnitTest.Adapter, Version=9.0.0.0, Culture=neutral, PublicKeyToken=b03f5f7f11d50a3a" className="OBDReapTestProject.OBD_SensorsTest, OBDReapTestProject" name="Coolant_TemperatureTest" />
    </UnitTest>
    <UnitTest name="Aux_input_statusTest" storage="c:\documents and settings\administrator\my documents\projects\published\obdreaptestproject\bin\debug\obdreaptestproject.dll" id="4bf69307-4792-89fb-074f-e8332a603ebc">
      <Css projectStructure="" iteration="" />
      <Owners>
        <Owner name="" />
      </Owners>
      <Execution id="a5e755ff-d697-408b-910a-57b3a07052df" />
      <TestMethod codeBase="C:\Documents and Settings\Administrator\My Documents\Projects\Published\OBDReapTestProject\bin\Debug\OBDReapTestProject.dll" adapterTypeName="Microsoft.VisualStudio.TestTools.TestTypes.Unit.UnitTestAdapter, Microsoft.VisualStudio.QualityTools.Tips.UnitTest.Adapter, Version=9.0.0.0, Culture=neutral, PublicKeyToken=b03f5f7f11d50a3a" className="OBDReapTestProject.OBD_SensorsTest, OBDReapTestProject" name="Aux_input_statusTest" />
    </UnitTest>
    <UnitTest name="Air_Flow_Rate_MAFTest" storage="c:\documents and settings\administrator\my documents\projects\published\obdreaptestproject\bin\debug\obdreaptestproject.dll" id="a72e4223-b465-17ca-fae0-70e98570c9ad">
      <Css projectStructure="" iteration="" />
      <Owners>
        <Owner name="" />
      </Owners>
      <Execution id="988fd062-8389-428e-8777-47e8474e0cc8" />
      <TestMethod codeBase="C:\Documents and Settings\Administrator\My Documents\Projects\Published\OBDReapTestProject\bin\Debug\OBDReapTestProject.dll" adapterTypeName="Microsoft.VisualStudio.TestTools.TestTypes.Unit.UnitTestAdapter, Microsoft.VisualStudio.QualityTools.Tips.UnitTest.Adapter, Version=9.0.0.0, Culture=neutral, PublicKeyToken=b03f5f7f11d50a3a" className="OBDReapTestProject.OBD_SensorsTest, OBDReapTestProject" name="Air_Flow_Rate_MAFTest" />
    </UnitTest>
    <UnitTest name="Time_Since_Engine_StartTest" storage="c:\documents and settings\administrator\my documents\projects\published\obdreaptestproject\bin\debug\obdreaptestproject.dll" id="9a6c8915-56d4-4a82-9bc8-9e322e8ae098">
      <Css projectStructure="" iteration="" />
      <Owners>
        <Owner name="" />
      </Owners>
      <Execution id="e6b592d9-b080-4077-a6ea-2179236f6494" />
      <TestMethod codeBase="C:\Documents and Settings\Administrator\My Documents\Projects\Published\OBDReapTestProject\bin\Debug\OBDReapTestProject.dll" adapterTypeName="Microsoft.VisualStudio.TestTools.TestTypes.Unit.UnitTestAdapter, Microsoft.VisualStudio.QualityTools.Tips.UnitTest.Adapter, Version=9.0.0.0, Culture=neutral, PublicKeyToken=b03f5f7f11d50a3a" className="OBDReapTestProject.OBD_SensorsTest, OBDReapTestProject" name="Time_Since_Engine_StartTest" />
    </UnitTest>
    <UnitTest name="Supported_PIDsTest" storage="c:\documents and settings\administrator\my documents\projects\published\obdreaptestproject\bin\debug\obdreaptestproject.dll" id="63bee9b4-2d17-54f4-a756-36c3c7cd634a">
      <Css projectStructure="" iteration="" />
      <Owners>
        <Owner name="" />
      </Owners>
      <Execution id="9d39ad49-395a-463b-82d0-2d8ac46fe6ea" />
      <TestMethod codeBase="C:\Documents and Settings\Administrator\My Documents\Projects\Published\OBDReapTestProject\bin\Debug\OBDReapTestProject.dll" adapterTypeName="Microsoft.VisualStudio.TestTools.TestTypes.Unit.UnitTestAdapter, Microsoft.VisualStudio.QualityTools.Tips.UnitTest.Adapter, Version=9.0.0.0, Culture=neutral, PublicKeyToken=b03f5f7f11d50a3a" className="OBDReapTestProject.OBDReap_SensorsTest, OBDReapTestProject" name="Supported_PIDsTest" />
    </UnitTest>
    <UnitTest name="Short_Term_Fuel_Trim_1Test" storage="c:\documents and settings\administrator\my documents\projects\published\obdreaptestproject\bin\debug\obdreaptestproject.dll" id="47f8fb12-9b9f-9c40-e21c-ea2a6adbc222">
      <Css projectStructure="" iteration="" />
      <Owners>
        <Owner name="" />
      </Owners>
      <Execution id="6600c6e0-47a1-47de-9c14-cc13e63dfd1b" />
      <TestMethod codeBase="C:\Documents and Settings\Administrator\My Documents\Projects\Published\OBDReapTestProject\bin\Debug\OBDReapTestProject.dll" adapterTypeName="Microsoft.VisualStudio.TestTools.TestTypes.Unit.UnitTestAdapter, Microsoft.VisualStudio.QualityTools.Tips.UnitTest.Adapter, Version=9.0.0.0, Culture=neutral, PublicKeyToken=b03f5f7f11d50a3a" className="OBDReapTestProject.OBD_SensorsTest, OBDReapTestProject" name="Short_Term_Fuel_Trim_1Test" />
    </UnitTest>
    <UnitTest name="Engine_Run_with_MIL_onTest" storage="c:\documents and settings\administrator\my documents\projects\published\obdreaptestproject\bin\debug\obdreaptestproject.dll" id="ccb9cf6e-2029-420d-04ea-22db59cdf5e8">
      <Css projectStructure="" iteration="" />
      <Owners>
        <Owner name="" />
      </Owners>
      <Execution id="a3b87037-275f-4f3e-a83d-838c3c77a8d2" />
      <TestMethod codeBase="C:\Documents and Settings\Administrator\My Documents\Projects\Published\OBDReapTestProject\bin\Debug\OBDReapTestProject.dll" adapterTypeName="Microsoft.VisualStudio.TestTools.TestTypes.Unit.UnitTestAdapter, Microsoft.VisualStudio.QualityTools.Tips.UnitTest.Adapter, Version=9.0.0.0, Culture=neutral, PublicKeyToken=b03f5f7f11d50a3a" className="OBDReapTestProject.OBD_SensorsTest, OBDReapTestProject" name="Engine_Run_with_MIL_onTest" />
    </UnitTest>
    <UnitTest name="TranslateCodeTest" storage="c:\documents and settings\administrator\my documents\projects\published\obdreaptestproject\bin\debug\obdreaptestproject.dll" id="591b47a2-441f-bec8-c6b7-280228b6867d">
      <Css projectStructure="" iteration="" />
      <Owners>
        <Owner name="" />
      </Owners>
      <Execution id="4d57c5b6-1118-48a9-b967-b259218e2e18" />
      <TestMethod codeBase="C:\Documents and Settings\Administrator\My Documents\Projects\Published\OBDReapTestProject\bin\Debug\OBDReapTestProject.dll" adapterTypeName="Microsoft.VisualStudio.TestTools.TestTypes.Unit.UnitTestAdapter, Microsoft.VisualStudio.QualityTools.Tips.UnitTest.Adapter, Version=9.0.0.0, Culture=neutral, PublicKeyToken=b03f5f7f11d50a3a" className="OBDReapTestProject.OBDTest, OBDReapTestProject" name="TranslateCodeTest" />
    </UnitTest>
    <UnitTest name="O2_Sensor_1_1Test" storage="c:\documents and settings\administrator\my documents\projects\published\obdreaptestproject\bin\debug\obdreaptestproject.dll" id="c87d0368-e92e-cbd1-44b9-4478b4ca0633">
      <Css projectStructure="" iteration="" />
      <Owners>
        <Owner name="" />
      </Owners>
      <Execution id="e112484b-c804-4d60-aeeb-2d83fe1e091d" />
      <TestMethod codeBase="C:\Documents and Settings\Administrator\My Documents\Projects\Published\OBDReapTestProject\bin\Debug\OBDReapTestProject.dll" adapterTypeName="Microsoft.VisualStudio.TestTools.TestTypes.Unit.UnitTestAdapter, Microsoft.VisualStudio.QualityTools.Tips.UnitTest.Adapter, Version=9.0.0.0, Culture=neutral, PublicKeyToken=b03f5f7f11d50a3a" className="OBDReapTestProject.OBD_SensorsTest, OBDReapTestProject" name="O2_Sensor_1_1Test" />
    </UnitTest>
    <UnitTest name="ParseOutBitsTest1" storage="c:\documents and settings\administrator\my documents\projects\published\obdreaptestproject\bin\debug\obdreaptestproject.dll" id="21f4b005-288f-ec31-490e-c85c6f0bfb5b">
      <Css projectStructure="" iteration="" />
      <Owners>
        <Owner name="" />
      </Owners>
      <DeploymentItems>
        <DeploymentItem filename="OBDReap.exe" />
      </DeploymentItems>
      <Execution id="fbe26029-480a-48f2-9643-ae5bad358059" />
      <TestMethod codeBase="C:\Documents and Settings\Administrator\My Documents\Projects\Published\OBDReapTestProject\bin\Debug\OBDReapTestProject.dll" adapterTypeName="Microsoft.VisualStudio.TestTools.TestTypes.Unit.UnitTestAdapter, Microsoft.VisualStudio.QualityTools.Tips.UnitTest.Adapter, Version=9.0.0.0, Culture=neutral, PublicKeyToken=b03f5f7f11d50a3a" className="OBDReapTestProject.OBD_SensorsTest, OBDReapTestProject" name="ParseOutBitsTest1" />
    </UnitTest>
    <UnitTest name="Timing_AdvanceTest" storage="c:\documents and settings\administrator\my documents\projects\published\obdreaptestproject\bin\debug\obdreaptestproject.dll" id="815e43d9-3176-8f1f-f190-39155f2bcced">
      <Css projectStructure="" iteration="" />
      <Owners>
        <Owner name="" />
      </Owners>
      <Execution id="f1ffa1d0-20be-4bed-998f-cd3b5db171d4" />
      <TestMethod codeBase="C:\Documents and Settings\Administrator\My Documents\Projects\Published\OBDReapTestProject\bin\Debug\OBDReapTestProject.dll" adapterTypeName="Microsoft.VisualStudio.TestTools.TestTypes.Unit.UnitTestAdapter, Microsoft.VisualStudio.QualityTools.Tips.UnitTest.Adapter, Version=9.0.0.0, Culture=neutral, PublicKeyToken=b03f5f7f11d50a3a" className="OBDReapTestProject.OBD_SensorsTest, OBDReapTestProject" name="Timing_AdvanceTest" />
    </UnitTest>
    <UnitTest name="O2_Sensor_1_2Test" storage="c:\documents and settings\administrator\my documents\projects\published\obdreaptestproject\bin\debug\obdreaptestproject.dll" id="0863d3e1-1c58-6b48-563e-ebc0f984fea1">
      <Css projectStructure="" iteration="" />
      <Owners>
        <Owner name="" />
      </Owners>
      <Execution id="90bf2c69-75f2-4160-9b0f-36c9b7976f7d" />
      <TestMethod codeBase="C:\Documents and Settings\Administrator\My Documents\Projects\Published\OBDReapTestProject\bin\Debug\OBDReapTestProject.dll" adapterTypeName="Microsoft.VisualStudio.TestTools.TestTypes.Unit.UnitTestAdapter, Microsoft.VisualStudio.QualityTools.Tips.UnitTest.Adapter, Version=9.0.0.0, Culture=neutral, PublicKeyToken=b03f5f7f11d50a3a" className="OBDReapTestProject.OBD_SensorsTest, OBDReapTestProject" name="O2_Sensor_1_2Test" />
    </UnitTest>
    <UnitTest name="O2_Sensor_2_2Test" storage="c:\documents and settings\administrator\my documents\projects\published\obdreaptestproject\bin\debug\obdreaptestproject.dll" id="80c77f9f-63c3-1416-82a8-2bde9f889de6">
      <Css projectStructure="" iteration="" />
      <Owners>
        <Owner name="" />
      </Owners>
      <Execution id="b3be110f-ba3b-42be-a1c4-1661f99f8e5e" />
      <TestMethod codeBase="C:\Documents and Settings\Administrator\My Documents\Projects\Published\OBDReapTestProject\bin\Debug\OBDReapTestProject.dll" adapterTypeName="Microsoft.VisualStudio.TestTools.TestTypes.Unit.UnitTestAdapter, Microsoft.VisualStudio.QualityTools.Tips.UnitTest.Adapter, Version=9.0.0.0, Culture=neutral, PublicKeyToken=b03f5f7f11d50a3a" className="OBDReapTestProject.OBD_SensorsTest, OBDReapTestProject" name="O2_Sensor_2_2Test" />
    </UnitTest>
    <UnitTest name="O2_Sensor_1_4Test" storage="c:\documents and settings\administrator\my documents\projects\published\obdreaptestproject\bin\debug\obdreaptestproject.dll" id="c70e5bab-d732-2b4e-7cd6-4c06c8749449">
      <Css projectStructure="" iteration="" />
      <Owners>
        <Owner name="" />
      </Owners>
      <Execution id="8f4c763d-8ae8-4276-96e2-250c2acb40a5" />
      <TestMethod codeBase="C:\Documents and Settings\Administrator\My Documents\Projects\Published\OBDReapTestProject\bin\Debug\OBDReapTestProject.dll" adapterTypeName="Microsoft.VisualStudio.TestTools.TestTypes.Unit.UnitTestAdapter, Microsoft.VisualStudio.QualityTools.Tips.UnitTest.Adapter, Version=9.0.0.0, Culture=neutral, PublicKeyToken=b03f5f7f11d50a3a" className="OBDReapTestProject.OBD_SensorsTest, OBDReapTestProject" name="O2_Sensor_1_4Test" />
    </UnitTest>
    <UnitTest name="O2_Sensor_2_1Test" storage="c:\documents and settings\administrator\my documents\projects\published\obdreaptestproject\bin\debug\obdreaptestproject.dll" id="a42be449-56e4-7354-53f9-2d2f7f274b5f">
      <Css projectStructure="" iteration="" />
      <Owners>
        <Owner name="" />
      </Owners>
      <Execution id="8160c7ff-5f80-4431-8365-ff9e1e90df47" />
      <TestMethod codeBase="C:\Documents and Settings\Administrator\My Documents\Projects\Published\OBDReapTestProject\bin\Debug\OBDReapTestProject.dll" adapterTypeName="Microsoft.VisualStudio.TestTools.TestTypes.Unit.UnitTestAdapter, Microsoft.VisualStudio.QualityTools.Tips.UnitTest.Adapter, Version=9.0.0.0, Culture=neutral, PublicKeyToken=b03f5f7f11d50a3a" className="OBDReapTestProject.OBD_SensorsTest, OBDReapTestProject" name="O2_Sensor_2_1Test" />
    </UnitTest>
    <UnitTest name="Location_of_O2_sensors_2Test" storage="c:\documents and settings\administrator\my documents\projects\published\obdreaptestproject\bin\debug\obdreaptestproject.dll" id="77438b0f-37be-a771-73fe-b9c1e2e16842">
      <Css projectStructure="" iteration="" />
      <Owners>
        <Owner name="" />
      </Owners>
      <Execution id="cf98adb4-5e91-4a92-92cb-9be7706f9c6c" />
      <TestMethod codeBase="C:\Documents and Settings\Administrator\My Documents\Projects\Published\OBDReapTestProject\bin\Debug\OBDReapTestProject.dll" adapterTypeName="Microsoft.VisualStudio.TestTools.TestTypes.Unit.UnitTestAdapter, Microsoft.VisualStudio.QualityTools.Tips.UnitTest.Adapter, Version=9.0.0.0, Culture=neutral, PublicKeyToken=b03f5f7f11d50a3a" className="OBDReapTestProject.OBD_SensorsTest, OBDReapTestProject" name="Location_of_O2_sensors_2Test" />
    </UnitTest>
    <UnitTest name="Intake_Air_TempTest" storage="c:\documents and settings\administrator\my documents\projects\published\obdreaptestproject\bin\debug\obdreaptestproject.dll" id="9ce5d507-1647-2951-dfd9-d61272508026">
      <Css projectStructure="" iteration="" />
      <Owners>
        <Owner name="" />
      </Owners>
      <Execution id="28a13d5b-84cb-4592-b7ed-f333c4cb74d3" />
      <TestMethod codeBase="C:\Documents and Settings\Administrator\My Documents\Projects\Published\OBDReapTestProject\bin\Debug\OBDReapTestProject.dll" adapterTypeName="Microsoft.VisualStudio.TestTools.TestTypes.Unit.UnitTestAdapter, Microsoft.VisualStudio.QualityTools.Tips.UnitTest.Adapter, Version=9.0.0.0, Culture=neutral, PublicKeyToken=b03f5f7f11d50a3a" className="OBDReapTestProject.OBD_SensorsTest, OBDReapTestProject" name="Intake_Air_TempTest" />
    </UnitTest>
    <UnitTest name="Throttle_PositionTest" storage="c:\documents and settings\administrator\my documents\projects\published\obdreaptestproject\bin\debug\obdreaptestproject.dll" id="927993be-6fb9-c6f1-9872-7425ccc608ac">
      <Css projectStructure="" iteration="" />
      <Owners>
        <Owner name="" />
      </Owners>
      <Execution id="5c8d216d-ab61-409c-af28-333ef752b87a" />
      <TestMethod codeBase="C:\Documents and Settings\Administrator\My Documents\Projects\Published\OBDReapTestProject\bin\Debug\OBDReapTestProject.dll" adapterTypeName="Microsoft.VisualStudio.TestTools.TestTypes.Unit.UnitTestAdapter, Microsoft.VisualStudio.QualityTools.Tips.UnitTest.Adapter, Version=9.0.0.0, Culture=neutral, PublicKeyToken=b03f5f7f11d50a3a" className="OBDReapTestProject.OBD_SensorsTest, OBDReapTestProject" name="Throttle_PositionTest" />
    </UnitTest>
    <UnitTest name="Vehicle_SpeedTest" storage="c:\documents and settings\administrator\my documents\projects\published\obdreaptestproject\bin\debug\obdreaptestproject.dll" id="243c5db2-5ba8-4fc1-e5da-923eb39a8ec0">
      <Css projectStructure="" iteration="" />
      <Owners>
        <Owner name="" />
      </Owners>
      <Execution id="96b1f619-49b9-4de1-ae4e-44b88f1f46f7" />
      <TestMethod codeBase="C:\Documents and Settings\Administrator\My Documents\Projects\Published\OBDReapTestProject\bin\Debug\OBDReapTestProject.dll" adapterTypeName="Microsoft.VisualStudio.TestTools.TestTypes.Unit.UnitTestAdapter, Microsoft.VisualStudio.QualityTools.Tips.UnitTest.Adapter, Version=9.0.0.0, Culture=neutral, PublicKeyToken=b03f5f7f11d50a3a" className="OBDReapTestProject.OBD_SensorsTest, OBDReapTestProject" name="Vehicle_SpeedTest" />
    </UnitTest>
    <UnitTest name="Calculated_Load_ValueTest" storage="c:\documents and settings\administrator\my documents\projects\published\obdreaptestproject\bin\debug\obdreaptestproject.dll" id="6309b1f8-924e-61ad-cdef-75ef61dc7ae7">
      <Css projectStructure="" iteration="" />
      <Owners>
        <Owner name="" />
      </Owners>
      <Execution id="9b3db97e-f7f0-407a-980e-90a29d6a98f4" />
      <TestMethod codeBase="C:\Documents and Settings\Administrator\My Documents\Projects\Published\OBDReapTestProject\bin\Debug\OBDReapTestProject.dll" adapterTypeName="Microsoft.VisualStudio.TestTools.TestTypes.Unit.UnitTestAdapter, Microsoft.VisualStudio.QualityTools.Tips.UnitTest.Adapter, Version=9.0.0.0, Culture=neutral, PublicKeyToken=b03f5f7f11d50a3a" className="OBDReapTestProject.OBD_SensorsTest, OBDReapTestProject" name="Calculated_Load_ValueTest" />
    </UnitTest>
    <UnitTest name="O2_Sensor_2_3Test" storage="c:\documents and settings\administrator\my documents\projects\published\obdreaptestproject\bin\debug\obdreaptestproject.dll" id="f624ab45-ddb0-2f36-95f4-72db1760647f">
      <Css projectStructure="" iteration="" />
      <Owners>
        <Owner name="" />
      </Owners>
      <Execution id="d473126e-2a27-4dcc-b8d0-3b40fa3396a1" />
      <TestMethod codeBase="C:\Documents and Settings\Administrator\My Documents\Projects\Published\OBDReapTestProject\bin\Debug\OBDReapTestProject.dll" adapterTypeName="Microsoft.VisualStudio.TestTools.TestTypes.Unit.UnitTestAdapter, Microsoft.VisualStudio.QualityTools.Tips.UnitTest.Adapter, Version=9.0.0.0, Culture=neutral, PublicKeyToken=b03f5f7f11d50a3a" className="OBDReapTestProject.OBD_SensorsTest, OBDReapTestProject" name="O2_Sensor_2_3Test" />
    </UnitTest>
    <UnitTest name="OBDConstructorTest" storage="c:\documents and settings\administrator\my documents\projects\published\obdreaptestproject\bin\debug\obdreaptestproject.dll" id="648d4df5-9148-1a71-ad0e-9dbc003bddd7">
      <Css projectStructure="" iteration="" />
      <Owners>
        <Owner name="" />
      </Owners>
      <Execution id="f5040f81-1900-40b7-87a4-64867077b638" />
      <TestMethod codeBase="C:\Documents and Settings\Administrator\My Documents\Projects\Published\OBDReapTestProject\bin\Debug\OBDReapTestProject.dll" adapterTypeName="Microsoft.VisualStudio.TestTools.TestTypes.Unit.UnitTestAdapter, Microsoft.VisualStudio.QualityTools.Tips.UnitTest.Adapter, Version=9.0.0.0, Culture=neutral, PublicKeyToken=b03f5f7f11d50a3a" className="OBDReapTestProject.OBDTest, OBDReapTestProject" name="OBDConstructorTest" />
    </UnitTest>
    <UnitTest name="Long_Term_Fuel_Trim_1Test" storage="c:\documents and settings\administrator\my documents\projects\published\obdreaptestproject\bin\debug\obdreaptestproject.dll" id="3e282649-b1d7-efcc-16cb-88f797cfc6ce">
      <Css projectStructure="" iteration="" />
      <Owners>
        <Owner name="" />
      </Owners>
      <Execution id="991a6421-a6e3-4ade-bedb-9f08d0f7b79a" />
      <TestMethod codeBase="C:\Documents and Settings\Administrator\My Documents\Projects\Published\OBDReapTestProject\bin\Debug\OBDReapTestProject.dll" adapterTypeName="Microsoft.VisualStudio.TestTools.TestTypes.Unit.UnitTestAdapter, Microsoft.VisualStudio.QualityTools.Tips.UnitTest.Adapter, Version=9.0.0.0, Culture=neutral, PublicKeyToken=b03f5f7f11d50a3a" className="OBDReapTestProject.OBD_SensorsTest, OBDReapTestProject" name="Long_Term_Fuel_Trim_1Test" />
    </UnitTest>
    <UnitTest name="Secondary_Air_StatusTest" storage="c:\documents and settings\administrator\my documents\projects\published\obdreaptestproject\bin\debug\obdreaptestproject.dll" id="097a3ffe-b38c-5f4a-e73d-c482abbb484e">
      <Css projectStructure="" iteration="" />
      <Owners>
        <Owner name="" />
      </Owners>
      <Execution id="84ce8a4d-0acb-44a1-a646-0dbdc77316ec" />
      <TestMethod codeBase="C:\Documents and Settings\Administrator\My Documents\Projects\Published\OBDReapTestProject\bin\Debug\OBDReapTestProject.dll" adapterTypeName="Microsoft.VisualStudio.TestTools.TestTypes.Unit.UnitTestAdapter, Microsoft.VisualStudio.QualityTools.Tips.UnitTest.Adapter, Version=9.0.0.0, Culture=neutral, PublicKeyToken=b03f5f7f11d50a3a" className="OBDReapTestProject.OBD_SensorsTest, OBDReapTestProject" name="Secondary_Air_StatusTest" />
    </UnitTest>
    <UnitTest name="Supported_PIDsTest" storage="c:\documents and settings\administrator\my documents\projects\published\obdreaptestproject\bin\debug\obdreaptestproject.dll" id="3e8a8bc0-64de-4cfa-35db-7591df287936">
      <Css projectStructure="" iteration="" />
      <Owners>
        <Owner name="" />
      </Owners>
      <Execution id="1b2955ad-b3a8-4f54-8ad8-d3bf05e6eaa2" />
      <TestMethod codeBase="C:\Documents and Settings\Administrator\My Documents\Projects\Published\OBDReapTestProject\bin\Debug\OBDReapTestProject.dll" adapterTypeName="Microsoft.VisualStudio.TestTools.TestTypes.Unit.UnitTestAdapter, Microsoft.VisualStudio.QualityTools.Tips.UnitTest.Adapter, Version=9.0.0.0, Culture=neutral, PublicKeyToken=b03f5f7f11d50a3a" className="OBDReapTestProject.OBD_SensorsTest, OBDReapTestProject" name="Supported_PIDsTest" />
    </UnitTest>
    <UnitTest name="O2_Sensor_2_4Test" storage="c:\documents and settings\administrator\my documents\projects\published\obdreaptestproject\bin\debug\obdreaptestproject.dll" id="82e026a2-a98a-7f03-ab75-fcc143cd663c">
      <Css projectStructure="" iteration="" />
      <Owners>
        <Owner name="" />
      </Owners>
      <Execution id="6b4f1f0b-4518-4855-a934-2f7044db9a03" />
      <TestMethod codeBase="C:\Documents and Settings\Administrator\My Documents\Projects\Published\OBDReapTestProject\bin\Debug\OBDReapTestProject.dll" adapterTypeName="Microsoft.VisualStudio.TestTools.TestTypes.Unit.UnitTestAdapter, Microsoft.VisualStudio.QualityTools.Tips.UnitTest.Adapter, Version=9.0.0.0, Culture=neutral, PublicKeyToken=b03f5f7f11d50a3a" className="OBDReapTestProject.OBD_SensorsTest, OBDReapTestProject" name="O2_Sensor_2_4Test" />
    </UnitTest>
    <UnitTest name="Long_Term_Fuel_Trim_2Test" storage="c:\documents and settings\administrator\my documents\projects\published\obdreaptestproject\bin\debug\obdreaptestproject.dll" id="7096e9a3-af4f-deed-9427-dd1fb34b4063">
      <Css projectStructure="" iteration="" />
      <Owners>
        <Owner name="" />
      </Owners>
      <Execution id="881c2de4-122d-4804-93a2-8a21d276c6b9" />
      <TestMethod codeBase="C:\Documents and Settings\Administrator\My Documents\Projects\Published\OBDReapTestProject\bin\Debug\OBDReapTestProject.dll" adapterTypeName="Microsoft.VisualStudio.TestTools.TestTypes.Unit.UnitTestAdapter, Microsoft.VisualStudio.QualityTools.Tips.UnitTest.Adapter, Version=9.0.0.0, Culture=neutral, PublicKeyToken=b03f5f7f11d50a3a" className="OBDReapTestProject.OBD_SensorsTest, OBDReapTestProject" name="Long_Term_Fuel_Trim_2Test" />
    </UnitTest>
    <UnitTest name="O2_Sensor_1_3Test" storage="c:\documents and settings\administrator\my documents\projects\published\obdreaptestproject\bin\debug\obdreaptestproject.dll" id="73ddee02-7102-e28c-4588-8c7556c6eb14">
      <Css projectStructure="" iteration="" />
      <Owners>
        <Owner name="" />
      </Owners>
      <Execution id="8bd2cf3f-1ea4-4e9a-b89c-45dc9a16b1d8" />
      <TestMethod codeBase="C:\Documents and Settings\Administrator\My Documents\Projects\Published\OBDReapTestProject\bin\Debug\OBDReapTestProject.dll" adapterTypeName="Microsoft.VisualStudio.TestTools.TestTypes.Unit.UnitTestAdapter, Microsoft.VisualStudio.QualityTools.Tips.UnitTest.Adapter, Version=9.0.0.0, Culture=neutral, PublicKeyToken=b03f5f7f11d50a3a" className="OBDReapTestProject.OBD_SensorsTest, OBDReapTestProject" name="O2_Sensor_1_3Test" />
    </UnitTest>
    <UnitTest name="GetCmdTest" storage="c:\documents and settings\administrator\my documents\projects\published\obdreaptestproject\bin\debug\obdreaptestproject.dll" id="ed159f69-05bc-cf8d-cbdb-b35557e06dfe">
      <Css projectStructure="" iteration="" />
      <Owners>
        <Owner name="" />
      </Owners>
      <DeploymentItems>
        <DeploymentItem filename="OBDReap.exe" />
      </DeploymentItems>
      <Execution id="74725712-2f1f-4ce7-a733-090c0ea44921" />
      <TestMethod codeBase="C:\Documents and Settings\Administrator\My Documents\Projects\Published\OBDReapTestProject\bin\Debug\OBDReapTestProject.dll" adapterTypeName="Microsoft.VisualStudio.TestTools.TestTypes.Unit.UnitTestAdapter, Microsoft.VisualStudio.QualityTools.Tips.UnitTest.Adapter, Version=9.0.0.0, Culture=neutral, PublicKeyToken=b03f5f7f11d50a3a" className="OBDReapTestProject.OBD_SensorsTest, OBDReapTestProject" name="GetCmdTest" />
    </UnitTest>
    <UnitTest name="ParseOutBitsTest" storage="c:\documents and settings\administrator\my documents\projects\published\obdreaptestproject\bin\debug\obdreaptestproject.dll" id="f0f6ad11-e747-eb61-4b5a-c796ace2cdb0">
      <Css projectStructure="" iteration="" />
      <Owners>
        <Owner name="" />
      </Owners>
      <DeploymentItems>
        <DeploymentItem filename="OBDReap.exe" />
      </DeploymentItems>
      <Execution id="12f70c55-a4ce-404c-ab68-b6d57e58e9b8" />
      <TestMethod codeBase="C:\Documents and Settings\Administrator\My Documents\Projects\Published\OBDReapTestProject\bin\Debug\OBDReapTestProject.dll" adapterTypeName="Microsoft.VisualStudio.TestTools.TestTypes.Unit.UnitTestAdapter, Microsoft.VisualStudio.QualityTools.Tips.UnitTest.Adapter, Version=9.0.0.0, Culture=neutral, PublicKeyToken=b03f5f7f11d50a3a" className="OBDReapTestProject.OBD_SensorsTest, OBDReapTestProject" name="ParseOutBitsTest" />
    </UnitTest>
    <UnitTest name="DTC_Causing_Freeze_FrameTest" storage="c:\documents and settings\administrator\my documents\projects\published\obdreaptestproject\bin\debug\obdreaptestproject.dll" id="75ab77c2-8ece-44ad-582e-a3f2be54432a">
      <Css projectStructure="" iteration="" />
      <Owners>
        <Owner name="" />
      </Owners>
      <Execution id="66053e79-76c0-433d-8609-b16926d024a4" />
      <TestMethod codeBase="C:\Documents and Settings\Administrator\My Documents\Projects\Published\OBDReapTestProject\bin\Debug\OBDReapTestProject.dll" adapterTypeName="Microsoft.VisualStudio.TestTools.TestTypes.Unit.UnitTestAdapter, Microsoft.VisualStudio.QualityTools.Tips.UnitTest.Adapter, Version=9.0.0.0, Culture=neutral, PublicKeyToken=b03f5f7f11d50a3a" className="OBDReapTestProject.OBD_SensorsTest, OBDReapTestProject" name="DTC_Causing_Freeze_FrameTest" />
    </UnitTest>
    <UnitTest name="Intake_Manifold_PressureTest" storage="c:\documents and settings\administrator\my documents\projects\published\obdreaptestproject\bin\debug\obdreaptestproject.dll" id="5d2cce68-aa58-3fbb-5388-3969c9367d31">
      <Css projectStructure="" iteration="" />
      <Owners>
        <Owner name="" />
      </Owners>
      <Execution id="1bcf7334-c512-400c-a2d5-a01e2d459a79" />
      <TestMethod codeBase="C:\Documents and Settings\Administrator\My Documents\Projects\Published\OBDReapTestProject\bin\Debug\OBDReapTestProject.dll" adapterTypeName="Microsoft.VisualStudio.TestTools.TestTypes.Unit.UnitTestAdapter, Microsoft.VisualStudio.QualityTools.Tips.UnitTest.Adapter, Version=9.0.0.0, Culture=neutral, PublicKeyToken=b03f5f7f11d50a3a" className="OBDReapTestProject.OBD_SensorsTest, OBDReapTestProject" name="Intake_Manifold_PressureTest" />
    </UnitTest>
    <UnitTest name="Engine_RPMTest" storage="c:\documents and settings\administrator\my documents\projects\published\obdreaptestproject\bin\debug\obdreaptestproject.dll" id="54ba4e7e-6b1b-64e4-9151-a54e121eb723">
      <Css projectStructure="" iteration="" />
      <Owners>
        <Owner name="" />
      </Owners>
      <Execution id="4889f08a-7d89-4c74-95ef-dbe8a0d743e9" />
      <TestMethod codeBase="C:\Documents and Settings\Administrator\My Documents\Projects\Published\OBDReapTestProject\bin\Debug\OBDReapTestProject.dll" adapterTypeName="Microsoft.VisualStudio.TestTools.TestTypes.Unit.UnitTestAdapter, Microsoft.VisualStudio.QualityTools.Tips.UnitTest.Adapter, Version=9.0.0.0, Culture=neutral, PublicKeyToken=b03f5f7f11d50a3a" className="OBDReapTestProject.OBD_SensorsTest, OBDReapTestProject" name="Engine_RPMTest" />
    </UnitTest>
    <UnitTest name="Fuel_Rail_PressureTest" storage="c:\documents and settings\administrator\my documents\projects\published\obdreaptestproject\bin\debug\obdreaptestproject.dll" id="1787a117-b381-761a-e33a-03fb6820ba59">
      <Css projectStructure="" iteration="" />
      <Owners>
        <Owner name="" />
      </Owners>
      <Execution id="6c3d4ecc-8be4-4c7c-83c0-446f73dd62d7" />
      <TestMethod codeBase="C:\Documents and Settings\Administrator\My Documents\Projects\Published\OBDReapTestProject\bin\Debug\OBDReapTestProject.dll" adapterTypeName="Microsoft.VisualStudio.TestTools.TestTypes.Unit.UnitTestAdapter, Microsoft.VisualStudio.QualityTools.Tips.UnitTest.Adapter, Version=9.0.0.0, Culture=neutral, PublicKeyToken=b03f5f7f11d50a3a" className="OBDReapTestProject.OBD_SensorsTest, OBDReapTestProject" name="Fuel_Rail_PressureTest" />
    </UnitTest>
    <UnitTest name="OBD_Sensors_ReturnSetConstructorTest" storage="c:\documents and settings\administrator\my documents\projects\published\obdreaptestproject\bin\debug\obdreaptestproject.dll" id="0b4904af-d164-e8fb-af8b-5582ee86bf64">
      <Css projectStructure="" iteration="" />
      <Owners>
        <Owner name="" />
      </Owners>
      <Execution id="7207a230-67c2-42a8-ad4d-e7f3f7cf0d1f" />
      <TestMethod codeBase="C:\Documents and Settings\Administrator\My Documents\Projects\Published\OBDReapTestProject\bin\Debug\OBDReapTestProject.dll" adapterTypeName="Microsoft.VisualStudio.TestTools.TestTypes.Unit.UnitTestAdapter, Microsoft.VisualStudio.QualityTools.Tips.UnitTest.Adapter, Version=9.0.0.0, Culture=neutral, PublicKeyToken=b03f5f7f11d50a3a" className="OBDReapTestProject.OBD_Sensors_ReturnSetTest, OBDReapTestProject" name="OBD_Sensors_ReturnSetConstructorTest" />
    </UnitTest>
    <UnitTest name="HexToIntTest" storage="c:\documents and settings\administrator\my documents\projects\published\obdreaptestproject\bin\debug\obdreaptestproject.dll" id="ae76524a-50d7-1f33-eda8-e0c10f6c5458">
      <Css projectStructure="" iteration="" />
      <Owners>
        <Owner name="" />
      </Owners>
      <Execution id="95e8eca8-87e6-4d40-b959-ba19a7f72e4c" />
      <TestMethod codeBase="C:\Documents and Settings\Administrator\My Documents\Projects\Published\OBDReapTestProject\bin\Debug\OBDReapTestProject.dll" adapterTypeName="Microsoft.VisualStudio.TestTools.TestTypes.Unit.UnitTestAdapter, Microsoft.VisualStudio.QualityTools.Tips.UnitTest.Adapter, Version=9.0.0.0, Culture=neutral, PublicKeyToken=b03f5f7f11d50a3a" className="OBDReapTestProject.OBD_SensorsTest, OBDReapTestProject" name="HexToIntTest" />
    </UnitTest>
    <UnitTest name="OBD_DesignationTest" storage="c:\documents and settings\administrator\my documents\projects\published\obdreaptestproject\bin\debug\obdreaptestproject.dll" id="1ca97c0e-7679-327b-94f2-a560c2146a14">
      <Css projectStructure="" iteration="" />
      <Owners>
        <Owner name="" />
      </Owners>
      <Execution id="589a19ba-4452-4445-9e77-c48992a3c0ec" />
      <TestMethod codeBase="C:\Documents and Settings\Administrator\My Documents\Projects\Published\OBDReapTestProject\bin\Debug\OBDReapTestProject.dll" adapterTypeName="Microsoft.VisualStudio.TestTools.TestTypes.Unit.UnitTestAdapter, Microsoft.VisualStudio.QualityTools.Tips.UnitTest.Adapter, Version=9.0.0.0, Culture=neutral, PublicKeyToken=b03f5f7f11d50a3a" className="OBDReapTestProject.OBD_SensorsTest, OBDReapTestProject" name="OBD_DesignationTest" />
    </UnitTest>
    <UnitTest name="Location_of_O2_sensors_1Test" storage="c:\documents and settings\administrator\my documents\projects\published\obdreaptestproject\bin\debug\obdreaptestproject.dll" id="6cbf86d3-9c8c-9b6d-c242-da680a1936ff">
      <Css projectStructure="" iteration="" />
      <Owners>
        <Owner name="" />
      </Owners>
      <Execution id="edc47b05-d1c0-4378-acf1-98dc3d12b542" />
      <TestMethod codeBase="C:\Documents and Settings\Administrator\My Documents\Projects\Published\OBDReapTestProject\bin\Debug\OBDReapTestProject.dll" adapterTypeName="Microsoft.VisualStudio.TestTools.TestTypes.Unit.UnitTestAdapter, Microsoft.VisualStudio.QualityTools.Tips.UnitTest.Adapter, Version=9.0.0.0, Culture=neutral, PublicKeyToken=b03f5f7f11d50a3a" className="OBDReapTestProject.OBD_SensorsTest, OBDReapTestProject" name="Location_of_O2_sensors_1Test" />
    </UnitTest>
    <UnitTest name="Short_Term_Fuel_Trim_2Test" storage="c:\documents and settings\administrator\my documents\projects\published\obdreaptestproject\bin\debug\obdreaptestproject.dll" id="aeba56a4-9fc4-bed9-8d76-a816d04cd652">
      <Css projectStructure="" iteration="" />
      <Owners>
        <Owner name="" />
      </Owners>
      <Execution id="a8f50f74-e3d6-414d-9f51-2d02829f94d0" />
      <TestMethod codeBase="C:\Documents and Settings\Administrator\My Documents\Projects\Published\OBDReapTestProject\bin\Debug\OBDReapTestProject.dll" adapterTypeName="Microsoft.VisualStudio.TestTools.TestTypes.Unit.UnitTestAdapter, Microsoft.VisualStudio.QualityTools.Tips.UnitTest.Adapter, Version=9.0.0.0, Culture=neutral, PublicKeyToken=b03f5f7f11d50a3a" className="OBDReapTestProject.OBD_SensorsTest, OBDReapTestProject" name="Short_Term_Fuel_Trim_2Test" />
    </UnitTest>
  </TestDefinitions>
  <TestLists>
    <TestList name="Results Not in a List" id="8c84fa94-04c1-424b-9868-57a2d4851a1d" />
    <TestList name="All Loaded Results" id="19431567-8539-422a-85d7-44ee4e166bda" />
  </TestLists>
  <TestEntries>
    <TestEntry testId="f0f6ad11-e747-eb61-4b5a-c796ace2cdb0" executionId="12f70c55-a4ce-404c-ab68-b6d57e58e9b8" testListId="8c84fa94-04c1-424b-9868-57a2d4851a1d" />
    <TestEntry testId="63bee9b4-2d17-54f4-a756-36c3c7cd634a" executionId="9d39ad49-395a-463b-82d0-2d8ac46fe6ea" testListId="8c84fa94-04c1-424b-9868-57a2d4851a1d" />
    <TestEntry testId="0b4904af-d164-e8fb-af8b-5582ee86bf64" executionId="7207a230-67c2-42a8-ad4d-e7f3f7cf0d1f" testListId="8c84fa94-04c1-424b-9868-57a2d4851a1d" />
    <TestEntry testId="591b47a2-441f-bec8-c6b7-280228b6867d" executionId="4d57c5b6-1118-48a9-b967-b259218e2e18" testListId="8c84fa94-04c1-424b-9868-57a2d4851a1d" />
    <TestEntry testId="648d4df5-9148-1a71-ad0e-9dbc003bddd7" executionId="f5040f81-1900-40b7-87a4-64867077b638" testListId="8c84fa94-04c1-424b-9868-57a2d4851a1d" />
    <TestEntry testId="243c5db2-5ba8-4fc1-e5da-923eb39a8ec0" executionId="96b1f619-49b9-4de1-ae4e-44b88f1f46f7" testListId="8c84fa94-04c1-424b-9868-57a2d4851a1d" />
    <TestEntry testId="815e43d9-3176-8f1f-f190-39155f2bcced" executionId="f1ffa1d0-20be-4bed-998f-cd3b5db171d4" testListId="8c84fa94-04c1-424b-9868-57a2d4851a1d" />
    <TestEntry testId="9a6c8915-56d4-4a82-9bc8-9e322e8ae098" executionId="e6b592d9-b080-4077-a6ea-2179236f6494" testListId="8c84fa94-04c1-424b-9868-57a2d4851a1d" />
    <TestEntry testId="927993be-6fb9-c6f1-9872-7425ccc608ac" executionId="5c8d216d-ab61-409c-af28-333ef752b87a" testListId="8c84fa94-04c1-424b-9868-57a2d4851a1d" />
    <TestEntry testId="3e8a8bc0-64de-4cfa-35db-7591df287936" executionId="1b2955ad-b3a8-4f54-8ad8-d3bf05e6eaa2" testListId="8c84fa94-04c1-424b-9868-57a2d4851a1d" />
    <TestEntry testId="352ccee4-eca2-33a6-ce4c-5f8f8e0179a4" executionId="a2e614de-9340-4c24-bf2a-187f04bb364f" testListId="8c84fa94-04c1-424b-9868-57a2d4851a1d" />
    <TestEntry testId="aeba56a4-9fc4-bed9-8d76-a816d04cd652" executionId="a8f50f74-e3d6-414d-9f51-2d02829f94d0" testListId="8c84fa94-04c1-424b-9868-57a2d4851a1d" />
    <TestEntry testId="47f8fb12-9b9f-9c40-e21c-ea2a6adbc222" executionId="6600c6e0-47a1-47de-9c14-cc13e63dfd1b" testListId="8c84fa94-04c1-424b-9868-57a2d4851a1d" />
    <TestEntry testId="097a3ffe-b38c-5f4a-e73d-c482abbb484e" executionId="84ce8a4d-0acb-44a1-a646-0dbdc77316ec" testListId="8c84fa94-04c1-424b-9868-57a2d4851a1d" />
    <TestEntry testId="21f4b005-288f-ec31-490e-c85c6f0bfb5b" executionId="fbe26029-480a-48f2-9643-ae5bad358059" testListId="8c84fa94-04c1-424b-9868-57a2d4851a1d" />
    <TestEntry testId="1ca97c0e-7679-327b-94f2-a560c2146a14" executionId="589a19ba-4452-4445-9e77-c48992a3c0ec" testListId="8c84fa94-04c1-424b-9868-57a2d4851a1d" />
    <TestEntry testId="82e026a2-a98a-7f03-ab75-fcc143cd663c" executionId="6b4f1f0b-4518-4855-a934-2f7044db9a03" testListId="8c84fa94-04c1-424b-9868-57a2d4851a1d" />
    <TestEntry testId="f624ab45-ddb0-2f36-95f4-72db1760647f" executionId="d473126e-2a27-4dcc-b8d0-3b40fa3396a1" testListId="8c84fa94-04c1-424b-9868-57a2d4851a1d" />
    <TestEntry testId="80c77f9f-63c3-1416-82a8-2bde9f889de6" executionId="b3be110f-ba3b-42be-a1c4-1661f99f8e5e" testListId="8c84fa94-04c1-424b-9868-57a2d4851a1d" />
    <TestEntry testId="a42be449-56e4-7354-53f9-2d2f7f274b5f" executionId="8160c7ff-5f80-4431-8365-ff9e1e90df47" testListId="8c84fa94-04c1-424b-9868-57a2d4851a1d" />
    <TestEntry testId="c70e5bab-d732-2b4e-7cd6-4c06c8749449" executionId="8f4c763d-8ae8-4276-96e2-250c2acb40a5" testListId="8c84fa94-04c1-424b-9868-57a2d4851a1d" />
    <TestEntry testId="73ddee02-7102-e28c-4588-8c7556c6eb14" executionId="8bd2cf3f-1ea4-4e9a-b89c-45dc9a16b1d8" testListId="8c84fa94-04c1-424b-9868-57a2d4851a1d" />
    <TestEntry testId="0863d3e1-1c58-6b48-563e-ebc0f984fea1" executionId="90bf2c69-75f2-4160-9b0f-36c9b7976f7d" testListId="8c84fa94-04c1-424b-9868-57a2d4851a1d" />
    <TestEntry testId="c87d0368-e92e-cbd1-44b9-4478b4ca0633" executionId="e112484b-c804-4d60-aeeb-2d83fe1e091d" testListId="8c84fa94-04c1-424b-9868-57a2d4851a1d" />
    <TestEntry testId="7096e9a3-af4f-deed-9427-dd1fb34b4063" executionId="881c2de4-122d-4804-93a2-8a21d276c6b9" testListId="8c84fa94-04c1-424b-9868-57a2d4851a1d" />
    <TestEntry testId="3e282649-b1d7-efcc-16cb-88f797cfc6ce" executionId="991a6421-a6e3-4ade-bedb-9f08d0f7b79a" testListId="8c84fa94-04c1-424b-9868-57a2d4851a1d" />
    <TestEntry testId="77438b0f-37be-a771-73fe-b9c1e2e16842" executionId="cf98adb4-5e91-4a92-92cb-9be7706f9c6c" testListId="8c84fa94-04c1-424b-9868-57a2d4851a1d" />
    <TestEntry testId="6cbf86d3-9c8c-9b6d-c242-da680a1936ff" executionId="edc47b05-d1c0-4378-acf1-98dc3d12b542" testListId="8c84fa94-04c1-424b-9868-57a2d4851a1d" />
    <TestEntry testId="5d2cce68-aa58-3fbb-5388-3969c9367d31" executionId="1bcf7334-c512-400c-a2d5-a01e2d459a79" testListId="8c84fa94-04c1-424b-9868-57a2d4851a1d" />
    <TestEntry testId="9ce5d507-1647-2951-dfd9-d61272508026" executionId="28a13d5b-84cb-4592-b7ed-f333c4cb74d3" testListId="8c84fa94-04c1-424b-9868-57a2d4851a1d" />
    <TestEntry testId="ae76524a-50d7-1f33-eda8-e0c10f6c5458" executionId="95e8eca8-87e6-4d40-b959-ba19a7f72e4c" testListId="8c84fa94-04c1-424b-9868-57a2d4851a1d" />
    <TestEntry testId="ed159f69-05bc-cf8d-cbdb-b35557e06dfe" executionId="74725712-2f1f-4ce7-a733-090c0ea44921" testListId="8c84fa94-04c1-424b-9868-57a2d4851a1d" />
    <TestEntry testId="988a5a50-f787-d696-beb5-18d2ffd4817b" executionId="addfeb07-e80a-4815-a099-7f3e070657f7" testListId="8c84fa94-04c1-424b-9868-57a2d4851a1d" />
    <TestEntry testId="1787a117-b381-761a-e33a-03fb6820ba59" executionId="6c3d4ecc-8be4-4c7c-83c0-446f73dd62d7" testListId="8c84fa94-04c1-424b-9868-57a2d4851a1d" />
    <TestEntry testId="ccb9cf6e-2029-420d-04ea-22db59cdf5e8" executionId="a3b87037-275f-4f3e-a83d-838c3c77a8d2" testListId="8c84fa94-04c1-424b-9868-57a2d4851a1d" />
    <TestEntry testId="54ba4e7e-6b1b-64e4-9151-a54e121eb723" executionId="4889f08a-7d89-4c74-95ef-dbe8a0d743e9" testListId="8c84fa94-04c1-424b-9868-57a2d4851a1d" />
    <TestEntry testId="75ab77c2-8ece-44ad-582e-a3f2be54432a" executionId="66053e79-76c0-433d-8609-b16926d024a4" testListId="8c84fa94-04c1-424b-9868-57a2d4851a1d" />
    <TestEntry testId="1068b125-7e20-f5ad-a067-c696cae3e38b" executionId="9bd267c1-2422-45d3-94a9-f1d58fc8fd5c" testListId="8c84fa94-04c1-424b-9868-57a2d4851a1d" />
    <TestEntry testId="6309b1f8-924e-61ad-cdef-75ef61dc7ae7" executionId="9b3db97e-f7f0-407a-980e-90a29d6a98f4" testListId="8c84fa94-04c1-424b-9868-57a2d4851a1d" />
    <TestEntry testId="05d9f462-1f8f-b8df-388c-1724762f2858" executionId="0de03869-b033-4092-a58c-c16c43d6ff17" testListId="8c84fa94-04c1-424b-9868-57a2d4851a1d" />
    <TestEntry testId="4bf69307-4792-89fb-074f-e8332a603ebc" executionId="a5e755ff-d697-408b-910a-57b3a07052df" testListId="8c84fa94-04c1-424b-9868-57a2d4851a1d" />
    <TestEntry testId="a72e4223-b465-17ca-fae0-70e98570c9ad" executionId="988fd062-8389-428e-8777-47e8474e0cc8" testListId="8c84fa94-04c1-424b-9868-57a2d4851a1d" />
    <TestEntry testId="09bf6443-6779-c767-dc94-609331a6dcf2" executionId="8275d77b-8e14-4f40-a8cb-e19a30abc41d" testListId="8c84fa94-04c1-424b-9868-57a2d4851a1d" />
  </TestEntries>
  <Results>
    <UnitTestResult executionId="12f70c55-a4ce-404c-ab68-b6d57e58e9b8" testId="f0f6ad11-e747-eb61-4b5a-c796ace2cdb0" testName="ParseOutBitsTest" computerName="DESKTOP" duration="00:00:00.1965263" startTime="2008-05-04T01:47:49.7968750-05:00" endTime="2008-05-04T01:47:50.1875000-05:00" testType="13cdc9d9-ddb5-4fa4-a97d-d965ccfc6d4b" outcome="Passed" testListId="8c84fa94-04c1-424b-9868-57a2d4851a1d">
      <Output>
      </Output>
    </UnitTestResult>
    <UnitTestResult executionId="9d39ad49-395a-463b-82d0-2d8ac46fe6ea" testId="63bee9b4-2d17-54f4-a756-36c3c7cd634a" testName="Supported_PIDsTest" computerName="DESKTOP" duration="00:00:00.0274885" startTime="2008-05-04T01:47:50.2031250-05:00" endTime="2008-05-04T01:47:50.2343750-05:00" testType="13cdc9d9-ddb5-4fa4-a97d-d965ccfc6d4b" outcome="Failed" testListId="8c84fa94-04c1-424b-9868-57a2d4851a1d">
      <Output>
        <ErrorInfo>
          <Message>Assert.AreEqual failed. Expected:&lt;2730&gt;. Actual:&lt;01010101010100000&gt;. </Message>
          <StackTrace>   at OBDReapTestProject.OBDReap_SensorsTest.Supported_PIDsTest() in C:\Documents and Settings\Administrator\My Documents\Projects\Published\OBDReapTestProject\OBDReap_SensorsTest.cs:line 75
</StackTrace>
        </ErrorInfo>
      </Output>
    </UnitTestResult>
    <UnitTestResult executionId="7207a230-67c2-42a8-ad4d-e7f3f7cf0d1f" testId="0b4904af-d164-e8fb-af8b-5582ee86bf64" testName="OBD_Sensors_ReturnSetConstructorTest" computerName="DESKTOP" duration="00:00:00.0133035" startTime="2008-05-04T01:47:50.2343750-05:00" endTime="2008-05-04T01:47:50.2500000-05:00" testType="13cdc9d9-ddb5-4fa4-a97d-d965ccfc6d4b" outcome="Inconclusive" testListId="8c84fa94-04c1-424b-9868-57a2d4851a1d">
      <Output>
        <ErrorInfo>
          <Message>Assert.Inconclusive failed. TODO: Implement code to verify target</Message>
          <StackTrace>   at OBDReapTestProject.OBD_Sensors_ReturnSetTest.OBD_Sensors_ReturnSetConstructorTest() in C:\Documents and Settings\Administrator\My Documents\Projects\Published\OBDReapTestProject\OBD_Sensors_ReturnSetTest.cs:line 72
</StackTrace>
        </ErrorInfo>
      </Output>
    </UnitTestResult>
    <UnitTestResult executionId="4d57c5b6-1118-48a9-b967-b259218e2e18" testId="591b47a2-441f-bec8-c6b7-280228b6867d" testName="TranslateCodeTest" computerName="DESKTOP" duration="00:00:00.0101772" startTime="2008-05-04T01:47:50.2656250-05:00" endTime="2008-05-04T01:47:50.2812500-05:00" testType="13cdc9d9-ddb5-4fa4-a97d-d965ccfc6d4b" outcome="Inconclusive" testListId="8c84fa94-04c1-424b-9868-57a2d4851a1d">
      <Output>
        <ErrorInfo>
          <Message>Assert.Inconclusive failed. A method that does not return a value cannot be verified.</Message>
          <StackTrace>   at OBDReapTestProject.OBDTest.TranslateCodeTest() in C:\Documents and Settings\Administrator\My Documents\Projects\Published\OBDReapTestProject\OBDTest.cs:line 73
</StackTrace>
        </ErrorInfo>
      </Output>
    </UnitTestResult>
    <UnitTestResult executionId="f5040f81-1900-40b7-87a4-64867077b638" testId="648d4df5-9148-1a71-ad0e-9dbc003bddd7" testName="OBDConstructorTest" computerName="DESKTOP" duration="00:00:00.0124453" startTime="2008-05-04T01:47:50.2812500-05:00" endTime="2008-05-04T01:47:50.2968750-05:00" testType="13cdc9d9-ddb5-4fa4-a97d-d965ccfc6d4b" outcome="Inconclusive" testListId="8c84fa94-04c1-424b-9868-57a2d4851a1d">
      <Output>
        <ErrorInfo>
          <Message>Assert.Inconclusive failed. TODO: Implement code to verify target</Message>
          <StackTrace>   at OBDReapTestProject.OBDTest.OBDConstructorTest() in C:\Documents and Settings\Administrator\My Documents\Projects\Published\OBDReapTestProject\OBDTest.cs:line 83
</StackTrace>
        </ErrorInfo>
      </Output>
    </UnitTestResult>
    <UnitTestResult executionId="96b1f619-49b9-4de1-ae4e-44b88f1f46f7" testId="243c5db2-5ba8-4fc1-e5da-923eb39a8ec0" testName="Vehicle_SpeedTest" computerName="DESKTOP" duration="00:00:00.1182019" startTime="2008-05-04T01:47:50.3125000-05:00" endTime="2008-05-04T01:47:50.3281250-05:00" testType="13cdc9d9-ddb5-4fa4-a97d-d965ccfc6d4b" outcome="Failed" testListId="8c84fa94-04c1-424b-9868-57a2d4851a1d">
      <Output>
        <ErrorInfo>
          <Message>Assert.AreEqual failed. Expected:&lt;(null)&gt;. Actual:&lt;OBDReap.OBD+Sensors+ReturnSet&gt;. </Message>
          <StackTrace>   at OBDReapTestProject.OBD_SensorsTest.Vehicle_SpeedTest() in C:\Documents and Settings\Administrator\My Documents\Projects\Published\OBDReapTestProject\OBD_SensorsTest.cs:line 95
</StackTrace>
        </ErrorInfo>
      </Output>
    </UnitTestResult>
    <UnitTestResult executionId="f1ffa1d0-20be-4bed-998f-cd3b5db171d4" testId="815e43d9-3176-8f1f-f190-39155f2bcced" testName="Timing_AdvanceTest" computerName="DESKTOP" duration="00:00:00.0107828" startTime="2008-05-04T01:47:50.3281250-05:00" endTime="2008-05-04T01:47:50.3437500-05:00" testType="13cdc9d9-ddb5-4fa4-a97d-d965ccfc6d4b" outcome="Failed" testListId="8c84fa94-04c1-424b-9868-57a2d4851a1d">
      <Output>
        <ErrorInfo>
          <Message>Assert.AreEqual failed. Expected:&lt;(null)&gt;. Actual:&lt;OBDReap.OBD+Sensors+ReturnSet&gt;. </Message>
          <StackTrace>   at OBDReapTestProject.OBD_SensorsTest.Timing_AdvanceTest() in C:\Documents and Settings\Administrator\My Documents\Projects\Published\OBDReapTestProject\OBD_SensorsTest.cs:line 109
</StackTrace>
        </ErrorInfo>
      </Output>
    </UnitTestResult>
    <UnitTestResult executionId="e6b592d9-b080-4077-a6ea-2179236f6494" testId="9a6c8915-56d4-4a82-9bc8-9e322e8ae098" testName="Time_Since_Engine_StartTest" computerName="DESKTOP" duration="00:00:00.1172518" startTime="2008-05-04T01:47:50.3593750-05:00" endTime="2008-05-04T01:47:50.3750000-05:00" testType="13cdc9d9-ddb5-4fa4-a97d-d965ccfc6d4b" outcome="Failed" testListId="8c84fa94-04c1-424b-9868-57a2d4851a1d">
      <Output>
        <ErrorInfo>
          <Message>Assert.AreEqual failed. Expected:&lt;(null)&gt;. Actual:&lt;OBDReap.OBD+Sensors+ReturnSet&gt;. </Message>
          <StackTrace>   at OBDReapTestProject.OBD_SensorsTest.Time_Since_Engine_StartTest() in C:\Documents and Settings\Administrator\My Documents\Projects\Published\OBDReapTestProject\OBD_SensorsTest.cs:line 123
</StackTrace>
        </ErrorInfo>
      </Output>
    </UnitTestResult>
    <UnitTestResult executionId="5c8d216d-ab61-409c-af28-333ef752b87a" testId="927993be-6fb9-c6f1-9872-7425ccc608ac" testName="Throttle_PositionTest" computerName="DESKTOP" duration="00:00:00.0103430" startTime="2008-05-04T01:47:50.3750000-05:00" endTime="2008-05-04T01:47:50.3906250-05:00" testType="13cdc9d9-ddb5-4fa4-a97d-d965ccfc6d4b" outcome="Failed" testListId="8c84fa94-04c1-424b-9868-57a2d4851a1d">
      <Output>
        <ErrorInfo>
          <Message>Assert.AreEqual failed. Expected:&lt;(null)&gt;. Actual:&lt;OBDReap.OBD+Sensors+ReturnSet&gt;. </Message>
          <StackTrace>   at OBDReapTestProject.OBD_SensorsTest.Throttle_PositionTest() in C:\Documents and Settings\Administrator\My Documents\Projects\Published\OBDReapTestProject\OBD_SensorsTest.cs:line 137
</StackTrace>
        </ErrorInfo>
      </Output>
    </UnitTestResult>
    <UnitTestResult executionId="1b2955ad-b3a8-4f54-8ad8-d3bf05e6eaa2" testId="3e8a8bc0-64de-4cfa-35db-7591df287936" testName="Supported_PIDsTest" computerName="DESKTOP" duration="-00:00:00.0942012" startTime="2008-05-04T01:47:50.4062500-05:00" endTime="2008-05-04T01:47:50.4218750-05:00" testType="13cdc9d9-ddb5-4fa4-a97d-d965ccfc6d4b" outcome="Failed" testListId="8c84fa94-04c1-424b-9868-57a2d4851a1d">
      <Output>
        <ErrorInfo>
          <Message>Assert.AreEqual failed. Expected:&lt;(null)&gt;. Actual:&lt;OBDReap.OBD+Sensors+ReturnSet&gt;. </Message>
          <StackTrace>   at OBDReapTestProject.OBD_SensorsTest.Supported_PIDsTest() in C:\Documents and Settings\Administrator\My Documents\Projects\Published\OBDReapTestProject\OBD_SensorsTest.cs:line 151
</StackTrace>
        </ErrorInfo>
      </Output>
    </UnitTestResult>
    <UnitTestResult executionId="a2e614de-9340-4c24-bf2a-187f04bb364f" testId="352ccee4-eca2-33a6-ce4c-5f8f8e0179a4" testName="Status_Since_DTC_ClearedTest" computerName="DESKTOP" duration="-00:00:00.0965088" startTime="2008-05-04T01:47:50.4218750-05:00" endTime="2008-05-04T01:47:50.4375000-05:00" testType="13cdc9d9-ddb5-4fa4-a97d-d965ccfc6d4b" outcome="Failed" testListId="8c84fa94-04c1-424b-9868-57a2d4851a1d">
      <Output>
        <ErrorInfo>
          <Message>Assert.AreEqual failed. Expected:&lt;(null)&gt;. Actual:&lt;OBDReap.OBD+Sensors+ReturnSet&gt;. </Message>
          <StackTrace>   at OBDReapTestProject.OBD_SensorsTest.Status_Since_DTC_ClearedTest() in C:\Documents and Settings\Administrator\My Documents\Projects\Published\OBDReapTestProject\OBD_SensorsTest.cs:line 165
</StackTrace>
        </ErrorInfo>
      </Output>
    </UnitTestResult>
    <UnitTestResult executionId="a8f50f74-e3d6-414d-9f51-2d02829f94d0" testId="aeba56a4-9fc4-bed9-8d76-a816d04cd652" testName="Short_Term_Fuel_Trim_2Test" computerName="DESKTOP" duration="00:00:00.1176361" startTime="2008-05-04T01:47:50.4375000-05:00" endTime="2008-05-04T01:47:50.4687500-05:00" testType="13cdc9d9-ddb5-4fa4-a97d-d965ccfc6d4b" outcome="Failed" testListId="8c84fa94-04c1-424b-9868-57a2d4851a1d">
      <Output>
        <ErrorInfo>
          <Message>Assert.AreEqual failed. Expected:&lt;(null)&gt;. Actual:&lt;OBDReap.OBD+Sensors+ReturnSet&gt;. </Message>
          <StackTrace>   at OBDReapTestProject.OBD_SensorsTest.Short_Term_Fuel_Trim_2Test() in C:\Documents and Settings\Administrator\My Documents\Projects\Published\OBDReapTestProject\OBD_SensorsTest.cs:line 179
</StackTrace>
        </ErrorInfo>
      </Output>
    </UnitTestResult>
    <UnitTestResult executionId="6600c6e0-47a1-47de-9c14-cc13e63dfd1b" testId="47f8fb12-9b9f-9c40-e21c-ea2a6adbc222" testName="Short_Term_Fuel_Trim_1Test" computerName="DESKTOP" duration="00:00:00.0101242" startTime="2008-05-04T01:47:50.4687500-05:00" endTime="2008-05-04T01:47:50.4843750-05:00" testType="13cdc9d9-ddb5-4fa4-a97d-d965ccfc6d4b" outcome="Failed" testListId="8c84fa94-04c1-424b-9868-57a2d4851a1d">
      <Output>
        <ErrorInfo>
          <Message>Assert.AreEqual failed. Expected:&lt;(null)&gt;. Actual:&lt;OBDReap.OBD+Sensors+ReturnSet&gt;. </Message>
          <StackTrace>   at OBDReapTestProject.OBD_SensorsTest.Short_Term_Fuel_Trim_1Test() in C:\Documents and Settings\Administrator\My Documents\Projects\Published\OBDReapTestProject\OBD_SensorsTest.cs:line 193
</StackTrace>
        </ErrorInfo>
      </Output>
    </UnitTestResult>
    <UnitTestResult executionId="84ce8a4d-0acb-44a1-a646-0dbdc77316ec" testId="097a3ffe-b38c-5f4a-e73d-c482abbb484e" testName="Secondary_Air_StatusTest" computerName="DESKTOP" duration="00:00:00.1174024" startTime="2008-05-04T01:47:50.5000000-05:00" endTime="2008-05-04T01:47:50.5156250-05:00" testType="13cdc9d9-ddb5-4fa4-a97d-d965ccfc6d4b" outcome="Failed" testListId="8c84fa94-04c1-424b-9868-57a2d4851a1d">
      <Output>
        <ErrorInfo>
          <Message>Assert.AreEqual failed. Expected:&lt;(null)&gt;. Actual:&lt;OBDReap.OBD+Sensors+ReturnSet&gt;. </Message>
          <StackTrace>   at OBDReapTestProject.OBD_SensorsTest.Secondary_Air_StatusTest() in C:\Documents and Settings\Administrator\My Documents\Projects\Published\OBDReapTestProject\OBD_SensorsTest.cs:line 207
</StackTrace>
        </ErrorInfo>
      </Output>
    </UnitTestResult>
    <UnitTestResult executionId="fbe26029-480a-48f2-9643-ae5bad358059" testId="21f4b005-288f-ec31-490e-c85c6f0bfb5b" testName="ParseOutBitsTest1" computerName="DESKTOP" duration="-00:00:00.0954504" startTime="2008-05-04T01:47:50.5156250-05:00" endTime="2008-05-04T01:47:50.5312500-05:00" testType="13cdc9d9-ddb5-4fa4-a97d-d965ccfc6d4b" outcome="Failed" testListId="8c84fa94-04c1-424b-9868-57a2d4851a1d">
      <Output>
        <ErrorInfo>
          <Message>Assert.AreEqual failed. Expected:&lt;(null)&gt;. Actual:&lt;System.Boolean[]&gt;. </Message>
          <StackTrace>   at OBDReapTestProject.OBD_SensorsTest.ParseOutBitsTest1() in C:\Documents and Settings\Administrator\My Documents\Projects\Published\OBDReapTestProject\OBD_SensorsTest.cs:line 223
</StackTrace>
        </ErrorInfo>
      </Output>
    </UnitTestResult>
    <UnitTestResult executionId="589a19ba-4452-4445-9e77-c48992a3c0ec" testId="1ca97c0e-7679-327b-94f2-a560c2146a14" testName="OBD_DesignationTest" computerName="DESKTOP" duration="00:00:00.1169067" startTime="2008-05-04T01:47:50.5312500-05:00" endTime="2008-05-04T01:47:50.5468750-05:00" testType="13cdc9d9-ddb5-4fa4-a97d-d965ccfc6d4b" outcome="Failed" testListId="8c84fa94-04c1-424b-9868-57a2d4851a1d">
      <Output>
        <ErrorInfo>
          <Message>Assert.AreEqual failed. Expected:&lt;(null)&gt;. Actual:&lt;OBDReap.OBD+Sensors+ReturnSet&gt;. </Message>
          <StackTrace>   at OBDReapTestProject.OBD_SensorsTest.OBD_DesignationTest() in C:\Documents and Settings\Administrator\My Documents\Projects\Published\OBDReapTestProject\OBD_SensorsTest.cs:line 237
</StackTrace>
        </ErrorInfo>
      </Output>
    </UnitTestResult>
    <UnitTestResult executionId="6b4f1f0b-4518-4855-a934-2f7044db9a03" testId="82e026a2-a98a-7f03-ab75-fcc143cd663c" testName="O2_Sensor_2_4Test" computerName="DESKTOP" duration="00:00:00.0141561" startTime="2008-05-04T01:47:50.5625000-05:00" endTime="2008-05-04T01:47:50.5781250-05:00" testType="13cdc9d9-ddb5-4fa4-a97d-d965ccfc6d4b" outcome="Failed" testListId="8c84fa94-04c1-424b-9868-57a2d4851a1d">
      <Output>
        <ErrorInfo>
          <Message>Assert.AreEqual failed. Expected:&lt;(null)&gt;. Actual:&lt;OBDReap.OBD+Sensors+ReturnSet&gt;. </Message>
          <StackTrace>   at OBDReapTestProject.OBD_SensorsTest.O2_Sensor_2_4Test() in C:\Documents and Settings\Administrator\My Documents\Projects\Published\OBDReapTestProject\OBD_SensorsTest.cs:line 251
</StackTrace>
        </ErrorInfo>
      </Output>
    </UnitTestResult>
    <UnitTestResult executionId="d473126e-2a27-4dcc-b8d0-3b40fa3396a1" testId="f624ab45-ddb0-2f36-95f4-72db1760647f" testName="O2_Sensor_2_3Test" computerName="DESKTOP" duration="00:00:00.1173131" startTime="2008-05-04T01:47:50.5781250-05:00" endTime="2008-05-04T01:47:50.6093750-05:00" testType="13cdc9d9-ddb5-4fa4-a97d-d965ccfc6d4b" outcome="Failed" testListId="8c84fa94-04c1-424b-9868-57a2d4851a1d">
      <Output>
        <ErrorInfo>
          <Message>Assert.AreEqual failed. Expected:&lt;(null)&gt;. Actual:&lt;OBDReap.OBD+Sensors+ReturnSet&gt;. </Message>
          <StackTrace>   at OBDReapTestProject.OBD_SensorsTest.O2_Sensor_2_3Test() in C:\Documents and Settings\Administrator\My Documents\Projects\Published\OBDReapTestProject\OBD_SensorsTest.cs:line 265
</StackTrace>
        </ErrorInfo>
      </Output>
    </UnitTestResult>
    <UnitTestResult executionId="b3be110f-ba3b-42be-a1c4-1661f99f8e5e" testId="80c77f9f-63c3-1416-82a8-2bde9f889de6" testName="O2_Sensor_2_2Test" computerName="DESKTOP" duration="00:00:00.0101592" startTime="2008-05-04T01:47:50.6093750-05:00" endTime="2008-05-04T01:47:50.6250000-05:00" testType="13cdc9d9-ddb5-4fa4-a97d-d965ccfc6d4b" outcome="Failed" testListId="8c84fa94-04c1-424b-9868-57a2d4851a1d">
      <Output>
        <ErrorInfo>
          <Message>Assert.AreEqual failed. Expected:&lt;(null)&gt;. Actual:&lt;OBDReap.OBD+Sensors+ReturnSet&gt;. </Message>
          <StackTrace>   at OBDReapTestProject.OBD_SensorsTest.O2_Sensor_2_2Test() in C:\Documents and Settings\Administrator\My Documents\Projects\Published\OBDReapTestProject\OBD_SensorsTest.cs:line 279
</StackTrace>
        </ErrorInfo>
      </Output>
    </UnitTestResult>
    <UnitTestResult executionId="8160c7ff-5f80-4431-8365-ff9e1e90df47" testId="a42be449-56e4-7354-53f9-2d2f7f274b5f" testName="O2_Sensor_2_1Test" computerName="DESKTOP" duration="00:00:00.0131744" startTime="2008-05-04T01:47:50.6406250-05:00" endTime="2008-05-04T01:47:50.6562500-05:00" testType="13cdc9d9-ddb5-4fa4-a97d-d965ccfc6d4b" outcome="Failed" testListId="8c84fa94-04c1-424b-9868-57a2d4851a1d">
      <Output>
        <ErrorInfo>
          <Message>Assert.AreEqual failed. Expected:&lt;(null)&gt;. Actual:&lt;OBDReap.OBD+Sensors+ReturnSet&gt;. </Message>
          <StackTrace>   at OBDReapTestProject.OBD_SensorsTest.O2_Sensor_2_1Test() in C:\Documents and Settings\Administrator\My Documents\Projects\Published\OBDReapTestProject\OBD_SensorsTest.cs:line 293
</StackTrace>
        </ErrorInfo>
      </Output>
    </UnitTestResult>
    <UnitTestResult executionId="8f4c763d-8ae8-4276-96e2-250c2acb40a5" testId="c70e5bab-d732-2b4e-7cd6-4c06c8749449" testName="O2_Sensor_1_4Test" computerName="DESKTOP" duration="-00:00:00.0968209" startTime="2008-05-04T01:47:50.6562500-05:00" endTime="2008-05-04T01:47:50.6718750-05:00" testType="13cdc9d9-ddb5-4fa4-a97d-d965ccfc6d4b" outcome="Failed" testListId="8c84fa94-04c1-424b-9868-57a2d4851a1d">
      <Output>
        <ErrorInfo>
          <Message>Assert.AreEqual failed. Expected:&lt;(null)&gt;. Actual:&lt;OBDReap.OBD+Sensors+ReturnSet&gt;. </Message>
          <StackTrace>   at OBDReapTestProject.OBD_SensorsTest.O2_Sensor_1_4Test() in C:\Documents and Settings\Administrator\My Documents\Projects\Published\OBDReapTestProject\OBD_SensorsTest.cs:line 307
</StackTrace>
        </ErrorInfo>
      </Output>
    </UnitTestResult>
    <UnitTestResult executionId="8bd2cf3f-1ea4-4e9a-b89c-45dc9a16b1d8" testId="73ddee02-7102-e28c-4588-8c7556c6eb14" testName="O2_Sensor_1_3Test" computerName="DESKTOP" duration="00:00:00.1177453" startTime="2008-05-04T01:47:50.6875000-05:00" endTime="2008-05-04T01:47:50.7031250-05:00" testType="13cdc9d9-ddb5-4fa4-a97d-d965ccfc6d4b" outcome="Failed" testListId="8c84fa94-04c1-424b-9868-57a2d4851a1d">
      <Output>
        <ErrorInfo>
          <Message>Assert.AreEqual failed. Expected:&lt;(null)&gt;. Actual:&lt;OBDReap.OBD+Sensors+ReturnSet&gt;. </Message>
          <StackTrace>   at OBDReapTestProject.OBD_SensorsTest.O2_Sensor_1_3Test() in C:\Documents and Settings\Administrator\My Documents\Projects\Published\OBDReapTestProject\OBD_SensorsTest.cs:line 321
</StackTrace>
        </ErrorInfo>
      </Output>
    </UnitTestResult>
    <UnitTestResult executionId="90bf2c69-75f2-4160-9b0f-36c9b7976f7d" testId="0863d3e1-1c58-6b48-563e-ebc0f984fea1" testName="O2_Sensor_1_2Test" computerName="DESKTOP" duration="00:00:00.0103550" startTime="2008-05-04T01:47:50.7031250-05:00" endTime="2008-05-04T01:47:50.7187500-05:00" testType="13cdc9d9-ddb5-4fa4-a97d-d965ccfc6d4b" outcome="Failed" testListId="8c84fa94-04c1-424b-9868-57a2d4851a1d">
      <Output>
        <ErrorInfo>
          <Message>Assert.AreEqual failed. Expected:&lt;(null)&gt;. Actual:&lt;OBDReap.OBD+Sensors+ReturnSet&gt;. </Message>
          <StackTrace>   at OBDReapTestProject.OBD_SensorsTest.O2_Sensor_1_2Test() in C:\Documents and Settings\Administrator\My Documents\Projects\Published\OBDReapTestProject\OBD_SensorsTest.cs:line 335
</StackTrace>
        </ErrorInfo>
      </Output>
    </UnitTestResult>
    <UnitTestResult executionId="e112484b-c804-4d60-aeeb-2d83fe1e091d" testId="c87d0368-e92e-cbd1-44b9-4478b4ca0633" testName="O2_Sensor_1_1Test" computerName="DESKTOP" duration="00:00:00.0106852" startTime="2008-05-04T01:47:50.7343750-05:00" endTime="2008-05-04T01:47:50.7500000-05:00" testType="13cdc9d9-ddb5-4fa4-a97d-d965ccfc6d4b" outcome="Failed" testListId="8c84fa94-04c1-424b-9868-57a2d4851a1d">
      <Output>
        <ErrorInfo>
          <Message>Assert.AreEqual failed. Expected:&lt;(null)&gt;. Actual:&lt;OBDReap.OBD+Sensors+ReturnSet&gt;. </Message>
          <StackTrace>   at OBDReapTestProject.OBD_SensorsTest.O2_Sensor_1_1Test() in C:\Documents and Settings\Administrator\My Documents\Projects\Published\OBDReapTestProject\OBD_SensorsTest.cs:line 349
</StackTrace>
        </ErrorInfo>
      </Output>
    </UnitTestResult>
    <UnitTestResult executionId="881c2de4-122d-4804-93a2-8a21d276c6b9" testId="7096e9a3-af4f-deed-9427-dd1fb34b4063" testName="Long_Term_Fuel_Trim_2Test" computerName="DESKTOP" duration="00:00:00.0110988" startTime="2008-05-04T01:47:50.7500000-05:00" endTime="2008-05-04T01:47:50.7656250-05:00" testType="13cdc9d9-ddb5-4fa4-a97d-d965ccfc6d4b" outcome="Failed" testListId="8c84fa94-04c1-424b-9868-57a2d4851a1d">
      <Output>
        <ErrorInfo>
          <Message>Assert.AreEqual failed. Expected:&lt;(null)&gt;. Actual:&lt;OBDReap.OBD+Sensors+ReturnSet&gt;. </Message>
          <StackTrace>   at OBDReapTestProject.OBD_SensorsTest.Long_Term_Fuel_Trim_2Test() in C:\Documents and Settings\Administrator\My Documents\Projects\Published\OBDReapTestProject\OBD_SensorsTest.cs:line 363
</StackTrace>
        </ErrorInfo>
      </Output>
    </UnitTestResult>
    <UnitTestResult executionId="991a6421-a6e3-4ade-bedb-9f08d0f7b79a" testId="3e282649-b1d7-efcc-16cb-88f797cfc6ce" testName="Long_Term_Fuel_Trim_1Test" computerName="DESKTOP" duration="00:00:00.0111737" startTime="2008-05-04T01:47:50.7812500-05:00" endTime="2008-05-04T01:47:50.7968750-05:00" testType="13cdc9d9-ddb5-4fa4-a97d-d965ccfc6d4b" outcome="Failed" testListId="8c84fa94-04c1-424b-9868-57a2d4851a1d">
      <Output>
        <ErrorInfo>
          <Message>Assert.AreEqual failed. Expected:&lt;(null)&gt;. Actual:&lt;OBDReap.OBD+Sensors+ReturnSet&gt;. </Message>
          <StackTrace>   at OBDReapTestProject.OBD_SensorsTest.Long_Term_Fuel_Trim_1Test() in C:\Documents and Settings\Administrator\My Documents\Projects\Published\OBDReapTestProject\OBD_SensorsTest.cs:line 377
</StackTrace>
        </ErrorInfo>
      </Output>
    </UnitTestResult>
    <UnitTestResult executionId="cf98adb4-5e91-4a92-92cb-9be7706f9c6c" testId="77438b0f-37be-a771-73fe-b9c1e2e16842" testName="Location_of_O2_sensors_2Test" computerName="DESKTOP" duration="00:00:00.1207713" startTime="2008-05-04T01:47:50.7968750-05:00" endTime="2008-05-04T01:47:50.8125000-05:00" testType="13cdc9d9-ddb5-4fa4-a97d-d965ccfc6d4b" outcome="Failed" testListId="8c84fa94-04c1-424b-9868-57a2d4851a1d">
      <Output>
        <ErrorInfo>
          <Message>Assert.AreEqual failed. Expected:&lt;(null)&gt;. Actual:&lt;OBDReap.OBD+Sensors+ReturnSet&gt;. </Message>
          <StackTrace>   at OBDReapTestProject.OBD_SensorsTest.Location_of_O2_sensors_2Test() in C:\Documents and Settings\Administrator\My Documents\Projects\Published\OBDReapTestProject\OBD_SensorsTest.cs:line 391
</StackTrace>
        </ErrorInfo>
      </Output>
    </UnitTestResult>
    <UnitTestResult executionId="edc47b05-d1c0-4378-acf1-98dc3d12b542" testId="6cbf86d3-9c8c-9b6d-c242-da680a1936ff" testName="Location_of_O2_sensors_1Test" computerName="DESKTOP" duration="00:00:00.1169159" startTime="2008-05-04T01:47:50.8281250-05:00" endTime="2008-05-04T01:47:50.8437500-05:00" testType="13cdc9d9-ddb5-4fa4-a97d-d965ccfc6d4b" outcome="Failed" testListId="8c84fa94-04c1-424b-9868-57a2d4851a1d">
      <Output>
        <ErrorInfo>
          <Message>Assert.AreEqual failed. Expected:&lt;(null)&gt;. Actual:&lt;OBDReap.OBD+Sensors+ReturnSet&gt;. </Message>
          <StackTrace>   at OBDReapTestProject.OBD_SensorsTest.Location_of_O2_sensors_1Test() in C:\Documents and Settings\Administrator\My Documents\Projects\Published\OBDReapTestProject\OBD_SensorsTest.cs:line 405
</StackTrace>
        </ErrorInfo>
      </Output>
    </UnitTestResult>
    <UnitTestResult executionId="1bcf7334-c512-400c-a2d5-a01e2d459a79" testId="5d2cce68-aa58-3fbb-5388-3969c9367d31" testName="Intake_Manifold_PressureTest" computerName="DESKTOP" duration="00:00:00.1204743" startTime="2008-05-04T01:47:50.8437500-05:00" endTime="2008-05-04T01:47:50.8593750-05:00" testType="13cdc9d9-ddb5-4fa4-a97d-d965ccfc6d4b" outcome="Failed" testListId="8c84fa94-04c1-424b-9868-57a2d4851a1d">
      <Output>
        <ErrorInfo>
          <Message>Assert.AreEqual failed. Expected:&lt;(null)&gt;. Actual:&lt;OBDReap.OBD+Sensors+ReturnSet&gt;. </Message>
          <StackTrace>   at OBDReapTestProject.OBD_SensorsTest.Intake_Manifold_PressureTest() in C:\Documents and Settings\Administrator\My Documents\Projects\Published\OBDReapTestProject\OBD_SensorsTest.cs:line 419
</StackTrace>
        </ErrorInfo>
      </Output>
    </UnitTestResult>
    <UnitTestResult executionId="28a13d5b-84cb-4592-b7ed-f333c4cb74d3" testId="9ce5d507-1647-2951-dfd9-d61272508026" testName="Intake_Air_TempTest" computerName="DESKTOP" duration="00:00:00.1188875" startTime="2008-05-04T01:47:50.8593750-05:00" endTime="2008-05-04T01:47:50.8750000-05:00" testType="13cdc9d9-ddb5-4fa4-a97d-d965ccfc6d4b" outcome="Failed" testListId="8c84fa94-04c1-424b-9868-57a2d4851a1d">
      <Output>
        <ErrorInfo>
          <Message>Assert.AreEqual failed. Expected:&lt;(null)&gt;. Actual:&lt;OBDReap.OBD+Sensors+ReturnSet&gt;. </Message>
          <StackTrace>   at OBDReapTestProject.OBD_SensorsTest.Intake_Air_TempTest() in C:\Documents and Settings\Administrator\My Documents\Projects\Published\OBDReapTestProject\OBD_SensorsTest.cs:line 433
</StackTrace>
        </ErrorInfo>
      </Output>
    </UnitTestResult>
    <UnitTestResult executionId="95e8eca8-87e6-4d40-b959-ba19a7f72e4c" testId="ae76524a-50d7-1f33-eda8-e0c10f6c5458" testName="HexToIntTest" computerName="DESKTOP" duration="00:00:00.0159282" startTime="2008-05-04T01:47:50.8906250-05:00" endTime="2008-05-04T01:47:50.9062500-05:00" testType="13cdc9d9-ddb5-4fa4-a97d-d965ccfc6d4b" outcome="Failed" testListId="8c84fa94-04c1-424b-9868-57a2d4851a1d">
      <Output>
        <ErrorInfo>
          <Message>Test method OBDReapTestProject.OBD_SensorsTest.HexToIntTest threw exception:  System.FormatException: Input string was not in a correct format..</Message>
          <StackTrace>    at System.Number.StringToNumber(String str, NumberStyles options, NumberBuffer&amp; number, NumberFormatInfo info, Boolean parseDecimal)
   at System.Number.ParseInt32(String s, NumberStyles style, NumberFormatInfo info)
   at System.Int32.Parse(String s, NumberStyles style)
   at OBDReap.OBD.Sensors.HexToInt(String hex) in C:\Documents and Settings\Administrator\My Documents\Projects\Published\OBDReap\Form1.cs:line 49
   at OBDReapTestProject.OBD_SensorsTest.HexToIntTest() in C:\Documents and Settings\Administrator\My Documents\Projects\Published\OBDReapTestProject\OBD_SensorsTest.cs:line 447
</StackTrace>
        </ErrorInfo>
      </Output>
    </UnitTestResult>
    <UnitTestResult executionId="74725712-2f1f-4ce7-a733-090c0ea44921" testId="ed159f69-05bc-cf8d-cbdb-b35557e06dfe" testName="GetCmdTest" computerName="DESKTOP" duration="00:00:00.1226835" startTime="2008-05-04T01:47:50.9218750-05:00" endTime="2008-05-04T01:47:50.9375000-05:00" testType="13cdc9d9-ddb5-4fa4-a97d-d965ccfc6d4b" outcome="Failed" testListId="8c84fa94-04c1-424b-9868-57a2d4851a1d">
      <Output>
        <ErrorInfo>
          <Message>Assert.AreEqual failed. Expected:&lt;0&gt;. Actual:&lt;2730&gt;. </Message>
          <StackTrace>   at OBDReapTestProject.OBD_SensorsTest.GetCmdTest() in C:\Documents and Settings\Administrator\My Documents\Projects\Published\OBDReapTestProject\OBD_SensorsTest.cs:line 464
</StackTrace>
        </ErrorInfo>
      </Output>
    </UnitTestResult>
    <UnitTestResult executionId="addfeb07-e80a-4815-a099-7f3e070657f7" testId="988a5a50-f787-d696-beb5-18d2ffd4817b" testName="Fuel_System_StatusTest" computerName="DESKTOP" duration="-00:00:00.0968312" startTime="2008-05-04T01:47:50.9375000-05:00" endTime="2008-05-04T01:47:50.9531250-05:00" testType="13cdc9d9-ddb5-4fa4-a97d-d965ccfc6d4b" outcome="Failed" testListId="8c84fa94-04c1-424b-9868-57a2d4851a1d">
      <Output>
        <ErrorInfo>
          <Message>Assert.AreEqual failed. Expected:&lt;(null)&gt;. Actual:&lt;OBDReap.OBD+Sensors+ReturnSet&gt;. </Message>
          <StackTrace>   at OBDReapTestProject.OBD_SensorsTest.Fuel_System_StatusTest() in C:\Documents and Settings\Administrator\My Documents\Projects\Published\OBDReapTestProject\OBD_SensorsTest.cs:line 478
</StackTrace>
        </ErrorInfo>
      </Output>
    </UnitTestResult>
    <UnitTestResult executionId="6c3d4ecc-8be4-4c7c-83c0-446f73dd62d7" testId="1787a117-b381-761a-e33a-03fb6820ba59" testName="Fuel_Rail_PressureTest" computerName="DESKTOP" duration="00:00:00.0178567" startTime="2008-05-04T01:47:50.9687500-05:00" endTime="2008-05-04T01:47:50.9843750-05:00" testType="13cdc9d9-ddb5-4fa4-a97d-d965ccfc6d4b" outcome="Failed" testListId="8c84fa94-04c1-424b-9868-57a2d4851a1d">
      <Output>
        <ErrorInfo>
          <Message>Assert.AreEqual failed. Expected:&lt;(null)&gt;. Actual:&lt;OBDReap.OBD+Sensors+ReturnSet&gt;. </Message>
          <StackTrace>   at OBDReapTestProject.OBD_SensorsTest.Fuel_Rail_PressureTest() in C:\Documents and Settings\Administrator\My Documents\Projects\Published\OBDReapTestProject\OBD_SensorsTest.cs:line 492
</StackTrace>
        </ErrorInfo>
      </Output>
    </UnitTestResult>
    <UnitTestResult executionId="a3b87037-275f-4f3e-a83d-838c3c77a8d2" testId="ccb9cf6e-2029-420d-04ea-22db59cdf5e8" testName="Engine_Run_with_MIL_onTest" computerName="DESKTOP" duration="00:00:00.1179336" startTime="2008-05-04T01:47:50.9843750-05:00" endTime="2008-05-04T01:47:51.0000000-05:00" testType="13cdc9d9-ddb5-4fa4-a97d-d965ccfc6d4b" outcome="Failed" testListId="8c84fa94-04c1-424b-9868-57a2d4851a1d">
      <Output>
        <ErrorInfo>
          <Message>Assert.AreEqual failed. Expected:&lt;(null)&gt;. Actual:&lt;OBDReap.OBD+Sensors+ReturnSet&gt;. </Message>
          <StackTrace>   at OBDReapTestProject.OBD_SensorsTest.Engine_Run_with_MIL_onTest() in C:\Documents and Settings\Administrator\My Documents\Projects\Published\OBDReapTestProject\OBD_SensorsTest.cs:line 506
</StackTrace>
        </ErrorInfo>
      </Output>
    </UnitTestResult>
    <UnitTestResult executionId="4889f08a-7d89-4c74-95ef-dbe8a0d743e9" testId="54ba4e7e-6b1b-64e4-9151-a54e121eb723" testName="Engine_RPMTest" computerName="DESKTOP" duration="00:00:00.0134846" startTime="2008-05-04T01:47:51.0156250-05:00" endTime="2008-05-04T01:47:51.0312500-05:00" testType="13cdc9d9-ddb5-4fa4-a97d-d965ccfc6d4b" outcome="Failed" testListId="8c84fa94-04c1-424b-9868-57a2d4851a1d">
      <Output>
        <ErrorInfo>
          <Message>Assert.AreEqual failed. Expected:&lt;(null)&gt;. Actual:&lt;OBDReap.OBD+Sensors+ReturnSet&gt;. </Message>
          <StackTrace>   at OBDReapTestProject.OBD_SensorsTest.Engine_RPMTest() in C:\Documents and Settings\Administrator\My Documents\Projects\Published\OBDReapTestProject\OBD_SensorsTest.cs:line 520
</StackTrace>
        </ErrorInfo>
      </Output>
    </UnitTestResult>
    <UnitTestResult executionId="66053e79-76c0-433d-8609-b16926d024a4" testId="75ab77c2-8ece-44ad-582e-a3f2be54432a" testName="DTC_Causing_Freeze_FrameTest" computerName="DESKTOP" duration="-00:00:00.0967875" startTime="2008-05-04T01:47:51.0312500-05:00" endTime="2008-05-04T01:47:51.0468750-05:00" testType="13cdc9d9-ddb5-4fa4-a97d-d965ccfc6d4b" outcome="Failed" testListId="8c84fa94-04c1-424b-9868-57a2d4851a1d">
      <Output>
        <ErrorInfo>
          <Message>Assert.AreEqual failed. Expected:&lt;(null)&gt;. Actual:&lt;OBDReap.OBD+Sensors+ReturnSet&gt;. </Message>
          <StackTrace>   at OBDReapTestProject.OBD_SensorsTest.DTC_Causing_Freeze_FrameTest() in C:\Documents and Settings\Administrator\My Documents\Projects\Published\OBDReapTestProject\OBD_SensorsTest.cs:line 534
</StackTrace>
        </ErrorInfo>
      </Output>
    </UnitTestResult>
    <UnitTestResult executionId="9bd267c1-2422-45d3-94a9-f1d58fc8fd5c" testId="1068b125-7e20-f5ad-a067-c696cae3e38b" testName="Coolant_TemperatureTest" computerName="DESKTOP" duration="00:00:00.1182667" startTime="2008-05-04T01:47:51.0625000-05:00" endTime="2008-05-04T01:47:51.0781250-05:00" testType="13cdc9d9-ddb5-4fa4-a97d-d965ccfc6d4b" outcome="Failed" testListId="8c84fa94-04c1-424b-9868-57a2d4851a1d">
      <Output>
        <ErrorInfo>
          <Message>Assert.AreEqual failed. Expected:&lt;(null)&gt;. Actual:&lt;OBDReap.OBD+Sensors+ReturnSet&gt;. </Message>
          <StackTrace>   at OBDReapTestProject.OBD_SensorsTest.Coolant_TemperatureTest() in C:\Documents and Settings\Administrator\My Documents\Projects\Published\OBDReapTestProject\OBD_SensorsTest.cs:line 548
</StackTrace>
        </ErrorInfo>
      </Output>
    </UnitTestResult>
    <UnitTestResult executionId="9b3db97e-f7f0-407a-980e-90a29d6a98f4" testId="6309b1f8-924e-61ad-cdef-75ef61dc7ae7" testName="Calculated_Load_ValueTest" computerName="DESKTOP" duration="00:00:00.0129847" startTime="2008-05-04T01:47:51.0781250-05:00" endTime="2008-05-04T01:47:51.0937500-05:00" testType="13cdc9d9-ddb5-4fa4-a97d-d965ccfc6d4b" outcome="Failed" testListId="8c84fa94-04c1-424b-9868-57a2d4851a1d">
      <Output>
        <ErrorInfo>
          <Message>Assert.AreEqual failed. Expected:&lt;(null)&gt;. Actual:&lt;OBDReap.OBD+Sensors+ReturnSet&gt;. </Message>
          <StackTrace>   at OBDReapTestProject.OBD_SensorsTest.Calculated_Load_ValueTest() in C:\Documents and Settings\Administrator\My Documents\Projects\Published\OBDReapTestProject\OBD_SensorsTest.cs:line 562
</StackTrace>
        </ErrorInfo>
      </Output>
    </UnitTestResult>
    <UnitTestResult executionId="0de03869-b033-4092-a58c-c16c43d6ff17" testId="05d9f462-1f8f-b8df-388c-1724762f2858" testName="BitStringTest" computerName="DESKTOP" duration="00:00:00.0286088" startTime="2008-05-04T01:47:51.1093750-05:00" endTime="2008-05-04T01:47:51.1406250-05:00" testType="13cdc9d9-ddb5-4fa4-a97d-d965ccfc6d4b" outcome="Failed" testListId="8c84fa94-04c1-424b-9868-57a2d4851a1d">
      <Output>
        <ErrorInfo>
          <Message>Test method OBDReapTestProject.OBD_SensorsTest.BitStringTest threw exception:  System.NullReferenceException: Object reference not set to an instance of an object..</Message>
          <StackTrace>    at OBDReap.OBD.Sensors.BitString(Boolean[] bBits) in C:\Documents and Settings\Administrator\My Documents\Projects\Published\OBDReap\Form1.cs:line 63
   at OBDReap.OBD_Accessor.Sensors.BitString(Boolean[] bBits)
   at OBDReapTestProject.OBD_SensorsTest.BitStringTest() in C:\Documents and Settings\Administrator\My Documents\Projects\Published\OBDReapTestProject\OBD_SensorsTest.cs:line 577
</StackTrace>
        </ErrorInfo>
      </Output>
    </UnitTestResult>
    <UnitTestResult executionId="a5e755ff-d697-408b-910a-57b3a07052df" testId="4bf69307-4792-89fb-074f-e8332a603ebc" testName="Aux_input_statusTest" computerName="DESKTOP" duration="00:00:00.1173152" startTime="2008-05-04T01:47:51.1406250-05:00" endTime="2008-05-04T01:47:51.1562500-05:00" testType="13cdc9d9-ddb5-4fa4-a97d-d965ccfc6d4b" outcome="Failed" testListId="8c84fa94-04c1-424b-9868-57a2d4851a1d">
      <Output>
        <ErrorInfo>
          <Message>Assert.AreEqual failed. Expected:&lt;(null)&gt;. Actual:&lt;OBDReap.OBD+Sensors+ReturnSet&gt;. </Message>
          <StackTrace>   at OBDReapTestProject.OBD_SensorsTest.Aux_input_statusTest() in C:\Documents and Settings\Administrator\My Documents\Projects\Published\OBDReapTestProject\OBD_SensorsTest.cs:line 592
</StackTrace>
        </ErrorInfo>
      </Output>
    </UnitTestResult>
    <UnitTestResult executionId="988fd062-8389-428e-8777-47e8474e0cc8" testId="a72e4223-b465-17ca-fae0-70e98570c9ad" testName="Air_Flow_Rate_MAFTest" computerName="DESKTOP" duration="00:00:00.1180711" startTime="2008-05-04T01:47:51.1718750-05:00" endTime="2008-05-04T01:47:51.1875000-05:00" testType="13cdc9d9-ddb5-4fa4-a97d-d965ccfc6d4b" outcome="Failed" testListId="8c84fa94-04c1-424b-9868-57a2d4851a1d">
      <Output>
        <ErrorInfo>
          <Message>Assert.AreEqual failed. Expected:&lt;(null)&gt;. Actual:&lt;OBDReap.OBD+Sensors+ReturnSet&gt;. </Message>
          <StackTrace>   at OBDReapTestProject.OBD_SensorsTest.Air_Flow_Rate_MAFTest() in C:\Documents and Settings\Administrator\My Documents\Projects\Published\OBDReapTestProject\OBD_SensorsTest.cs:line 606
</StackTrace>
        </ErrorInfo>
      </Output>
    </UnitTestResult>
    <UnitTestResult executionId="8275d77b-8e14-4f40-a8cb-e19a30abc41d" testId="09bf6443-6779-c767-dc94-609331a6dcf2" testName="OBD_SensorsConstructorTest" computerName="DESKTOP" duration="00:00:00.1197769" startTime="2008-05-04T01:47:51.2031250-05:00" endTime="2008-05-04T01:47:51.2187500-05:00" testType="13cdc9d9-ddb5-4fa4-a97d-d965ccfc6d4b" outcome="Inconclusive" testListId="8c84fa94-04c1-424b-9868-57a2d4851a1d">
      <Output>
        <ErrorInfo>
          <Message>Assert.Inconclusive failed. TODO: Implement code to verify target</Message>
          <StackTrace>   at OBDReapTestProject.OBD_SensorsTest.OBD_SensorsConstructorTest() in C:\Documents and Settings\Administrator\My Documents\Projects\Published\OBDReapTestProject\OBD_SensorsTest.cs:line 617
</StackTrace>
        </ErrorInfo>
      </Output>
    </UnitTestResult>
  </Results>
</TestRun>