<?xml version="1.0" encoding="UTF-8"?>
<TestRun id="a4c10cb8-d85d-48ad-9e83-96cd4c768cfc" name="remote@DESKTOP 2008-05-04 16:53:26" runUser="DESKTOP\remote" xmlns="http://microsoft.com/schemas/VisualStudio/TeamTest/2006">
  <TestRunConfiguration name="Local Test Run" id="83aba3ea-57f6-4249-8e07-3130942d9d3b">
    <Description>This is a default test run configuration for a local test run.</Description>
    <Deployment runDeploymentRoot="C:\Documents and Settings\Administrator\My Documents\Projects\Published\TestResults\remote_DESKTOP 2008-05-04 16_53_26">
      <DeploymentItem filename="C:\Documents and Settings\Administrator\My Documents\Projects\Published\OBDReap\bin\Debug\OBDReap.exe" />
    </Deployment>
    <TestTypeSpecific />
  </TestRunConfiguration>
  <ResultSummary outcome="Failed">
    <Counters total="44" executed="44" passed="3" error="0" failed="36" timeout="0" aborted="0" inconclusive="5" passedButRunAborted="0" notRunnable="0" notExecuted="0" disconnected="0" warning="0" completed="0" inProgress="0" pending="0" />
  </ResultSummary>
  <Times creation="2008-05-04T16:53:26.2812500-05:00" queuing="2008-05-04T16:53:27.2968750-05:00" start="2008-05-04T16:53:27.5312500-05:00" finish="2008-05-04T16:53:28.9375000-05:00" />
  <TestDefinitions>
    <UnitTest name="BitStringTest" storage="c:\documents and settings\administrator\my documents\projects\published\obdreaptestproject\bin\debug\obdreaptestproject.dll" id="05d9f462-1f8f-b8df-388c-1724762f2858">
      <Css projectStructure="" iteration="" />
      <Owners>
        <Owner name="" />
      </Owners>
      <DeploymentItems>
        <DeploymentItem filename="OBDReap.exe" />
      </DeploymentItems>
      <Execution id="f73f8db5-4f2e-4648-968b-586b9243b992" />
      <TestMethod codeBase="C:\Documents and Settings\Administrator\My Documents\Projects\Published\OBDReapTestProject\bin\Debug\OBDReapTestProject.dll" adapterTypeName="Microsoft.VisualStudio.TestTools.TestTypes.Unit.UnitTestAdapter, Microsoft.VisualStudio.QualityTools.Tips.UnitTest.Adapter, Version=9.0.0.0, Culture=neutral, PublicKeyToken=b03f5f7f11d50a3a" className="OBDReapTestProject.OBD_SensorsTest, OBDReapTestProject" name="BitStringTest" />
    </UnitTest>
    <UnitTest name="Fuel_System_StatusTest" storage="c:\documents and settings\administrator\my documents\projects\published\obdreaptestproject\bin\debug\obdreaptestproject.dll" id="988a5a50-f787-d696-beb5-18d2ffd4817b">
      <Css projectStructure="" iteration="" />
      <Owners>
        <Owner name="" />
      </Owners>
      <Execution id="8bfdd25e-fcb1-42ca-9a58-b9c34001301f" />
      <TestMethod codeBase="C:\Documents and Settings\Administrator\My Documents\Projects\Published\OBDReapTestProject\bin\Debug\OBDReapTestProject.dll" adapterTypeName="Microsoft.VisualStudio.TestTools.TestTypes.Unit.UnitTestAdapter, Microsoft.VisualStudio.QualityTools.Tips.UnitTest.Adapter, Version=9.0.0.0, Culture=neutral, PublicKeyToken=b03f5f7f11d50a3a" className="OBDReapTestProject.OBD_SensorsTest, OBDReapTestProject" name="Fuel_System_StatusTest" />
    </UnitTest>
    <UnitTest name="OBD_SensorsConstructorTest" storage="c:\documents and settings\administrator\my documents\projects\published\obdreaptestproject\bin\debug\obdreaptestproject.dll" id="09bf6443-6779-c767-dc94-609331a6dcf2">
      <Css projectStructure="" iteration="" />
      <Owners>
        <Owner name="" />
      </Owners>
      <Execution id="3764508e-2f19-4ab3-b973-b0c4887dbe6a" />
      <TestMethod codeBase="C:\Documents and Settings\Administrator\My Documents\Projects\Published\OBDReapTestProject\bin\Debug\OBDReapTestProject.dll" adapterTypeName="Microsoft.VisualStudio.TestTools.TestTypes.Unit.UnitTestAdapter, Microsoft.VisualStudio.QualityTools.Tips.UnitTest.Adapter, Version=9.0.0.0, Culture=neutral, PublicKeyToken=b03f5f7f11d50a3a" className="OBDReapTestProject.OBD_SensorsTest, OBDReapTestProject" name="OBD_SensorsConstructorTest" />
    </UnitTest>
    <UnitTest name="Status_Since_DTC_ClearedTest" storage="c:\documents and settings\administrator\my documents\projects\published\obdreaptestproject\bin\debug\obdreaptestproject.dll" id="352ccee4-eca2-33a6-ce4c-5f8f8e0179a4">
      <Css projectStructure="" iteration="" />
      <Owners>
        <Owner name="" />
      </Owners>
      <Execution id="67c95335-1851-49d9-a157-ffd44d2a18fc" />
      <TestMethod codeBase="C:\Documents and Settings\Administrator\My Documents\Projects\Published\OBDReapTestProject\bin\Debug\OBDReapTestProject.dll" adapterTypeName="Microsoft.VisualStudio.TestTools.TestTypes.Unit.UnitTestAdapter, Microsoft.VisualStudio.QualityTools.Tips.UnitTest.Adapter, Version=9.0.0.0, Culture=neutral, PublicKeyToken=b03f5f7f11d50a3a" className="OBDReapTestProject.OBD_SensorsTest, OBDReapTestProject" name="Status_Since_DTC_ClearedTest" />
    </UnitTest>
    <UnitTest name="Coolant_TemperatureTest" storage="c:\documents and settings\administrator\my documents\projects\published\obdreaptestproject\bin\debug\obdreaptestproject.dll" id="1068b125-7e20-f5ad-a067-c696cae3e38b">
      <Css projectStructure="" iteration="" />
      <Owners>
        <Owner name="" />
      </Owners>
      <Execution id="27ed6adc-6e45-40ee-8a93-4fbc34ef6b5e" />
      <TestMethod codeBase="C:\Documents and Settings\Administrator\My Documents\Projects\Published\OBDReapTestProject\bin\Debug\OBDReapTestProject.dll" adapterTypeName="Microsoft.VisualStudio.TestTools.TestTypes.Unit.UnitTestAdapter, Microsoft.VisualStudio.QualityTools.Tips.UnitTest.Adapter, Version=9.0.0.0, Culture=neutral, PublicKeyToken=b03f5f7f11d50a3a" className="OBDReapTestProject.OBD_SensorsTest, OBDReapTestProject" name="Coolant_TemperatureTest" />
    </UnitTest>
    <UnitTest name="Aux_input_statusTest" storage="c:\documents and settings\administrator\my documents\projects\published\obdreaptestproject\bin\debug\obdreaptestproject.dll" id="4bf69307-4792-89fb-074f-e8332a603ebc">
      <Css projectStructure="" iteration="" />
      <Owners>
        <Owner name="" />
      </Owners>
      <Execution id="4ccc2248-eff2-4abf-bdba-2c46e5ac5ef4" />
      <TestMethod codeBase="C:\Documents and Settings\Administrator\My Documents\Projects\Published\OBDReapTestProject\bin\Debug\OBDReapTestProject.dll" adapterTypeName="Microsoft.VisualStudio.TestTools.TestTypes.Unit.UnitTestAdapter, Microsoft.VisualStudio.QualityTools.Tips.UnitTest.Adapter, Version=9.0.0.0, Culture=neutral, PublicKeyToken=b03f5f7f11d50a3a" className="OBDReapTestProject.OBD_SensorsTest, OBDReapTestProject" name="Aux_input_statusTest" />
    </UnitTest>
    <UnitTest name="Air_Flow_Rate_MAFTest" storage="c:\documents and settings\administrator\my documents\projects\published\obdreaptestproject\bin\debug\obdreaptestproject.dll" id="a72e4223-b465-17ca-fae0-70e98570c9ad">
      <Css projectStructure="" iteration="" />
      <Owners>
        <Owner name="" />
      </Owners>
      <Execution id="0284ab41-9a55-47a1-9fc7-eaeb4f1bbb86" />
      <TestMethod codeBase="C:\Documents and Settings\Administrator\My Documents\Projects\Published\OBDReapTestProject\bin\Debug\OBDReapTestProject.dll" adapterTypeName="Microsoft.VisualStudio.TestTools.TestTypes.Unit.UnitTestAdapter, Microsoft.VisualStudio.QualityTools.Tips.UnitTest.Adapter, Version=9.0.0.0, Culture=neutral, PublicKeyToken=b03f5f7f11d50a3a" className="OBDReapTestProject.OBD_SensorsTest, OBDReapTestProject" name="Air_Flow_Rate_MAFTest" />
    </UnitTest>
    <UnitTest name="Time_Since_Engine_StartTest" storage="c:\documents and settings\administrator\my documents\projects\published\obdreaptestproject\bin\debug\obdreaptestproject.dll" id="9a6c8915-56d4-4a82-9bc8-9e322e8ae098">
      <Css projectStructure="" iteration="" />
      <Owners>
        <Owner name="" />
      </Owners>
      <Execution id="2453c814-1774-4dfb-b6a1-fc5136be8896" />
      <TestMethod codeBase="C:\Documents and Settings\Administrator\My Documents\Projects\Published\OBDReapTestProject\bin\Debug\OBDReapTestProject.dll" adapterTypeName="Microsoft.VisualStudio.TestTools.TestTypes.Unit.UnitTestAdapter, Microsoft.VisualStudio.QualityTools.Tips.UnitTest.Adapter, Version=9.0.0.0, Culture=neutral, PublicKeyToken=b03f5f7f11d50a3a" className="OBDReapTestProject.OBD_SensorsTest, OBDReapTestProject" name="Time_Since_Engine_StartTest" />
    </UnitTest>
    <UnitTest name="TranslateCodeTest" storage="c:\documents and settings\administrator\my documents\projects\published\obdreaptestproject\bin\debug\obdreaptestproject.dll" id="591b47a2-441f-bec8-c6b7-280228b6867d">
      <Css projectStructure="" iteration="" />
      <Owners>
        <Owner name="" />
      </Owners>
      <Execution id="1a7b49ae-81e4-45a3-80fb-5bbc393e32b6" />
      <TestMethod codeBase="C:\Documents and Settings\Administrator\My Documents\Projects\Published\OBDReapTestProject\bin\Debug\OBDReapTestProject.dll" adapterTypeName="Microsoft.VisualStudio.TestTools.TestTypes.Unit.UnitTestAdapter, Microsoft.VisualStudio.QualityTools.Tips.UnitTest.Adapter, Version=9.0.0.0, Culture=neutral, PublicKeyToken=b03f5f7f11d50a3a" className="OBDReapTestProject.OBDTest, OBDReapTestProject" name="TranslateCodeTest" />
    </UnitTest>
    <UnitTest name="Supported_PIDsTest" storage="c:\documents and settings\administrator\my documents\projects\published\obdreaptestproject\bin\debug\obdreaptestproject.dll" id="63bee9b4-2d17-54f4-a756-36c3c7cd634a">
      <Css projectStructure="" iteration="" />
      <Owners>
        <Owner name="" />
      </Owners>
      <Execution id="2e205673-d69a-42f9-bfaf-02abd0255133" />
      <TestMethod codeBase="C:\Documents and Settings\Administrator\My Documents\Projects\Published\OBDReapTestProject\bin\Debug\OBDReapTestProject.dll" adapterTypeName="Microsoft.VisualStudio.TestTools.TestTypes.Unit.UnitTestAdapter, Microsoft.VisualStudio.QualityTools.Tips.UnitTest.Adapter, Version=9.0.0.0, Culture=neutral, PublicKeyToken=b03f5f7f11d50a3a" className="OBDReapTestProject.OBDReap_SensorsTest, OBDReapTestProject" name="Supported_PIDsTest" />
    </UnitTest>
    <UnitTest name="Short_Term_Fuel_Trim_1Test" storage="c:\documents and settings\administrator\my documents\projects\published\obdreaptestproject\bin\debug\obdreaptestproject.dll" id="47f8fb12-9b9f-9c40-e21c-ea2a6adbc222">
      <Css projectStructure="" iteration="" />
      <Owners>
        <Owner name="" />
      </Owners>
      <Execution id="525d384f-1e50-421c-8101-8b327a15d370" />
      <TestMethod codeBase="C:\Documents and Settings\Administrator\My Documents\Projects\Published\OBDReapTestProject\bin\Debug\OBDReapTestProject.dll" adapterTypeName="Microsoft.VisualStudio.TestTools.TestTypes.Unit.UnitTestAdapter, Microsoft.VisualStudio.QualityTools.Tips.UnitTest.Adapter, Version=9.0.0.0, Culture=neutral, PublicKeyToken=b03f5f7f11d50a3a" className="OBDReapTestProject.OBD_SensorsTest, OBDReapTestProject" name="Short_Term_Fuel_Trim_1Test" />
    </UnitTest>
    <UnitTest name="Engine_Run_with_MIL_onTest" storage="c:\documents and settings\administrator\my documents\projects\published\obdreaptestproject\bin\debug\obdreaptestproject.dll" id="ccb9cf6e-2029-420d-04ea-22db59cdf5e8">
      <Css projectStructure="" iteration="" />
      <Owners>
        <Owner name="" />
      </Owners>
      <Execution id="4ca076c8-7463-4b59-a411-134debe68e48" />
      <TestMethod codeBase="C:\Documents and Settings\Administrator\My Documents\Projects\Published\OBDReapTestProject\bin\Debug\OBDReapTestProject.dll" adapterTypeName="Microsoft.VisualStudio.TestTools.TestTypes.Unit.UnitTestAdapter, Microsoft.VisualStudio.QualityTools.Tips.UnitTest.Adapter, Version=9.0.0.0, Culture=neutral, PublicKeyToken=b03f5f7f11d50a3a" className="OBDReapTestProject.OBD_SensorsTest, OBDReapTestProject" name="Engine_Run_with_MIL_onTest" />
    </UnitTest>
    <UnitTest name="O2_Sensor_2_4Test" storage="c:\documents and settings\administrator\my documents\projects\published\obdreaptestproject\bin\debug\obdreaptestproject.dll" id="82e026a2-a98a-7f03-ab75-fcc143cd663c">
      <Css projectStructure="" iteration="" />
      <Owners>
        <Owner name="" />
      </Owners>
      <Execution id="3e51fcc6-95ce-43ce-a5d6-8947988dbfba" />
      <TestMethod codeBase="C:\Documents and Settings\Administrator\My Documents\Projects\Published\OBDReapTestProject\bin\Debug\OBDReapTestProject.dll" adapterTypeName="Microsoft.VisualStudio.TestTools.TestTypes.Unit.UnitTestAdapter, Microsoft.VisualStudio.QualityTools.Tips.UnitTest.Adapter, Version=9.0.0.0, Culture=neutral, PublicKeyToken=b03f5f7f11d50a3a" className="OBDReapTestProject.OBD_SensorsTest, OBDReapTestProject" name="O2_Sensor_2_4Test" />
    </UnitTest>
    <UnitTest name="O2_Sensor_1_1Test" storage="c:\documents and settings\administrator\my documents\projects\published\obdreaptestproject\bin\debug\obdreaptestproject.dll" id="c87d0368-e92e-cbd1-44b9-4478b4ca0633">
      <Css projectStructure="" iteration="" />
      <Owners>
        <Owner name="" />
      </Owners>
      <Execution id="d4144811-707f-45bb-a332-271023d0d163" />
      <TestMethod codeBase="C:\Documents and Settings\Administrator\My Documents\Projects\Published\OBDReapTestProject\bin\Debug\OBDReapTestProject.dll" adapterTypeName="Microsoft.VisualStudio.TestTools.TestTypes.Unit.UnitTestAdapter, Microsoft.VisualStudio.QualityTools.Tips.UnitTest.Adapter, Version=9.0.0.0, Culture=neutral, PublicKeyToken=b03f5f7f11d50a3a" className="OBDReapTestProject.OBD_SensorsTest, OBDReapTestProject" name="O2_Sensor_1_1Test" />
    </UnitTest>
    <UnitTest name="ParseOutBitsTest1" storage="c:\documents and settings\administrator\my documents\projects\published\obdreaptestproject\bin\debug\obdreaptestproject.dll" id="21f4b005-288f-ec31-490e-c85c6f0bfb5b">
      <Css projectStructure="" iteration="" />
      <Owners>
        <Owner name="" />
      </Owners>
      <DeploymentItems>
        <DeploymentItem filename="OBDReap.exe" />
      </DeploymentItems>
      <Execution id="2f6e445e-c289-47fa-b292-a9848fb062fa" />
      <TestMethod codeBase="C:\Documents and Settings\Administrator\My Documents\Projects\Published\OBDReapTestProject\bin\Debug\OBDReapTestProject.dll" adapterTypeName="Microsoft.VisualStudio.TestTools.TestTypes.Unit.UnitTestAdapter, Microsoft.VisualStudio.QualityTools.Tips.UnitTest.Adapter, Version=9.0.0.0, Culture=neutral, PublicKeyToken=b03f5f7f11d50a3a" className="OBDReapTestProject.OBD_SensorsTest, OBDReapTestProject" name="ParseOutBitsTest1" />
    </UnitTest>
    <UnitTest name="Timing_AdvanceTest" storage="c:\documents and settings\administrator\my documents\projects\published\obdreaptestproject\bin\debug\obdreaptestproject.dll" id="815e43d9-3176-8f1f-f190-39155f2bcced">
      <Css projectStructure="" iteration="" />
      <Owners>
        <Owner name="" />
      </Owners>
      <Execution id="b9c8cb0d-4cd3-4f65-9886-e4bd4e7a6a8c" />
      <TestMethod codeBase="C:\Documents and Settings\Administrator\My Documents\Projects\Published\OBDReapTestProject\bin\Debug\OBDReapTestProject.dll" adapterTypeName="Microsoft.VisualStudio.TestTools.TestTypes.Unit.UnitTestAdapter, Microsoft.VisualStudio.QualityTools.Tips.UnitTest.Adapter, Version=9.0.0.0, Culture=neutral, PublicKeyToken=b03f5f7f11d50a3a" className="OBDReapTestProject.OBD_SensorsTest, OBDReapTestProject" name="Timing_AdvanceTest" />
    </UnitTest>
    <UnitTest name="O2_Sensor_1_2Test" storage="c:\documents and settings\administrator\my documents\projects\published\obdreaptestproject\bin\debug\obdreaptestproject.dll" id="0863d3e1-1c58-6b48-563e-ebc0f984fea1">
      <Css projectStructure="" iteration="" />
      <Owners>
        <Owner name="" />
      </Owners>
      <Execution id="081dc118-3e7a-4631-9356-c0b2320eb255" />
      <TestMethod codeBase="C:\Documents and Settings\Administrator\My Documents\Projects\Published\OBDReapTestProject\bin\Debug\OBDReapTestProject.dll" adapterTypeName="Microsoft.VisualStudio.TestTools.TestTypes.Unit.UnitTestAdapter, Microsoft.VisualStudio.QualityTools.Tips.UnitTest.Adapter, Version=9.0.0.0, Culture=neutral, PublicKeyToken=b03f5f7f11d50a3a" className="OBDReapTestProject.OBD_SensorsTest, OBDReapTestProject" name="O2_Sensor_1_2Test" />
    </UnitTest>
    <UnitTest name="O2_Sensor_2_2Test" storage="c:\documents and settings\administrator\my documents\projects\published\obdreaptestproject\bin\debug\obdreaptestproject.dll" id="80c77f9f-63c3-1416-82a8-2bde9f889de6">
      <Css projectStructure="" iteration="" />
      <Owners>
        <Owner name="" />
      </Owners>
      <Execution id="2864d921-4989-44bc-8b36-e64386e6c3d3" />
      <TestMethod codeBase="C:\Documents and Settings\Administrator\My Documents\Projects\Published\OBDReapTestProject\bin\Debug\OBDReapTestProject.dll" adapterTypeName="Microsoft.VisualStudio.TestTools.TestTypes.Unit.UnitTestAdapter, Microsoft.VisualStudio.QualityTools.Tips.UnitTest.Adapter, Version=9.0.0.0, Culture=neutral, PublicKeyToken=b03f5f7f11d50a3a" className="OBDReapTestProject.OBD_SensorsTest, OBDReapTestProject" name="O2_Sensor_2_2Test" />
    </UnitTest>
    <UnitTest name="MaintainConnectionTest" storage="c:\documents and settings\administrator\my documents\projects\published\obdreaptestproject\bin\debug\obdreaptestproject.dll" id="756fc45f-2fac-3bf5-e3b8-ee7efe790953">
      <Css projectStructure="" iteration="" />
      <Owners>
        <Owner name="" />
      </Owners>
      <DeploymentItems>
        <DeploymentItem filename="OBDReap.exe" />
      </DeploymentItems>
      <Execution id="dd17573d-8dbe-4dbb-bb3f-e444012ccbed" />
      <TestMethod codeBase="C:\Documents and Settings\Administrator\My Documents\Projects\Published\OBDReapTestProject\bin\Debug\OBDReapTestProject.dll" adapterTypeName="Microsoft.VisualStudio.TestTools.TestTypes.Unit.UnitTestAdapter, Microsoft.VisualStudio.QualityTools.Tips.UnitTest.Adapter, Version=9.0.0.0, Culture=neutral, PublicKeyToken=b03f5f7f11d50a3a" className="OBDReapTestProject.OBD_SensorsTest, OBDReapTestProject" name="MaintainConnectionTest" />
    </UnitTest>
    <UnitTest name="O2_Sensor_1_4Test" storage="c:\documents and settings\administrator\my documents\projects\published\obdreaptestproject\bin\debug\obdreaptestproject.dll" id="c70e5bab-d732-2b4e-7cd6-4c06c8749449">
      <Css projectStructure="" iteration="" />
      <Owners>
        <Owner name="" />
      </Owners>
      <Execution id="8a659bf2-2128-4c2d-8f6f-e9463180292a" />
      <TestMethod codeBase="C:\Documents and Settings\Administrator\My Documents\Projects\Published\OBDReapTestProject\bin\Debug\OBDReapTestProject.dll" adapterTypeName="Microsoft.VisualStudio.TestTools.TestTypes.Unit.UnitTestAdapter, Microsoft.VisualStudio.QualityTools.Tips.UnitTest.Adapter, Version=9.0.0.0, Culture=neutral, PublicKeyToken=b03f5f7f11d50a3a" className="OBDReapTestProject.OBD_SensorsTest, OBDReapTestProject" name="O2_Sensor_1_4Test" />
    </UnitTest>
    <UnitTest name="O2_Sensor_2_1Test" storage="c:\documents and settings\administrator\my documents\projects\published\obdreaptestproject\bin\debug\obdreaptestproject.dll" id="a42be449-56e4-7354-53f9-2d2f7f274b5f">
      <Css projectStructure="" iteration="" />
      <Owners>
        <Owner name="" />
      </Owners>
      <Execution id="f4dffe8c-0c3b-4fa2-adcd-589b53cd242c" />
      <TestMethod codeBase="C:\Documents and Settings\Administrator\My Documents\Projects\Published\OBDReapTestProject\bin\Debug\OBDReapTestProject.dll" adapterTypeName="Microsoft.VisualStudio.TestTools.TestTypes.Unit.UnitTestAdapter, Microsoft.VisualStudio.QualityTools.Tips.UnitTest.Adapter, Version=9.0.0.0, Culture=neutral, PublicKeyToken=b03f5f7f11d50a3a" className="OBDReapTestProject.OBD_SensorsTest, OBDReapTestProject" name="O2_Sensor_2_1Test" />
    </UnitTest>
    <UnitTest name="Location_of_O2_sensors_2Test" storage="c:\documents and settings\administrator\my documents\projects\published\obdreaptestproject\bin\debug\obdreaptestproject.dll" id="77438b0f-37be-a771-73fe-b9c1e2e16842">
      <Css projectStructure="" iteration="" />
      <Owners>
        <Owner name="" />
      </Owners>
      <Execution id="57327b86-0526-42d8-8df1-5726931eb3a4" />
      <TestMethod codeBase="C:\Documents and Settings\Administrator\My Documents\Projects\Published\OBDReapTestProject\bin\Debug\OBDReapTestProject.dll" adapterTypeName="Microsoft.VisualStudio.TestTools.TestTypes.Unit.UnitTestAdapter, Microsoft.VisualStudio.QualityTools.Tips.UnitTest.Adapter, Version=9.0.0.0, Culture=neutral, PublicKeyToken=b03f5f7f11d50a3a" className="OBDReapTestProject.OBD_SensorsTest, OBDReapTestProject" name="Location_of_O2_sensors_2Test" />
    </UnitTest>
    <UnitTest name="Intake_Air_TempTest" storage="c:\documents and settings\administrator\my documents\projects\published\obdreaptestproject\bin\debug\obdreaptestproject.dll" id="9ce5d507-1647-2951-dfd9-d61272508026">
      <Css projectStructure="" iteration="" />
      <Owners>
        <Owner name="" />
      </Owners>
      <Execution id="4fe8216c-2530-46a2-9094-86df3697fcb8" />
      <TestMethod codeBase="C:\Documents and Settings\Administrator\My Documents\Projects\Published\OBDReapTestProject\bin\Debug\OBDReapTestProject.dll" adapterTypeName="Microsoft.VisualStudio.TestTools.TestTypes.Unit.UnitTestAdapter, Microsoft.VisualStudio.QualityTools.Tips.UnitTest.Adapter, Version=9.0.0.0, Culture=neutral, PublicKeyToken=b03f5f7f11d50a3a" className="OBDReapTestProject.OBD_SensorsTest, OBDReapTestProject" name="Intake_Air_TempTest" />
    </UnitTest>
    <UnitTest name="Throttle_PositionTest" storage="c:\documents and settings\administrator\my documents\projects\published\obdreaptestproject\bin\debug\obdreaptestproject.dll" id="927993be-6fb9-c6f1-9872-7425ccc608ac">
      <Css projectStructure="" iteration="" />
      <Owners>
        <Owner name="" />
      </Owners>
      <Execution id="d486cf88-79b7-40e3-ad24-b49163486b43" />
      <TestMethod codeBase="C:\Documents and Settings\Administrator\My Documents\Projects\Published\OBDReapTestProject\bin\Debug\OBDReapTestProject.dll" adapterTypeName="Microsoft.VisualStudio.TestTools.TestTypes.Unit.UnitTestAdapter, Microsoft.VisualStudio.QualityTools.Tips.UnitTest.Adapter, Version=9.0.0.0, Culture=neutral, PublicKeyToken=b03f5f7f11d50a3a" className="OBDReapTestProject.OBD_SensorsTest, OBDReapTestProject" name="Throttle_PositionTest" />
    </UnitTest>
    <UnitTest name="Vehicle_SpeedTest" storage="c:\documents and settings\administrator\my documents\projects\published\obdreaptestproject\bin\debug\obdreaptestproject.dll" id="243c5db2-5ba8-4fc1-e5da-923eb39a8ec0">
      <Css projectStructure="" iteration="" />
      <Owners>
        <Owner name="" />
      </Owners>
      <Execution id="818b79ee-ffd4-4136-8631-79d1d2aa9c49" />
      <TestMethod codeBase="C:\Documents and Settings\Administrator\My Documents\Projects\Published\OBDReapTestProject\bin\Debug\OBDReapTestProject.dll" adapterTypeName="Microsoft.VisualStudio.TestTools.TestTypes.Unit.UnitTestAdapter, Microsoft.VisualStudio.QualityTools.Tips.UnitTest.Adapter, Version=9.0.0.0, Culture=neutral, PublicKeyToken=b03f5f7f11d50a3a" className="OBDReapTestProject.OBD_SensorsTest, OBDReapTestProject" name="Vehicle_SpeedTest" />
    </UnitTest>
    <UnitTest name="Calculated_Load_ValueTest" storage="c:\documents and settings\administrator\my documents\projects\published\obdreaptestproject\bin\debug\obdreaptestproject.dll" id="6309b1f8-924e-61ad-cdef-75ef61dc7ae7">
      <Css projectStructure="" iteration="" />
      <Owners>
        <Owner name="" />
      </Owners>
      <Execution id="daa8952e-707a-4754-bc6c-593e7a7dcc19" />
      <TestMethod codeBase="C:\Documents and Settings\Administrator\My Documents\Projects\Published\OBDReapTestProject\bin\Debug\OBDReapTestProject.dll" adapterTypeName="Microsoft.VisualStudio.TestTools.TestTypes.Unit.UnitTestAdapter, Microsoft.VisualStudio.QualityTools.Tips.UnitTest.Adapter, Version=9.0.0.0, Culture=neutral, PublicKeyToken=b03f5f7f11d50a3a" className="OBDReapTestProject.OBD_SensorsTest, OBDReapTestProject" name="Calculated_Load_ValueTest" />
    </UnitTest>
    <UnitTest name="O2_Sensor_2_3Test" storage="c:\documents and settings\administrator\my documents\projects\published\obdreaptestproject\bin\debug\obdreaptestproject.dll" id="f624ab45-ddb0-2f36-95f4-72db1760647f">
      <Css projectStructure="" iteration="" />
      <Owners>
        <Owner name="" />
      </Owners>
      <Execution id="db90ab21-c6a6-47e1-8cce-6dd340582274" />
      <TestMethod codeBase="C:\Documents and Settings\Administrator\My Documents\Projects\Published\OBDReapTestProject\bin\Debug\OBDReapTestProject.dll" adapterTypeName="Microsoft.VisualStudio.TestTools.TestTypes.Unit.UnitTestAdapter, Microsoft.VisualStudio.QualityTools.Tips.UnitTest.Adapter, Version=9.0.0.0, Culture=neutral, PublicKeyToken=b03f5f7f11d50a3a" className="OBDReapTestProject.OBD_SensorsTest, OBDReapTestProject" name="O2_Sensor_2_3Test" />
    </UnitTest>
    <UnitTest name="OBDConstructorTest" storage="c:\documents and settings\administrator\my documents\projects\published\obdreaptestproject\bin\debug\obdreaptestproject.dll" id="648d4df5-9148-1a71-ad0e-9dbc003bddd7">
      <Css projectStructure="" iteration="" />
      <Owners>
        <Owner name="" />
      </Owners>
      <Execution id="b2ad33a3-9a73-42ba-88be-0f7567d03bdc" />
      <TestMethod codeBase="C:\Documents and Settings\Administrator\My Documents\Projects\Published\OBDReapTestProject\bin\Debug\OBDReapTestProject.dll" adapterTypeName="Microsoft.VisualStudio.TestTools.TestTypes.Unit.UnitTestAdapter, Microsoft.VisualStudio.QualityTools.Tips.UnitTest.Adapter, Version=9.0.0.0, Culture=neutral, PublicKeyToken=b03f5f7f11d50a3a" className="OBDReapTestProject.OBDTest, OBDReapTestProject" name="OBDConstructorTest" />
    </UnitTest>
    <UnitTest name="Long_Term_Fuel_Trim_1Test" storage="c:\documents and settings\administrator\my documents\projects\published\obdreaptestproject\bin\debug\obdreaptestproject.dll" id="3e282649-b1d7-efcc-16cb-88f797cfc6ce">
      <Css projectStructure="" iteration="" />
      <Owners>
        <Owner name="" />
      </Owners>
      <Execution id="4c0ee2c6-8905-4d14-a33e-895cc9366702" />
      <TestMethod codeBase="C:\Documents and Settings\Administrator\My Documents\Projects\Published\OBDReapTestProject\bin\Debug\OBDReapTestProject.dll" adapterTypeName="Microsoft.VisualStudio.TestTools.TestTypes.Unit.UnitTestAdapter, Microsoft.VisualStudio.QualityTools.Tips.UnitTest.Adapter, Version=9.0.0.0, Culture=neutral, PublicKeyToken=b03f5f7f11d50a3a" className="OBDReapTestProject.OBD_SensorsTest, OBDReapTestProject" name="Long_Term_Fuel_Trim_1Test" />
    </UnitTest>
    <UnitTest name="Secondary_Air_StatusTest" storage="c:\documents and settings\administrator\my documents\projects\published\obdreaptestproject\bin\debug\obdreaptestproject.dll" id="097a3ffe-b38c-5f4a-e73d-c482abbb484e">
      <Css projectStructure="" iteration="" />
      <Owners>
        <Owner name="" />
      </Owners>
      <Execution id="8ba3ee08-fbd4-4d4f-8a8c-6d14be9821ea" />
      <TestMethod codeBase="C:\Documents and Settings\Administrator\My Documents\Projects\Published\OBDReapTestProject\bin\Debug\OBDReapTestProject.dll" adapterTypeName="Microsoft.VisualStudio.TestTools.TestTypes.Unit.UnitTestAdapter, Microsoft.VisualStudio.QualityTools.Tips.UnitTest.Adapter, Version=9.0.0.0, Culture=neutral, PublicKeyToken=b03f5f7f11d50a3a" className="OBDReapTestProject.OBD_SensorsTest, OBDReapTestProject" name="Secondary_Air_StatusTest" />
    </UnitTest>
    <UnitTest name="Supported_PIDsTest" storage="c:\documents and settings\administrator\my documents\projects\published\obdreaptestproject\bin\debug\obdreaptestproject.dll" id="3e8a8bc0-64de-4cfa-35db-7591df287936">
      <Css projectStructure="" iteration="" />
      <Owners>
        <Owner name="" />
      </Owners>
      <Execution id="300bbd87-d9c1-4524-a550-5ac028bdad68" />
      <TestMethod codeBase="C:\Documents and Settings\Administrator\My Documents\Projects\Published\OBDReapTestProject\bin\Debug\OBDReapTestProject.dll" adapterTypeName="Microsoft.VisualStudio.TestTools.TestTypes.Unit.UnitTestAdapter, Microsoft.VisualStudio.QualityTools.Tips.UnitTest.Adapter, Version=9.0.0.0, Culture=neutral, PublicKeyToken=b03f5f7f11d50a3a" className="OBDReapTestProject.OBD_SensorsTest, OBDReapTestProject" name="Supported_PIDsTest" />
    </UnitTest>
    <UnitTest name="Long_Term_Fuel_Trim_2Test" storage="c:\documents and settings\administrator\my documents\projects\published\obdreaptestproject\bin\debug\obdreaptestproject.dll" id="7096e9a3-af4f-deed-9427-dd1fb34b4063">
      <Css projectStructure="" iteration="" />
      <Owners>
        <Owner name="" />
      </Owners>
      <Execution id="418ed5ea-5b08-4a32-a632-4a035c5741f5" />
      <TestMethod codeBase="C:\Documents and Settings\Administrator\My Documents\Projects\Published\OBDReapTestProject\bin\Debug\OBDReapTestProject.dll" adapterTypeName="Microsoft.VisualStudio.TestTools.TestTypes.Unit.UnitTestAdapter, Microsoft.VisualStudio.QualityTools.Tips.UnitTest.Adapter, Version=9.0.0.0, Culture=neutral, PublicKeyToken=b03f5f7f11d50a3a" className="OBDReapTestProject.OBD_SensorsTest, OBDReapTestProject" name="Long_Term_Fuel_Trim_2Test" />
    </UnitTest>
    <UnitTest name="O2_Sensor_1_3Test" storage="c:\documents and settings\administrator\my documents\projects\published\obdreaptestproject\bin\debug\obdreaptestproject.dll" id="73ddee02-7102-e28c-4588-8c7556c6eb14">
      <Css projectStructure="" iteration="" />
      <Owners>
        <Owner name="" />
      </Owners>
      <Execution id="11aeb82d-0566-487a-b674-21d49a37ed76" />
      <TestMethod codeBase="C:\Documents and Settings\Administrator\My Documents\Projects\Published\OBDReapTestProject\bin\Debug\OBDReapTestProject.dll" adapterTypeName="Microsoft.VisualStudio.TestTools.TestTypes.Unit.UnitTestAdapter, Microsoft.VisualStudio.QualityTools.Tips.UnitTest.Adapter, Version=9.0.0.0, Culture=neutral, PublicKeyToken=b03f5f7f11d50a3a" className="OBDReapTestProject.OBD_SensorsTest, OBDReapTestProject" name="O2_Sensor_1_3Test" />
    </UnitTest>
    <UnitTest name="GetCmdTest" storage="c:\documents and settings\administrator\my documents\projects\published\obdreaptestproject\bin\debug\obdreaptestproject.dll" id="ed159f69-05bc-cf8d-cbdb-b35557e06dfe">
      <Css projectStructure="" iteration="" />
      <Owners>
        <Owner name="" />
      </Owners>
      <DeploymentItems>
        <DeploymentItem filename="OBDReap.exe" />
      </DeploymentItems>
      <Execution id="d2b33270-1fb2-4d1c-a4e5-bec9cb62a8e3" />
      <TestMethod codeBase="C:\Documents and Settings\Administrator\My Documents\Projects\Published\OBDReapTestProject\bin\Debug\OBDReapTestProject.dll" adapterTypeName="Microsoft.VisualStudio.TestTools.TestTypes.Unit.UnitTestAdapter, Microsoft.VisualStudio.QualityTools.Tips.UnitTest.Adapter, Version=9.0.0.0, Culture=neutral, PublicKeyToken=b03f5f7f11d50a3a" className="OBDReapTestProject.OBD_SensorsTest, OBDReapTestProject" name="GetCmdTest" />
    </UnitTest>
    <UnitTest name="ParseOutBitsTest" storage="c:\documents and settings\administrator\my documents\projects\published\obdreaptestproject\bin\debug\obdreaptestproject.dll" id="f0f6ad11-e747-eb61-4b5a-c796ace2cdb0">
      <Css projectStructure="" iteration="" />
      <Owners>
        <Owner name="" />
      </Owners>
      <DeploymentItems>
        <DeploymentItem filename="OBDReap.exe" />
      </DeploymentItems>
      <Execution id="8fcac55c-510f-4386-bb32-e9f1dc543942" />
      <TestMethod codeBase="C:\Documents and Settings\Administrator\My Documents\Projects\Published\OBDReapTestProject\bin\Debug\OBDReapTestProject.dll" adapterTypeName="Microsoft.VisualStudio.TestTools.TestTypes.Unit.UnitTestAdapter, Microsoft.VisualStudio.QualityTools.Tips.UnitTest.Adapter, Version=9.0.0.0, Culture=neutral, PublicKeyToken=b03f5f7f11d50a3a" className="OBDReapTestProject.OBD_SensorsTest, OBDReapTestProject" name="ParseOutBitsTest" />
    </UnitTest>
    <UnitTest name="DTC_Causing_Freeze_FrameTest" storage="c:\documents and settings\administrator\my documents\projects\published\obdreaptestproject\bin\debug\obdreaptestproject.dll" id="75ab77c2-8ece-44ad-582e-a3f2be54432a">
      <Css projectStructure="" iteration="" />
      <Owners>
        <Owner name="" />
      </Owners>
      <Execution id="a726cff2-9b60-4926-b8f7-fa85473be60f" />
      <TestMethod codeBase="C:\Documents and Settings\Administrator\My Documents\Projects\Published\OBDReapTestProject\bin\Debug\OBDReapTestProject.dll" adapterTypeName="Microsoft.VisualStudio.TestTools.TestTypes.Unit.UnitTestAdapter, Microsoft.VisualStudio.QualityTools.Tips.UnitTest.Adapter, Version=9.0.0.0, Culture=neutral, PublicKeyToken=b03f5f7f11d50a3a" className="OBDReapTestProject.OBD_SensorsTest, OBDReapTestProject" name="DTC_Causing_Freeze_FrameTest" />
    </UnitTest>
    <UnitTest name="Intake_Manifold_PressureTest" storage="c:\documents and settings\administrator\my documents\projects\published\obdreaptestproject\bin\debug\obdreaptestproject.dll" id="5d2cce68-aa58-3fbb-5388-3969c9367d31">
      <Css projectStructure="" iteration="" />
      <Owners>
        <Owner name="" />
      </Owners>
      <Execution id="0dad11b2-e744-4a7a-ac33-6540298b3b7e" />
      <TestMethod codeBase="C:\Documents and Settings\Administrator\My Documents\Projects\Published\OBDReapTestProject\bin\Debug\OBDReapTestProject.dll" adapterTypeName="Microsoft.VisualStudio.TestTools.TestTypes.Unit.UnitTestAdapter, Microsoft.VisualStudio.QualityTools.Tips.UnitTest.Adapter, Version=9.0.0.0, Culture=neutral, PublicKeyToken=b03f5f7f11d50a3a" className="OBDReapTestProject.OBD_SensorsTest, OBDReapTestProject" name="Intake_Manifold_PressureTest" />
    </UnitTest>
    <UnitTest name="Engine_RPMTest" storage="c:\documents and settings\administrator\my documents\projects\published\obdreaptestproject\bin\debug\obdreaptestproject.dll" id="54ba4e7e-6b1b-64e4-9151-a54e121eb723">
      <Css projectStructure="" iteration="" />
      <Owners>
        <Owner name="" />
      </Owners>
      <Execution id="911a2313-6109-4e76-8ed4-4813abc1f50a" />
      <TestMethod codeBase="C:\Documents and Settings\Administrator\My Documents\Projects\Published\OBDReapTestProject\bin\Debug\OBDReapTestProject.dll" adapterTypeName="Microsoft.VisualStudio.TestTools.TestTypes.Unit.UnitTestAdapter, Microsoft.VisualStudio.QualityTools.Tips.UnitTest.Adapter, Version=9.0.0.0, Culture=neutral, PublicKeyToken=b03f5f7f11d50a3a" className="OBDReapTestProject.OBD_SensorsTest, OBDReapTestProject" name="Engine_RPMTest" />
    </UnitTest>
    <UnitTest name="Fuel_Rail_PressureTest" storage="c:\documents and settings\administrator\my documents\projects\published\obdreaptestproject\bin\debug\obdreaptestproject.dll" id="1787a117-b381-761a-e33a-03fb6820ba59">
      <Css projectStructure="" iteration="" />
      <Owners>
        <Owner name="" />
      </Owners>
      <Execution id="bc9ebc4e-7f25-465e-bccc-b9fe87319820" />
      <TestMethod codeBase="C:\Documents and Settings\Administrator\My Documents\Projects\Published\OBDReapTestProject\bin\Debug\OBDReapTestProject.dll" adapterTypeName="Microsoft.VisualStudio.TestTools.TestTypes.Unit.UnitTestAdapter, Microsoft.VisualStudio.QualityTools.Tips.UnitTest.Adapter, Version=9.0.0.0, Culture=neutral, PublicKeyToken=b03f5f7f11d50a3a" className="OBDReapTestProject.OBD_SensorsTest, OBDReapTestProject" name="Fuel_Rail_PressureTest" />
    </UnitTest>
    <UnitTest name="OBD_Sensors_ReturnSetConstructorTest" storage="c:\documents and settings\administrator\my documents\projects\published\obdreaptestproject\bin\debug\obdreaptestproject.dll" id="0b4904af-d164-e8fb-af8b-5582ee86bf64">
      <Css projectStructure="" iteration="" />
      <Owners>
        <Owner name="" />
      </Owners>
      <Execution id="e792a28c-cb4e-4598-b033-e765d2294701" />
      <TestMethod codeBase="C:\Documents and Settings\Administrator\My Documents\Projects\Published\OBDReapTestProject\bin\Debug\OBDReapTestProject.dll" adapterTypeName="Microsoft.VisualStudio.TestTools.TestTypes.Unit.UnitTestAdapter, Microsoft.VisualStudio.QualityTools.Tips.UnitTest.Adapter, Version=9.0.0.0, Culture=neutral, PublicKeyToken=b03f5f7f11d50a3a" className="OBDReapTestProject.OBD_Sensors_ReturnSetTest, OBDReapTestProject" name="OBD_Sensors_ReturnSetConstructorTest" />
    </UnitTest>
    <UnitTest name="HexToIntTest" storage="c:\documents and settings\administrator\my documents\projects\published\obdreaptestproject\bin\debug\obdreaptestproject.dll" id="ae76524a-50d7-1f33-eda8-e0c10f6c5458">
      <Css projectStructure="" iteration="" />
      <Owners>
        <Owner name="" />
      </Owners>
      <Execution id="e43d52a1-18bc-48cc-95c2-c94188b1274c" />
      <TestMethod codeBase="C:\Documents and Settings\Administrator\My Documents\Projects\Published\OBDReapTestProject\bin\Debug\OBDReapTestProject.dll" adapterTypeName="Microsoft.VisualStudio.TestTools.TestTypes.Unit.UnitTestAdapter, Microsoft.VisualStudio.QualityTools.Tips.UnitTest.Adapter, Version=9.0.0.0, Culture=neutral, PublicKeyToken=b03f5f7f11d50a3a" className="OBDReapTestProject.OBD_SensorsTest, OBDReapTestProject" name="HexToIntTest" />
    </UnitTest>
    <UnitTest name="OBD_DesignationTest" storage="c:\documents and settings\administrator\my documents\projects\published\obdreaptestproject\bin\debug\obdreaptestproject.dll" id="1ca97c0e-7679-327b-94f2-a560c2146a14">
      <Css projectStructure="" iteration="" />
      <Owners>
        <Owner name="" />
      </Owners>
      <Execution id="7ef05d98-b51b-459a-8b06-a5eea5b83ff7" />
      <TestMethod codeBase="C:\Documents and Settings\Administrator\My Documents\Projects\Published\OBDReapTestProject\bin\Debug\OBDReapTestProject.dll" adapterTypeName="Microsoft.VisualStudio.TestTools.TestTypes.Unit.UnitTestAdapter, Microsoft.VisualStudio.QualityTools.Tips.UnitTest.Adapter, Version=9.0.0.0, Culture=neutral, PublicKeyToken=b03f5f7f11d50a3a" className="OBDReapTestProject.OBD_SensorsTest, OBDReapTestProject" name="OBD_DesignationTest" />
    </UnitTest>
    <UnitTest name="Location_of_O2_sensors_1Test" storage="c:\documents and settings\administrator\my documents\projects\published\obdreaptestproject\bin\debug\obdreaptestproject.dll" id="6cbf86d3-9c8c-9b6d-c242-da680a1936ff">
      <Css projectStructure="" iteration="" />
      <Owners>
        <Owner name="" />
      </Owners>
      <Execution id="b5367dd0-1057-4aeb-96c7-9137732f27ed" />
      <TestMethod codeBase="C:\Documents and Settings\Administrator\My Documents\Projects\Published\OBDReapTestProject\bin\Debug\OBDReapTestProject.dll" adapterTypeName="Microsoft.VisualStudio.TestTools.TestTypes.Unit.UnitTestAdapter, Microsoft.VisualStudio.QualityTools.Tips.UnitTest.Adapter, Version=9.0.0.0, Culture=neutral, PublicKeyToken=b03f5f7f11d50a3a" className="OBDReapTestProject.OBD_SensorsTest, OBDReapTestProject" name="Location_of_O2_sensors_1Test" />
    </UnitTest>
    <UnitTest name="Short_Term_Fuel_Trim_2Test" storage="c:\documents and settings\administrator\my documents\projects\published\obdreaptestproject\bin\debug\obdreaptestproject.dll" id="aeba56a4-9fc4-bed9-8d76-a816d04cd652">
      <Css projectStructure="" iteration="" />
      <Owners>
        <Owner name="" />
      </Owners>
      <Execution id="79fc1e7a-1d08-47d3-a6f3-0538e37b1ec9" />
      <TestMethod codeBase="C:\Documents and Settings\Administrator\My Documents\Projects\Published\OBDReapTestProject\bin\Debug\OBDReapTestProject.dll" adapterTypeName="Microsoft.VisualStudio.TestTools.TestTypes.Unit.UnitTestAdapter, Microsoft.VisualStudio.QualityTools.Tips.UnitTest.Adapter, Version=9.0.0.0, Culture=neutral, PublicKeyToken=b03f5f7f11d50a3a" className="OBDReapTestProject.OBD_SensorsTest, OBDReapTestProject" name="Short_Term_Fuel_Trim_2Test" />
    </UnitTest>
  </TestDefinitions>
  <TestLists>
    <TestList name="Results Not in a List" id="8c84fa94-04c1-424b-9868-57a2d4851a1d" />
    <TestList name="All Loaded Results" id="19431567-8539-422a-85d7-44ee4e166bda" />
  </TestLists>
  <TestEntries>
    <TestEntry testId="0b4904af-d164-e8fb-af8b-5582ee86bf64" executionId="e792a28c-cb4e-4598-b033-e765d2294701" testListId="8c84fa94-04c1-424b-9868-57a2d4851a1d" />
    <TestEntry testId="f0f6ad11-e747-eb61-4b5a-c796ace2cdb0" executionId="8fcac55c-510f-4386-bb32-e9f1dc543942" testListId="8c84fa94-04c1-424b-9868-57a2d4851a1d" />
    <TestEntry testId="243c5db2-5ba8-4fc1-e5da-923eb39a8ec0" executionId="818b79ee-ffd4-4136-8631-79d1d2aa9c49" testListId="8c84fa94-04c1-424b-9868-57a2d4851a1d" />
    <TestEntry testId="815e43d9-3176-8f1f-f190-39155f2bcced" executionId="b9c8cb0d-4cd3-4f65-9886-e4bd4e7a6a8c" testListId="8c84fa94-04c1-424b-9868-57a2d4851a1d" />
    <TestEntry testId="9a6c8915-56d4-4a82-9bc8-9e322e8ae098" executionId="2453c814-1774-4dfb-b6a1-fc5136be8896" testListId="8c84fa94-04c1-424b-9868-57a2d4851a1d" />
    <TestEntry testId="927993be-6fb9-c6f1-9872-7425ccc608ac" executionId="d486cf88-79b7-40e3-ad24-b49163486b43" testListId="8c84fa94-04c1-424b-9868-57a2d4851a1d" />
    <TestEntry testId="3e8a8bc0-64de-4cfa-35db-7591df287936" executionId="300bbd87-d9c1-4524-a550-5ac028bdad68" testListId="8c84fa94-04c1-424b-9868-57a2d4851a1d" />
    <TestEntry testId="352ccee4-eca2-33a6-ce4c-5f8f8e0179a4" executionId="67c95335-1851-49d9-a157-ffd44d2a18fc" testListId="8c84fa94-04c1-424b-9868-57a2d4851a1d" />
    <TestEntry testId="aeba56a4-9fc4-bed9-8d76-a816d04cd652" executionId="79fc1e7a-1d08-47d3-a6f3-0538e37b1ec9" testListId="8c84fa94-04c1-424b-9868-57a2d4851a1d" />
    <TestEntry testId="47f8fb12-9b9f-9c40-e21c-ea2a6adbc222" executionId="525d384f-1e50-421c-8101-8b327a15d370" testListId="8c84fa94-04c1-424b-9868-57a2d4851a1d" />
    <TestEntry testId="097a3ffe-b38c-5f4a-e73d-c482abbb484e" executionId="8ba3ee08-fbd4-4d4f-8a8c-6d14be9821ea" testListId="8c84fa94-04c1-424b-9868-57a2d4851a1d" />
    <TestEntry testId="21f4b005-288f-ec31-490e-c85c6f0bfb5b" executionId="2f6e445e-c289-47fa-b292-a9848fb062fa" testListId="8c84fa94-04c1-424b-9868-57a2d4851a1d" />
    <TestEntry testId="1ca97c0e-7679-327b-94f2-a560c2146a14" executionId="7ef05d98-b51b-459a-8b06-a5eea5b83ff7" testListId="8c84fa94-04c1-424b-9868-57a2d4851a1d" />
    <TestEntry testId="82e026a2-a98a-7f03-ab75-fcc143cd663c" executionId="3e51fcc6-95ce-43ce-a5d6-8947988dbfba" testListId="8c84fa94-04c1-424b-9868-57a2d4851a1d" />
    <TestEntry testId="f624ab45-ddb0-2f36-95f4-72db1760647f" executionId="db90ab21-c6a6-47e1-8cce-6dd340582274" testListId="8c84fa94-04c1-424b-9868-57a2d4851a1d" />
    <TestEntry testId="80c77f9f-63c3-1416-82a8-2bde9f889de6" executionId="2864d921-4989-44bc-8b36-e64386e6c3d3" testListId="8c84fa94-04c1-424b-9868-57a2d4851a1d" />
    <TestEntry testId="a42be449-56e4-7354-53f9-2d2f7f274b5f" executionId="f4dffe8c-0c3b-4fa2-adcd-589b53cd242c" testListId="8c84fa94-04c1-424b-9868-57a2d4851a1d" />
    <TestEntry testId="c70e5bab-d732-2b4e-7cd6-4c06c8749449" executionId="8a659bf2-2128-4c2d-8f6f-e9463180292a" testListId="8c84fa94-04c1-424b-9868-57a2d4851a1d" />
    <TestEntry testId="73ddee02-7102-e28c-4588-8c7556c6eb14" executionId="11aeb82d-0566-487a-b674-21d49a37ed76" testListId="8c84fa94-04c1-424b-9868-57a2d4851a1d" />
    <TestEntry testId="0863d3e1-1c58-6b48-563e-ebc0f984fea1" executionId="081dc118-3e7a-4631-9356-c0b2320eb255" testListId="8c84fa94-04c1-424b-9868-57a2d4851a1d" />
    <TestEntry testId="c87d0368-e92e-cbd1-44b9-4478b4ca0633" executionId="d4144811-707f-45bb-a332-271023d0d163" testListId="8c84fa94-04c1-424b-9868-57a2d4851a1d" />
    <TestEntry testId="7096e9a3-af4f-deed-9427-dd1fb34b4063" executionId="418ed5ea-5b08-4a32-a632-4a035c5741f5" testListId="8c84fa94-04c1-424b-9868-57a2d4851a1d" />
    <TestEntry testId="3e282649-b1d7-efcc-16cb-88f797cfc6ce" executionId="4c0ee2c6-8905-4d14-a33e-895cc9366702" testListId="8c84fa94-04c1-424b-9868-57a2d4851a1d" />
    <TestEntry testId="77438b0f-37be-a771-73fe-b9c1e2e16842" executionId="57327b86-0526-42d8-8df1-5726931eb3a4" testListId="8c84fa94-04c1-424b-9868-57a2d4851a1d" />
    <TestEntry testId="6cbf86d3-9c8c-9b6d-c242-da680a1936ff" executionId="b5367dd0-1057-4aeb-96c7-9137732f27ed" testListId="8c84fa94-04c1-424b-9868-57a2d4851a1d" />
    <TestEntry testId="5d2cce68-aa58-3fbb-5388-3969c9367d31" executionId="0dad11b2-e744-4a7a-ac33-6540298b3b7e" testListId="8c84fa94-04c1-424b-9868-57a2d4851a1d" />
    <TestEntry testId="9ce5d507-1647-2951-dfd9-d61272508026" executionId="4fe8216c-2530-46a2-9094-86df3697fcb8" testListId="8c84fa94-04c1-424b-9868-57a2d4851a1d" />
    <TestEntry testId="ae76524a-50d7-1f33-eda8-e0c10f6c5458" executionId="e43d52a1-18bc-48cc-95c2-c94188b1274c" testListId="8c84fa94-04c1-424b-9868-57a2d4851a1d" />
    <TestEntry testId="ed159f69-05bc-cf8d-cbdb-b35557e06dfe" executionId="d2b33270-1fb2-4d1c-a4e5-bec9cb62a8e3" testListId="8c84fa94-04c1-424b-9868-57a2d4851a1d" />
    <TestEntry testId="988a5a50-f787-d696-beb5-18d2ffd4817b" executionId="8bfdd25e-fcb1-42ca-9a58-b9c34001301f" testListId="8c84fa94-04c1-424b-9868-57a2d4851a1d" />
    <TestEntry testId="1787a117-b381-761a-e33a-03fb6820ba59" executionId="bc9ebc4e-7f25-465e-bccc-b9fe87319820" testListId="8c84fa94-04c1-424b-9868-57a2d4851a1d" />
    <TestEntry testId="ccb9cf6e-2029-420d-04ea-22db59cdf5e8" executionId="4ca076c8-7463-4b59-a411-134debe68e48" testListId="8c84fa94-04c1-424b-9868-57a2d4851a1d" />
    <TestEntry testId="54ba4e7e-6b1b-64e4-9151-a54e121eb723" executionId="911a2313-6109-4e76-8ed4-4813abc1f50a" testListId="8c84fa94-04c1-424b-9868-57a2d4851a1d" />
    <TestEntry testId="75ab77c2-8ece-44ad-582e-a3f2be54432a" executionId="a726cff2-9b60-4926-b8f7-fa85473be60f" testListId="8c84fa94-04c1-424b-9868-57a2d4851a1d" />
    <TestEntry testId="1068b125-7e20-f5ad-a067-c696cae3e38b" executionId="27ed6adc-6e45-40ee-8a93-4fbc34ef6b5e" testListId="8c84fa94-04c1-424b-9868-57a2d4851a1d" />
    <TestEntry testId="6309b1f8-924e-61ad-cdef-75ef61dc7ae7" executionId="daa8952e-707a-4754-bc6c-593e7a7dcc19" testListId="8c84fa94-04c1-424b-9868-57a2d4851a1d" />
    <TestEntry testId="05d9f462-1f8f-b8df-388c-1724762f2858" executionId="f73f8db5-4f2e-4648-968b-586b9243b992" testListId="8c84fa94-04c1-424b-9868-57a2d4851a1d" />
    <TestEntry testId="4bf69307-4792-89fb-074f-e8332a603ebc" executionId="4ccc2248-eff2-4abf-bdba-2c46e5ac5ef4" testListId="8c84fa94-04c1-424b-9868-57a2d4851a1d" />
    <TestEntry testId="a72e4223-b465-17ca-fae0-70e98570c9ad" executionId="0284ab41-9a55-47a1-9fc7-eaeb4f1bbb86" testListId="8c84fa94-04c1-424b-9868-57a2d4851a1d" />
    <TestEntry testId="09bf6443-6779-c767-dc94-609331a6dcf2" executionId="3764508e-2f19-4ab3-b973-b0c4887dbe6a" testListId="8c84fa94-04c1-424b-9868-57a2d4851a1d" />
    <TestEntry testId="63bee9b4-2d17-54f4-a756-36c3c7cd634a" executionId="2e205673-d69a-42f9-bfaf-02abd0255133" testListId="8c84fa94-04c1-424b-9868-57a2d4851a1d" />
    <TestEntry testId="591b47a2-441f-bec8-c6b7-280228b6867d" executionId="1a7b49ae-81e4-45a3-80fb-5bbc393e32b6" testListId="8c84fa94-04c1-424b-9868-57a2d4851a1d" />
    <TestEntry testId="648d4df5-9148-1a71-ad0e-9dbc003bddd7" executionId="b2ad33a3-9a73-42ba-88be-0f7567d03bdc" testListId="8c84fa94-04c1-424b-9868-57a2d4851a1d" />
    <TestEntry testId="756fc45f-2fac-3bf5-e3b8-ee7efe790953" executionId="dd17573d-8dbe-4dbb-bb3f-e444012ccbed" testListId="8c84fa94-04c1-424b-9868-57a2d4851a1d" />
  </TestEntries>
  <Results>
    <UnitTestResult executionId="e792a28c-cb4e-4598-b033-e765d2294701" testId="0b4904af-d164-e8fb-af8b-5582ee86bf64" testName="OBD_Sensors_ReturnSetConstructorTest" computerName="DESKTOP" duration="00:00:00.0569185" startTime="2008-05-04T16:53:27.5937500-05:00" endTime="2008-05-04T16:53:27.9062500-05:00" testType="13cdc9d9-ddb5-4fa4-a97d-d965ccfc6d4b" outcome="Inconclusive" testListId="8c84fa94-04c1-424b-9868-57a2d4851a1d">
      <Output>
        <ErrorInfo>
          <Message>Assert.Inconclusive failed. TODO: Implement code to verify target</Message>
          <StackTrace>   at OBDReapTestProject.OBD_Sensors_ReturnSetTest.OBD_Sensors_ReturnSetConstructorTest() in C:\Documents and Settings\Administrator\My Documents\Projects\Published\OBDReapTestProject\OBD_Sensors_ReturnSetTest.cs:line 72
</StackTrace>
        </ErrorInfo>
      </Output>
    </UnitTestResult>
    <UnitTestResult executionId="8fcac55c-510f-4386-bb32-e9f1dc543942" testId="f0f6ad11-e747-eb61-4b5a-c796ace2cdb0" testName="ParseOutBitsTest" computerName="DESKTOP" duration="00:00:00.0565788" startTime="2008-05-04T16:53:27.9062500-05:00" endTime="2008-05-04T16:53:27.9687500-05:00" testType="13cdc9d9-ddb5-4fa4-a97d-d965ccfc6d4b" outcome="Passed" testListId="8c84fa94-04c1-424b-9868-57a2d4851a1d">
      <Output>
      </Output>
    </UnitTestResult>
    <UnitTestResult executionId="818b79ee-ffd4-4136-8631-79d1d2aa9c49" testId="243c5db2-5ba8-4fc1-e5da-923eb39a8ec0" testName="Vehicle_SpeedTest" computerName="DESKTOP" duration="00:00:00.0024331" startTime="2008-05-04T16:53:27.9687500-05:00" endTime="2008-05-04T16:53:27.9843750-05:00" testType="13cdc9d9-ddb5-4fa4-a97d-d965ccfc6d4b" outcome="Passed" testListId="8c84fa94-04c1-424b-9868-57a2d4851a1d">
      <Output>
        <StdOut>1696.70602858919 MPH?</StdOut>
      </Output>
    </UnitTestResult>
    <UnitTestResult executionId="b9c8cb0d-4cd3-4f65-9886-e4bd4e7a6a8c" testId="815e43d9-3176-8f1f-f190-39155f2bcced" testName="Timing_AdvanceTest" computerName="DESKTOP" duration="00:00:00.0009600" startTime="2008-05-04T16:53:27.9843750-05:00" endTime="2008-05-04T16:53:27.9843750-05:00" testType="13cdc9d9-ddb5-4fa4-a97d-d965ccfc6d4b" outcome="Passed" testListId="8c84fa94-04c1-424b-9868-57a2d4851a1d">
      <Output>
      </Output>
    </UnitTestResult>
    <UnitTestResult executionId="2453c814-1774-4dfb-b6a1-fc5136be8896" testId="9a6c8915-56d4-4a82-9bc8-9e322e8ae098" testName="Time_Since_Engine_StartTest" computerName="DESKTOP" duration="-00:00:00.2332077" startTime="2008-05-04T16:53:28.0000000-05:00" endTime="2008-05-04T16:53:28.0156250-05:00" testType="13cdc9d9-ddb5-4fa4-a97d-d965ccfc6d4b" outcome="Failed" testListId="8c84fa94-04c1-424b-9868-57a2d4851a1d">
      <Output>
        <ErrorInfo>
          <Message>Assert.AreEqual failed. Expected:&lt;(null)&gt;. Actual:&lt;OBDReap.OBD+Sensors+ReturnSet&gt;. </Message>
          <StackTrace>   at OBDReapTestProject.OBD_SensorsTest.Time_Since_Engine_StartTest() in C:\Documents and Settings\Administrator\My Documents\Projects\Published\OBDReapTestProject\OBD_SensorsTest.cs:line 122
</StackTrace>
        </ErrorInfo>
      </Output>
    </UnitTestResult>
    <UnitTestResult executionId="d486cf88-79b7-40e3-ad24-b49163486b43" testId="927993be-6fb9-c6f1-9872-7425ccc608ac" testName="Throttle_PositionTest" computerName="DESKTOP" duration="-00:00:00.2342655" startTime="2008-05-04T16:53:28.0156250-05:00" endTime="2008-05-04T16:53:28.0312500-05:00" testType="13cdc9d9-ddb5-4fa4-a97d-d965ccfc6d4b" outcome="Failed" testListId="8c84fa94-04c1-424b-9868-57a2d4851a1d">
      <Output>
        <ErrorInfo>
          <Message>Assert.AreEqual failed. Expected:&lt;(null)&gt;. Actual:&lt;OBDReap.OBD+Sensors+ReturnSet&gt;. </Message>
          <StackTrace>   at OBDReapTestProject.OBD_SensorsTest.Throttle_PositionTest() in C:\Documents and Settings\Administrator\My Documents\Projects\Published\OBDReapTestProject\OBD_SensorsTest.cs:line 136
</StackTrace>
        </ErrorInfo>
      </Output>
    </UnitTestResult>
    <UnitTestResult executionId="300bbd87-d9c1-4524-a550-5ac028bdad68" testId="3e8a8bc0-64de-4cfa-35db-7591df287936" testName="Supported_PIDsTest" computerName="DESKTOP" duration="00:00:00.0097052" startTime="2008-05-04T16:53:28.0468750-05:00" endTime="2008-05-04T16:53:28.0468750-05:00" testType="13cdc9d9-ddb5-4fa4-a97d-d965ccfc6d4b" outcome="Failed" testListId="8c84fa94-04c1-424b-9868-57a2d4851a1d">
      <Output>
        <ErrorInfo>
          <Message>Assert.AreEqual failed. Expected:&lt;(null)&gt;. Actual:&lt;OBDReap.OBD+Sensors+ReturnSet&gt;. </Message>
          <StackTrace>   at OBDReapTestProject.OBD_SensorsTest.Supported_PIDsTest() in C:\Documents and Settings\Administrator\My Documents\Projects\Published\OBDReapTestProject\OBD_SensorsTest.cs:line 150
</StackTrace>
        </ErrorInfo>
      </Output>
    </UnitTestResult>
    <UnitTestResult executionId="67c95335-1851-49d9-a157-ffd44d2a18fc" testId="352ccee4-eca2-33a6-ce4c-5f8f8e0179a4" testName="Status_Since_DTC_ClearedTest" computerName="DESKTOP" duration="-00:00:00.2344093" startTime="2008-05-04T16:53:28.0625000-05:00" endTime="2008-05-04T16:53:28.0781250-05:00" testType="13cdc9d9-ddb5-4fa4-a97d-d965ccfc6d4b" outcome="Failed" testListId="8c84fa94-04c1-424b-9868-57a2d4851a1d">
      <Output>
        <ErrorInfo>
          <Message>Assert.AreEqual failed. Expected:&lt;(null)&gt;. Actual:&lt;OBDReap.OBD+Sensors+ReturnSet&gt;. </Message>
          <StackTrace>   at OBDReapTestProject.OBD_SensorsTest.Status_Since_DTC_ClearedTest() in C:\Documents and Settings\Administrator\My Documents\Projects\Published\OBDReapTestProject\OBD_SensorsTest.cs:line 164
</StackTrace>
        </ErrorInfo>
      </Output>
    </UnitTestResult>
    <UnitTestResult executionId="79fc1e7a-1d08-47d3-a6f3-0538e37b1ec9" testId="aeba56a4-9fc4-bed9-8d76-a816d04cd652" testName="Short_Term_Fuel_Trim_2Test" computerName="DESKTOP" duration="00:00:00.0100124" startTime="2008-05-04T16:53:28.0781250-05:00" endTime="2008-05-04T16:53:28.0937500-05:00" testType="13cdc9d9-ddb5-4fa4-a97d-d965ccfc6d4b" outcome="Failed" testListId="8c84fa94-04c1-424b-9868-57a2d4851a1d">
      <Output>
        <ErrorInfo>
          <Message>Assert.AreEqual failed. Expected:&lt;(null)&gt;. Actual:&lt;OBDReap.OBD+Sensors+ReturnSet&gt;. </Message>
          <StackTrace>   at OBDReapTestProject.OBD_SensorsTest.Short_Term_Fuel_Trim_2Test() in C:\Documents and Settings\Administrator\My Documents\Projects\Published\OBDReapTestProject\OBD_SensorsTest.cs:line 178
</StackTrace>
        </ErrorInfo>
      </Output>
    </UnitTestResult>
    <UnitTestResult executionId="525d384f-1e50-421c-8101-8b327a15d370" testId="47f8fb12-9b9f-9c40-e21c-ea2a6adbc222" testName="Short_Term_Fuel_Trim_1Test" computerName="DESKTOP" duration="-00:00:00.2349892" startTime="2008-05-04T16:53:28.1093750-05:00" endTime="2008-05-04T16:53:28.1093750-05:00" testType="13cdc9d9-ddb5-4fa4-a97d-d965ccfc6d4b" outcome="Failed" testListId="8c84fa94-04c1-424b-9868-57a2d4851a1d">
      <Output>
        <ErrorInfo>
          <Message>Assert.AreEqual failed. Expected:&lt;(null)&gt;. Actual:&lt;OBDReap.OBD+Sensors+ReturnSet&gt;. </Message>
          <StackTrace>   at OBDReapTestProject.OBD_SensorsTest.Short_Term_Fuel_Trim_1Test() in C:\Documents and Settings\Administrator\My Documents\Projects\Published\OBDReapTestProject\OBD_SensorsTest.cs:line 192
</StackTrace>
        </ErrorInfo>
      </Output>
    </UnitTestResult>
    <UnitTestResult executionId="8ba3ee08-fbd4-4d4f-8a8c-6d14be9821ea" testId="097a3ffe-b38c-5f4a-e73d-c482abbb484e" testName="Secondary_Air_StatusTest" computerName="DESKTOP" duration="-00:00:00.2343335" startTime="2008-05-04T16:53:28.1250000-05:00" endTime="2008-05-04T16:53:28.1406250-05:00" testType="13cdc9d9-ddb5-4fa4-a97d-d965ccfc6d4b" outcome="Failed" testListId="8c84fa94-04c1-424b-9868-57a2d4851a1d">
      <Output>
        <ErrorInfo>
          <Message>Assert.AreEqual failed. Expected:&lt;(null)&gt;. Actual:&lt;OBDReap.OBD+Sensors+ReturnSet&gt;. </Message>
          <StackTrace>   at OBDReapTestProject.OBD_SensorsTest.Secondary_Air_StatusTest() in C:\Documents and Settings\Administrator\My Documents\Projects\Published\OBDReapTestProject\OBD_SensorsTest.cs:line 206
</StackTrace>
        </ErrorInfo>
      </Output>
    </UnitTestResult>
    <UnitTestResult executionId="2f6e445e-c289-47fa-b292-a9848fb062fa" testId="21f4b005-288f-ec31-490e-c85c6f0bfb5b" testName="ParseOutBitsTest1" computerName="DESKTOP" duration="00:00:00.2554092" startTime="2008-05-04T16:53:28.1406250-05:00" endTime="2008-05-04T16:53:28.1562500-05:00" testType="13cdc9d9-ddb5-4fa4-a97d-d965ccfc6d4b" outcome="Failed" testListId="8c84fa94-04c1-424b-9868-57a2d4851a1d">
      <Output>
        <ErrorInfo>
          <Message>Assert.AreEqual failed. Expected:&lt;(null)&gt;. Actual:&lt;System.Boolean[]&gt;. </Message>
          <StackTrace>   at OBDReapTestProject.OBD_SensorsTest.ParseOutBitsTest1() in C:\Documents and Settings\Administrator\My Documents\Projects\Published\OBDReapTestProject\OBD_SensorsTest.cs:line 222
</StackTrace>
        </ErrorInfo>
      </Output>
    </UnitTestResult>
    <UnitTestResult executionId="7ef05d98-b51b-459a-8b06-a5eea5b83ff7" testId="1ca97c0e-7679-327b-94f2-a560c2146a14" testName="OBD_DesignationTest" computerName="DESKTOP" duration="00:00:00.2539909" startTime="2008-05-04T16:53:28.1718750-05:00" endTime="2008-05-04T16:53:28.1718750-05:00" testType="13cdc9d9-ddb5-4fa4-a97d-d965ccfc6d4b" outcome="Failed" testListId="8c84fa94-04c1-424b-9868-57a2d4851a1d">
      <Output>
        <ErrorInfo>
          <Message>Assert.AreEqual failed. Expected:&lt;(null)&gt;. Actual:&lt;OBDReap.OBD+Sensors+ReturnSet&gt;. </Message>
          <StackTrace>   at OBDReapTestProject.OBD_SensorsTest.OBD_DesignationTest() in C:\Documents and Settings\Administrator\My Documents\Projects\Published\OBDReapTestProject\OBD_SensorsTest.cs:line 236
</StackTrace>
        </ErrorInfo>
      </Output>
    </UnitTestResult>
    <UnitTestResult executionId="3e51fcc6-95ce-43ce-a5d6-8947988dbfba" testId="82e026a2-a98a-7f03-ab75-fcc143cd663c" testName="O2_Sensor_2_4Test" computerName="DESKTOP" duration="-00:00:00.2343859" startTime="2008-05-04T16:53:28.1875000-05:00" endTime="2008-05-04T16:53:28.2031250-05:00" testType="13cdc9d9-ddb5-4fa4-a97d-d965ccfc6d4b" outcome="Failed" testListId="8c84fa94-04c1-424b-9868-57a2d4851a1d">
      <Output>
        <ErrorInfo>
          <Message>Assert.AreEqual failed. Expected:&lt;(null)&gt;. Actual:&lt;OBDReap.OBD+Sensors+ReturnSet&gt;. </Message>
          <StackTrace>   at OBDReapTestProject.OBD_SensorsTest.O2_Sensor_2_4Test() in C:\Documents and Settings\Administrator\My Documents\Projects\Published\OBDReapTestProject\OBD_SensorsTest.cs:line 250
</StackTrace>
        </ErrorInfo>
      </Output>
    </UnitTestResult>
    <UnitTestResult executionId="db90ab21-c6a6-47e1-8cce-6dd340582274" testId="f624ab45-ddb0-2f36-95f4-72db1760647f" testName="O2_Sensor_2_3Test" computerName="DESKTOP" duration="00:00:00.0098078" startTime="2008-05-04T16:53:28.2031250-05:00" endTime="2008-05-04T16:53:28.2187500-05:00" testType="13cdc9d9-ddb5-4fa4-a97d-d965ccfc6d4b" outcome="Failed" testListId="8c84fa94-04c1-424b-9868-57a2d4851a1d">
      <Output>
        <ErrorInfo>
          <Message>Assert.AreEqual failed. Expected:&lt;(null)&gt;. Actual:&lt;OBDReap.OBD+Sensors+ReturnSet&gt;. </Message>
          <StackTrace>   at OBDReapTestProject.OBD_SensorsTest.O2_Sensor_2_3Test() in C:\Documents and Settings\Administrator\My Documents\Projects\Published\OBDReapTestProject\OBD_SensorsTest.cs:line 264
</StackTrace>
        </ErrorInfo>
      </Output>
    </UnitTestResult>
    <UnitTestResult executionId="2864d921-4989-44bc-8b36-e64386e6c3d3" testId="80c77f9f-63c3-1416-82a8-2bde9f889de6" testName="O2_Sensor_2_2Test" computerName="DESKTOP" duration="00:00:00.0095121" startTime="2008-05-04T16:53:28.2343750-05:00" endTime="2008-05-04T16:53:28.2500000-05:00" testType="13cdc9d9-ddb5-4fa4-a97d-d965ccfc6d4b" outcome="Failed" testListId="8c84fa94-04c1-424b-9868-57a2d4851a1d">
      <Output>
        <ErrorInfo>
          <Message>Assert.AreEqual failed. Expected:&lt;(null)&gt;. Actual:&lt;OBDReap.OBD+Sensors+ReturnSet&gt;. </Message>
          <StackTrace>   at OBDReapTestProject.OBD_SensorsTest.O2_Sensor_2_2Test() in C:\Documents and Settings\Administrator\My Documents\Projects\Published\OBDReapTestProject\OBD_SensorsTest.cs:line 278
</StackTrace>
        </ErrorInfo>
      </Output>
    </UnitTestResult>
    <UnitTestResult executionId="f4dffe8c-0c3b-4fa2-adcd-589b53cd242c" testId="a42be449-56e4-7354-53f9-2d2f7f274b5f" testName="O2_Sensor_2_1Test" computerName="DESKTOP" duration="00:00:00.0094245" startTime="2008-05-04T16:53:28.2500000-05:00" endTime="2008-05-04T16:53:28.2656250-05:00" testType="13cdc9d9-ddb5-4fa4-a97d-d965ccfc6d4b" outcome="Failed" testListId="8c84fa94-04c1-424b-9868-57a2d4851a1d">
      <Output>
        <ErrorInfo>
          <Message>Assert.AreEqual failed. Expected:&lt;(null)&gt;. Actual:&lt;OBDReap.OBD+Sensors+ReturnSet&gt;. </Message>
          <StackTrace>   at OBDReapTestProject.OBD_SensorsTest.O2_Sensor_2_1Test() in C:\Documents and Settings\Administrator\My Documents\Projects\Published\OBDReapTestProject\OBD_SensorsTest.cs:line 292
</StackTrace>
        </ErrorInfo>
      </Output>
    </UnitTestResult>
    <UnitTestResult executionId="8a659bf2-2128-4c2d-8f6f-e9463180292a" testId="c70e5bab-d732-2b4e-7cd6-4c06c8749449" testName="O2_Sensor_1_4Test" computerName="DESKTOP" duration="-00:00:00.2348663" startTime="2008-05-04T16:53:28.2656250-05:00" endTime="2008-05-04T16:53:28.2812500-05:00" testType="13cdc9d9-ddb5-4fa4-a97d-d965ccfc6d4b" outcome="Failed" testListId="8c84fa94-04c1-424b-9868-57a2d4851a1d">
      <Output>
        <ErrorInfo>
          <Message>Assert.AreEqual failed. Expected:&lt;(null)&gt;. Actual:&lt;OBDReap.OBD+Sensors+ReturnSet&gt;. </Message>
          <StackTrace>   at OBDReapTestProject.OBD_SensorsTest.O2_Sensor_1_4Test() in C:\Documents and Settings\Administrator\My Documents\Projects\Published\OBDReapTestProject\OBD_SensorsTest.cs:line 306
</StackTrace>
        </ErrorInfo>
      </Output>
    </UnitTestResult>
    <UnitTestResult executionId="11aeb82d-0566-487a-b674-21d49a37ed76" testId="73ddee02-7102-e28c-4588-8c7556c6eb14" testName="O2_Sensor_1_3Test" computerName="DESKTOP" duration="-00:00:00.2349147" startTime="2008-05-04T16:53:28.2968750-05:00" endTime="2008-05-04T16:53:28.2968750-05:00" testType="13cdc9d9-ddb5-4fa4-a97d-d965ccfc6d4b" outcome="Failed" testListId="8c84fa94-04c1-424b-9868-57a2d4851a1d">
      <Output>
        <ErrorInfo>
          <Message>Assert.AreEqual failed. Expected:&lt;(null)&gt;. Actual:&lt;OBDReap.OBD+Sensors+ReturnSet&gt;. </Message>
          <StackTrace>   at OBDReapTestProject.OBD_SensorsTest.O2_Sensor_1_3Test() in C:\Documents and Settings\Administrator\My Documents\Projects\Published\OBDReapTestProject\OBD_SensorsTest.cs:line 320
</StackTrace>
        </ErrorInfo>
      </Output>
    </UnitTestResult>
    <UnitTestResult executionId="081dc118-3e7a-4631-9356-c0b2320eb255" testId="0863d3e1-1c58-6b48-563e-ebc0f984fea1" testName="O2_Sensor_1_2Test" computerName="DESKTOP" duration="00:00:00.0094856" startTime="2008-05-04T16:53:28.3281250-05:00" endTime="2008-05-04T16:53:28.3437500-05:00" testType="13cdc9d9-ddb5-4fa4-a97d-d965ccfc6d4b" outcome="Failed" testListId="8c84fa94-04c1-424b-9868-57a2d4851a1d">
      <Output>
        <ErrorInfo>
          <Message>Assert.AreEqual failed. Expected:&lt;(null)&gt;. Actual:&lt;OBDReap.OBD+Sensors+ReturnSet&gt;. </Message>
          <StackTrace>   at OBDReapTestProject.OBD_SensorsTest.O2_Sensor_1_2Test() in C:\Documents and Settings\Administrator\My Documents\Projects\Published\OBDReapTestProject\OBD_SensorsTest.cs:line 334
</StackTrace>
        </ErrorInfo>
      </Output>
    </UnitTestResult>
    <UnitTestResult executionId="d4144811-707f-45bb-a332-271023d0d163" testId="c87d0368-e92e-cbd1-44b9-4478b4ca0633" testName="O2_Sensor_1_1Test" computerName="DESKTOP" duration="00:00:00.0095195" startTime="2008-05-04T16:53:28.3593750-05:00" endTime="2008-05-04T16:53:28.3750000-05:00" testType="13cdc9d9-ddb5-4fa4-a97d-d965ccfc6d4b" outcome="Failed" testListId="8c84fa94-04c1-424b-9868-57a2d4851a1d">
      <Output>
        <ErrorInfo>
          <Message>Assert.AreEqual failed. Expected:&lt;(null)&gt;. Actual:&lt;OBDReap.OBD+Sensors+ReturnSet&gt;. </Message>
          <StackTrace>   at OBDReapTestProject.OBD_SensorsTest.O2_Sensor_1_1Test() in C:\Documents and Settings\Administrator\My Documents\Projects\Published\OBDReapTestProject\OBD_SensorsTest.cs:line 348
</StackTrace>
        </ErrorInfo>
      </Output>
    </UnitTestResult>
    <UnitTestResult executionId="418ed5ea-5b08-4a32-a632-4a035c5741f5" testId="7096e9a3-af4f-deed-9427-dd1fb34b4063" testName="Long_Term_Fuel_Trim_2Test" computerName="DESKTOP" duration="00:00:00.0099205" startTime="2008-05-04T16:53:28.3750000-05:00" endTime="2008-05-04T16:53:28.3906250-05:00" testType="13cdc9d9-ddb5-4fa4-a97d-d965ccfc6d4b" outcome="Failed" testListId="8c84fa94-04c1-424b-9868-57a2d4851a1d">
      <Output>
        <ErrorInfo>
          <Message>Assert.AreEqual failed. Expected:&lt;(null)&gt;. Actual:&lt;OBDReap.OBD+Sensors+ReturnSet&gt;. </Message>
          <StackTrace>   at OBDReapTestProject.OBD_SensorsTest.Long_Term_Fuel_Trim_2Test() in C:\Documents and Settings\Administrator\My Documents\Projects\Published\OBDReapTestProject\OBD_SensorsTest.cs:line 362
</StackTrace>
        </ErrorInfo>
      </Output>
    </UnitTestResult>
    <UnitTestResult executionId="4c0ee2c6-8905-4d14-a33e-895cc9366702" testId="3e282649-b1d7-efcc-16cb-88f797cfc6ce" testName="Long_Term_Fuel_Trim_1Test" computerName="DESKTOP" duration="00:00:00.2547278" startTime="2008-05-04T16:53:28.3906250-05:00" endTime="2008-05-04T16:53:28.4062500-05:00" testType="13cdc9d9-ddb5-4fa4-a97d-d965ccfc6d4b" outcome="Failed" testListId="8c84fa94-04c1-424b-9868-57a2d4851a1d">
      <Output>
        <ErrorInfo>
          <Message>Assert.AreEqual failed. Expected:&lt;(null)&gt;. Actual:&lt;OBDReap.OBD+Sensors+ReturnSet&gt;. </Message>
          <StackTrace>   at OBDReapTestProject.OBD_SensorsTest.Long_Term_Fuel_Trim_1Test() in C:\Documents and Settings\Administrator\My Documents\Projects\Published\OBDReapTestProject\OBD_SensorsTest.cs:line 376
</StackTrace>
        </ErrorInfo>
      </Output>
    </UnitTestResult>
    <UnitTestResult executionId="57327b86-0526-42d8-8df1-5726931eb3a4" testId="77438b0f-37be-a771-73fe-b9c1e2e16842" testName="Location_of_O2_sensors_2Test" computerName="DESKTOP" duration="00:00:00.0096680" startTime="2008-05-04T16:53:28.4218750-05:00" endTime="2008-05-04T16:53:28.4375000-05:00" testType="13cdc9d9-ddb5-4fa4-a97d-d965ccfc6d4b" outcome="Failed" testListId="8c84fa94-04c1-424b-9868-57a2d4851a1d">
      <Output>
        <ErrorInfo>
          <Message>Assert.AreEqual failed. Expected:&lt;(null)&gt;. Actual:&lt;OBDReap.OBD+Sensors+ReturnSet&gt;. </Message>
          <StackTrace>   at OBDReapTestProject.OBD_SensorsTest.Location_of_O2_sensors_2Test() in C:\Documents and Settings\Administrator\My Documents\Projects\Published\OBDReapTestProject\OBD_SensorsTest.cs:line 390
</StackTrace>
        </ErrorInfo>
      </Output>
    </UnitTestResult>
    <UnitTestResult executionId="b5367dd0-1057-4aeb-96c7-9137732f27ed" testId="6cbf86d3-9c8c-9b6d-c242-da680a1936ff" testName="Location_of_O2_sensors_1Test" computerName="DESKTOP" duration="00:00:00.2539394" startTime="2008-05-04T16:53:28.4375000-05:00" endTime="2008-05-04T16:53:28.4531250-05:00" testType="13cdc9d9-ddb5-4fa4-a97d-d965ccfc6d4b" outcome="Failed" testListId="8c84fa94-04c1-424b-9868-57a2d4851a1d">
      <Output>
        <ErrorInfo>
          <Message>Assert.AreEqual failed. Expected:&lt;(null)&gt;. Actual:&lt;OBDReap.OBD+Sensors+ReturnSet&gt;. </Message>
          <StackTrace>   at OBDReapTestProject.OBD_SensorsTest.Location_of_O2_sensors_1Test() in C:\Documents and Settings\Administrator\My Documents\Projects\Published\OBDReapTestProject\OBD_SensorsTest.cs:line 404
</StackTrace>
        </ErrorInfo>
      </Output>
    </UnitTestResult>
    <UnitTestResult executionId="0dad11b2-e744-4a7a-ac33-6540298b3b7e" testId="5d2cce68-aa58-3fbb-5388-3969c9367d31" testName="Intake_Manifold_PressureTest" computerName="DESKTOP" duration="-00:00:00.2348659" startTime="2008-05-04T16:53:28.4531250-05:00" endTime="2008-05-04T16:53:28.4687500-05:00" testType="13cdc9d9-ddb5-4fa4-a97d-d965ccfc6d4b" outcome="Failed" testListId="8c84fa94-04c1-424b-9868-57a2d4851a1d">
      <Output>
        <ErrorInfo>
          <Message>Assert.AreEqual failed. Expected:&lt;(null)&gt;. Actual:&lt;OBDReap.OBD+Sensors+ReturnSet&gt;. </Message>
          <StackTrace>   at OBDReapTestProject.OBD_SensorsTest.Intake_Manifold_PressureTest() in C:\Documents and Settings\Administrator\My Documents\Projects\Published\OBDReapTestProject\OBD_SensorsTest.cs:line 418
</StackTrace>
        </ErrorInfo>
      </Output>
    </UnitTestResult>
    <UnitTestResult executionId="4fe8216c-2530-46a2-9094-86df3697fcb8" testId="9ce5d507-1647-2951-dfd9-d61272508026" testName="Intake_Air_TempTest" computerName="DESKTOP" duration="00:00:00.2538902" startTime="2008-05-04T16:53:28.4843750-05:00" endTime="2008-05-04T16:53:28.5000000-05:00" testType="13cdc9d9-ddb5-4fa4-a97d-d965ccfc6d4b" outcome="Failed" testListId="8c84fa94-04c1-424b-9868-57a2d4851a1d">
      <Output>
        <ErrorInfo>
          <Message>Assert.AreEqual failed. Expected:&lt;(null)&gt;. Actual:&lt;OBDReap.OBD+Sensors+ReturnSet&gt;. </Message>
          <StackTrace>   at OBDReapTestProject.OBD_SensorsTest.Intake_Air_TempTest() in C:\Documents and Settings\Administrator\My Documents\Projects\Published\OBDReapTestProject\OBD_SensorsTest.cs:line 432
</StackTrace>
        </ErrorInfo>
      </Output>
    </UnitTestResult>
    <UnitTestResult executionId="e43d52a1-18bc-48cc-95c2-c94188b1274c" testId="ae76524a-50d7-1f33-eda8-e0c10f6c5458" testName="HexToIntTest" computerName="DESKTOP" duration="-00:00:00.2291122" startTime="2008-05-04T16:53:28.5000000-05:00" endTime="2008-05-04T16:53:28.5156250-05:00" testType="13cdc9d9-ddb5-4fa4-a97d-d965ccfc6d4b" outcome="Failed" testListId="8c84fa94-04c1-424b-9868-57a2d4851a1d">
      <Output>
        <ErrorInfo>
          <Message>Test method OBDReapTestProject.OBD_SensorsTest.HexToIntTest threw exception:  System.FormatException: Input string was not in a correct format..</Message>
          <StackTrace>    at System.Number.StringToNumber(String str, NumberStyles options, NumberBuffer&amp; number, NumberFormatInfo info, Boolean parseDecimal)
   at System.Number.ParseInt32(String s, NumberStyles style, NumberFormatInfo info)
   at System.Int32.Parse(String s, NumberStyles style)
   at OBDReap.OBD.Sensors.HexToInt(String hex) in C:\Documents and Settings\Administrator\My Documents\Projects\Published\OBDReap\Form1.cs:line 62
   at OBDReapTestProject.OBD_SensorsTest.HexToIntTest() in C:\Documents and Settings\Administrator\My Documents\Projects\Published\OBDReapTestProject\OBD_SensorsTest.cs:line 446
</StackTrace>
        </ErrorInfo>
      </Output>
    </UnitTestResult>
    <UnitTestResult executionId="d2b33270-1fb2-4d1c-a4e5-bec9cb62a8e3" testId="ed159f69-05bc-cf8d-cbdb-b35557e06dfe" testName="GetCmdTest" computerName="DESKTOP" duration="00:00:00.2555651" startTime="2008-05-04T16:53:28.5312500-05:00" endTime="2008-05-04T16:53:28.5468750-05:00" testType="13cdc9d9-ddb5-4fa4-a97d-d965ccfc6d4b" outcome="Failed" testListId="8c84fa94-04c1-424b-9868-57a2d4851a1d">
      <Output>
        <ErrorInfo>
          <Message>Assert.AreEqual failed. Expected:&lt;0&gt;. Actual:&lt;2730&gt;. </Message>
          <StackTrace>   at OBDReapTestProject.OBD_SensorsTest.GetCmdTest() in C:\Documents and Settings\Administrator\My Documents\Projects\Published\OBDReapTestProject\OBD_SensorsTest.cs:line 463
</StackTrace>
        </ErrorInfo>
      </Output>
    </UnitTestResult>
    <UnitTestResult executionId="8bfdd25e-fcb1-42ca-9a58-b9c34001301f" testId="988a5a50-f787-d696-beb5-18d2ffd4817b" testName="Fuel_System_StatusTest" computerName="DESKTOP" duration="-00:00:00.2347207" startTime="2008-05-04T16:53:28.5468750-05:00" endTime="2008-05-04T16:53:28.5625000-05:00" testType="13cdc9d9-ddb5-4fa4-a97d-d965ccfc6d4b" outcome="Failed" testListId="8c84fa94-04c1-424b-9868-57a2d4851a1d">
      <Output>
        <ErrorInfo>
          <Message>Assert.AreEqual failed. Expected:&lt;(null)&gt;. Actual:&lt;OBDReap.OBD+Sensors+ReturnSet&gt;. </Message>
          <StackTrace>   at OBDReapTestProject.OBD_SensorsTest.Fuel_System_StatusTest() in C:\Documents and Settings\Administrator\My Documents\Projects\Published\OBDReapTestProject\OBD_SensorsTest.cs:line 477
</StackTrace>
        </ErrorInfo>
      </Output>
    </UnitTestResult>
    <UnitTestResult executionId="bc9ebc4e-7f25-465e-bccc-b9fe87319820" testId="1787a117-b381-761a-e33a-03fb6820ba59" testName="Fuel_Rail_PressureTest" computerName="DESKTOP" duration="00:00:00.0098104" startTime="2008-05-04T16:53:28.5625000-05:00" endTime="2008-05-04T16:53:28.5781250-05:00" testType="13cdc9d9-ddb5-4fa4-a97d-d965ccfc6d4b" outcome="Failed" testListId="8c84fa94-04c1-424b-9868-57a2d4851a1d">
      <Output>
        <ErrorInfo>
          <Message>Assert.AreEqual failed. Expected:&lt;(null)&gt;. Actual:&lt;OBDReap.OBD+Sensors+ReturnSet&gt;. </Message>
          <StackTrace>   at OBDReapTestProject.OBD_SensorsTest.Fuel_Rail_PressureTest() in C:\Documents and Settings\Administrator\My Documents\Projects\Published\OBDReapTestProject\OBD_SensorsTest.cs:line 491
</StackTrace>
        </ErrorInfo>
      </Output>
    </UnitTestResult>
    <UnitTestResult executionId="4ca076c8-7463-4b59-a411-134debe68e48" testId="ccb9cf6e-2029-420d-04ea-22db59cdf5e8" testName="Engine_Run_with_MIL_onTest" computerName="DESKTOP" duration="00:00:00.0097543" startTime="2008-05-04T16:53:28.5937500-05:00" endTime="2008-05-04T16:53:28.6093750-05:00" testType="13cdc9d9-ddb5-4fa4-a97d-d965ccfc6d4b" outcome="Failed" testListId="8c84fa94-04c1-424b-9868-57a2d4851a1d">
      <Output>
        <ErrorInfo>
          <Message>Assert.AreEqual failed. Expected:&lt;(null)&gt;. Actual:&lt;OBDReap.OBD+Sensors+ReturnSet&gt;. </Message>
          <StackTrace>   at OBDReapTestProject.OBD_SensorsTest.Engine_Run_with_MIL_onTest() in C:\Documents and Settings\Administrator\My Documents\Projects\Published\OBDReapTestProject\OBD_SensorsTest.cs:line 505
</StackTrace>
        </ErrorInfo>
      </Output>
    </UnitTestResult>
    <UnitTestResult executionId="911a2313-6109-4e76-8ed4-4813abc1f50a" testId="54ba4e7e-6b1b-64e4-9151-a54e121eb723" testName="Engine_RPMTest" computerName="DESKTOP" duration="00:00:00.0102536" startTime="2008-05-04T16:53:28.6093750-05:00" endTime="2008-05-04T16:53:28.6250000-05:00" testType="13cdc9d9-ddb5-4fa4-a97d-d965ccfc6d4b" outcome="Failed" testListId="8c84fa94-04c1-424b-9868-57a2d4851a1d">
      <Output>
        <ErrorInfo>
          <Message>Assert.AreEqual failed. Expected:&lt;(null)&gt;. Actual:&lt;OBDReap.OBD+Sensors+ReturnSet&gt;. </Message>
          <StackTrace>   at OBDReapTestProject.OBD_SensorsTest.Engine_RPMTest() in C:\Documents and Settings\Administrator\My Documents\Projects\Published\OBDReapTestProject\OBD_SensorsTest.cs:line 519
</StackTrace>
        </ErrorInfo>
      </Output>
    </UnitTestResult>
    <UnitTestResult executionId="a726cff2-9b60-4926-b8f7-fa85473be60f" testId="75ab77c2-8ece-44ad-582e-a3f2be54432a" testName="DTC_Causing_Freeze_FrameTest" computerName="DESKTOP" duration="00:00:00.0102980" startTime="2008-05-04T16:53:28.6250000-05:00" endTime="2008-05-04T16:53:28.6406250-05:00" testType="13cdc9d9-ddb5-4fa4-a97d-d965ccfc6d4b" outcome="Failed" testListId="8c84fa94-04c1-424b-9868-57a2d4851a1d">
      <Output>
        <ErrorInfo>
          <Message>Assert.AreEqual failed. Expected:&lt;(null)&gt;. Actual:&lt;OBDReap.OBD+Sensors+ReturnSet&gt;. </Message>
          <StackTrace>   at OBDReapTestProject.OBD_SensorsTest.DTC_Causing_Freeze_FrameTest() in C:\Documents and Settings\Administrator\My Documents\Projects\Published\OBDReapTestProject\OBD_SensorsTest.cs:line 533
</StackTrace>
        </ErrorInfo>
      </Output>
    </UnitTestResult>
    <UnitTestResult executionId="27ed6adc-6e45-40ee-8a93-4fbc34ef6b5e" testId="1068b125-7e20-f5ad-a067-c696cae3e38b" testName="Coolant_TemperatureTest" computerName="DESKTOP" duration="00:00:00.0100140" startTime="2008-05-04T16:53:28.6562500-05:00" endTime="2008-05-04T16:53:28.6718750-05:00" testType="13cdc9d9-ddb5-4fa4-a97d-d965ccfc6d4b" outcome="Failed" testListId="8c84fa94-04c1-424b-9868-57a2d4851a1d">
      <Output>
        <ErrorInfo>
          <Message>Assert.AreEqual failed. Expected:&lt;(null)&gt;. Actual:&lt;OBDReap.OBD+Sensors+ReturnSet&gt;. </Message>
          <StackTrace>   at OBDReapTestProject.OBD_SensorsTest.Coolant_TemperatureTest() in C:\Documents and Settings\Administrator\My Documents\Projects\Published\OBDReapTestProject\OBD_SensorsTest.cs:line 547
</StackTrace>
        </ErrorInfo>
      </Output>
    </UnitTestResult>
    <UnitTestResult executionId="daa8952e-707a-4754-bc6c-593e7a7dcc19" testId="6309b1f8-924e-61ad-cdef-75ef61dc7ae7" testName="Calculated_Load_ValueTest" computerName="DESKTOP" duration="-00:00:00.2346909" startTime="2008-05-04T16:53:28.6718750-05:00" endTime="2008-05-04T16:53:28.6875000-05:00" testType="13cdc9d9-ddb5-4fa4-a97d-d965ccfc6d4b" outcome="Failed" testListId="8c84fa94-04c1-424b-9868-57a2d4851a1d">
      <Output>
        <ErrorInfo>
          <Message>Assert.AreEqual failed. Expected:&lt;(null)&gt;. Actual:&lt;OBDReap.OBD+Sensors+ReturnSet&gt;. </Message>
          <StackTrace>   at OBDReapTestProject.OBD_SensorsTest.Calculated_Load_ValueTest() in C:\Documents and Settings\Administrator\My Documents\Projects\Published\OBDReapTestProject\OBD_SensorsTest.cs:line 561
</StackTrace>
        </ErrorInfo>
      </Output>
    </UnitTestResult>
    <UnitTestResult executionId="f73f8db5-4f2e-4648-968b-586b9243b992" testId="05d9f462-1f8f-b8df-388c-1724762f2858" testName="BitStringTest" computerName="DESKTOP" duration="00:00:00.0237191" startTime="2008-05-04T16:53:28.6875000-05:00" endTime="2008-05-04T16:53:28.7187500-05:00" testType="13cdc9d9-ddb5-4fa4-a97d-d965ccfc6d4b" outcome="Failed" testListId="8c84fa94-04c1-424b-9868-57a2d4851a1d">
      <Output>
        <ErrorInfo>
          <Message>Test method OBDReapTestProject.OBD_SensorsTest.BitStringTest threw exception:  System.NullReferenceException: Object reference not set to an instance of an object..</Message>
          <StackTrace>    at OBDReap.OBD.Sensors.BitString(Boolean[] bBits) in C:\Documents and Settings\Administrator\My Documents\Projects\Published\OBDReap\Form1.cs:line 76
   at OBDReap.OBD_Accessor.Sensors.BitString(Boolean[] bBits)
   at OBDReapTestProject.OBD_SensorsTest.BitStringTest() in C:\Documents and Settings\Administrator\My Documents\Projects\Published\OBDReapTestProject\OBD_SensorsTest.cs:line 576
</StackTrace>
        </ErrorInfo>
      </Output>
    </UnitTestResult>
    <UnitTestResult executionId="4ccc2248-eff2-4abf-bdba-2c46e5ac5ef4" testId="4bf69307-4792-89fb-074f-e8332a603ebc" testName="Aux_input_statusTest" computerName="DESKTOP" duration="00:00:00.0093273" startTime="2008-05-04T16:53:28.7343750-05:00" endTime="2008-05-04T16:53:28.7500000-05:00" testType="13cdc9d9-ddb5-4fa4-a97d-d965ccfc6d4b" outcome="Failed" testListId="8c84fa94-04c1-424b-9868-57a2d4851a1d">
      <Output>
        <ErrorInfo>
          <Message>Assert.AreEqual failed. Expected:&lt;(null)&gt;. Actual:&lt;OBDReap.OBD+Sensors+ReturnSet&gt;. </Message>
          <StackTrace>   at OBDReapTestProject.OBD_SensorsTest.Aux_input_statusTest() in C:\Documents and Settings\Administrator\My Documents\Projects\Published\OBDReapTestProject\OBD_SensorsTest.cs:line 591
</StackTrace>
        </ErrorInfo>
      </Output>
    </UnitTestResult>
    <UnitTestResult executionId="0284ab41-9a55-47a1-9fc7-eaeb4f1bbb86" testId="a72e4223-b465-17ca-fae0-70e98570c9ad" testName="Air_Flow_Rate_MAFTest" computerName="DESKTOP" duration="00:00:00.2548767" startTime="2008-05-04T16:53:28.7500000-05:00" endTime="2008-05-04T16:53:28.7656250-05:00" testType="13cdc9d9-ddb5-4fa4-a97d-d965ccfc6d4b" outcome="Failed" testListId="8c84fa94-04c1-424b-9868-57a2d4851a1d">
      <Output>
        <ErrorInfo>
          <Message>Assert.AreEqual failed. Expected:&lt;(null)&gt;. Actual:&lt;OBDReap.OBD+Sensors+ReturnSet&gt;. </Message>
          <StackTrace>   at OBDReapTestProject.OBD_SensorsTest.Air_Flow_Rate_MAFTest() in C:\Documents and Settings\Administrator\My Documents\Projects\Published\OBDReapTestProject\OBD_SensorsTest.cs:line 605
</StackTrace>
        </ErrorInfo>
      </Output>
    </UnitTestResult>
    <UnitTestResult executionId="3764508e-2f19-4ab3-b973-b0c4887dbe6a" testId="09bf6443-6779-c767-dc94-609331a6dcf2" testName="OBD_SensorsConstructorTest" computerName="DESKTOP" duration="00:00:00.0091634" startTime="2008-05-04T16:53:28.7656250-05:00" endTime="2008-05-04T16:53:28.7968750-05:00" testType="13cdc9d9-ddb5-4fa4-a97d-d965ccfc6d4b" outcome="Inconclusive" testListId="8c84fa94-04c1-424b-9868-57a2d4851a1d">
      <Output>
        <ErrorInfo>
          <Message>Assert.Inconclusive failed. TODO: Implement code to verify target</Message>
          <StackTrace>   at OBDReapTestProject.OBD_SensorsTest.OBD_SensorsConstructorTest() in C:\Documents and Settings\Administrator\My Documents\Projects\Published\OBDReapTestProject\OBD_SensorsTest.cs:line 616
</StackTrace>
        </ErrorInfo>
      </Output>
    </UnitTestResult>
    <UnitTestResult executionId="2e205673-d69a-42f9-bfaf-02abd0255133" testId="63bee9b4-2d17-54f4-a756-36c3c7cd634a" testName="Supported_PIDsTest" computerName="DESKTOP" duration="00:00:00.0098651" startTime="2008-05-04T16:53:28.7968750-05:00" endTime="2008-05-04T16:53:28.8125000-05:00" testType="13cdc9d9-ddb5-4fa4-a97d-d965ccfc6d4b" outcome="Failed" testListId="8c84fa94-04c1-424b-9868-57a2d4851a1d">
      <Output>
        <ErrorInfo>
          <Message>Assert.AreEqual failed. Expected:&lt;2730&gt;. Actual:&lt;01010101010100000&gt;. </Message>
          <StackTrace>   at OBDReapTestProject.OBDReap_SensorsTest.Supported_PIDsTest() in C:\Documents and Settings\Administrator\My Documents\Projects\Published\OBDReapTestProject\OBDReap_SensorsTest.cs:line 75
</StackTrace>
        </ErrorInfo>
      </Output>
    </UnitTestResult>
    <UnitTestResult executionId="1a7b49ae-81e4-45a3-80fb-5bbc393e32b6" testId="591b47a2-441f-bec8-c6b7-280228b6867d" testName="TranslateCodeTest" computerName="DESKTOP" duration="-00:00:00.2347957" startTime="2008-05-04T16:53:28.8125000-05:00" endTime="2008-05-04T16:53:28.8281250-05:00" testType="13cdc9d9-ddb5-4fa4-a97d-d965ccfc6d4b" outcome="Inconclusive" testListId="8c84fa94-04c1-424b-9868-57a2d4851a1d">
      <Output>
        <ErrorInfo>
          <Message>Assert.Inconclusive failed. A method that does not return a value cannot be verified.</Message>
          <StackTrace>   at OBDReapTestProject.OBDTest.TranslateCodeTest() in C:\Documents and Settings\Administrator\My Documents\Projects\Published\OBDReapTestProject\OBDTest.cs:line 73
</StackTrace>
        </ErrorInfo>
      </Output>
    </UnitTestResult>
    <UnitTestResult executionId="b2ad33a3-9a73-42ba-88be-0f7567d03bdc" testId="648d4df5-9148-1a71-ad0e-9dbc003bddd7" testName="OBDConstructorTest" computerName="DESKTOP" duration="00:00:00.0091810" startTime="2008-05-04T16:53:28.8437500-05:00" endTime="2008-05-04T16:53:28.8593750-05:00" testType="13cdc9d9-ddb5-4fa4-a97d-d965ccfc6d4b" outcome="Inconclusive" testListId="8c84fa94-04c1-424b-9868-57a2d4851a1d">
      <Output>
        <ErrorInfo>
          <Message>Assert.Inconclusive failed. TODO: Implement code to verify target</Message>
          <StackTrace>   at OBDReapTestProject.OBDTest.OBDConstructorTest() in C:\Documents and Settings\Administrator\My Documents\Projects\Published\OBDReapTestProject\OBDTest.cs:line 83
</StackTrace>
        </ErrorInfo>
      </Output>
    </UnitTestResult>
    <UnitTestResult executionId="dd17573d-8dbe-4dbb-bb3f-e444012ccbed" testId="756fc45f-2fac-3bf5-e3b8-ee7efe790953" testName="MaintainConnectionTest" computerName="DESKTOP" duration="00:00:00.0104702" startTime="2008-05-04T16:53:28.8593750-05:00" endTime="2008-05-04T16:53:28.8750000-05:00" testType="13cdc9d9-ddb5-4fa4-a97d-d965ccfc6d4b" outcome="Inconclusive" testListId="8c84fa94-04c1-424b-9868-57a2d4851a1d">
      <Output>
        <ErrorInfo>
          <Message>Assert.Inconclusive failed. Verify the correctness of this test method.</Message>
          <StackTrace>   at OBDReapTestProject.OBD_SensorsTest.MaintainConnectionTest() in C:\Documents and Settings\Administrator\My Documents\Projects\Published\OBDReapTestProject\OBD_SensorsTest.cs:line 631
</StackTrace>
        </ErrorInfo>
      </Output>
    </UnitTestResult>
  </Results>
</TestRun>