<?xml version="1.0" encoding="UTF-8"?>
<TestRun id="21366bcc-dc0d-44b2-bd32-307c650f99c0" name="remote@DESKTOP 2008-05-04 17:13:41" runUser="DESKTOP\remote" xmlns="http://microsoft.com/schemas/VisualStudio/TeamTest/2006">
  <TestRunConfiguration name="Local Test Run" id="83aba3ea-57f6-4249-8e07-3130942d9d3b">
    <Description>This is a default test run configuration for a local test run.</Description>
    <Deployment runDeploymentRoot="C:\Documents and Settings\Administrator\My Documents\Projects\Published\TestResults\remote_DESKTOP 2008-05-04 17_13_41">
      <DeploymentItem filename="C:\Documents and Settings\Administrator\My Documents\Projects\Published\OBDReap\bin\Debug\OBDReap.exe" />
    </Deployment>
    <TestTypeSpecific />
  </TestRunConfiguration>
  <ResultSummary outcome="Error">
    <Counters total="44" executed="43" passed="2" error="0" failed="37" timeout="0" aborted="0" inconclusive="4" passedButRunAborted="0" notRunnable="0" notExecuted="1" disconnected="0" warning="0" completed="0" inProgress="0" pending="0" />
    <RunInfos>
      <RunInfo computerName="DESKTOP" outcome="Error" timestamp="2008-05-04T17:14:26.2968750-05:00">
        <Text>One of the background threads threw exception: System.ObjectDisposedException: Safe handle has been closed
   at Microsoft.Win32.UnsafeNativeMethods.GetOverlappedResult(SafeFileHandle hFile, NativeOverlapped* lpOverlapped, Int32&amp; lpNumberOfBytesTransferred, Boolean bWait)
   at System.IO.Ports.SerialStream.EventLoopRunner.WaitForCommEvent()
   at System.Threading.ThreadHelper.ThreadStart_Context(Object state)
   at System.Threading.ExecutionContext.Run(ExecutionContext executionContext, ContextCallback callback, Object state)
   at System.Threading.ThreadHelper.ThreadStart()</Text>
      </RunInfo>
      <RunInfo computerName="DESKTOP" outcome="Error" timestamp="2008-05-04T17:14:45.7812500-05:00">
        <Text>Test host process exited unexpectedly.</Text>
      </RunInfo>
    </RunInfos>
  </ResultSummary>
  <Times creation="2008-05-04T17:13:41.2968750-05:00" queuing="2008-05-04T17:13:42.2656250-05:00" start="2008-05-04T17:13:42.4843750-05:00" finish="2008-05-04T17:14:45.7968750-05:00" />
  <TestDefinitions>
    <UnitTest name="BitStringTest" storage="c:\documents and settings\administrator\my documents\projects\published\obdreaptestproject\bin\debug\obdreaptestproject.dll" id="05d9f462-1f8f-b8df-388c-1724762f2858">
      <Css projectStructure="" iteration="" />
      <Owners>
        <Owner name="" />
      </Owners>
      <DeploymentItems>
        <DeploymentItem filename="OBDReap.exe" />
      </DeploymentItems>
      <Execution id="3b7b1211-e990-4b5c-8f6c-140926764323" />
      <TestMethod codeBase="C:\Documents and Settings\Administrator\My Documents\Projects\Published\OBDReapTestProject\bin\Debug\OBDReapTestProject.dll" adapterTypeName="Microsoft.VisualStudio.TestTools.TestTypes.Unit.UnitTestAdapter, Microsoft.VisualStudio.QualityTools.Tips.UnitTest.Adapter, Version=9.0.0.0, Culture=neutral, PublicKeyToken=b03f5f7f11d50a3a" className="OBDReapTestProject.OBD_SensorsTest, OBDReapTestProject" name="BitStringTest" />
    </UnitTest>
    <UnitTest name="Fuel_System_StatusTest" storage="c:\documents and settings\administrator\my documents\projects\published\obdreaptestproject\bin\debug\obdreaptestproject.dll" id="988a5a50-f787-d696-beb5-18d2ffd4817b">
      <Css projectStructure="" iteration="" />
      <Owners>
        <Owner name="" />
      </Owners>
      <Execution id="8f2cf40c-915c-48cf-bc14-95e4c0c322ad" />
      <TestMethod codeBase="C:\Documents and Settings\Administrator\My Documents\Projects\Published\OBDReapTestProject\bin\Debug\OBDReapTestProject.dll" adapterTypeName="Microsoft.VisualStudio.TestTools.TestTypes.Unit.UnitTestAdapter, Microsoft.VisualStudio.QualityTools.Tips.UnitTest.Adapter, Version=9.0.0.0, Culture=neutral, PublicKeyToken=b03f5f7f11d50a3a" className="OBDReapTestProject.OBD_SensorsTest, OBDReapTestProject" name="Fuel_System_StatusTest" />
    </UnitTest>
    <UnitTest name="OBD_SensorsConstructorTest" storage="c:\documents and settings\administrator\my documents\projects\published\obdreaptestproject\bin\debug\obdreaptestproject.dll" id="09bf6443-6779-c767-dc94-609331a6dcf2">
      <Css projectStructure="" iteration="" />
      <Owners>
        <Owner name="" />
      </Owners>
      <Execution id="aa8d46b9-e6d6-446a-b4a3-d68d0ae2e3f9" />
      <TestMethod codeBase="C:\Documents and Settings\Administrator\My Documents\Projects\Published\OBDReapTestProject\bin\Debug\OBDReapTestProject.dll" adapterTypeName="Microsoft.VisualStudio.TestTools.TestTypes.Unit.UnitTestAdapter, Microsoft.VisualStudio.QualityTools.Tips.UnitTest.Adapter, Version=9.0.0.0, Culture=neutral, PublicKeyToken=b03f5f7f11d50a3a" className="OBDReapTestProject.OBD_SensorsTest, OBDReapTestProject" name="OBD_SensorsConstructorTest" />
    </UnitTest>
    <UnitTest name="DTC_Causing_Freeze_FrameTest" storage="c:\documents and settings\administrator\my documents\projects\published\obdreaptestproject\bin\debug\obdreaptestproject.dll" id="75ab77c2-8ece-44ad-582e-a3f2be54432a">
      <Css projectStructure="" iteration="" />
      <Owners>
        <Owner name="" />
      </Owners>
      <Execution id="0449d73e-63d7-48ac-88b9-4e42421f1826" />
      <TestMethod codeBase="C:\Documents and Settings\Administrator\My Documents\Projects\Published\OBDReapTestProject\bin\Debug\OBDReapTestProject.dll" adapterTypeName="Microsoft.VisualStudio.TestTools.TestTypes.Unit.UnitTestAdapter, Microsoft.VisualStudio.QualityTools.Tips.UnitTest.Adapter, Version=9.0.0.0, Culture=neutral, PublicKeyToken=b03f5f7f11d50a3a" className="OBDReapTestProject.OBD_SensorsTest, OBDReapTestProject" name="DTC_Causing_Freeze_FrameTest" />
    </UnitTest>
    <UnitTest name="Coolant_TemperatureTest" storage="c:\documents and settings\administrator\my documents\projects\published\obdreaptestproject\bin\debug\obdreaptestproject.dll" id="1068b125-7e20-f5ad-a067-c696cae3e38b">
      <Css projectStructure="" iteration="" />
      <Owners>
        <Owner name="" />
      </Owners>
      <Execution id="c02f22a8-1d12-48ea-9b0b-e1c88c41e2d2" />
      <TestMethod codeBase="C:\Documents and Settings\Administrator\My Documents\Projects\Published\OBDReapTestProject\bin\Debug\OBDReapTestProject.dll" adapterTypeName="Microsoft.VisualStudio.TestTools.TestTypes.Unit.UnitTestAdapter, Microsoft.VisualStudio.QualityTools.Tips.UnitTest.Adapter, Version=9.0.0.0, Culture=neutral, PublicKeyToken=b03f5f7f11d50a3a" className="OBDReapTestProject.OBD_SensorsTest, OBDReapTestProject" name="Coolant_TemperatureTest" />
    </UnitTest>
    <UnitTest name="Aux_input_statusTest" storage="c:\documents and settings\administrator\my documents\projects\published\obdreaptestproject\bin\debug\obdreaptestproject.dll" id="4bf69307-4792-89fb-074f-e8332a603ebc">
      <Css projectStructure="" iteration="" />
      <Owners>
        <Owner name="" />
      </Owners>
      <Execution id="94817383-5826-47b4-b7a6-4590b6c24e36" />
      <TestMethod codeBase="C:\Documents and Settings\Administrator\My Documents\Projects\Published\OBDReapTestProject\bin\Debug\OBDReapTestProject.dll" adapterTypeName="Microsoft.VisualStudio.TestTools.TestTypes.Unit.UnitTestAdapter, Microsoft.VisualStudio.QualityTools.Tips.UnitTest.Adapter, Version=9.0.0.0, Culture=neutral, PublicKeyToken=b03f5f7f11d50a3a" className="OBDReapTestProject.OBD_SensorsTest, OBDReapTestProject" name="Aux_input_statusTest" />
    </UnitTest>
    <UnitTest name="Air_Flow_Rate_MAFTest" storage="c:\documents and settings\administrator\my documents\projects\published\obdreaptestproject\bin\debug\obdreaptestproject.dll" id="a72e4223-b465-17ca-fae0-70e98570c9ad">
      <Css projectStructure="" iteration="" />
      <Owners>
        <Owner name="" />
      </Owners>
      <Execution id="a0fd8ef6-b950-4d9e-924e-17caca37d494" />
      <TestMethod codeBase="C:\Documents and Settings\Administrator\My Documents\Projects\Published\OBDReapTestProject\bin\Debug\OBDReapTestProject.dll" adapterTypeName="Microsoft.VisualStudio.TestTools.TestTypes.Unit.UnitTestAdapter, Microsoft.VisualStudio.QualityTools.Tips.UnitTest.Adapter, Version=9.0.0.0, Culture=neutral, PublicKeyToken=b03f5f7f11d50a3a" className="OBDReapTestProject.OBD_SensorsTest, OBDReapTestProject" name="Air_Flow_Rate_MAFTest" />
    </UnitTest>
    <UnitTest name="Time_Since_Engine_StartTest" storage="c:\documents and settings\administrator\my documents\projects\published\obdreaptestproject\bin\debug\obdreaptestproject.dll" id="9a6c8915-56d4-4a82-9bc8-9e322e8ae098">
      <Css projectStructure="" iteration="" />
      <Owners>
        <Owner name="" />
      </Owners>
      <Execution id="7656d3fd-1647-4b21-8dad-1d229f8cc4ad" />
      <TestMethod codeBase="C:\Documents and Settings\Administrator\My Documents\Projects\Published\OBDReapTestProject\bin\Debug\OBDReapTestProject.dll" adapterTypeName="Microsoft.VisualStudio.TestTools.TestTypes.Unit.UnitTestAdapter, Microsoft.VisualStudio.QualityTools.Tips.UnitTest.Adapter, Version=9.0.0.0, Culture=neutral, PublicKeyToken=b03f5f7f11d50a3a" className="OBDReapTestProject.OBD_SensorsTest, OBDReapTestProject" name="Time_Since_Engine_StartTest" />
    </UnitTest>
    <UnitTest name="TranslateCodeTest" storage="c:\documents and settings\administrator\my documents\projects\published\obdreaptestproject\bin\debug\obdreaptestproject.dll" id="591b47a2-441f-bec8-c6b7-280228b6867d">
      <Css projectStructure="" iteration="" />
      <Owners>
        <Owner name="" />
      </Owners>
      <Execution id="30652c69-64dc-4b91-a5b5-239186b15f40" />
      <TestMethod codeBase="C:\Documents and Settings\Administrator\My Documents\Projects\Published\OBDReapTestProject\bin\Debug\OBDReapTestProject.dll" adapterTypeName="Microsoft.VisualStudio.TestTools.TestTypes.Unit.UnitTestAdapter, Microsoft.VisualStudio.QualityTools.Tips.UnitTest.Adapter, Version=9.0.0.0, Culture=neutral, PublicKeyToken=b03f5f7f11d50a3a" className="OBDReapTestProject.OBDTest, OBDReapTestProject" name="TranslateCodeTest" />
    </UnitTest>
    <UnitTest name="Supported_PIDsTest" storage="c:\documents and settings\administrator\my documents\projects\published\obdreaptestproject\bin\debug\obdreaptestproject.dll" id="63bee9b4-2d17-54f4-a756-36c3c7cd634a">
      <Css projectStructure="" iteration="" />
      <Owners>
        <Owner name="" />
      </Owners>
      <Execution id="44e62e9a-189a-488e-8da1-2e9b2b32124c" />
      <TestMethod codeBase="C:\Documents and Settings\Administrator\My Documents\Projects\Published\OBDReapTestProject\bin\Debug\OBDReapTestProject.dll" adapterTypeName="Microsoft.VisualStudio.TestTools.TestTypes.Unit.UnitTestAdapter, Microsoft.VisualStudio.QualityTools.Tips.UnitTest.Adapter, Version=9.0.0.0, Culture=neutral, PublicKeyToken=b03f5f7f11d50a3a" className="OBDReapTestProject.OBDReap_SensorsTest, OBDReapTestProject" name="Supported_PIDsTest" />
    </UnitTest>
    <UnitTest name="Short_Term_Fuel_Trim_1Test" storage="c:\documents and settings\administrator\my documents\projects\published\obdreaptestproject\bin\debug\obdreaptestproject.dll" id="47f8fb12-9b9f-9c40-e21c-ea2a6adbc222">
      <Css projectStructure="" iteration="" />
      <Owners>
        <Owner name="" />
      </Owners>
      <Execution id="ef0ee44e-1b52-45d0-accb-433956495f89" />
      <TestMethod codeBase="C:\Documents and Settings\Administrator\My Documents\Projects\Published\OBDReapTestProject\bin\Debug\OBDReapTestProject.dll" adapterTypeName="Microsoft.VisualStudio.TestTools.TestTypes.Unit.UnitTestAdapter, Microsoft.VisualStudio.QualityTools.Tips.UnitTest.Adapter, Version=9.0.0.0, Culture=neutral, PublicKeyToken=b03f5f7f11d50a3a" className="OBDReapTestProject.OBD_SensorsTest, OBDReapTestProject" name="Short_Term_Fuel_Trim_1Test" />
    </UnitTest>
    <UnitTest name="Engine_Run_with_MIL_onTest" storage="c:\documents and settings\administrator\my documents\projects\published\obdreaptestproject\bin\debug\obdreaptestproject.dll" id="ccb9cf6e-2029-420d-04ea-22db59cdf5e8">
      <Css projectStructure="" iteration="" />
      <Owners>
        <Owner name="" />
      </Owners>
      <Execution id="53842a6d-a70d-4c19-b4c8-98d42c6f9ff5" />
      <TestMethod codeBase="C:\Documents and Settings\Administrator\My Documents\Projects\Published\OBDReapTestProject\bin\Debug\OBDReapTestProject.dll" adapterTypeName="Microsoft.VisualStudio.TestTools.TestTypes.Unit.UnitTestAdapter, Microsoft.VisualStudio.QualityTools.Tips.UnitTest.Adapter, Version=9.0.0.0, Culture=neutral, PublicKeyToken=b03f5f7f11d50a3a" className="OBDReapTestProject.OBD_SensorsTest, OBDReapTestProject" name="Engine_Run_with_MIL_onTest" />
    </UnitTest>
    <UnitTest name="O2_Sensor_2_4Test" storage="c:\documents and settings\administrator\my documents\projects\published\obdreaptestproject\bin\debug\obdreaptestproject.dll" id="82e026a2-a98a-7f03-ab75-fcc143cd663c">
      <Css projectStructure="" iteration="" />
      <Owners>
        <Owner name="" />
      </Owners>
      <Execution id="a3de87dd-a8a5-48e4-81a0-ace947439522" />
      <TestMethod codeBase="C:\Documents and Settings\Administrator\My Documents\Projects\Published\OBDReapTestProject\bin\Debug\OBDReapTestProject.dll" adapterTypeName="Microsoft.VisualStudio.TestTools.TestTypes.Unit.UnitTestAdapter, Microsoft.VisualStudio.QualityTools.Tips.UnitTest.Adapter, Version=9.0.0.0, Culture=neutral, PublicKeyToken=b03f5f7f11d50a3a" className="OBDReapTestProject.OBD_SensorsTest, OBDReapTestProject" name="O2_Sensor_2_4Test" />
    </UnitTest>
    <UnitTest name="O2_Sensor_1_1Test" storage="c:\documents and settings\administrator\my documents\projects\published\obdreaptestproject\bin\debug\obdreaptestproject.dll" id="c87d0368-e92e-cbd1-44b9-4478b4ca0633">
      <Css projectStructure="" iteration="" />
      <Owners>
        <Owner name="" />
      </Owners>
      <Execution id="c43a343c-ea53-46dd-a53c-68c186426069" />
      <TestMethod codeBase="C:\Documents and Settings\Administrator\My Documents\Projects\Published\OBDReapTestProject\bin\Debug\OBDReapTestProject.dll" adapterTypeName="Microsoft.VisualStudio.TestTools.TestTypes.Unit.UnitTestAdapter, Microsoft.VisualStudio.QualityTools.Tips.UnitTest.Adapter, Version=9.0.0.0, Culture=neutral, PublicKeyToken=b03f5f7f11d50a3a" className="OBDReapTestProject.OBD_SensorsTest, OBDReapTestProject" name="O2_Sensor_1_1Test" />
    </UnitTest>
    <UnitTest name="ParseOutBitsTest1" storage="c:\documents and settings\administrator\my documents\projects\published\obdreaptestproject\bin\debug\obdreaptestproject.dll" id="21f4b005-288f-ec31-490e-c85c6f0bfb5b">
      <Css projectStructure="" iteration="" />
      <Owners>
        <Owner name="" />
      </Owners>
      <DeploymentItems>
        <DeploymentItem filename="OBDReap.exe" />
      </DeploymentItems>
      <Execution id="fc86f040-dfbf-4aa9-ae55-5c8d2cd0a727" />
      <TestMethod codeBase="C:\Documents and Settings\Administrator\My Documents\Projects\Published\OBDReapTestProject\bin\Debug\OBDReapTestProject.dll" adapterTypeName="Microsoft.VisualStudio.TestTools.TestTypes.Unit.UnitTestAdapter, Microsoft.VisualStudio.QualityTools.Tips.UnitTest.Adapter, Version=9.0.0.0, Culture=neutral, PublicKeyToken=b03f5f7f11d50a3a" className="OBDReapTestProject.OBD_SensorsTest, OBDReapTestProject" name="ParseOutBitsTest1" />
    </UnitTest>
    <UnitTest name="Timing_AdvanceTest" storage="c:\documents and settings\administrator\my documents\projects\published\obdreaptestproject\bin\debug\obdreaptestproject.dll" id="815e43d9-3176-8f1f-f190-39155f2bcced">
      <Css projectStructure="" iteration="" />
      <Owners>
        <Owner name="" />
      </Owners>
      <Execution id="bec82868-d411-48d4-ab39-24ec1d80a99e" />
      <TestMethod codeBase="C:\Documents and Settings\Administrator\My Documents\Projects\Published\OBDReapTestProject\bin\Debug\OBDReapTestProject.dll" adapterTypeName="Microsoft.VisualStudio.TestTools.TestTypes.Unit.UnitTestAdapter, Microsoft.VisualStudio.QualityTools.Tips.UnitTest.Adapter, Version=9.0.0.0, Culture=neutral, PublicKeyToken=b03f5f7f11d50a3a" className="OBDReapTestProject.OBD_SensorsTest, OBDReapTestProject" name="Timing_AdvanceTest" />
    </UnitTest>
    <UnitTest name="O2_Sensor_1_2Test" storage="c:\documents and settings\administrator\my documents\projects\published\obdreaptestproject\bin\debug\obdreaptestproject.dll" id="0863d3e1-1c58-6b48-563e-ebc0f984fea1">
      <Css projectStructure="" iteration="" />
      <Owners>
        <Owner name="" />
      </Owners>
      <Execution id="82d295d3-5cf5-4387-b2de-3acf912b34a4" />
      <TestMethod codeBase="C:\Documents and Settings\Administrator\My Documents\Projects\Published\OBDReapTestProject\bin\Debug\OBDReapTestProject.dll" adapterTypeName="Microsoft.VisualStudio.TestTools.TestTypes.Unit.UnitTestAdapter, Microsoft.VisualStudio.QualityTools.Tips.UnitTest.Adapter, Version=9.0.0.0, Culture=neutral, PublicKeyToken=b03f5f7f11d50a3a" className="OBDReapTestProject.OBD_SensorsTest, OBDReapTestProject" name="O2_Sensor_1_2Test" />
    </UnitTest>
    <UnitTest name="O2_Sensor_2_2Test" storage="c:\documents and settings\administrator\my documents\projects\published\obdreaptestproject\bin\debug\obdreaptestproject.dll" id="80c77f9f-63c3-1416-82a8-2bde9f889de6">
      <Css projectStructure="" iteration="" />
      <Owners>
        <Owner name="" />
      </Owners>
      <Execution id="794915ee-1b63-416c-9c16-199e6723a661" />
      <TestMethod codeBase="C:\Documents and Settings\Administrator\My Documents\Projects\Published\OBDReapTestProject\bin\Debug\OBDReapTestProject.dll" adapterTypeName="Microsoft.VisualStudio.TestTools.TestTypes.Unit.UnitTestAdapter, Microsoft.VisualStudio.QualityTools.Tips.UnitTest.Adapter, Version=9.0.0.0, Culture=neutral, PublicKeyToken=b03f5f7f11d50a3a" className="OBDReapTestProject.OBD_SensorsTest, OBDReapTestProject" name="O2_Sensor_2_2Test" />
    </UnitTest>
    <UnitTest name="MaintainConnectionTest" storage="c:\documents and settings\administrator\my documents\projects\published\obdreaptestproject\bin\debug\obdreaptestproject.dll" id="756fc45f-2fac-3bf5-e3b8-ee7efe790953">
      <Css projectStructure="" iteration="" />
      <Owners>
        <Owner name="" />
      </Owners>
      <DeploymentItems>
        <DeploymentItem filename="OBDReap.exe" />
      </DeploymentItems>
      <Execution id="724c7fe9-dcfa-4bf5-8490-2b6df3b0a322" />
      <TestMethod codeBase="C:\Documents and Settings\Administrator\My Documents\Projects\Published\OBDReapTestProject\bin\Debug\OBDReapTestProject.dll" adapterTypeName="Microsoft.VisualStudio.TestTools.TestTypes.Unit.UnitTestAdapter, Microsoft.VisualStudio.QualityTools.Tips.UnitTest.Adapter, Version=9.0.0.0, Culture=neutral, PublicKeyToken=b03f5f7f11d50a3a" className="OBDReapTestProject.OBD_SensorsTest, OBDReapTestProject" name="MaintainConnectionTest" />
    </UnitTest>
    <UnitTest name="O2_Sensor_1_4Test" storage="c:\documents and settings\administrator\my documents\projects\published\obdreaptestproject\bin\debug\obdreaptestproject.dll" id="c70e5bab-d732-2b4e-7cd6-4c06c8749449">
      <Css projectStructure="" iteration="" />
      <Owners>
        <Owner name="" />
      </Owners>
      <Execution id="e64fbc99-9980-4f7d-a98a-226be87725e9" />
      <TestMethod codeBase="C:\Documents and Settings\Administrator\My Documents\Projects\Published\OBDReapTestProject\bin\Debug\OBDReapTestProject.dll" adapterTypeName="Microsoft.VisualStudio.TestTools.TestTypes.Unit.UnitTestAdapter, Microsoft.VisualStudio.QualityTools.Tips.UnitTest.Adapter, Version=9.0.0.0, Culture=neutral, PublicKeyToken=b03f5f7f11d50a3a" className="OBDReapTestProject.OBD_SensorsTest, OBDReapTestProject" name="O2_Sensor_1_4Test" />
    </UnitTest>
    <UnitTest name="O2_Sensor_2_1Test" storage="c:\documents and settings\administrator\my documents\projects\published\obdreaptestproject\bin\debug\obdreaptestproject.dll" id="a42be449-56e4-7354-53f9-2d2f7f274b5f">
      <Css projectStructure="" iteration="" />
      <Owners>
        <Owner name="" />
      </Owners>
      <Execution id="ba010163-fcbb-4e4b-bb06-c60d24533336" />
      <TestMethod codeBase="C:\Documents and Settings\Administrator\My Documents\Projects\Published\OBDReapTestProject\bin\Debug\OBDReapTestProject.dll" adapterTypeName="Microsoft.VisualStudio.TestTools.TestTypes.Unit.UnitTestAdapter, Microsoft.VisualStudio.QualityTools.Tips.UnitTest.Adapter, Version=9.0.0.0, Culture=neutral, PublicKeyToken=b03f5f7f11d50a3a" className="OBDReapTestProject.OBD_SensorsTest, OBDReapTestProject" name="O2_Sensor_2_1Test" />
    </UnitTest>
    <UnitTest name="Location_of_O2_sensors_2Test" storage="c:\documents and settings\administrator\my documents\projects\published\obdreaptestproject\bin\debug\obdreaptestproject.dll" id="77438b0f-37be-a771-73fe-b9c1e2e16842">
      <Css projectStructure="" iteration="" />
      <Owners>
        <Owner name="" />
      </Owners>
      <Execution id="0cfcb8fe-68e1-43cf-983c-68a885954ca2" />
      <TestMethod codeBase="C:\Documents and Settings\Administrator\My Documents\Projects\Published\OBDReapTestProject\bin\Debug\OBDReapTestProject.dll" adapterTypeName="Microsoft.VisualStudio.TestTools.TestTypes.Unit.UnitTestAdapter, Microsoft.VisualStudio.QualityTools.Tips.UnitTest.Adapter, Version=9.0.0.0, Culture=neutral, PublicKeyToken=b03f5f7f11d50a3a" className="OBDReapTestProject.OBD_SensorsTest, OBDReapTestProject" name="Location_of_O2_sensors_2Test" />
    </UnitTest>
    <UnitTest name="Intake_Air_TempTest" storage="c:\documents and settings\administrator\my documents\projects\published\obdreaptestproject\bin\debug\obdreaptestproject.dll" id="9ce5d507-1647-2951-dfd9-d61272508026">
      <Css projectStructure="" iteration="" />
      <Owners>
        <Owner name="" />
      </Owners>
      <Execution id="f61d3dd9-d269-4247-a8aa-138b0865e82d" />
      <TestMethod codeBase="C:\Documents and Settings\Administrator\My Documents\Projects\Published\OBDReapTestProject\bin\Debug\OBDReapTestProject.dll" adapterTypeName="Microsoft.VisualStudio.TestTools.TestTypes.Unit.UnitTestAdapter, Microsoft.VisualStudio.QualityTools.Tips.UnitTest.Adapter, Version=9.0.0.0, Culture=neutral, PublicKeyToken=b03f5f7f11d50a3a" className="OBDReapTestProject.OBD_SensorsTest, OBDReapTestProject" name="Intake_Air_TempTest" />
    </UnitTest>
    <UnitTest name="Throttle_PositionTest" storage="c:\documents and settings\administrator\my documents\projects\published\obdreaptestproject\bin\debug\obdreaptestproject.dll" id="927993be-6fb9-c6f1-9872-7425ccc608ac">
      <Css projectStructure="" iteration="" />
      <Owners>
        <Owner name="" />
      </Owners>
      <Execution id="b320f638-bbec-4573-9e1b-bb3feaf789cf" />
      <TestMethod codeBase="C:\Documents and Settings\Administrator\My Documents\Projects\Published\OBDReapTestProject\bin\Debug\OBDReapTestProject.dll" adapterTypeName="Microsoft.VisualStudio.TestTools.TestTypes.Unit.UnitTestAdapter, Microsoft.VisualStudio.QualityTools.Tips.UnitTest.Adapter, Version=9.0.0.0, Culture=neutral, PublicKeyToken=b03f5f7f11d50a3a" className="OBDReapTestProject.OBD_SensorsTest, OBDReapTestProject" name="Throttle_PositionTest" />
    </UnitTest>
    <UnitTest name="Vehicle_SpeedTest" storage="c:\documents and settings\administrator\my documents\projects\published\obdreaptestproject\bin\debug\obdreaptestproject.dll" id="243c5db2-5ba8-4fc1-e5da-923eb39a8ec0">
      <Css projectStructure="" iteration="" />
      <Owners>
        <Owner name="" />
      </Owners>
      <Execution id="7a78e27a-1e18-4a42-8240-bed632fdfff8" />
      <TestMethod codeBase="C:\Documents and Settings\Administrator\My Documents\Projects\Published\OBDReapTestProject\bin\Debug\OBDReapTestProject.dll" adapterTypeName="Microsoft.VisualStudio.TestTools.TestTypes.Unit.UnitTestAdapter, Microsoft.VisualStudio.QualityTools.Tips.UnitTest.Adapter, Version=9.0.0.0, Culture=neutral, PublicKeyToken=b03f5f7f11d50a3a" className="OBDReapTestProject.OBD_SensorsTest, OBDReapTestProject" name="Vehicle_SpeedTest" />
    </UnitTest>
    <UnitTest name="Calculated_Load_ValueTest" storage="c:\documents and settings\administrator\my documents\projects\published\obdreaptestproject\bin\debug\obdreaptestproject.dll" id="6309b1f8-924e-61ad-cdef-75ef61dc7ae7">
      <Css projectStructure="" iteration="" />
      <Owners>
        <Owner name="" />
      </Owners>
      <Execution id="9823ca4e-c86c-49d3-908e-d19170cdd684" />
      <TestMethod codeBase="C:\Documents and Settings\Administrator\My Documents\Projects\Published\OBDReapTestProject\bin\Debug\OBDReapTestProject.dll" adapterTypeName="Microsoft.VisualStudio.TestTools.TestTypes.Unit.UnitTestAdapter, Microsoft.VisualStudio.QualityTools.Tips.UnitTest.Adapter, Version=9.0.0.0, Culture=neutral, PublicKeyToken=b03f5f7f11d50a3a" className="OBDReapTestProject.OBD_SensorsTest, OBDReapTestProject" name="Calculated_Load_ValueTest" />
    </UnitTest>
    <UnitTest name="O2_Sensor_2_3Test" storage="c:\documents and settings\administrator\my documents\projects\published\obdreaptestproject\bin\debug\obdreaptestproject.dll" id="f624ab45-ddb0-2f36-95f4-72db1760647f">
      <Css projectStructure="" iteration="" />
      <Owners>
        <Owner name="" />
      </Owners>
      <Execution id="bcccf1e9-725a-4b84-9a81-244dad86a23c" />
      <TestMethod codeBase="C:\Documents and Settings\Administrator\My Documents\Projects\Published\OBDReapTestProject\bin\Debug\OBDReapTestProject.dll" adapterTypeName="Microsoft.VisualStudio.TestTools.TestTypes.Unit.UnitTestAdapter, Microsoft.VisualStudio.QualityTools.Tips.UnitTest.Adapter, Version=9.0.0.0, Culture=neutral, PublicKeyToken=b03f5f7f11d50a3a" className="OBDReapTestProject.OBD_SensorsTest, OBDReapTestProject" name="O2_Sensor_2_3Test" />
    </UnitTest>
    <UnitTest name="OBDConstructorTest" storage="c:\documents and settings\administrator\my documents\projects\published\obdreaptestproject\bin\debug\obdreaptestproject.dll" id="648d4df5-9148-1a71-ad0e-9dbc003bddd7">
      <Css projectStructure="" iteration="" />
      <Owners>
        <Owner name="" />
      </Owners>
      <Execution id="c03ce028-38cf-4870-9f4c-6c9a8f3d9604" />
      <TestMethod codeBase="C:\Documents and Settings\Administrator\My Documents\Projects\Published\OBDReapTestProject\bin\Debug\OBDReapTestProject.dll" adapterTypeName="Microsoft.VisualStudio.TestTools.TestTypes.Unit.UnitTestAdapter, Microsoft.VisualStudio.QualityTools.Tips.UnitTest.Adapter, Version=9.0.0.0, Culture=neutral, PublicKeyToken=b03f5f7f11d50a3a" className="OBDReapTestProject.OBDTest, OBDReapTestProject" name="OBDConstructorTest" />
    </UnitTest>
    <UnitTest name="Long_Term_Fuel_Trim_1Test" storage="c:\documents and settings\administrator\my documents\projects\published\obdreaptestproject\bin\debug\obdreaptestproject.dll" id="3e282649-b1d7-efcc-16cb-88f797cfc6ce">
      <Css projectStructure="" iteration="" />
      <Owners>
        <Owner name="" />
      </Owners>
      <Execution id="b0a05a45-5ce2-4ede-9a2e-995b6d1ad142" />
      <TestMethod codeBase="C:\Documents and Settings\Administrator\My Documents\Projects\Published\OBDReapTestProject\bin\Debug\OBDReapTestProject.dll" adapterTypeName="Microsoft.VisualStudio.TestTools.TestTypes.Unit.UnitTestAdapter, Microsoft.VisualStudio.QualityTools.Tips.UnitTest.Adapter, Version=9.0.0.0, Culture=neutral, PublicKeyToken=b03f5f7f11d50a3a" className="OBDReapTestProject.OBD_SensorsTest, OBDReapTestProject" name="Long_Term_Fuel_Trim_1Test" />
    </UnitTest>
    <UnitTest name="Secondary_Air_StatusTest" storage="c:\documents and settings\administrator\my documents\projects\published\obdreaptestproject\bin\debug\obdreaptestproject.dll" id="097a3ffe-b38c-5f4a-e73d-c482abbb484e">
      <Css projectStructure="" iteration="" />
      <Owners>
        <Owner name="" />
      </Owners>
      <Execution id="72fb4154-4fe0-4169-bcbb-eb028722fd2d" />
      <TestMethod codeBase="C:\Documents and Settings\Administrator\My Documents\Projects\Published\OBDReapTestProject\bin\Debug\OBDReapTestProject.dll" adapterTypeName="Microsoft.VisualStudio.TestTools.TestTypes.Unit.UnitTestAdapter, Microsoft.VisualStudio.QualityTools.Tips.UnitTest.Adapter, Version=9.0.0.0, Culture=neutral, PublicKeyToken=b03f5f7f11d50a3a" className="OBDReapTestProject.OBD_SensorsTest, OBDReapTestProject" name="Secondary_Air_StatusTest" />
    </UnitTest>
    <UnitTest name="Supported_PIDsTest" storage="c:\documents and settings\administrator\my documents\projects\published\obdreaptestproject\bin\debug\obdreaptestproject.dll" id="3e8a8bc0-64de-4cfa-35db-7591df287936">
      <Css projectStructure="" iteration="" />
      <Owners>
        <Owner name="" />
      </Owners>
      <Execution id="48c75ae1-9897-4293-8f76-a57768997d67" />
      <TestMethod codeBase="C:\Documents and Settings\Administrator\My Documents\Projects\Published\OBDReapTestProject\bin\Debug\OBDReapTestProject.dll" adapterTypeName="Microsoft.VisualStudio.TestTools.TestTypes.Unit.UnitTestAdapter, Microsoft.VisualStudio.QualityTools.Tips.UnitTest.Adapter, Version=9.0.0.0, Culture=neutral, PublicKeyToken=b03f5f7f11d50a3a" className="OBDReapTestProject.OBD_SensorsTest, OBDReapTestProject" name="Supported_PIDsTest" />
    </UnitTest>
    <UnitTest name="Status_Since_DTC_ClearedTest" storage="c:\documents and settings\administrator\my documents\projects\published\obdreaptestproject\bin\debug\obdreaptestproject.dll" id="352ccee4-eca2-33a6-ce4c-5f8f8e0179a4">
      <Css projectStructure="" iteration="" />
      <Owners>
        <Owner name="" />
      </Owners>
      <Execution id="5d885692-a0ee-4560-99c4-7a69d4b51435" />
      <TestMethod codeBase="C:\Documents and Settings\Administrator\My Documents\Projects\Published\OBDReapTestProject\bin\Debug\OBDReapTestProject.dll" adapterTypeName="Microsoft.VisualStudio.TestTools.TestTypes.Unit.UnitTestAdapter, Microsoft.VisualStudio.QualityTools.Tips.UnitTest.Adapter, Version=9.0.0.0, Culture=neutral, PublicKeyToken=b03f5f7f11d50a3a" className="OBDReapTestProject.OBD_SensorsTest, OBDReapTestProject" name="Status_Since_DTC_ClearedTest" />
    </UnitTest>
    <UnitTest name="Long_Term_Fuel_Trim_2Test" storage="c:\documents and settings\administrator\my documents\projects\published\obdreaptestproject\bin\debug\obdreaptestproject.dll" id="7096e9a3-af4f-deed-9427-dd1fb34b4063">
      <Css projectStructure="" iteration="" />
      <Owners>
        <Owner name="" />
      </Owners>
      <Execution id="d399eec5-155e-4888-bbe2-ad3ba8dc2bef" />
      <TestMethod codeBase="C:\Documents and Settings\Administrator\My Documents\Projects\Published\OBDReapTestProject\bin\Debug\OBDReapTestProject.dll" adapterTypeName="Microsoft.VisualStudio.TestTools.TestTypes.Unit.UnitTestAdapter, Microsoft.VisualStudio.QualityTools.Tips.UnitTest.Adapter, Version=9.0.0.0, Culture=neutral, PublicKeyToken=b03f5f7f11d50a3a" className="OBDReapTestProject.OBD_SensorsTest, OBDReapTestProject" name="Long_Term_Fuel_Trim_2Test" />
    </UnitTest>
    <UnitTest name="O2_Sensor_1_3Test" storage="c:\documents and settings\administrator\my documents\projects\published\obdreaptestproject\bin\debug\obdreaptestproject.dll" id="73ddee02-7102-e28c-4588-8c7556c6eb14">
      <Css projectStructure="" iteration="" />
      <Owners>
        <Owner name="" />
      </Owners>
      <Execution id="951b5c34-061f-4b3d-8ec0-bb78b1dafbfa" />
      <TestMethod codeBase="C:\Documents and Settings\Administrator\My Documents\Projects\Published\OBDReapTestProject\bin\Debug\OBDReapTestProject.dll" adapterTypeName="Microsoft.VisualStudio.TestTools.TestTypes.Unit.UnitTestAdapter, Microsoft.VisualStudio.QualityTools.Tips.UnitTest.Adapter, Version=9.0.0.0, Culture=neutral, PublicKeyToken=b03f5f7f11d50a3a" className="OBDReapTestProject.OBD_SensorsTest, OBDReapTestProject" name="O2_Sensor_1_3Test" />
    </UnitTest>
    <UnitTest name="GetCmdTest" storage="c:\documents and settings\administrator\my documents\projects\published\obdreaptestproject\bin\debug\obdreaptestproject.dll" id="ed159f69-05bc-cf8d-cbdb-b35557e06dfe">
      <Css projectStructure="" iteration="" />
      <Owners>
        <Owner name="" />
      </Owners>
      <DeploymentItems>
        <DeploymentItem filename="OBDReap.exe" />
      </DeploymentItems>
      <Execution id="73a2049a-ceec-4138-9ed5-66813c82860b" />
      <TestMethod codeBase="C:\Documents and Settings\Administrator\My Documents\Projects\Published\OBDReapTestProject\bin\Debug\OBDReapTestProject.dll" adapterTypeName="Microsoft.VisualStudio.TestTools.TestTypes.Unit.UnitTestAdapter, Microsoft.VisualStudio.QualityTools.Tips.UnitTest.Adapter, Version=9.0.0.0, Culture=neutral, PublicKeyToken=b03f5f7f11d50a3a" className="OBDReapTestProject.OBD_SensorsTest, OBDReapTestProject" name="GetCmdTest" />
    </UnitTest>
    <UnitTest name="ParseOutBitsTest" storage="c:\documents and settings\administrator\my documents\projects\published\obdreaptestproject\bin\debug\obdreaptestproject.dll" id="f0f6ad11-e747-eb61-4b5a-c796ace2cdb0">
      <Css projectStructure="" iteration="" />
      <Owners>
        <Owner name="" />
      </Owners>
      <DeploymentItems>
        <DeploymentItem filename="OBDReap.exe" />
      </DeploymentItems>
      <Execution id="d0b3f468-d4f5-4c3e-a000-4752d3320848" />
      <TestMethod codeBase="C:\Documents and Settings\Administrator\My Documents\Projects\Published\OBDReapTestProject\bin\Debug\OBDReapTestProject.dll" adapterTypeName="Microsoft.VisualStudio.TestTools.TestTypes.Unit.UnitTestAdapter, Microsoft.VisualStudio.QualityTools.Tips.UnitTest.Adapter, Version=9.0.0.0, Culture=neutral, PublicKeyToken=b03f5f7f11d50a3a" className="OBDReapTestProject.OBD_SensorsTest, OBDReapTestProject" name="ParseOutBitsTest" />
    </UnitTest>
    <UnitTest name="Intake_Manifold_PressureTest" storage="c:\documents and settings\administrator\my documents\projects\published\obdreaptestproject\bin\debug\obdreaptestproject.dll" id="5d2cce68-aa58-3fbb-5388-3969c9367d31">
      <Css projectStructure="" iteration="" />
      <Owners>
        <Owner name="" />
      </Owners>
      <Execution id="0629e84e-dd76-4e3b-baaa-20529e9ef63e" />
      <TestMethod codeBase="C:\Documents and Settings\Administrator\My Documents\Projects\Published\OBDReapTestProject\bin\Debug\OBDReapTestProject.dll" adapterTypeName="Microsoft.VisualStudio.TestTools.TestTypes.Unit.UnitTestAdapter, Microsoft.VisualStudio.QualityTools.Tips.UnitTest.Adapter, Version=9.0.0.0, Culture=neutral, PublicKeyToken=b03f5f7f11d50a3a" className="OBDReapTestProject.OBD_SensorsTest, OBDReapTestProject" name="Intake_Manifold_PressureTest" />
    </UnitTest>
    <UnitTest name="Engine_RPMTest" storage="c:\documents and settings\administrator\my documents\projects\published\obdreaptestproject\bin\debug\obdreaptestproject.dll" id="54ba4e7e-6b1b-64e4-9151-a54e121eb723">
      <Css projectStructure="" iteration="" />
      <Owners>
        <Owner name="" />
      </Owners>
      <Execution id="d4b50e79-11bd-41bf-a03a-6d305fd6d40b" />
      <TestMethod codeBase="C:\Documents and Settings\Administrator\My Documents\Projects\Published\OBDReapTestProject\bin\Debug\OBDReapTestProject.dll" adapterTypeName="Microsoft.VisualStudio.TestTools.TestTypes.Unit.UnitTestAdapter, Microsoft.VisualStudio.QualityTools.Tips.UnitTest.Adapter, Version=9.0.0.0, Culture=neutral, PublicKeyToken=b03f5f7f11d50a3a" className="OBDReapTestProject.OBD_SensorsTest, OBDReapTestProject" name="Engine_RPMTest" />
    </UnitTest>
    <UnitTest name="Fuel_Rail_PressureTest" storage="c:\documents and settings\administrator\my documents\projects\published\obdreaptestproject\bin\debug\obdreaptestproject.dll" id="1787a117-b381-761a-e33a-03fb6820ba59">
      <Css projectStructure="" iteration="" />
      <Owners>
        <Owner name="" />
      </Owners>
      <Execution id="08cdc77c-7ed1-4a9e-afeb-9238e1947741" />
      <TestMethod codeBase="C:\Documents and Settings\Administrator\My Documents\Projects\Published\OBDReapTestProject\bin\Debug\OBDReapTestProject.dll" adapterTypeName="Microsoft.VisualStudio.TestTools.TestTypes.Unit.UnitTestAdapter, Microsoft.VisualStudio.QualityTools.Tips.UnitTest.Adapter, Version=9.0.0.0, Culture=neutral, PublicKeyToken=b03f5f7f11d50a3a" className="OBDReapTestProject.OBD_SensorsTest, OBDReapTestProject" name="Fuel_Rail_PressureTest" />
    </UnitTest>
    <UnitTest name="OBD_Sensors_ReturnSetConstructorTest" storage="c:\documents and settings\administrator\my documents\projects\published\obdreaptestproject\bin\debug\obdreaptestproject.dll" id="0b4904af-d164-e8fb-af8b-5582ee86bf64">
      <Css projectStructure="" iteration="" />
      <Owners>
        <Owner name="" />
      </Owners>
      <Execution id="47dda182-ee79-4712-8d78-af4882273956" />
      <TestMethod codeBase="C:\Documents and Settings\Administrator\My Documents\Projects\Published\OBDReapTestProject\bin\Debug\OBDReapTestProject.dll" adapterTypeName="Microsoft.VisualStudio.TestTools.TestTypes.Unit.UnitTestAdapter, Microsoft.VisualStudio.QualityTools.Tips.UnitTest.Adapter, Version=9.0.0.0, Culture=neutral, PublicKeyToken=b03f5f7f11d50a3a" className="OBDReapTestProject.OBD_Sensors_ReturnSetTest, OBDReapTestProject" name="OBD_Sensors_ReturnSetConstructorTest" />
    </UnitTest>
    <UnitTest name="HexToIntTest" storage="c:\documents and settings\administrator\my documents\projects\published\obdreaptestproject\bin\debug\obdreaptestproject.dll" id="ae76524a-50d7-1f33-eda8-e0c10f6c5458">
      <Css projectStructure="" iteration="" />
      <Owners>
        <Owner name="" />
      </Owners>
      <Execution id="29f17a6c-5916-4ee6-90a6-5b53c4961300" />
      <TestMethod codeBase="C:\Documents and Settings\Administrator\My Documents\Projects\Published\OBDReapTestProject\bin\Debug\OBDReapTestProject.dll" adapterTypeName="Microsoft.VisualStudio.TestTools.TestTypes.Unit.UnitTestAdapter, Microsoft.VisualStudio.QualityTools.Tips.UnitTest.Adapter, Version=9.0.0.0, Culture=neutral, PublicKeyToken=b03f5f7f11d50a3a" className="OBDReapTestProject.OBD_SensorsTest, OBDReapTestProject" name="HexToIntTest" />
    </UnitTest>
    <UnitTest name="OBD_DesignationTest" storage="c:\documents and settings\administrator\my documents\projects\published\obdreaptestproject\bin\debug\obdreaptestproject.dll" id="1ca97c0e-7679-327b-94f2-a560c2146a14">
      <Css projectStructure="" iteration="" />
      <Owners>
        <Owner name="" />
      </Owners>
      <Execution id="4aa3b21e-fe79-4e5a-b2f7-5c31e6970930" />
      <TestMethod codeBase="C:\Documents and Settings\Administrator\My Documents\Projects\Published\OBDReapTestProject\bin\Debug\OBDReapTestProject.dll" adapterTypeName="Microsoft.VisualStudio.TestTools.TestTypes.Unit.UnitTestAdapter, Microsoft.VisualStudio.QualityTools.Tips.UnitTest.Adapter, Version=9.0.0.0, Culture=neutral, PublicKeyToken=b03f5f7f11d50a3a" className="OBDReapTestProject.OBD_SensorsTest, OBDReapTestProject" name="OBD_DesignationTest" />
    </UnitTest>
    <UnitTest name="Location_of_O2_sensors_1Test" storage="c:\documents and settings\administrator\my documents\projects\published\obdreaptestproject\bin\debug\obdreaptestproject.dll" id="6cbf86d3-9c8c-9b6d-c242-da680a1936ff">
      <Css projectStructure="" iteration="" />
      <Owners>
        <Owner name="" />
      </Owners>
      <Execution id="e82e69da-f585-455f-a63c-2d1a187448a7" />
      <TestMethod codeBase="C:\Documents and Settings\Administrator\My Documents\Projects\Published\OBDReapTestProject\bin\Debug\OBDReapTestProject.dll" adapterTypeName="Microsoft.VisualStudio.TestTools.TestTypes.Unit.UnitTestAdapter, Microsoft.VisualStudio.QualityTools.Tips.UnitTest.Adapter, Version=9.0.0.0, Culture=neutral, PublicKeyToken=b03f5f7f11d50a3a" className="OBDReapTestProject.OBD_SensorsTest, OBDReapTestProject" name="Location_of_O2_sensors_1Test" />
    </UnitTest>
    <UnitTest name="Short_Term_Fuel_Trim_2Test" storage="c:\documents and settings\administrator\my documents\projects\published\obdreaptestproject\bin\debug\obdreaptestproject.dll" id="aeba56a4-9fc4-bed9-8d76-a816d04cd652">
      <Css projectStructure="" iteration="" />
      <Owners>
        <Owner name="" />
      </Owners>
      <Execution id="d5063492-2209-4f5e-885f-1241d08f9e3b" />
      <TestMethod codeBase="C:\Documents and Settings\Administrator\My Documents\Projects\Published\OBDReapTestProject\bin\Debug\OBDReapTestProject.dll" adapterTypeName="Microsoft.VisualStudio.TestTools.TestTypes.Unit.UnitTestAdapter, Microsoft.VisualStudio.QualityTools.Tips.UnitTest.Adapter, Version=9.0.0.0, Culture=neutral, PublicKeyToken=b03f5f7f11d50a3a" className="OBDReapTestProject.OBD_SensorsTest, OBDReapTestProject" name="Short_Term_Fuel_Trim_2Test" />
    </UnitTest>
  </TestDefinitions>
  <TestLists>
    <TestList name="Results Not in a List" id="8c84fa94-04c1-424b-9868-57a2d4851a1d" />
    <TestList name="All Loaded Results" id="19431567-8539-422a-85d7-44ee4e166bda" />
  </TestLists>
  <TestEntries>
    <TestEntry testId="0b4904af-d164-e8fb-af8b-5582ee86bf64" executionId="47dda182-ee79-4712-8d78-af4882273956" testListId="8c84fa94-04c1-424b-9868-57a2d4851a1d" />
    <TestEntry testId="243c5db2-5ba8-4fc1-e5da-923eb39a8ec0" executionId="7a78e27a-1e18-4a42-8240-bed632fdfff8" testListId="8c84fa94-04c1-424b-9868-57a2d4851a1d" />
    <TestEntry testId="815e43d9-3176-8f1f-f190-39155f2bcced" executionId="bec82868-d411-48d4-ab39-24ec1d80a99e" testListId="8c84fa94-04c1-424b-9868-57a2d4851a1d" />
    <TestEntry testId="9a6c8915-56d4-4a82-9bc8-9e322e8ae098" executionId="7656d3fd-1647-4b21-8dad-1d229f8cc4ad" testListId="8c84fa94-04c1-424b-9868-57a2d4851a1d" />
    <TestEntry testId="927993be-6fb9-c6f1-9872-7425ccc608ac" executionId="b320f638-bbec-4573-9e1b-bb3feaf789cf" testListId="8c84fa94-04c1-424b-9868-57a2d4851a1d" />
    <TestEntry testId="3e8a8bc0-64de-4cfa-35db-7591df287936" executionId="48c75ae1-9897-4293-8f76-a57768997d67" testListId="8c84fa94-04c1-424b-9868-57a2d4851a1d" />
    <TestEntry testId="352ccee4-eca2-33a6-ce4c-5f8f8e0179a4" executionId="5d885692-a0ee-4560-99c4-7a69d4b51435" testListId="8c84fa94-04c1-424b-9868-57a2d4851a1d" />
    <TestEntry testId="aeba56a4-9fc4-bed9-8d76-a816d04cd652" executionId="d5063492-2209-4f5e-885f-1241d08f9e3b" testListId="8c84fa94-04c1-424b-9868-57a2d4851a1d" />
    <TestEntry testId="47f8fb12-9b9f-9c40-e21c-ea2a6adbc222" executionId="ef0ee44e-1b52-45d0-accb-433956495f89" testListId="8c84fa94-04c1-424b-9868-57a2d4851a1d" />
    <TestEntry testId="097a3ffe-b38c-5f4a-e73d-c482abbb484e" executionId="72fb4154-4fe0-4169-bcbb-eb028722fd2d" testListId="8c84fa94-04c1-424b-9868-57a2d4851a1d" />
    <TestEntry testId="21f4b005-288f-ec31-490e-c85c6f0bfb5b" executionId="fc86f040-dfbf-4aa9-ae55-5c8d2cd0a727" testListId="8c84fa94-04c1-424b-9868-57a2d4851a1d" />
    <TestEntry testId="1ca97c0e-7679-327b-94f2-a560c2146a14" executionId="4aa3b21e-fe79-4e5a-b2f7-5c31e6970930" testListId="8c84fa94-04c1-424b-9868-57a2d4851a1d" />
    <TestEntry testId="82e026a2-a98a-7f03-ab75-fcc143cd663c" executionId="a3de87dd-a8a5-48e4-81a0-ace947439522" testListId="8c84fa94-04c1-424b-9868-57a2d4851a1d" />
    <TestEntry testId="f624ab45-ddb0-2f36-95f4-72db1760647f" executionId="bcccf1e9-725a-4b84-9a81-244dad86a23c" testListId="8c84fa94-04c1-424b-9868-57a2d4851a1d" />
    <TestEntry testId="80c77f9f-63c3-1416-82a8-2bde9f889de6" executionId="794915ee-1b63-416c-9c16-199e6723a661" testListId="8c84fa94-04c1-424b-9868-57a2d4851a1d" />
    <TestEntry testId="a42be449-56e4-7354-53f9-2d2f7f274b5f" executionId="ba010163-fcbb-4e4b-bb06-c60d24533336" testListId="8c84fa94-04c1-424b-9868-57a2d4851a1d" />
    <TestEntry testId="c70e5bab-d732-2b4e-7cd6-4c06c8749449" executionId="e64fbc99-9980-4f7d-a98a-226be87725e9" testListId="8c84fa94-04c1-424b-9868-57a2d4851a1d" />
    <TestEntry testId="73ddee02-7102-e28c-4588-8c7556c6eb14" executionId="951b5c34-061f-4b3d-8ec0-bb78b1dafbfa" testListId="8c84fa94-04c1-424b-9868-57a2d4851a1d" />
    <TestEntry testId="0863d3e1-1c58-6b48-563e-ebc0f984fea1" executionId="82d295d3-5cf5-4387-b2de-3acf912b34a4" testListId="8c84fa94-04c1-424b-9868-57a2d4851a1d" />
    <TestEntry testId="c87d0368-e92e-cbd1-44b9-4478b4ca0633" executionId="c43a343c-ea53-46dd-a53c-68c186426069" testListId="8c84fa94-04c1-424b-9868-57a2d4851a1d" />
    <TestEntry testId="7096e9a3-af4f-deed-9427-dd1fb34b4063" executionId="d399eec5-155e-4888-bbe2-ad3ba8dc2bef" testListId="8c84fa94-04c1-424b-9868-57a2d4851a1d" />
    <TestEntry testId="3e282649-b1d7-efcc-16cb-88f797cfc6ce" executionId="b0a05a45-5ce2-4ede-9a2e-995b6d1ad142" testListId="8c84fa94-04c1-424b-9868-57a2d4851a1d" />
    <TestEntry testId="77438b0f-37be-a771-73fe-b9c1e2e16842" executionId="0cfcb8fe-68e1-43cf-983c-68a885954ca2" testListId="8c84fa94-04c1-424b-9868-57a2d4851a1d" />
    <TestEntry testId="6cbf86d3-9c8c-9b6d-c242-da680a1936ff" executionId="e82e69da-f585-455f-a63c-2d1a187448a7" testListId="8c84fa94-04c1-424b-9868-57a2d4851a1d" />
    <TestEntry testId="5d2cce68-aa58-3fbb-5388-3969c9367d31" executionId="0629e84e-dd76-4e3b-baaa-20529e9ef63e" testListId="8c84fa94-04c1-424b-9868-57a2d4851a1d" />
    <TestEntry testId="9ce5d507-1647-2951-dfd9-d61272508026" executionId="f61d3dd9-d269-4247-a8aa-138b0865e82d" testListId="8c84fa94-04c1-424b-9868-57a2d4851a1d" />
    <TestEntry testId="ae76524a-50d7-1f33-eda8-e0c10f6c5458" executionId="29f17a6c-5916-4ee6-90a6-5b53c4961300" testListId="8c84fa94-04c1-424b-9868-57a2d4851a1d" />
    <TestEntry testId="ed159f69-05bc-cf8d-cbdb-b35557e06dfe" executionId="73a2049a-ceec-4138-9ed5-66813c82860b" testListId="8c84fa94-04c1-424b-9868-57a2d4851a1d" />
    <TestEntry testId="988a5a50-f787-d696-beb5-18d2ffd4817b" executionId="8f2cf40c-915c-48cf-bc14-95e4c0c322ad" testListId="8c84fa94-04c1-424b-9868-57a2d4851a1d" />
    <TestEntry testId="1787a117-b381-761a-e33a-03fb6820ba59" executionId="08cdc77c-7ed1-4a9e-afeb-9238e1947741" testListId="8c84fa94-04c1-424b-9868-57a2d4851a1d" />
    <TestEntry testId="ccb9cf6e-2029-420d-04ea-22db59cdf5e8" executionId="53842a6d-a70d-4c19-b4c8-98d42c6f9ff5" testListId="8c84fa94-04c1-424b-9868-57a2d4851a1d" />
    <TestEntry testId="54ba4e7e-6b1b-64e4-9151-a54e121eb723" executionId="d4b50e79-11bd-41bf-a03a-6d305fd6d40b" testListId="8c84fa94-04c1-424b-9868-57a2d4851a1d" />
    <TestEntry testId="75ab77c2-8ece-44ad-582e-a3f2be54432a" executionId="0449d73e-63d7-48ac-88b9-4e42421f1826" testListId="8c84fa94-04c1-424b-9868-57a2d4851a1d" />
    <TestEntry testId="1068b125-7e20-f5ad-a067-c696cae3e38b" executionId="c02f22a8-1d12-48ea-9b0b-e1c88c41e2d2" testListId="8c84fa94-04c1-424b-9868-57a2d4851a1d" />
    <TestEntry testId="6309b1f8-924e-61ad-cdef-75ef61dc7ae7" executionId="9823ca4e-c86c-49d3-908e-d19170cdd684" testListId="8c84fa94-04c1-424b-9868-57a2d4851a1d" />
    <TestEntry testId="05d9f462-1f8f-b8df-388c-1724762f2858" executionId="3b7b1211-e990-4b5c-8f6c-140926764323" testListId="8c84fa94-04c1-424b-9868-57a2d4851a1d" />
    <TestEntry testId="4bf69307-4792-89fb-074f-e8332a603ebc" executionId="94817383-5826-47b4-b7a6-4590b6c24e36" testListId="8c84fa94-04c1-424b-9868-57a2d4851a1d" />
    <TestEntry testId="a72e4223-b465-17ca-fae0-70e98570c9ad" executionId="a0fd8ef6-b950-4d9e-924e-17caca37d494" testListId="8c84fa94-04c1-424b-9868-57a2d4851a1d" />
    <TestEntry testId="09bf6443-6779-c767-dc94-609331a6dcf2" executionId="aa8d46b9-e6d6-446a-b4a3-d68d0ae2e3f9" testListId="8c84fa94-04c1-424b-9868-57a2d4851a1d" />
    <TestEntry testId="63bee9b4-2d17-54f4-a756-36c3c7cd634a" executionId="44e62e9a-189a-488e-8da1-2e9b2b32124c" testListId="8c84fa94-04c1-424b-9868-57a2d4851a1d" />
    <TestEntry testId="591b47a2-441f-bec8-c6b7-280228b6867d" executionId="30652c69-64dc-4b91-a5b5-239186b15f40" testListId="8c84fa94-04c1-424b-9868-57a2d4851a1d" />
    <TestEntry testId="648d4df5-9148-1a71-ad0e-9dbc003bddd7" executionId="c03ce028-38cf-4870-9f4c-6c9a8f3d9604" testListId="8c84fa94-04c1-424b-9868-57a2d4851a1d" />
    <TestEntry testId="756fc45f-2fac-3bf5-e3b8-ee7efe790953" executionId="724c7fe9-dcfa-4bf5-8490-2b6df3b0a322" testListId="8c84fa94-04c1-424b-9868-57a2d4851a1d" />
    <TestEntry testId="f0f6ad11-e747-eb61-4b5a-c796ace2cdb0" executionId="87bf2167-1eb3-46c6-99b8-ec1baf9dab61" testListId="8c84fa94-04c1-424b-9868-57a2d4851a1d" />
  </TestEntries>
  <Results>
    <UnitTestResult executionId="47dda182-ee79-4712-8d78-af4882273956" testId="0b4904af-d164-e8fb-af8b-5582ee86bf64" testName="OBD_Sensors_ReturnSetConstructorTest" computerName="DESKTOP" duration="00:00:00.0489199" startTime="2008-05-04T17:13:42.5625000-05:00" endTime="2008-05-04T17:13:42.8906250-05:00" testType="13cdc9d9-ddb5-4fa4-a97d-d965ccfc6d4b" outcome="Inconclusive" testListId="8c84fa94-04c1-424b-9868-57a2d4851a1d">
      <Output>
        <ErrorInfo>
          <Message>Assert.Inconclusive failed. TODO: Implement code to verify target</Message>
          <StackTrace>   at OBDReapTestProject.OBD_Sensors_ReturnSetTest.OBD_Sensors_ReturnSetConstructorTest() in C:\Documents and Settings\Administrator\My Documents\Projects\Published\OBDReapTestProject\OBD_Sensors_ReturnSetTest.cs:line 72
</StackTrace>
        </ErrorInfo>
      </Output>
    </UnitTestResult>
    <UnitTestResult executionId="7a78e27a-1e18-4a42-8240-bed632fdfff8" testId="243c5db2-5ba8-4fc1-e5da-923eb39a8ec0" testName="Vehicle_SpeedTest" computerName="DESKTOP" duration="00:00:20.4423711" startTime="2008-05-04T17:13:42.8906250-05:00" endTime="2008-05-04T17:14:03.3437500-05:00" testType="13cdc9d9-ddb5-4fa4-a97d-d965ccfc6d4b" outcome="Passed" testListId="8c84fa94-04c1-424b-9868-57a2d4851a1d">
      <Output>
        <StdOut>1696.70602858919 MPH?</StdOut>
      </Output>
    </UnitTestResult>
    <UnitTestResult executionId="bec82868-d411-48d4-ab39-24ec1d80a99e" testId="815e43d9-3176-8f1f-f190-39155f2bcced" testName="Timing_AdvanceTest" computerName="DESKTOP" duration="00:00:09.7578807" startTime="2008-05-04T17:14:03.3437500-05:00" endTime="2008-05-04T17:14:13.1093750-05:00" testType="13cdc9d9-ddb5-4fa4-a97d-d965ccfc6d4b" outcome="Passed" testListId="8c84fa94-04c1-424b-9868-57a2d4851a1d">
      <Output>
      </Output>
    </UnitTestResult>
    <UnitTestResult executionId="7656d3fd-1647-4b21-8dad-1d229f8cc4ad" testId="9a6c8915-56d4-4a82-9bc8-9e322e8ae098" testName="Time_Since_Engine_StartTest" computerName="DESKTOP" duration="00:00:00.6660248" startTime="2008-05-04T17:14:13.1093750-05:00" endTime="2008-05-04T17:14:14.0312500-05:00" testType="13cdc9d9-ddb5-4fa4-a97d-d965ccfc6d4b" outcome="Failed" testListId="8c84fa94-04c1-424b-9868-57a2d4851a1d">
      <Output>
        <ErrorInfo>
          <Message>Assert.AreEqual failed. Expected:&lt;(null)&gt;. Actual:&lt;OBDReap.OBD+Sensors+ReturnSet&gt;. </Message>
          <StackTrace>   at OBDReapTestProject.OBD_SensorsTest.Time_Since_Engine_StartTest() in C:\Documents and Settings\Administrator\My Documents\Projects\Published\OBDReapTestProject\OBD_SensorsTest.cs:line 123
</StackTrace>
        </ErrorInfo>
      </Output>
    </UnitTestResult>
    <UnitTestResult executionId="b320f638-bbec-4573-9e1b-bb3feaf789cf" testId="927993be-6fb9-c6f1-9872-7425ccc608ac" testName="Throttle_PositionTest" computerName="DESKTOP" duration="00:00:00.3248612" startTime="2008-05-04T17:14:14.0312500-05:00" endTime="2008-05-04T17:14:14.6093750-05:00" testType="13cdc9d9-ddb5-4fa4-a97d-d965ccfc6d4b" outcome="Failed" testListId="8c84fa94-04c1-424b-9868-57a2d4851a1d">
      <Output>
        <ErrorInfo>
          <Message>Assert.AreEqual failed. Expected:&lt;(null)&gt;. Actual:&lt;OBDReap.OBD+Sensors+ReturnSet&gt;. </Message>
          <StackTrace>   at OBDReapTestProject.OBD_SensorsTest.Throttle_PositionTest() in C:\Documents and Settings\Administrator\My Documents\Projects\Published\OBDReapTestProject\OBD_SensorsTest.cs:line 137
</StackTrace>
        </ErrorInfo>
      </Output>
    </UnitTestResult>
    <UnitTestResult executionId="48c75ae1-9897-4293-8f76-a57768997d67" testId="3e8a8bc0-64de-4cfa-35db-7591df287936" testName="Supported_PIDsTest" computerName="DESKTOP" duration="00:00:00.7817603" startTime="2008-05-04T17:14:14.6250000-05:00" endTime="2008-05-04T17:14:15.4062500-05:00" testType="13cdc9d9-ddb5-4fa4-a97d-d965ccfc6d4b" outcome="Failed" testListId="8c84fa94-04c1-424b-9868-57a2d4851a1d">
      <Output>
        <ErrorInfo>
          <Message>Assert.AreEqual failed. Expected:&lt;(null)&gt;. Actual:&lt;OBDReap.OBD+Sensors+ReturnSet&gt;. </Message>
          <StackTrace>   at OBDReapTestProject.OBD_SensorsTest.Supported_PIDsTest() in C:\Documents and Settings\Administrator\My Documents\Projects\Published\OBDReapTestProject\OBD_SensorsTest.cs:line 151
</StackTrace>
        </ErrorInfo>
      </Output>
    </UnitTestResult>
    <UnitTestResult executionId="5d885692-a0ee-4560-99c4-7a69d4b51435" testId="352ccee4-eca2-33a6-ce4c-5f8f8e0179a4" testName="Status_Since_DTC_ClearedTest" computerName="DESKTOP" duration="00:00:00.7944451" startTime="2008-05-04T17:14:15.4062500-05:00" endTime="2008-05-04T17:14:16.4687500-05:00" testType="13cdc9d9-ddb5-4fa4-a97d-d965ccfc6d4b" outcome="Failed" testListId="8c84fa94-04c1-424b-9868-57a2d4851a1d">
      <Output>
        <ErrorInfo>
          <Message>Assert.AreEqual failed. Expected:&lt;(null)&gt;. Actual:&lt;OBDReap.OBD+Sensors+ReturnSet&gt;. </Message>
          <StackTrace>   at OBDReapTestProject.OBD_SensorsTest.Status_Since_DTC_ClearedTest() in C:\Documents and Settings\Administrator\My Documents\Projects\Published\OBDReapTestProject\OBD_SensorsTest.cs:line 165
</StackTrace>
        </ErrorInfo>
      </Output>
    </UnitTestResult>
    <UnitTestResult executionId="d5063492-2209-4f5e-885f-1241d08f9e3b" testId="aeba56a4-9fc4-bed9-8d76-a816d04cd652" testName="Short_Term_Fuel_Trim_2Test" computerName="DESKTOP" duration="00:00:01.9380183" startTime="2008-05-04T17:14:16.4687500-05:00" endTime="2008-05-04T17:14:18.4062500-05:00" testType="13cdc9d9-ddb5-4fa4-a97d-d965ccfc6d4b" outcome="Failed" testListId="8c84fa94-04c1-424b-9868-57a2d4851a1d">
      <Output>
        <ErrorInfo>
          <Message>Assert.AreEqual failed. Expected:&lt;(null)&gt;. Actual:&lt;OBDReap.OBD+Sensors+ReturnSet&gt;. </Message>
          <StackTrace>   at OBDReapTestProject.OBD_SensorsTest.Short_Term_Fuel_Trim_2Test() in C:\Documents and Settings\Administrator\My Documents\Projects\Published\OBDReapTestProject\OBD_SensorsTest.cs:line 179
</StackTrace>
        </ErrorInfo>
      </Output>
    </UnitTestResult>
    <UnitTestResult executionId="ef0ee44e-1b52-45d0-accb-433956495f89" testId="47f8fb12-9b9f-9c40-e21c-ea2a6adbc222" testName="Short_Term_Fuel_Trim_1Test" computerName="DESKTOP" duration="00:00:00.3399646" startTime="2008-05-04T17:14:18.4218750-05:00" endTime="2008-05-04T17:14:18.7656250-05:00" testType="13cdc9d9-ddb5-4fa4-a97d-d965ccfc6d4b" outcome="Failed" testListId="8c84fa94-04c1-424b-9868-57a2d4851a1d">
      <Output>
        <ErrorInfo>
          <Message>Assert.AreEqual failed. Expected:&lt;(null)&gt;. Actual:&lt;OBDReap.OBD+Sensors+ReturnSet&gt;. </Message>
          <StackTrace>   at OBDReapTestProject.OBD_SensorsTest.Short_Term_Fuel_Trim_1Test() in C:\Documents and Settings\Administrator\My Documents\Projects\Published\OBDReapTestProject\OBD_SensorsTest.cs:line 193
</StackTrace>
        </ErrorInfo>
      </Output>
    </UnitTestResult>
    <UnitTestResult executionId="72fb4154-4fe0-4169-bcbb-eb028722fd2d" testId="097a3ffe-b38c-5f4a-e73d-c482abbb484e" testName="Secondary_Air_StatusTest" computerName="DESKTOP" duration="00:00:00.3576667" startTime="2008-05-04T17:14:18.7656250-05:00" endTime="2008-05-04T17:14:19.1250000-05:00" testType="13cdc9d9-ddb5-4fa4-a97d-d965ccfc6d4b" outcome="Failed" testListId="8c84fa94-04c1-424b-9868-57a2d4851a1d">
      <Output>
        <ErrorInfo>
          <Message>Assert.AreEqual failed. Expected:&lt;(null)&gt;. Actual:&lt;OBDReap.OBD+Sensors+ReturnSet&gt;. </Message>
          <StackTrace>   at OBDReapTestProject.OBD_SensorsTest.Secondary_Air_StatusTest() in C:\Documents and Settings\Administrator\My Documents\Projects\Published\OBDReapTestProject\OBD_SensorsTest.cs:line 207
</StackTrace>
        </ErrorInfo>
      </Output>
    </UnitTestResult>
    <UnitTestResult executionId="fc86f040-dfbf-4aa9-ae55-5c8d2cd0a727" testId="21f4b005-288f-ec31-490e-c85c6f0bfb5b" testName="ParseOutBitsTest1" computerName="DESKTOP" duration="00:00:00.3259344" startTime="2008-05-04T17:14:19.1406250-05:00" endTime="2008-05-04T17:14:19.2187500-05:00" testType="13cdc9d9-ddb5-4fa4-a97d-d965ccfc6d4b" outcome="Failed" testListId="8c84fa94-04c1-424b-9868-57a2d4851a1d">
      <Output>
        <ErrorInfo>
          <Message>Assert.AreEqual failed. Expected:&lt;(null)&gt;. Actual:&lt;System.Boolean[]&gt;. </Message>
          <StackTrace>   at OBDReapTestProject.OBD_SensorsTest.ParseOutBitsTest1() in C:\Documents and Settings\Administrator\My Documents\Projects\Published\OBDReapTestProject\OBD_SensorsTest.cs:line 223
</StackTrace>
        </ErrorInfo>
      </Output>
    </UnitTestResult>
    <UnitTestResult executionId="4aa3b21e-fe79-4e5a-b2f7-5c31e6970930" testId="1ca97c0e-7679-327b-94f2-a560c2146a14" testName="OBD_DesignationTest" computerName="DESKTOP" duration="00:00:00.1800466" startTime="2008-05-04T17:14:19.2187500-05:00" endTime="2008-05-04T17:14:19.4062500-05:00" testType="13cdc9d9-ddb5-4fa4-a97d-d965ccfc6d4b" outcome="Failed" testListId="8c84fa94-04c1-424b-9868-57a2d4851a1d">
      <Output>
        <ErrorInfo>
          <Message>Assert.AreEqual failed. Expected:&lt;(null)&gt;. Actual:&lt;OBDReap.OBD+Sensors+ReturnSet&gt;. </Message>
          <StackTrace>   at OBDReapTestProject.OBD_SensorsTest.OBD_DesignationTest() in C:\Documents and Settings\Administrator\My Documents\Projects\Published\OBDReapTestProject\OBD_SensorsTest.cs:line 237
</StackTrace>
        </ErrorInfo>
      </Output>
    </UnitTestResult>
    <UnitTestResult executionId="a3de87dd-a8a5-48e4-81a0-ace947439522" testId="82e026a2-a98a-7f03-ab75-fcc143cd663c" testName="O2_Sensor_2_4Test" computerName="DESKTOP" duration="00:00:00.2731027" startTime="2008-05-04T17:14:19.4218750-05:00" endTime="2008-05-04T17:14:19.6875000-05:00" testType="13cdc9d9-ddb5-4fa4-a97d-d965ccfc6d4b" outcome="Failed" testListId="8c84fa94-04c1-424b-9868-57a2d4851a1d">
      <Output>
        <ErrorInfo>
          <Message>Assert.AreEqual failed. Expected:&lt;(null)&gt;. Actual:&lt;OBDReap.OBD+Sensors+ReturnSet&gt;. </Message>
          <StackTrace>   at OBDReapTestProject.OBD_SensorsTest.O2_Sensor_2_4Test() in C:\Documents and Settings\Administrator\My Documents\Projects\Published\OBDReapTestProject\OBD_SensorsTest.cs:line 251
</StackTrace>
        </ErrorInfo>
      </Output>
    </UnitTestResult>
    <UnitTestResult executionId="bcccf1e9-725a-4b84-9a81-244dad86a23c" testId="f624ab45-ddb0-2f36-95f4-72db1760647f" testName="O2_Sensor_2_3Test" computerName="DESKTOP" duration="00:00:00.2206404" startTime="2008-05-04T17:14:19.7031250-05:00" endTime="2008-05-04T17:14:19.9218750-05:00" testType="13cdc9d9-ddb5-4fa4-a97d-d965ccfc6d4b" outcome="Failed" testListId="8c84fa94-04c1-424b-9868-57a2d4851a1d">
      <Output>
        <ErrorInfo>
          <Message>Assert.AreEqual failed. Expected:&lt;(null)&gt;. Actual:&lt;OBDReap.OBD+Sensors+ReturnSet&gt;. </Message>
          <StackTrace>   at OBDReapTestProject.OBD_SensorsTest.O2_Sensor_2_3Test() in C:\Documents and Settings\Administrator\My Documents\Projects\Published\OBDReapTestProject\OBD_SensorsTest.cs:line 265
</StackTrace>
        </ErrorInfo>
      </Output>
    </UnitTestResult>
    <UnitTestResult executionId="794915ee-1b63-416c-9c16-199e6723a661" testId="80c77f9f-63c3-1416-82a8-2bde9f889de6" testName="O2_Sensor_2_2Test" computerName="DESKTOP" duration="-00:00:00.0144910" startTime="2008-05-04T17:14:19.9375000-05:00" endTime="2008-05-04T17:14:20.1718750-05:00" testType="13cdc9d9-ddb5-4fa4-a97d-d965ccfc6d4b" outcome="Failed" testListId="8c84fa94-04c1-424b-9868-57a2d4851a1d">
      <Output>
        <ErrorInfo>
          <Message>Assert.AreEqual failed. Expected:&lt;(null)&gt;. Actual:&lt;OBDReap.OBD+Sensors+ReturnSet&gt;. </Message>
          <StackTrace>   at OBDReapTestProject.OBD_SensorsTest.O2_Sensor_2_2Test() in C:\Documents and Settings\Administrator\My Documents\Projects\Published\OBDReapTestProject\OBD_SensorsTest.cs:line 279
</StackTrace>
        </ErrorInfo>
      </Output>
    </UnitTestResult>
    <UnitTestResult executionId="ba010163-fcbb-4e4b-bb06-c60d24533336" testId="a42be449-56e4-7354-53f9-2d2f7f274b5f" testName="O2_Sensor_2_1Test" computerName="DESKTOP" duration="-00:00:00.0122063" startTime="2008-05-04T17:14:20.1718750-05:00" endTime="2008-05-04T17:14:20.4218750-05:00" testType="13cdc9d9-ddb5-4fa4-a97d-d965ccfc6d4b" outcome="Failed" testListId="8c84fa94-04c1-424b-9868-57a2d4851a1d">
      <Output>
        <ErrorInfo>
          <Message>Assert.AreEqual failed. Expected:&lt;(null)&gt;. Actual:&lt;OBDReap.OBD+Sensors+ReturnSet&gt;. </Message>
          <StackTrace>   at OBDReapTestProject.OBD_SensorsTest.O2_Sensor_2_1Test() in C:\Documents and Settings\Administrator\My Documents\Projects\Published\OBDReapTestProject\OBD_SensorsTest.cs:line 293
</StackTrace>
        </ErrorInfo>
      </Output>
    </UnitTestResult>
    <UnitTestResult executionId="e64fbc99-9980-4f7d-a98a-226be87725e9" testId="c70e5bab-d732-2b4e-7cd6-4c06c8749449" testName="O2_Sensor_1_4Test" computerName="DESKTOP" duration="00:00:00.2353162" startTime="2008-05-04T17:14:20.4218750-05:00" endTime="2008-05-04T17:14:20.6562500-05:00" testType="13cdc9d9-ddb5-4fa4-a97d-d965ccfc6d4b" outcome="Failed" testListId="8c84fa94-04c1-424b-9868-57a2d4851a1d">
      <Output>
        <ErrorInfo>
          <Message>Assert.AreEqual failed. Expected:&lt;(null)&gt;. Actual:&lt;OBDReap.OBD+Sensors+ReturnSet&gt;. </Message>
          <StackTrace>   at OBDReapTestProject.OBD_SensorsTest.O2_Sensor_1_4Test() in C:\Documents and Settings\Administrator\My Documents\Projects\Published\OBDReapTestProject\OBD_SensorsTest.cs:line 307
</StackTrace>
        </ErrorInfo>
      </Output>
    </UnitTestResult>
    <UnitTestResult executionId="951b5c34-061f-4b3d-8ec0-bb78b1dafbfa" testId="73ddee02-7102-e28c-4588-8c7556c6eb14" testName="O2_Sensor_1_3Test" computerName="DESKTOP" duration="00:00:00.2235927" startTime="2008-05-04T17:14:20.6718750-05:00" endTime="2008-05-04T17:14:20.8906250-05:00" testType="13cdc9d9-ddb5-4fa4-a97d-d965ccfc6d4b" outcome="Failed" testListId="8c84fa94-04c1-424b-9868-57a2d4851a1d">
      <Output>
        <ErrorInfo>
          <Message>Assert.AreEqual failed. Expected:&lt;(null)&gt;. Actual:&lt;OBDReap.OBD+Sensors+ReturnSet&gt;. </Message>
          <StackTrace>   at OBDReapTestProject.OBD_SensorsTest.O2_Sensor_1_3Test() in C:\Documents and Settings\Administrator\My Documents\Projects\Published\OBDReapTestProject\OBD_SensorsTest.cs:line 321
</StackTrace>
        </ErrorInfo>
      </Output>
    </UnitTestResult>
    <UnitTestResult executionId="82d295d3-5cf5-4387-b2de-3acf912b34a4" testId="0863d3e1-1c58-6b48-563e-ebc0f984fea1" testName="O2_Sensor_1_2Test" computerName="DESKTOP" duration="-00:00:00.0122675" startTime="2008-05-04T17:14:20.9062500-05:00" endTime="2008-05-04T17:14:21.1406250-05:00" testType="13cdc9d9-ddb5-4fa4-a97d-d965ccfc6d4b" outcome="Failed" testListId="8c84fa94-04c1-424b-9868-57a2d4851a1d">
      <Output>
        <ErrorInfo>
          <Message>Assert.AreEqual failed. Expected:&lt;(null)&gt;. Actual:&lt;OBDReap.OBD+Sensors+ReturnSet&gt;. </Message>
          <StackTrace>   at OBDReapTestProject.OBD_SensorsTest.O2_Sensor_1_2Test() in C:\Documents and Settings\Administrator\My Documents\Projects\Published\OBDReapTestProject\OBD_SensorsTest.cs:line 335
</StackTrace>
        </ErrorInfo>
      </Output>
    </UnitTestResult>
    <UnitTestResult executionId="c43a343c-ea53-46dd-a53c-68c186426069" testId="c87d0368-e92e-cbd1-44b9-4478b4ca0633" testName="O2_Sensor_1_1Test" computerName="DESKTOP" duration="00:00:00.2345126" startTime="2008-05-04T17:14:21.1406250-05:00" endTime="2008-05-04T17:14:21.3906250-05:00" testType="13cdc9d9-ddb5-4fa4-a97d-d965ccfc6d4b" outcome="Failed" testListId="8c84fa94-04c1-424b-9868-57a2d4851a1d">
      <Output>
        <ErrorInfo>
          <Message>Assert.AreEqual failed. Expected:&lt;(null)&gt;. Actual:&lt;OBDReap.OBD+Sensors+ReturnSet&gt;. </Message>
          <StackTrace>   at OBDReapTestProject.OBD_SensorsTest.O2_Sensor_1_1Test() in C:\Documents and Settings\Administrator\My Documents\Projects\Published\OBDReapTestProject\OBD_SensorsTest.cs:line 349
</StackTrace>
        </ErrorInfo>
      </Output>
    </UnitTestResult>
    <UnitTestResult executionId="d399eec5-155e-4888-bbe2-ad3ba8dc2bef" testId="7096e9a3-af4f-deed-9427-dd1fb34b4063" testName="Long_Term_Fuel_Trim_2Test" computerName="DESKTOP" duration="00:00:00.2518584" startTime="2008-05-04T17:14:21.3906250-05:00" endTime="2008-05-04T17:14:21.6562500-05:00" testType="13cdc9d9-ddb5-4fa4-a97d-d965ccfc6d4b" outcome="Failed" testListId="8c84fa94-04c1-424b-9868-57a2d4851a1d">
      <Output>
        <ErrorInfo>
          <Message>Assert.AreEqual failed. Expected:&lt;(null)&gt;. Actual:&lt;OBDReap.OBD+Sensors+ReturnSet&gt;. </Message>
          <StackTrace>   at OBDReapTestProject.OBD_SensorsTest.Long_Term_Fuel_Trim_2Test() in C:\Documents and Settings\Administrator\My Documents\Projects\Published\OBDReapTestProject\OBD_SensorsTest.cs:line 363
</StackTrace>
        </ErrorInfo>
      </Output>
    </UnitTestResult>
    <UnitTestResult executionId="b0a05a45-5ce2-4ede-9a2e-995b6d1ad142" testId="3e282649-b1d7-efcc-16cb-88f797cfc6ce" testName="Long_Term_Fuel_Trim_1Test" computerName="DESKTOP" duration="-00:00:00.0217650" startTime="2008-05-04T17:14:21.6562500-05:00" endTime="2008-05-04T17:14:21.8906250-05:00" testType="13cdc9d9-ddb5-4fa4-a97d-d965ccfc6d4b" outcome="Failed" testListId="8c84fa94-04c1-424b-9868-57a2d4851a1d">
      <Output>
        <ErrorInfo>
          <Message>Assert.AreEqual failed. Expected:&lt;(null)&gt;. Actual:&lt;OBDReap.OBD+Sensors+ReturnSet&gt;. </Message>
          <StackTrace>   at OBDReapTestProject.OBD_SensorsTest.Long_Term_Fuel_Trim_1Test() in C:\Documents and Settings\Administrator\My Documents\Projects\Published\OBDReapTestProject\OBD_SensorsTest.cs:line 377
</StackTrace>
        </ErrorInfo>
      </Output>
    </UnitTestResult>
    <UnitTestResult executionId="0cfcb8fe-68e1-43cf-983c-68a885954ca2" testId="77438b0f-37be-a771-73fe-b9c1e2e16842" testName="Location_of_O2_sensors_2Test" computerName="DESKTOP" duration="00:00:00.0074379" startTime="2008-05-04T17:14:21.8906250-05:00" endTime="2008-05-04T17:14:22.1562500-05:00" testType="13cdc9d9-ddb5-4fa4-a97d-d965ccfc6d4b" outcome="Failed" testListId="8c84fa94-04c1-424b-9868-57a2d4851a1d">
      <Output>
        <ErrorInfo>
          <Message>Assert.AreEqual failed. Expected:&lt;(null)&gt;. Actual:&lt;OBDReap.OBD+Sensors+ReturnSet&gt;. </Message>
          <StackTrace>   at OBDReapTestProject.OBD_SensorsTest.Location_of_O2_sensors_2Test() in C:\Documents and Settings\Administrator\My Documents\Projects\Published\OBDReapTestProject\OBD_SensorsTest.cs:line 391
</StackTrace>
        </ErrorInfo>
      </Output>
    </UnitTestResult>
    <UnitTestResult executionId="e82e69da-f585-455f-a63c-2d1a187448a7" testId="6cbf86d3-9c8c-9b6d-c242-da680a1936ff" testName="Location_of_O2_sensors_1Test" computerName="DESKTOP" duration="00:00:00.2288160" startTime="2008-05-04T17:14:22.1562500-05:00" endTime="2008-05-04T17:14:22.3906250-05:00" testType="13cdc9d9-ddb5-4fa4-a97d-d965ccfc6d4b" outcome="Failed" testListId="8c84fa94-04c1-424b-9868-57a2d4851a1d">
      <Output>
        <ErrorInfo>
          <Message>Assert.AreEqual failed. Expected:&lt;(null)&gt;. Actual:&lt;OBDReap.OBD+Sensors+ReturnSet&gt;. </Message>
          <StackTrace>   at OBDReapTestProject.OBD_SensorsTest.Location_of_O2_sensors_1Test() in C:\Documents and Settings\Administrator\My Documents\Projects\Published\OBDReapTestProject\OBD_SensorsTest.cs:line 405
</StackTrace>
        </ErrorInfo>
      </Output>
    </UnitTestResult>
    <UnitTestResult executionId="0629e84e-dd76-4e3b-baaa-20529e9ef63e" testId="5d2cce68-aa58-3fbb-5388-3969c9367d31" testName="Intake_Manifold_PressureTest" computerName="DESKTOP" duration="00:00:00.2530767" startTime="2008-05-04T17:14:22.3906250-05:00" endTime="2008-05-04T17:14:22.6562500-05:00" testType="13cdc9d9-ddb5-4fa4-a97d-d965ccfc6d4b" outcome="Failed" testListId="8c84fa94-04c1-424b-9868-57a2d4851a1d">
      <Output>
        <ErrorInfo>
          <Message>Assert.AreEqual failed. Expected:&lt;(null)&gt;. Actual:&lt;OBDReap.OBD+Sensors+ReturnSet&gt;. </Message>
          <StackTrace>   at OBDReapTestProject.OBD_SensorsTest.Intake_Manifold_PressureTest() in C:\Documents and Settings\Administrator\My Documents\Projects\Published\OBDReapTestProject\OBD_SensorsTest.cs:line 419
</StackTrace>
        </ErrorInfo>
      </Output>
    </UnitTestResult>
    <UnitTestResult executionId="f61d3dd9-d269-4247-a8aa-138b0865e82d" testId="9ce5d507-1647-2951-dfd9-d61272508026" testName="Intake_Air_TempTest" computerName="DESKTOP" duration="00:00:00.4912078" startTime="2008-05-04T17:14:22.6562500-05:00" endTime="2008-05-04T17:14:22.9062500-05:00" testType="13cdc9d9-ddb5-4fa4-a97d-d965ccfc6d4b" outcome="Failed" testListId="8c84fa94-04c1-424b-9868-57a2d4851a1d">
      <Output>
        <ErrorInfo>
          <Message>Assert.AreEqual failed. Expected:&lt;(null)&gt;. Actual:&lt;OBDReap.OBD+Sensors+ReturnSet&gt;. </Message>
          <StackTrace>   at OBDReapTestProject.OBD_SensorsTest.Intake_Air_TempTest() in C:\Documents and Settings\Administrator\My Documents\Projects\Published\OBDReapTestProject\OBD_SensorsTest.cs:line 433
</StackTrace>
        </ErrorInfo>
      </Output>
    </UnitTestResult>
    <UnitTestResult executionId="29f17a6c-5916-4ee6-90a6-5b53c4961300" testId="ae76524a-50d7-1f33-eda8-e0c10f6c5458" testName="HexToIntTest" computerName="DESKTOP" duration="-00:00:00.2319234" startTime="2008-05-04T17:14:22.9218750-05:00" endTime="2008-05-04T17:14:22.9375000-05:00" testType="13cdc9d9-ddb5-4fa4-a97d-d965ccfc6d4b" outcome="Failed" testListId="8c84fa94-04c1-424b-9868-57a2d4851a1d">
      <Output>
        <ErrorInfo>
          <Message>Test method OBDReapTestProject.OBD_SensorsTest.HexToIntTest threw exception:  System.FormatException: Input string was not in a correct format..</Message>
          <StackTrace>    at System.Number.StringToNumber(String str, NumberStyles options, NumberBuffer&amp; number, NumberFormatInfo info, Boolean parseDecimal)
   at System.Number.ParseInt32(String s, NumberStyles style, NumberFormatInfo info)
   at System.Int32.Parse(String s, NumberStyles style)
   at OBDReap.OBD.Sensors.HexToInt(String hex) in C:\Documents and Settings\Administrator\My Documents\Projects\Published\OBDReap\Form1.cs:line 66
   at OBDReapTestProject.OBD_SensorsTest.HexToIntTest() in C:\Documents and Settings\Administrator\My Documents\Projects\Published\OBDReapTestProject\OBD_SensorsTest.cs:line 447
</StackTrace>
        </ErrorInfo>
      </Output>
    </UnitTestResult>
    <UnitTestResult executionId="73a2049a-ceec-4138-9ed5-66813c82860b" testId="ed159f69-05bc-cf8d-cbdb-b35557e06dfe" testName="GetCmdTest" computerName="DESKTOP" duration="-00:00:00.0275380" startTime="2008-05-04T17:14:22.9375000-05:00" endTime="2008-05-04T17:14:23.1562500-05:00" testType="13cdc9d9-ddb5-4fa4-a97d-d965ccfc6d4b" outcome="Failed" testListId="8c84fa94-04c1-424b-9868-57a2d4851a1d">
      <Output>
        <ErrorInfo>
          <Message>Assert.AreEqual failed. Expected:&lt;0&gt;. Actual:&lt;2730&gt;. </Message>
          <StackTrace>   at OBDReapTestProject.OBD_SensorsTest.GetCmdTest() in C:\Documents and Settings\Administrator\My Documents\Projects\Published\OBDReapTestProject\OBD_SensorsTest.cs:line 464
</StackTrace>
        </ErrorInfo>
      </Output>
    </UnitTestResult>
    <UnitTestResult executionId="8f2cf40c-915c-48cf-bc14-95e4c0c322ad" testId="988a5a50-f787-d696-beb5-18d2ffd4817b" testName="Fuel_System_StatusTest" computerName="DESKTOP" duration="00:00:00.2663188" startTime="2008-05-04T17:14:23.1718750-05:00" endTime="2008-05-04T17:14:23.4375000-05:00" testType="13cdc9d9-ddb5-4fa4-a97d-d965ccfc6d4b" outcome="Failed" testListId="8c84fa94-04c1-424b-9868-57a2d4851a1d">
      <Output>
        <ErrorInfo>
          <Message>Assert.AreEqual failed. Expected:&lt;(null)&gt;. Actual:&lt;OBDReap.OBD+Sensors+ReturnSet&gt;. </Message>
          <StackTrace>   at OBDReapTestProject.OBD_SensorsTest.Fuel_System_StatusTest() in C:\Documents and Settings\Administrator\My Documents\Projects\Published\OBDReapTestProject\OBD_SensorsTest.cs:line 478
</StackTrace>
        </ErrorInfo>
      </Output>
    </UnitTestResult>
    <UnitTestResult executionId="08cdc77c-7ed1-4a9e-afeb-9238e1947741" testId="1787a117-b381-761a-e33a-03fb6820ba59" testName="Fuel_Rail_PressureTest" computerName="DESKTOP" duration="-00:00:00.0149845" startTime="2008-05-04T17:14:23.4531250-05:00" endTime="2008-05-04T17:14:23.6875000-05:00" testType="13cdc9d9-ddb5-4fa4-a97d-d965ccfc6d4b" outcome="Failed" testListId="8c84fa94-04c1-424b-9868-57a2d4851a1d">
      <Output>
        <ErrorInfo>
          <Message>Assert.AreEqual failed. Expected:&lt;(null)&gt;. Actual:&lt;OBDReap.OBD+Sensors+ReturnSet&gt;. </Message>
          <StackTrace>   at OBDReapTestProject.OBD_SensorsTest.Fuel_Rail_PressureTest() in C:\Documents and Settings\Administrator\My Documents\Projects\Published\OBDReapTestProject\OBD_SensorsTest.cs:line 492
</StackTrace>
        </ErrorInfo>
      </Output>
    </UnitTestResult>
    <UnitTestResult executionId="53842a6d-a70d-4c19-b4c8-98d42c6f9ff5" testId="ccb9cf6e-2029-420d-04ea-22db59cdf5e8" testName="Engine_Run_with_MIL_onTest" computerName="DESKTOP" duration="00:00:00.0187481" startTime="2008-05-04T17:14:23.6875000-05:00" endTime="2008-05-04T17:14:23.9687500-05:00" testType="13cdc9d9-ddb5-4fa4-a97d-d965ccfc6d4b" outcome="Failed" testListId="8c84fa94-04c1-424b-9868-57a2d4851a1d">
      <Output>
        <ErrorInfo>
          <Message>Assert.AreEqual failed. Expected:&lt;(null)&gt;. Actual:&lt;OBDReap.OBD+Sensors+ReturnSet&gt;. </Message>
          <StackTrace>   at OBDReapTestProject.OBD_SensorsTest.Engine_Run_with_MIL_onTest() in C:\Documents and Settings\Administrator\My Documents\Projects\Published\OBDReapTestProject\OBD_SensorsTest.cs:line 506
</StackTrace>
        </ErrorInfo>
      </Output>
    </UnitTestResult>
    <UnitTestResult executionId="d4b50e79-11bd-41bf-a03a-6d305fd6d40b" testId="54ba4e7e-6b1b-64e4-9151-a54e121eb723" testName="Engine_RPMTest" computerName="DESKTOP" duration="00:00:00.4877681" startTime="2008-05-04T17:14:23.9687500-05:00" endTime="2008-05-04T17:14:24.2187500-05:00" testType="13cdc9d9-ddb5-4fa4-a97d-d965ccfc6d4b" outcome="Failed" testListId="8c84fa94-04c1-424b-9868-57a2d4851a1d">
      <Output>
        <ErrorInfo>
          <Message>Assert.AreEqual failed. Expected:&lt;(null)&gt;. Actual:&lt;OBDReap.OBD+Sensors+ReturnSet&gt;. </Message>
          <StackTrace>   at OBDReapTestProject.OBD_SensorsTest.Engine_RPMTest() in C:\Documents and Settings\Administrator\My Documents\Projects\Published\OBDReapTestProject\OBD_SensorsTest.cs:line 520
</StackTrace>
        </ErrorInfo>
      </Output>
    </UnitTestResult>
    <UnitTestResult executionId="0449d73e-63d7-48ac-88b9-4e42421f1826" testId="75ab77c2-8ece-44ad-582e-a3f2be54432a" testName="DTC_Causing_Freeze_FrameTest" computerName="DESKTOP" duration="00:00:00.2577281" startTime="2008-05-04T17:14:24.2187500-05:00" endTime="2008-05-04T17:14:24.4843750-05:00" testType="13cdc9d9-ddb5-4fa4-a97d-d965ccfc6d4b" outcome="Failed" testListId="8c84fa94-04c1-424b-9868-57a2d4851a1d">
      <Output>
        <ErrorInfo>
          <Message>Assert.AreEqual failed. Expected:&lt;(null)&gt;. Actual:&lt;OBDReap.OBD+Sensors+ReturnSet&gt;. </Message>
          <StackTrace>   at OBDReapTestProject.OBD_SensorsTest.DTC_Causing_Freeze_FrameTest() in C:\Documents and Settings\Administrator\My Documents\Projects\Published\OBDReapTestProject\OBD_SensorsTest.cs:line 534
</StackTrace>
        </ErrorInfo>
      </Output>
    </UnitTestResult>
    <UnitTestResult executionId="c02f22a8-1d12-48ea-9b0b-e1c88c41e2d2" testId="1068b125-7e20-f5ad-a067-c696cae3e38b" testName="Coolant_TemperatureTest" computerName="DESKTOP" duration="00:00:00.0262707" startTime="2008-05-04T17:14:24.4843750-05:00" endTime="2008-05-04T17:14:24.7656250-05:00" testType="13cdc9d9-ddb5-4fa4-a97d-d965ccfc6d4b" outcome="Failed" testListId="8c84fa94-04c1-424b-9868-57a2d4851a1d">
      <Output>
        <ErrorInfo>
          <Message>Assert.AreEqual failed. Expected:&lt;(null)&gt;. Actual:&lt;OBDReap.OBD+Sensors+ReturnSet&gt;. </Message>
          <StackTrace>   at OBDReapTestProject.OBD_SensorsTest.Coolant_TemperatureTest() in C:\Documents and Settings\Administrator\My Documents\Projects\Published\OBDReapTestProject\OBD_SensorsTest.cs:line 548
</StackTrace>
        </ErrorInfo>
      </Output>
    </UnitTestResult>
    <UnitTestResult executionId="9823ca4e-c86c-49d3-908e-d19170cdd684" testId="6309b1f8-924e-61ad-cdef-75ef61dc7ae7" testName="Calculated_Load_ValueTest" computerName="DESKTOP" duration="00:00:00.2182564" startTime="2008-05-04T17:14:24.7812500-05:00" endTime="2008-05-04T17:14:25.0000000-05:00" testType="13cdc9d9-ddb5-4fa4-a97d-d965ccfc6d4b" outcome="Failed" testListId="8c84fa94-04c1-424b-9868-57a2d4851a1d">
      <Output>
        <ErrorInfo>
          <Message>Assert.AreEqual failed. Expected:&lt;(null)&gt;. Actual:&lt;OBDReap.OBD+Sensors+ReturnSet&gt;. </Message>
          <StackTrace>   at OBDReapTestProject.OBD_SensorsTest.Calculated_Load_ValueTest() in C:\Documents and Settings\Administrator\My Documents\Projects\Published\OBDReapTestProject\OBD_SensorsTest.cs:line 562
</StackTrace>
        </ErrorInfo>
      </Output>
    </UnitTestResult>
    <UnitTestResult executionId="3b7b1211-e990-4b5c-8f6c-140926764323" testId="05d9f462-1f8f-b8df-388c-1724762f2858" testName="BitStringTest" computerName="DESKTOP" duration="00:00:00.0245804" startTime="2008-05-04T17:14:25.0000000-05:00" endTime="2008-05-04T17:14:25.0312500-05:00" testType="13cdc9d9-ddb5-4fa4-a97d-d965ccfc6d4b" outcome="Failed" testListId="8c84fa94-04c1-424b-9868-57a2d4851a1d">
      <Output>
        <ErrorInfo>
          <Message>Test method OBDReapTestProject.OBD_SensorsTest.BitStringTest threw exception:  System.NullReferenceException: Object reference not set to an instance of an object..</Message>
          <StackTrace>    at OBDReap.OBD.Sensors.BitString(Boolean[] bBits) in C:\Documents and Settings\Administrator\My Documents\Projects\Published\OBDReap\Form1.cs:line 80
   at OBDReap.OBD_Accessor.Sensors.BitString(Boolean[] bBits)
   at OBDReapTestProject.OBD_SensorsTest.BitStringTest() in C:\Documents and Settings\Administrator\My Documents\Projects\Published\OBDReapTestProject\OBD_SensorsTest.cs:line 577
</StackTrace>
        </ErrorInfo>
      </Output>
    </UnitTestResult>
    <UnitTestResult executionId="94817383-5826-47b4-b7a6-4590b6c24e36" testId="4bf69307-4792-89fb-074f-e8332a603ebc" testName="Aux_input_statusTest" computerName="DESKTOP" duration="-00:00:00.0283693" startTime="2008-05-04T17:14:25.0312500-05:00" endTime="2008-05-04T17:14:25.2656250-05:00" testType="13cdc9d9-ddb5-4fa4-a97d-d965ccfc6d4b" outcome="Failed" testListId="8c84fa94-04c1-424b-9868-57a2d4851a1d">
      <Output>
        <ErrorInfo>
          <Message>Assert.AreEqual failed. Expected:&lt;(null)&gt;. Actual:&lt;OBDReap.OBD+Sensors+ReturnSet&gt;. </Message>
          <StackTrace>   at OBDReapTestProject.OBD_SensorsTest.Aux_input_statusTest() in C:\Documents and Settings\Administrator\My Documents\Projects\Published\OBDReapTestProject\OBD_SensorsTest.cs:line 592
</StackTrace>
        </ErrorInfo>
      </Output>
    </UnitTestResult>
    <UnitTestResult executionId="a0fd8ef6-b950-4d9e-924e-17caca37d494" testId="a72e4223-b465-17ca-fae0-70e98570c9ad" testName="Air_Flow_Rate_MAFTest" computerName="DESKTOP" duration="00:00:00.2570689" startTime="2008-05-04T17:14:25.2656250-05:00" endTime="2008-05-04T17:14:25.5312500-05:00" testType="13cdc9d9-ddb5-4fa4-a97d-d965ccfc6d4b" outcome="Failed" testListId="8c84fa94-04c1-424b-9868-57a2d4851a1d">
      <Output>
        <ErrorInfo>
          <Message>Assert.AreEqual failed. Expected:&lt;(null)&gt;. Actual:&lt;OBDReap.OBD+Sensors+ReturnSet&gt;. </Message>
          <StackTrace>   at OBDReapTestProject.OBD_SensorsTest.Air_Flow_Rate_MAFTest() in C:\Documents and Settings\Administrator\My Documents\Projects\Published\OBDReapTestProject\OBD_SensorsTest.cs:line 606
</StackTrace>
        </ErrorInfo>
      </Output>
    </UnitTestResult>
    <UnitTestResult executionId="aa8d46b9-e6d6-446a-b4a3-d68d0ae2e3f9" testId="09bf6443-6779-c767-dc94-609331a6dcf2" testName="OBD_SensorsConstructorTest" computerName="DESKTOP" duration="00:00:00.0091990" startTime="2008-05-04T17:14:25.5312500-05:00" endTime="2008-05-04T17:14:25.5468750-05:00" testType="13cdc9d9-ddb5-4fa4-a97d-d965ccfc6d4b" outcome="Inconclusive" testListId="8c84fa94-04c1-424b-9868-57a2d4851a1d">
      <Output>
        <ErrorInfo>
          <Message>Assert.Inconclusive failed. TODO: Implement code to verify target</Message>
          <StackTrace>   at OBDReapTestProject.OBD_SensorsTest.OBD_SensorsConstructorTest() in C:\Documents and Settings\Administrator\My Documents\Projects\Published\OBDReapTestProject\OBD_SensorsTest.cs:line 617
</StackTrace>
        </ErrorInfo>
      </Output>
    </UnitTestResult>
    <UnitTestResult executionId="44e62e9a-189a-488e-8da1-2e9b2b32124c" testId="63bee9b4-2d17-54f4-a756-36c3c7cd634a" testName="Supported_PIDsTest" computerName="DESKTOP" duration="00:00:00.4815858" startTime="2008-05-04T17:14:25.5625000-05:00" endTime="2008-05-04T17:14:25.7968750-05:00" testType="13cdc9d9-ddb5-4fa4-a97d-d965ccfc6d4b" outcome="Failed" testListId="8c84fa94-04c1-424b-9868-57a2d4851a1d">
      <Output>
        <ErrorInfo>
          <Message>Assert.AreEqual failed. Expected:&lt;2730&gt;. Actual:&lt;01010101010100000&gt;. </Message>
          <StackTrace>   at OBDReapTestProject.OBDReap_SensorsTest.Supported_PIDsTest() in C:\Documents and Settings\Administrator\My Documents\Projects\Published\OBDReapTestProject\OBDReap_SensorsTest.cs:line 75
</StackTrace>
        </ErrorInfo>
      </Output>
    </UnitTestResult>
    <UnitTestResult executionId="30652c69-64dc-4b91-a5b5-239186b15f40" testId="591b47a2-441f-bec8-c6b7-280228b6867d" testName="TranslateCodeTest" computerName="DESKTOP" duration="00:00:00.0094087" startTime="2008-05-04T17:14:25.8125000-05:00" endTime="2008-05-04T17:14:25.8281250-05:00" testType="13cdc9d9-ddb5-4fa4-a97d-d965ccfc6d4b" outcome="Inconclusive" testListId="8c84fa94-04c1-424b-9868-57a2d4851a1d">
      <Output>
        <ErrorInfo>
          <Message>Assert.Inconclusive failed. A method that does not return a value cannot be verified.</Message>
          <StackTrace>   at OBDReapTestProject.OBDTest.TranslateCodeTest() in C:\Documents and Settings\Administrator\My Documents\Projects\Published\OBDReapTestProject\OBDTest.cs:line 73
</StackTrace>
        </ErrorInfo>
      </Output>
    </UnitTestResult>
    <UnitTestResult executionId="c03ce028-38cf-4870-9f4c-6c9a8f3d9604" testId="648d4df5-9148-1a71-ad0e-9dbc003bddd7" testName="OBDConstructorTest" computerName="DESKTOP" duration="00:00:00.0090216" startTime="2008-05-04T17:14:25.8281250-05:00" endTime="2008-05-04T17:14:25.8437500-05:00" testType="13cdc9d9-ddb5-4fa4-a97d-d965ccfc6d4b" outcome="Inconclusive" testListId="8c84fa94-04c1-424b-9868-57a2d4851a1d">
      <Output>
        <ErrorInfo>
          <Message>Assert.Inconclusive failed. TODO: Implement code to verify target</Message>
          <StackTrace>   at OBDReapTestProject.OBDTest.OBDConstructorTest() in C:\Documents and Settings\Administrator\My Documents\Projects\Published\OBDReapTestProject\OBDTest.cs:line 83
</StackTrace>
        </ErrorInfo>
      </Output>
    </UnitTestResult>
    <UnitTestResult executionId="724c7fe9-dcfa-4bf5-8490-2b6df3b0a322" testId="756fc45f-2fac-3bf5-e3b8-ee7efe790953" testName="MaintainConnectionTest" computerName="DESKTOP" duration="00:00:00.1891775" startTime="2008-05-04T17:14:25.8437500-05:00" endTime="2008-05-04T17:14:26.2812500-05:00" testType="13cdc9d9-ddb5-4fa4-a97d-d965ccfc6d4b" outcome="Failed" testListId="8c84fa94-04c1-424b-9868-57a2d4851a1d">
      <Output>
        <ErrorInfo>
          <Message>Assert.AreEqual failed. Expected:&lt;0&gt;. Actual:&lt;-1&gt;. </Message>
          <StackTrace>   at OBDReapTestProject.OBD_SensorsTest.MaintainConnectionTest() in C:\Documents and Settings\Administrator\My Documents\Projects\Published\OBDReapTestProject\OBD_SensorsTest.cs:line 631
</StackTrace>
        </ErrorInfo>
      </Output>
    </UnitTestResult>
    <UnitTestResult executionId="87bf2167-1eb3-46c6-99b8-ec1baf9dab61" testId="f0f6ad11-e747-eb61-4b5a-c796ace2cdb0" testName="ParseOutBitsTest" computerName="DESKTOP" duration="00:00:00" startTime="0001-01-01T00:00:00.0000000-06:00" endTime="0001-01-01T00:00:00.0000000-06:00" testType="13cdc9d9-ddb5-4fa4-a97d-d965ccfc6d4b" outcome="NotExecuted" testListId="8c84fa94-04c1-424b-9868-57a2d4851a1d">
    </UnitTestResult>
  </Results>
</TestRun>