<?xml version="1.0" encoding="UTF-8"?>
<TestRun id="d09f401a-0525-4d3d-abb4-3c3c4b3ab026" name="remote@DESKTOP 2008-05-04 16:36:32" runUser="DESKTOP\remote" xmlns="http://microsoft.com/schemas/VisualStudio/TeamTest/2006">
  <TestRunConfiguration name="Local Test Run" id="83aba3ea-57f6-4249-8e07-3130942d9d3b">
    <Description>This is a default test run configuration for a local test run.</Description>
    <Deployment runDeploymentRoot="C:\Documents and Settings\Administrator\My Documents\Projects\Published\TestResults\remote_DESKTOP 2008-05-04 16_36_32">
      <DeploymentItem filename="C:\Documents and Settings\Administrator\My Documents\Projects\Published\OBDReap\bin\Debug\OBDReap.exe" />
    </Deployment>
    <TestTypeSpecific />
  </TestRunConfiguration>
  <ResultSummary outcome="Failed">
    <Counters total="43" executed="43" passed="3" error="0" failed="36" timeout="0" aborted="0" inconclusive="4" passedButRunAborted="0" notRunnable="0" notExecuted="0" disconnected="0" warning="0" completed="0" inProgress="0" pending="0" />
  </ResultSummary>
  <Times creation="2008-05-04T16:36:32.5156250-05:00" queuing="2008-05-04T16:36:33.4375000-05:00" start="2008-05-04T16:36:33.6562500-05:00" finish="2008-05-04T16:36:35.0781250-05:00" />
  <TestDefinitions>
    <UnitTest name="BitStringTest" storage="c:\documents and settings\administrator\my documents\projects\published\obdreaptestproject\bin\debug\obdreaptestproject.dll" id="05d9f462-1f8f-b8df-388c-1724762f2858">
      <Css projectStructure="" iteration="" />
      <Owners>
        <Owner name="" />
      </Owners>
      <DeploymentItems>
        <DeploymentItem filename="OBDReap.exe" />
      </DeploymentItems>
      <Execution id="ef0834bd-3cd3-40f2-9fc7-459445a26c00" />
      <TestMethod codeBase="C:\Documents and Settings\Administrator\My Documents\Projects\Published\OBDReapTestProject\bin\Debug\OBDReapTestProject.dll" adapterTypeName="Microsoft.VisualStudio.TestTools.TestTypes.Unit.UnitTestAdapter, Microsoft.VisualStudio.QualityTools.Tips.UnitTest.Adapter, Version=9.0.0.0, Culture=neutral, PublicKeyToken=b03f5f7f11d50a3a" className="OBDReapTestProject.OBD_SensorsTest, OBDReapTestProject" name="BitStringTest" />
    </UnitTest>
    <UnitTest name="Fuel_System_StatusTest" storage="c:\documents and settings\administrator\my documents\projects\published\obdreaptestproject\bin\debug\obdreaptestproject.dll" id="988a5a50-f787-d696-beb5-18d2ffd4817b">
      <Css projectStructure="" iteration="" />
      <Owners>
        <Owner name="" />
      </Owners>
      <Execution id="9f3a4f72-96d6-402c-9282-de7fb1eba2a7" />
      <TestMethod codeBase="C:\Documents and Settings\Administrator\My Documents\Projects\Published\OBDReapTestProject\bin\Debug\OBDReapTestProject.dll" adapterTypeName="Microsoft.VisualStudio.TestTools.TestTypes.Unit.UnitTestAdapter, Microsoft.VisualStudio.QualityTools.Tips.UnitTest.Adapter, Version=9.0.0.0, Culture=neutral, PublicKeyToken=b03f5f7f11d50a3a" className="OBDReapTestProject.OBD_SensorsTest, OBDReapTestProject" name="Fuel_System_StatusTest" />
    </UnitTest>
    <UnitTest name="OBD_SensorsConstructorTest" storage="c:\documents and settings\administrator\my documents\projects\published\obdreaptestproject\bin\debug\obdreaptestproject.dll" id="09bf6443-6779-c767-dc94-609331a6dcf2">
      <Css projectStructure="" iteration="" />
      <Owners>
        <Owner name="" />
      </Owners>
      <Execution id="13c44782-2118-4293-b75e-04e41e2e8c04" />
      <TestMethod codeBase="C:\Documents and Settings\Administrator\My Documents\Projects\Published\OBDReapTestProject\bin\Debug\OBDReapTestProject.dll" adapterTypeName="Microsoft.VisualStudio.TestTools.TestTypes.Unit.UnitTestAdapter, Microsoft.VisualStudio.QualityTools.Tips.UnitTest.Adapter, Version=9.0.0.0, Culture=neutral, PublicKeyToken=b03f5f7f11d50a3a" className="OBDReapTestProject.OBD_SensorsTest, OBDReapTestProject" name="OBD_SensorsConstructorTest" />
    </UnitTest>
    <UnitTest name="Status_Since_DTC_ClearedTest" storage="c:\documents and settings\administrator\my documents\projects\published\obdreaptestproject\bin\debug\obdreaptestproject.dll" id="352ccee4-eca2-33a6-ce4c-5f8f8e0179a4">
      <Css projectStructure="" iteration="" />
      <Owners>
        <Owner name="" />
      </Owners>
      <Execution id="b03adf2e-317d-4753-b03c-2083b0a19cc1" />
      <TestMethod codeBase="C:\Documents and Settings\Administrator\My Documents\Projects\Published\OBDReapTestProject\bin\Debug\OBDReapTestProject.dll" adapterTypeName="Microsoft.VisualStudio.TestTools.TestTypes.Unit.UnitTestAdapter, Microsoft.VisualStudio.QualityTools.Tips.UnitTest.Adapter, Version=9.0.0.0, Culture=neutral, PublicKeyToken=b03f5f7f11d50a3a" className="OBDReapTestProject.OBD_SensorsTest, OBDReapTestProject" name="Status_Since_DTC_ClearedTest" />
    </UnitTest>
    <UnitTest name="Coolant_TemperatureTest" storage="c:\documents and settings\administrator\my documents\projects\published\obdreaptestproject\bin\debug\obdreaptestproject.dll" id="1068b125-7e20-f5ad-a067-c696cae3e38b">
      <Css projectStructure="" iteration="" />
      <Owners>
        <Owner name="" />
      </Owners>
      <Execution id="d6538ee6-341c-4692-b77b-d5c0ec5a77ea" />
      <TestMethod codeBase="C:\Documents and Settings\Administrator\My Documents\Projects\Published\OBDReapTestProject\bin\Debug\OBDReapTestProject.dll" adapterTypeName="Microsoft.VisualStudio.TestTools.TestTypes.Unit.UnitTestAdapter, Microsoft.VisualStudio.QualityTools.Tips.UnitTest.Adapter, Version=9.0.0.0, Culture=neutral, PublicKeyToken=b03f5f7f11d50a3a" className="OBDReapTestProject.OBD_SensorsTest, OBDReapTestProject" name="Coolant_TemperatureTest" />
    </UnitTest>
    <UnitTest name="Aux_input_statusTest" storage="c:\documents and settings\administrator\my documents\projects\published\obdreaptestproject\bin\debug\obdreaptestproject.dll" id="4bf69307-4792-89fb-074f-e8332a603ebc">
      <Css projectStructure="" iteration="" />
      <Owners>
        <Owner name="" />
      </Owners>
      <Execution id="81c8386a-b7fe-40ba-8b2b-5a7ac2d598db" />
      <TestMethod codeBase="C:\Documents and Settings\Administrator\My Documents\Projects\Published\OBDReapTestProject\bin\Debug\OBDReapTestProject.dll" adapterTypeName="Microsoft.VisualStudio.TestTools.TestTypes.Unit.UnitTestAdapter, Microsoft.VisualStudio.QualityTools.Tips.UnitTest.Adapter, Version=9.0.0.0, Culture=neutral, PublicKeyToken=b03f5f7f11d50a3a" className="OBDReapTestProject.OBD_SensorsTest, OBDReapTestProject" name="Aux_input_statusTest" />
    </UnitTest>
    <UnitTest name="Air_Flow_Rate_MAFTest" storage="c:\documents and settings\administrator\my documents\projects\published\obdreaptestproject\bin\debug\obdreaptestproject.dll" id="a72e4223-b465-17ca-fae0-70e98570c9ad">
      <Css projectStructure="" iteration="" />
      <Owners>
        <Owner name="" />
      </Owners>
      <Execution id="9d6e6bb4-b0e5-41f8-b346-ae9213e1cacc" />
      <TestMethod codeBase="C:\Documents and Settings\Administrator\My Documents\Projects\Published\OBDReapTestProject\bin\Debug\OBDReapTestProject.dll" adapterTypeName="Microsoft.VisualStudio.TestTools.TestTypes.Unit.UnitTestAdapter, Microsoft.VisualStudio.QualityTools.Tips.UnitTest.Adapter, Version=9.0.0.0, Culture=neutral, PublicKeyToken=b03f5f7f11d50a3a" className="OBDReapTestProject.OBD_SensorsTest, OBDReapTestProject" name="Air_Flow_Rate_MAFTest" />
    </UnitTest>
    <UnitTest name="Time_Since_Engine_StartTest" storage="c:\documents and settings\administrator\my documents\projects\published\obdreaptestproject\bin\debug\obdreaptestproject.dll" id="9a6c8915-56d4-4a82-9bc8-9e322e8ae098">
      <Css projectStructure="" iteration="" />
      <Owners>
        <Owner name="" />
      </Owners>
      <Execution id="930a838f-adc8-4f27-a6ef-19f041869623" />
      <TestMethod codeBase="C:\Documents and Settings\Administrator\My Documents\Projects\Published\OBDReapTestProject\bin\Debug\OBDReapTestProject.dll" adapterTypeName="Microsoft.VisualStudio.TestTools.TestTypes.Unit.UnitTestAdapter, Microsoft.VisualStudio.QualityTools.Tips.UnitTest.Adapter, Version=9.0.0.0, Culture=neutral, PublicKeyToken=b03f5f7f11d50a3a" className="OBDReapTestProject.OBD_SensorsTest, OBDReapTestProject" name="Time_Since_Engine_StartTest" />
    </UnitTest>
    <UnitTest name="TranslateCodeTest" storage="c:\documents and settings\administrator\my documents\projects\published\obdreaptestproject\bin\debug\obdreaptestproject.dll" id="591b47a2-441f-bec8-c6b7-280228b6867d">
      <Css projectStructure="" iteration="" />
      <Owners>
        <Owner name="" />
      </Owners>
      <Execution id="3eb7a951-4e73-48f9-9023-387c209ffbe3" />
      <TestMethod codeBase="C:\Documents and Settings\Administrator\My Documents\Projects\Published\OBDReapTestProject\bin\Debug\OBDReapTestProject.dll" adapterTypeName="Microsoft.VisualStudio.TestTools.TestTypes.Unit.UnitTestAdapter, Microsoft.VisualStudio.QualityTools.Tips.UnitTest.Adapter, Version=9.0.0.0, Culture=neutral, PublicKeyToken=b03f5f7f11d50a3a" className="OBDReapTestProject.OBDTest, OBDReapTestProject" name="TranslateCodeTest" />
    </UnitTest>
    <UnitTest name="Supported_PIDsTest" storage="c:\documents and settings\administrator\my documents\projects\published\obdreaptestproject\bin\debug\obdreaptestproject.dll" id="63bee9b4-2d17-54f4-a756-36c3c7cd634a">
      <Css projectStructure="" iteration="" />
      <Owners>
        <Owner name="" />
      </Owners>
      <Execution id="16d8532a-0760-4758-86d6-43c979361181" />
      <TestMethod codeBase="C:\Documents and Settings\Administrator\My Documents\Projects\Published\OBDReapTestProject\bin\Debug\OBDReapTestProject.dll" adapterTypeName="Microsoft.VisualStudio.TestTools.TestTypes.Unit.UnitTestAdapter, Microsoft.VisualStudio.QualityTools.Tips.UnitTest.Adapter, Version=9.0.0.0, Culture=neutral, PublicKeyToken=b03f5f7f11d50a3a" className="OBDReapTestProject.OBDReap_SensorsTest, OBDReapTestProject" name="Supported_PIDsTest" />
    </UnitTest>
    <UnitTest name="Short_Term_Fuel_Trim_1Test" storage="c:\documents and settings\administrator\my documents\projects\published\obdreaptestproject\bin\debug\obdreaptestproject.dll" id="47f8fb12-9b9f-9c40-e21c-ea2a6adbc222">
      <Css projectStructure="" iteration="" />
      <Owners>
        <Owner name="" />
      </Owners>
      <Execution id="eee804a8-33fa-4863-bc58-0185dd4ff091" />
      <TestMethod codeBase="C:\Documents and Settings\Administrator\My Documents\Projects\Published\OBDReapTestProject\bin\Debug\OBDReapTestProject.dll" adapterTypeName="Microsoft.VisualStudio.TestTools.TestTypes.Unit.UnitTestAdapter, Microsoft.VisualStudio.QualityTools.Tips.UnitTest.Adapter, Version=9.0.0.0, Culture=neutral, PublicKeyToken=b03f5f7f11d50a3a" className="OBDReapTestProject.OBD_SensorsTest, OBDReapTestProject" name="Short_Term_Fuel_Trim_1Test" />
    </UnitTest>
    <UnitTest name="Engine_Run_with_MIL_onTest" storage="c:\documents and settings\administrator\my documents\projects\published\obdreaptestproject\bin\debug\obdreaptestproject.dll" id="ccb9cf6e-2029-420d-04ea-22db59cdf5e8">
      <Css projectStructure="" iteration="" />
      <Owners>
        <Owner name="" />
      </Owners>
      <Execution id="3d2616d3-23af-40b5-a38b-fed7278277cd" />
      <TestMethod codeBase="C:\Documents and Settings\Administrator\My Documents\Projects\Published\OBDReapTestProject\bin\Debug\OBDReapTestProject.dll" adapterTypeName="Microsoft.VisualStudio.TestTools.TestTypes.Unit.UnitTestAdapter, Microsoft.VisualStudio.QualityTools.Tips.UnitTest.Adapter, Version=9.0.0.0, Culture=neutral, PublicKeyToken=b03f5f7f11d50a3a" className="OBDReapTestProject.OBD_SensorsTest, OBDReapTestProject" name="Engine_Run_with_MIL_onTest" />
    </UnitTest>
    <UnitTest name="O2_Sensor_2_4Test" storage="c:\documents and settings\administrator\my documents\projects\published\obdreaptestproject\bin\debug\obdreaptestproject.dll" id="82e026a2-a98a-7f03-ab75-fcc143cd663c">
      <Css projectStructure="" iteration="" />
      <Owners>
        <Owner name="" />
      </Owners>
      <Execution id="36a0d2fc-a70d-45d6-9965-88e4abe4cf24" />
      <TestMethod codeBase="C:\Documents and Settings\Administrator\My Documents\Projects\Published\OBDReapTestProject\bin\Debug\OBDReapTestProject.dll" adapterTypeName="Microsoft.VisualStudio.TestTools.TestTypes.Unit.UnitTestAdapter, Microsoft.VisualStudio.QualityTools.Tips.UnitTest.Adapter, Version=9.0.0.0, Culture=neutral, PublicKeyToken=b03f5f7f11d50a3a" className="OBDReapTestProject.OBD_SensorsTest, OBDReapTestProject" name="O2_Sensor_2_4Test" />
    </UnitTest>
    <UnitTest name="O2_Sensor_1_1Test" storage="c:\documents and settings\administrator\my documents\projects\published\obdreaptestproject\bin\debug\obdreaptestproject.dll" id="c87d0368-e92e-cbd1-44b9-4478b4ca0633">
      <Css projectStructure="" iteration="" />
      <Owners>
        <Owner name="" />
      </Owners>
      <Execution id="23b52128-851d-45d5-8b1e-7c4f4234e3e7" />
      <TestMethod codeBase="C:\Documents and Settings\Administrator\My Documents\Projects\Published\OBDReapTestProject\bin\Debug\OBDReapTestProject.dll" adapterTypeName="Microsoft.VisualStudio.TestTools.TestTypes.Unit.UnitTestAdapter, Microsoft.VisualStudio.QualityTools.Tips.UnitTest.Adapter, Version=9.0.0.0, Culture=neutral, PublicKeyToken=b03f5f7f11d50a3a" className="OBDReapTestProject.OBD_SensorsTest, OBDReapTestProject" name="O2_Sensor_1_1Test" />
    </UnitTest>
    <UnitTest name="ParseOutBitsTest1" storage="c:\documents and settings\administrator\my documents\projects\published\obdreaptestproject\bin\debug\obdreaptestproject.dll" id="21f4b005-288f-ec31-490e-c85c6f0bfb5b">
      <Css projectStructure="" iteration="" />
      <Owners>
        <Owner name="" />
      </Owners>
      <DeploymentItems>
        <DeploymentItem filename="OBDReap.exe" />
      </DeploymentItems>
      <Execution id="b7abd2ef-1e16-4768-8a86-aaa5b2ec2d32" />
      <TestMethod codeBase="C:\Documents and Settings\Administrator\My Documents\Projects\Published\OBDReapTestProject\bin\Debug\OBDReapTestProject.dll" adapterTypeName="Microsoft.VisualStudio.TestTools.TestTypes.Unit.UnitTestAdapter, Microsoft.VisualStudio.QualityTools.Tips.UnitTest.Adapter, Version=9.0.0.0, Culture=neutral, PublicKeyToken=b03f5f7f11d50a3a" className="OBDReapTestProject.OBD_SensorsTest, OBDReapTestProject" name="ParseOutBitsTest1" />
    </UnitTest>
    <UnitTest name="Timing_AdvanceTest" storage="c:\documents and settings\administrator\my documents\projects\published\obdreaptestproject\bin\debug\obdreaptestproject.dll" id="815e43d9-3176-8f1f-f190-39155f2bcced">
      <Css projectStructure="" iteration="" />
      <Owners>
        <Owner name="" />
      </Owners>
      <Execution id="0939116b-6ca1-4418-b670-6c3aa6c6d072" />
      <TestMethod codeBase="C:\Documents and Settings\Administrator\My Documents\Projects\Published\OBDReapTestProject\bin\Debug\OBDReapTestProject.dll" adapterTypeName="Microsoft.VisualStudio.TestTools.TestTypes.Unit.UnitTestAdapter, Microsoft.VisualStudio.QualityTools.Tips.UnitTest.Adapter, Version=9.0.0.0, Culture=neutral, PublicKeyToken=b03f5f7f11d50a3a" className="OBDReapTestProject.OBD_SensorsTest, OBDReapTestProject" name="Timing_AdvanceTest" />
    </UnitTest>
    <UnitTest name="O2_Sensor_1_2Test" storage="c:\documents and settings\administrator\my documents\projects\published\obdreaptestproject\bin\debug\obdreaptestproject.dll" id="0863d3e1-1c58-6b48-563e-ebc0f984fea1">
      <Css projectStructure="" iteration="" />
      <Owners>
        <Owner name="" />
      </Owners>
      <Execution id="87258c48-b328-4465-93df-182a1cef708c" />
      <TestMethod codeBase="C:\Documents and Settings\Administrator\My Documents\Projects\Published\OBDReapTestProject\bin\Debug\OBDReapTestProject.dll" adapterTypeName="Microsoft.VisualStudio.TestTools.TestTypes.Unit.UnitTestAdapter, Microsoft.VisualStudio.QualityTools.Tips.UnitTest.Adapter, Version=9.0.0.0, Culture=neutral, PublicKeyToken=b03f5f7f11d50a3a" className="OBDReapTestProject.OBD_SensorsTest, OBDReapTestProject" name="O2_Sensor_1_2Test" />
    </UnitTest>
    <UnitTest name="O2_Sensor_2_2Test" storage="c:\documents and settings\administrator\my documents\projects\published\obdreaptestproject\bin\debug\obdreaptestproject.dll" id="80c77f9f-63c3-1416-82a8-2bde9f889de6">
      <Css projectStructure="" iteration="" />
      <Owners>
        <Owner name="" />
      </Owners>
      <Execution id="f11839d0-a18c-43af-9cf4-b53a7d817f10" />
      <TestMethod codeBase="C:\Documents and Settings\Administrator\My Documents\Projects\Published\OBDReapTestProject\bin\Debug\OBDReapTestProject.dll" adapterTypeName="Microsoft.VisualStudio.TestTools.TestTypes.Unit.UnitTestAdapter, Microsoft.VisualStudio.QualityTools.Tips.UnitTest.Adapter, Version=9.0.0.0, Culture=neutral, PublicKeyToken=b03f5f7f11d50a3a" className="OBDReapTestProject.OBD_SensorsTest, OBDReapTestProject" name="O2_Sensor_2_2Test" />
    </UnitTest>
    <UnitTest name="O2_Sensor_1_4Test" storage="c:\documents and settings\administrator\my documents\projects\published\obdreaptestproject\bin\debug\obdreaptestproject.dll" id="c70e5bab-d732-2b4e-7cd6-4c06c8749449">
      <Css projectStructure="" iteration="" />
      <Owners>
        <Owner name="" />
      </Owners>
      <Execution id="082853f7-9df3-426b-ab02-20e803a46f65" />
      <TestMethod codeBase="C:\Documents and Settings\Administrator\My Documents\Projects\Published\OBDReapTestProject\bin\Debug\OBDReapTestProject.dll" adapterTypeName="Microsoft.VisualStudio.TestTools.TestTypes.Unit.UnitTestAdapter, Microsoft.VisualStudio.QualityTools.Tips.UnitTest.Adapter, Version=9.0.0.0, Culture=neutral, PublicKeyToken=b03f5f7f11d50a3a" className="OBDReapTestProject.OBD_SensorsTest, OBDReapTestProject" name="O2_Sensor_1_4Test" />
    </UnitTest>
    <UnitTest name="O2_Sensor_2_1Test" storage="c:\documents and settings\administrator\my documents\projects\published\obdreaptestproject\bin\debug\obdreaptestproject.dll" id="a42be449-56e4-7354-53f9-2d2f7f274b5f">
      <Css projectStructure="" iteration="" />
      <Owners>
        <Owner name="" />
      </Owners>
      <Execution id="bfc593bc-e7d4-46aa-a442-e2e3eafc9c92" />
      <TestMethod codeBase="C:\Documents and Settings\Administrator\My Documents\Projects\Published\OBDReapTestProject\bin\Debug\OBDReapTestProject.dll" adapterTypeName="Microsoft.VisualStudio.TestTools.TestTypes.Unit.UnitTestAdapter, Microsoft.VisualStudio.QualityTools.Tips.UnitTest.Adapter, Version=9.0.0.0, Culture=neutral, PublicKeyToken=b03f5f7f11d50a3a" className="OBDReapTestProject.OBD_SensorsTest, OBDReapTestProject" name="O2_Sensor_2_1Test" />
    </UnitTest>
    <UnitTest name="Location_of_O2_sensors_2Test" storage="c:\documents and settings\administrator\my documents\projects\published\obdreaptestproject\bin\debug\obdreaptestproject.dll" id="77438b0f-37be-a771-73fe-b9c1e2e16842">
      <Css projectStructure="" iteration="" />
      <Owners>
        <Owner name="" />
      </Owners>
      <Execution id="07348230-da41-41f4-a51c-819a9e2e86b5" />
      <TestMethod codeBase="C:\Documents and Settings\Administrator\My Documents\Projects\Published\OBDReapTestProject\bin\Debug\OBDReapTestProject.dll" adapterTypeName="Microsoft.VisualStudio.TestTools.TestTypes.Unit.UnitTestAdapter, Microsoft.VisualStudio.QualityTools.Tips.UnitTest.Adapter, Version=9.0.0.0, Culture=neutral, PublicKeyToken=b03f5f7f11d50a3a" className="OBDReapTestProject.OBD_SensorsTest, OBDReapTestProject" name="Location_of_O2_sensors_2Test" />
    </UnitTest>
    <UnitTest name="Intake_Air_TempTest" storage="c:\documents and settings\administrator\my documents\projects\published\obdreaptestproject\bin\debug\obdreaptestproject.dll" id="9ce5d507-1647-2951-dfd9-d61272508026">
      <Css projectStructure="" iteration="" />
      <Owners>
        <Owner name="" />
      </Owners>
      <Execution id="a4f9fb1d-69d9-4415-9491-38f244d45132" />
      <TestMethod codeBase="C:\Documents and Settings\Administrator\My Documents\Projects\Published\OBDReapTestProject\bin\Debug\OBDReapTestProject.dll" adapterTypeName="Microsoft.VisualStudio.TestTools.TestTypes.Unit.UnitTestAdapter, Microsoft.VisualStudio.QualityTools.Tips.UnitTest.Adapter, Version=9.0.0.0, Culture=neutral, PublicKeyToken=b03f5f7f11d50a3a" className="OBDReapTestProject.OBD_SensorsTest, OBDReapTestProject" name="Intake_Air_TempTest" />
    </UnitTest>
    <UnitTest name="Throttle_PositionTest" storage="c:\documents and settings\administrator\my documents\projects\published\obdreaptestproject\bin\debug\obdreaptestproject.dll" id="927993be-6fb9-c6f1-9872-7425ccc608ac">
      <Css projectStructure="" iteration="" />
      <Owners>
        <Owner name="" />
      </Owners>
      <Execution id="2d895bb4-e351-46db-8216-99099279d051" />
      <TestMethod codeBase="C:\Documents and Settings\Administrator\My Documents\Projects\Published\OBDReapTestProject\bin\Debug\OBDReapTestProject.dll" adapterTypeName="Microsoft.VisualStudio.TestTools.TestTypes.Unit.UnitTestAdapter, Microsoft.VisualStudio.QualityTools.Tips.UnitTest.Adapter, Version=9.0.0.0, Culture=neutral, PublicKeyToken=b03f5f7f11d50a3a" className="OBDReapTestProject.OBD_SensorsTest, OBDReapTestProject" name="Throttle_PositionTest" />
    </UnitTest>
    <UnitTest name="Vehicle_SpeedTest" storage="c:\documents and settings\administrator\my documents\projects\published\obdreaptestproject\bin\debug\obdreaptestproject.dll" id="243c5db2-5ba8-4fc1-e5da-923eb39a8ec0">
      <Css projectStructure="" iteration="" />
      <Owners>
        <Owner name="" />
      </Owners>
      <Execution id="3ae5da5f-9186-4c55-97c8-273ef19fa2a7" />
      <TestMethod codeBase="C:\Documents and Settings\Administrator\My Documents\Projects\Published\OBDReapTestProject\bin\Debug\OBDReapTestProject.dll" adapterTypeName="Microsoft.VisualStudio.TestTools.TestTypes.Unit.UnitTestAdapter, Microsoft.VisualStudio.QualityTools.Tips.UnitTest.Adapter, Version=9.0.0.0, Culture=neutral, PublicKeyToken=b03f5f7f11d50a3a" className="OBDReapTestProject.OBD_SensorsTest, OBDReapTestProject" name="Vehicle_SpeedTest" />
    </UnitTest>
    <UnitTest name="Calculated_Load_ValueTest" storage="c:\documents and settings\administrator\my documents\projects\published\obdreaptestproject\bin\debug\obdreaptestproject.dll" id="6309b1f8-924e-61ad-cdef-75ef61dc7ae7">
      <Css projectStructure="" iteration="" />
      <Owners>
        <Owner name="" />
      </Owners>
      <Execution id="ea2af260-b112-4697-a7f7-cacdc1fdb3c2" />
      <TestMethod codeBase="C:\Documents and Settings\Administrator\My Documents\Projects\Published\OBDReapTestProject\bin\Debug\OBDReapTestProject.dll" adapterTypeName="Microsoft.VisualStudio.TestTools.TestTypes.Unit.UnitTestAdapter, Microsoft.VisualStudio.QualityTools.Tips.UnitTest.Adapter, Version=9.0.0.0, Culture=neutral, PublicKeyToken=b03f5f7f11d50a3a" className="OBDReapTestProject.OBD_SensorsTest, OBDReapTestProject" name="Calculated_Load_ValueTest" />
    </UnitTest>
    <UnitTest name="O2_Sensor_2_3Test" storage="c:\documents and settings\administrator\my documents\projects\published\obdreaptestproject\bin\debug\obdreaptestproject.dll" id="f624ab45-ddb0-2f36-95f4-72db1760647f">
      <Css projectStructure="" iteration="" />
      <Owners>
        <Owner name="" />
      </Owners>
      <Execution id="c6bb0089-4e17-4e91-bced-7b3e18a2959f" />
      <TestMethod codeBase="C:\Documents and Settings\Administrator\My Documents\Projects\Published\OBDReapTestProject\bin\Debug\OBDReapTestProject.dll" adapterTypeName="Microsoft.VisualStudio.TestTools.TestTypes.Unit.UnitTestAdapter, Microsoft.VisualStudio.QualityTools.Tips.UnitTest.Adapter, Version=9.0.0.0, Culture=neutral, PublicKeyToken=b03f5f7f11d50a3a" className="OBDReapTestProject.OBD_SensorsTest, OBDReapTestProject" name="O2_Sensor_2_3Test" />
    </UnitTest>
    <UnitTest name="OBDConstructorTest" storage="c:\documents and settings\administrator\my documents\projects\published\obdreaptestproject\bin\debug\obdreaptestproject.dll" id="648d4df5-9148-1a71-ad0e-9dbc003bddd7">
      <Css projectStructure="" iteration="" />
      <Owners>
        <Owner name="" />
      </Owners>
      <Execution id="05f7a09d-00fe-46b6-a922-b33bd7869183" />
      <TestMethod codeBase="C:\Documents and Settings\Administrator\My Documents\Projects\Published\OBDReapTestProject\bin\Debug\OBDReapTestProject.dll" adapterTypeName="Microsoft.VisualStudio.TestTools.TestTypes.Unit.UnitTestAdapter, Microsoft.VisualStudio.QualityTools.Tips.UnitTest.Adapter, Version=9.0.0.0, Culture=neutral, PublicKeyToken=b03f5f7f11d50a3a" className="OBDReapTestProject.OBDTest, OBDReapTestProject" name="OBDConstructorTest" />
    </UnitTest>
    <UnitTest name="Long_Term_Fuel_Trim_1Test" storage="c:\documents and settings\administrator\my documents\projects\published\obdreaptestproject\bin\debug\obdreaptestproject.dll" id="3e282649-b1d7-efcc-16cb-88f797cfc6ce">
      <Css projectStructure="" iteration="" />
      <Owners>
        <Owner name="" />
      </Owners>
      <Execution id="a17cc0a5-03b0-4049-a061-ea9dcb217883" />
      <TestMethod codeBase="C:\Documents and Settings\Administrator\My Documents\Projects\Published\OBDReapTestProject\bin\Debug\OBDReapTestProject.dll" adapterTypeName="Microsoft.VisualStudio.TestTools.TestTypes.Unit.UnitTestAdapter, Microsoft.VisualStudio.QualityTools.Tips.UnitTest.Adapter, Version=9.0.0.0, Culture=neutral, PublicKeyToken=b03f5f7f11d50a3a" className="OBDReapTestProject.OBD_SensorsTest, OBDReapTestProject" name="Long_Term_Fuel_Trim_1Test" />
    </UnitTest>
    <UnitTest name="Secondary_Air_StatusTest" storage="c:\documents and settings\administrator\my documents\projects\published\obdreaptestproject\bin\debug\obdreaptestproject.dll" id="097a3ffe-b38c-5f4a-e73d-c482abbb484e">
      <Css projectStructure="" iteration="" />
      <Owners>
        <Owner name="" />
      </Owners>
      <Execution id="330d8299-c8e1-49b3-a051-ccfcca16741f" />
      <TestMethod codeBase="C:\Documents and Settings\Administrator\My Documents\Projects\Published\OBDReapTestProject\bin\Debug\OBDReapTestProject.dll" adapterTypeName="Microsoft.VisualStudio.TestTools.TestTypes.Unit.UnitTestAdapter, Microsoft.VisualStudio.QualityTools.Tips.UnitTest.Adapter, Version=9.0.0.0, Culture=neutral, PublicKeyToken=b03f5f7f11d50a3a" className="OBDReapTestProject.OBD_SensorsTest, OBDReapTestProject" name="Secondary_Air_StatusTest" />
    </UnitTest>
    <UnitTest name="Supported_PIDsTest" storage="c:\documents and settings\administrator\my documents\projects\published\obdreaptestproject\bin\debug\obdreaptestproject.dll" id="3e8a8bc0-64de-4cfa-35db-7591df287936">
      <Css projectStructure="" iteration="" />
      <Owners>
        <Owner name="" />
      </Owners>
      <Execution id="bac8109c-3ca2-4441-945f-e62ffaa7952a" />
      <TestMethod codeBase="C:\Documents and Settings\Administrator\My Documents\Projects\Published\OBDReapTestProject\bin\Debug\OBDReapTestProject.dll" adapterTypeName="Microsoft.VisualStudio.TestTools.TestTypes.Unit.UnitTestAdapter, Microsoft.VisualStudio.QualityTools.Tips.UnitTest.Adapter, Version=9.0.0.0, Culture=neutral, PublicKeyToken=b03f5f7f11d50a3a" className="OBDReapTestProject.OBD_SensorsTest, OBDReapTestProject" name="Supported_PIDsTest" />
    </UnitTest>
    <UnitTest name="Long_Term_Fuel_Trim_2Test" storage="c:\documents and settings\administrator\my documents\projects\published\obdreaptestproject\bin\debug\obdreaptestproject.dll" id="7096e9a3-af4f-deed-9427-dd1fb34b4063">
      <Css projectStructure="" iteration="" />
      <Owners>
        <Owner name="" />
      </Owners>
      <Execution id="cfd1f004-2ed2-468c-b3e7-a068ddef9118" />
      <TestMethod codeBase="C:\Documents and Settings\Administrator\My Documents\Projects\Published\OBDReapTestProject\bin\Debug\OBDReapTestProject.dll" adapterTypeName="Microsoft.VisualStudio.TestTools.TestTypes.Unit.UnitTestAdapter, Microsoft.VisualStudio.QualityTools.Tips.UnitTest.Adapter, Version=9.0.0.0, Culture=neutral, PublicKeyToken=b03f5f7f11d50a3a" className="OBDReapTestProject.OBD_SensorsTest, OBDReapTestProject" name="Long_Term_Fuel_Trim_2Test" />
    </UnitTest>
    <UnitTest name="O2_Sensor_1_3Test" storage="c:\documents and settings\administrator\my documents\projects\published\obdreaptestproject\bin\debug\obdreaptestproject.dll" id="73ddee02-7102-e28c-4588-8c7556c6eb14">
      <Css projectStructure="" iteration="" />
      <Owners>
        <Owner name="" />
      </Owners>
      <Execution id="0b16204e-2e6d-43b1-92d0-d4f96e6f9f3c" />
      <TestMethod codeBase="C:\Documents and Settings\Administrator\My Documents\Projects\Published\OBDReapTestProject\bin\Debug\OBDReapTestProject.dll" adapterTypeName="Microsoft.VisualStudio.TestTools.TestTypes.Unit.UnitTestAdapter, Microsoft.VisualStudio.QualityTools.Tips.UnitTest.Adapter, Version=9.0.0.0, Culture=neutral, PublicKeyToken=b03f5f7f11d50a3a" className="OBDReapTestProject.OBD_SensorsTest, OBDReapTestProject" name="O2_Sensor_1_3Test" />
    </UnitTest>
    <UnitTest name="GetCmdTest" storage="c:\documents and settings\administrator\my documents\projects\published\obdreaptestproject\bin\debug\obdreaptestproject.dll" id="ed159f69-05bc-cf8d-cbdb-b35557e06dfe">
      <Css projectStructure="" iteration="" />
      <Owners>
        <Owner name="" />
      </Owners>
      <DeploymentItems>
        <DeploymentItem filename="OBDReap.exe" />
      </DeploymentItems>
      <Execution id="d840b164-7d5b-4309-b425-7e3ff2d603a2" />
      <TestMethod codeBase="C:\Documents and Settings\Administrator\My Documents\Projects\Published\OBDReapTestProject\bin\Debug\OBDReapTestProject.dll" adapterTypeName="Microsoft.VisualStudio.TestTools.TestTypes.Unit.UnitTestAdapter, Microsoft.VisualStudio.QualityTools.Tips.UnitTest.Adapter, Version=9.0.0.0, Culture=neutral, PublicKeyToken=b03f5f7f11d50a3a" className="OBDReapTestProject.OBD_SensorsTest, OBDReapTestProject" name="GetCmdTest" />
    </UnitTest>
    <UnitTest name="ParseOutBitsTest" storage="c:\documents and settings\administrator\my documents\projects\published\obdreaptestproject\bin\debug\obdreaptestproject.dll" id="f0f6ad11-e747-eb61-4b5a-c796ace2cdb0">
      <Css projectStructure="" iteration="" />
      <Owners>
        <Owner name="" />
      </Owners>
      <DeploymentItems>
        <DeploymentItem filename="OBDReap.exe" />
      </DeploymentItems>
      <Execution id="be40e274-5734-4c13-b564-6a774d89d16a" />
      <TestMethod codeBase="C:\Documents and Settings\Administrator\My Documents\Projects\Published\OBDReapTestProject\bin\Debug\OBDReapTestProject.dll" adapterTypeName="Microsoft.VisualStudio.TestTools.TestTypes.Unit.UnitTestAdapter, Microsoft.VisualStudio.QualityTools.Tips.UnitTest.Adapter, Version=9.0.0.0, Culture=neutral, PublicKeyToken=b03f5f7f11d50a3a" className="OBDReapTestProject.OBD_SensorsTest, OBDReapTestProject" name="ParseOutBitsTest" />
    </UnitTest>
    <UnitTest name="DTC_Causing_Freeze_FrameTest" storage="c:\documents and settings\administrator\my documents\projects\published\obdreaptestproject\bin\debug\obdreaptestproject.dll" id="75ab77c2-8ece-44ad-582e-a3f2be54432a">
      <Css projectStructure="" iteration="" />
      <Owners>
        <Owner name="" />
      </Owners>
      <Execution id="54013718-0e49-4d8a-a509-6fb8d6d9e943" />
      <TestMethod codeBase="C:\Documents and Settings\Administrator\My Documents\Projects\Published\OBDReapTestProject\bin\Debug\OBDReapTestProject.dll" adapterTypeName="Microsoft.VisualStudio.TestTools.TestTypes.Unit.UnitTestAdapter, Microsoft.VisualStudio.QualityTools.Tips.UnitTest.Adapter, Version=9.0.0.0, Culture=neutral, PublicKeyToken=b03f5f7f11d50a3a" className="OBDReapTestProject.OBD_SensorsTest, OBDReapTestProject" name="DTC_Causing_Freeze_FrameTest" />
    </UnitTest>
    <UnitTest name="Intake_Manifold_PressureTest" storage="c:\documents and settings\administrator\my documents\projects\published\obdreaptestproject\bin\debug\obdreaptestproject.dll" id="5d2cce68-aa58-3fbb-5388-3969c9367d31">
      <Css projectStructure="" iteration="" />
      <Owners>
        <Owner name="" />
      </Owners>
      <Execution id="40eecbb2-6c0e-4dd1-bf91-768228dba040" />
      <TestMethod codeBase="C:\Documents and Settings\Administrator\My Documents\Projects\Published\OBDReapTestProject\bin\Debug\OBDReapTestProject.dll" adapterTypeName="Microsoft.VisualStudio.TestTools.TestTypes.Unit.UnitTestAdapter, Microsoft.VisualStudio.QualityTools.Tips.UnitTest.Adapter, Version=9.0.0.0, Culture=neutral, PublicKeyToken=b03f5f7f11d50a3a" className="OBDReapTestProject.OBD_SensorsTest, OBDReapTestProject" name="Intake_Manifold_PressureTest" />
    </UnitTest>
    <UnitTest name="Engine_RPMTest" storage="c:\documents and settings\administrator\my documents\projects\published\obdreaptestproject\bin\debug\obdreaptestproject.dll" id="54ba4e7e-6b1b-64e4-9151-a54e121eb723">
      <Css projectStructure="" iteration="" />
      <Owners>
        <Owner name="" />
      </Owners>
      <Execution id="3f95dece-ba6e-4c13-b6f8-e0197b7e7c74" />
      <TestMethod codeBase="C:\Documents and Settings\Administrator\My Documents\Projects\Published\OBDReapTestProject\bin\Debug\OBDReapTestProject.dll" adapterTypeName="Microsoft.VisualStudio.TestTools.TestTypes.Unit.UnitTestAdapter, Microsoft.VisualStudio.QualityTools.Tips.UnitTest.Adapter, Version=9.0.0.0, Culture=neutral, PublicKeyToken=b03f5f7f11d50a3a" className="OBDReapTestProject.OBD_SensorsTest, OBDReapTestProject" name="Engine_RPMTest" />
    </UnitTest>
    <UnitTest name="Fuel_Rail_PressureTest" storage="c:\documents and settings\administrator\my documents\projects\published\obdreaptestproject\bin\debug\obdreaptestproject.dll" id="1787a117-b381-761a-e33a-03fb6820ba59">
      <Css projectStructure="" iteration="" />
      <Owners>
        <Owner name="" />
      </Owners>
      <Execution id="4fc8c567-1591-481b-aeaf-5b28f553f7f2" />
      <TestMethod codeBase="C:\Documents and Settings\Administrator\My Documents\Projects\Published\OBDReapTestProject\bin\Debug\OBDReapTestProject.dll" adapterTypeName="Microsoft.VisualStudio.TestTools.TestTypes.Unit.UnitTestAdapter, Microsoft.VisualStudio.QualityTools.Tips.UnitTest.Adapter, Version=9.0.0.0, Culture=neutral, PublicKeyToken=b03f5f7f11d50a3a" className="OBDReapTestProject.OBD_SensorsTest, OBDReapTestProject" name="Fuel_Rail_PressureTest" />
    </UnitTest>
    <UnitTest name="OBD_Sensors_ReturnSetConstructorTest" storage="c:\documents and settings\administrator\my documents\projects\published\obdreaptestproject\bin\debug\obdreaptestproject.dll" id="0b4904af-d164-e8fb-af8b-5582ee86bf64">
      <Css projectStructure="" iteration="" />
      <Owners>
        <Owner name="" />
      </Owners>
      <Execution id="60c93191-d0be-49cf-9e49-56fe92dd2067" />
      <TestMethod codeBase="C:\Documents and Settings\Administrator\My Documents\Projects\Published\OBDReapTestProject\bin\Debug\OBDReapTestProject.dll" adapterTypeName="Microsoft.VisualStudio.TestTools.TestTypes.Unit.UnitTestAdapter, Microsoft.VisualStudio.QualityTools.Tips.UnitTest.Adapter, Version=9.0.0.0, Culture=neutral, PublicKeyToken=b03f5f7f11d50a3a" className="OBDReapTestProject.OBD_Sensors_ReturnSetTest, OBDReapTestProject" name="OBD_Sensors_ReturnSetConstructorTest" />
    </UnitTest>
    <UnitTest name="HexToIntTest" storage="c:\documents and settings\administrator\my documents\projects\published\obdreaptestproject\bin\debug\obdreaptestproject.dll" id="ae76524a-50d7-1f33-eda8-e0c10f6c5458">
      <Css projectStructure="" iteration="" />
      <Owners>
        <Owner name="" />
      </Owners>
      <Execution id="7dd03d93-0592-46d1-ba84-d40bc8bf6fc7" />
      <TestMethod codeBase="C:\Documents and Settings\Administrator\My Documents\Projects\Published\OBDReapTestProject\bin\Debug\OBDReapTestProject.dll" adapterTypeName="Microsoft.VisualStudio.TestTools.TestTypes.Unit.UnitTestAdapter, Microsoft.VisualStudio.QualityTools.Tips.UnitTest.Adapter, Version=9.0.0.0, Culture=neutral, PublicKeyToken=b03f5f7f11d50a3a" className="OBDReapTestProject.OBD_SensorsTest, OBDReapTestProject" name="HexToIntTest" />
    </UnitTest>
    <UnitTest name="OBD_DesignationTest" storage="c:\documents and settings\administrator\my documents\projects\published\obdreaptestproject\bin\debug\obdreaptestproject.dll" id="1ca97c0e-7679-327b-94f2-a560c2146a14">
      <Css projectStructure="" iteration="" />
      <Owners>
        <Owner name="" />
      </Owners>
      <Execution id="e77ae002-15c4-4a23-98bb-e0179a1ead4a" />
      <TestMethod codeBase="C:\Documents and Settings\Administrator\My Documents\Projects\Published\OBDReapTestProject\bin\Debug\OBDReapTestProject.dll" adapterTypeName="Microsoft.VisualStudio.TestTools.TestTypes.Unit.UnitTestAdapter, Microsoft.VisualStudio.QualityTools.Tips.UnitTest.Adapter, Version=9.0.0.0, Culture=neutral, PublicKeyToken=b03f5f7f11d50a3a" className="OBDReapTestProject.OBD_SensorsTest, OBDReapTestProject" name="OBD_DesignationTest" />
    </UnitTest>
    <UnitTest name="Location_of_O2_sensors_1Test" storage="c:\documents and settings\administrator\my documents\projects\published\obdreaptestproject\bin\debug\obdreaptestproject.dll" id="6cbf86d3-9c8c-9b6d-c242-da680a1936ff">
      <Css projectStructure="" iteration="" />
      <Owners>
        <Owner name="" />
      </Owners>
      <Execution id="82736c14-0ba1-47ef-940a-35181ef2518e" />
      <TestMethod codeBase="C:\Documents and Settings\Administrator\My Documents\Projects\Published\OBDReapTestProject\bin\Debug\OBDReapTestProject.dll" adapterTypeName="Microsoft.VisualStudio.TestTools.TestTypes.Unit.UnitTestAdapter, Microsoft.VisualStudio.QualityTools.Tips.UnitTest.Adapter, Version=9.0.0.0, Culture=neutral, PublicKeyToken=b03f5f7f11d50a3a" className="OBDReapTestProject.OBD_SensorsTest, OBDReapTestProject" name="Location_of_O2_sensors_1Test" />
    </UnitTest>
    <UnitTest name="Short_Term_Fuel_Trim_2Test" storage="c:\documents and settings\administrator\my documents\projects\published\obdreaptestproject\bin\debug\obdreaptestproject.dll" id="aeba56a4-9fc4-bed9-8d76-a816d04cd652">
      <Css projectStructure="" iteration="" />
      <Owners>
        <Owner name="" />
      </Owners>
      <Execution id="d39d265d-f8c1-41d0-b342-1e6560f1b928" />
      <TestMethod codeBase="C:\Documents and Settings\Administrator\My Documents\Projects\Published\OBDReapTestProject\bin\Debug\OBDReapTestProject.dll" adapterTypeName="Microsoft.VisualStudio.TestTools.TestTypes.Unit.UnitTestAdapter, Microsoft.VisualStudio.QualityTools.Tips.UnitTest.Adapter, Version=9.0.0.0, Culture=neutral, PublicKeyToken=b03f5f7f11d50a3a" className="OBDReapTestProject.OBD_SensorsTest, OBDReapTestProject" name="Short_Term_Fuel_Trim_2Test" />
    </UnitTest>
  </TestDefinitions>
  <TestLists>
    <TestList name="Results Not in a List" id="8c84fa94-04c1-424b-9868-57a2d4851a1d" />
    <TestList name="All Loaded Results" id="19431567-8539-422a-85d7-44ee4e166bda" />
  </TestLists>
  <TestEntries>
    <TestEntry testId="0b4904af-d164-e8fb-af8b-5582ee86bf64" executionId="60c93191-d0be-49cf-9e49-56fe92dd2067" testListId="8c84fa94-04c1-424b-9868-57a2d4851a1d" />
    <TestEntry testId="f0f6ad11-e747-eb61-4b5a-c796ace2cdb0" executionId="be40e274-5734-4c13-b564-6a774d89d16a" testListId="8c84fa94-04c1-424b-9868-57a2d4851a1d" />
    <TestEntry testId="243c5db2-5ba8-4fc1-e5da-923eb39a8ec0" executionId="3ae5da5f-9186-4c55-97c8-273ef19fa2a7" testListId="8c84fa94-04c1-424b-9868-57a2d4851a1d" />
    <TestEntry testId="815e43d9-3176-8f1f-f190-39155f2bcced" executionId="0939116b-6ca1-4418-b670-6c3aa6c6d072" testListId="8c84fa94-04c1-424b-9868-57a2d4851a1d" />
    <TestEntry testId="9a6c8915-56d4-4a82-9bc8-9e322e8ae098" executionId="930a838f-adc8-4f27-a6ef-19f041869623" testListId="8c84fa94-04c1-424b-9868-57a2d4851a1d" />
    <TestEntry testId="927993be-6fb9-c6f1-9872-7425ccc608ac" executionId="2d895bb4-e351-46db-8216-99099279d051" testListId="8c84fa94-04c1-424b-9868-57a2d4851a1d" />
    <TestEntry testId="3e8a8bc0-64de-4cfa-35db-7591df287936" executionId="bac8109c-3ca2-4441-945f-e62ffaa7952a" testListId="8c84fa94-04c1-424b-9868-57a2d4851a1d" />
    <TestEntry testId="352ccee4-eca2-33a6-ce4c-5f8f8e0179a4" executionId="b03adf2e-317d-4753-b03c-2083b0a19cc1" testListId="8c84fa94-04c1-424b-9868-57a2d4851a1d" />
    <TestEntry testId="aeba56a4-9fc4-bed9-8d76-a816d04cd652" executionId="d39d265d-f8c1-41d0-b342-1e6560f1b928" testListId="8c84fa94-04c1-424b-9868-57a2d4851a1d" />
    <TestEntry testId="47f8fb12-9b9f-9c40-e21c-ea2a6adbc222" executionId="eee804a8-33fa-4863-bc58-0185dd4ff091" testListId="8c84fa94-04c1-424b-9868-57a2d4851a1d" />
    <TestEntry testId="097a3ffe-b38c-5f4a-e73d-c482abbb484e" executionId="330d8299-c8e1-49b3-a051-ccfcca16741f" testListId="8c84fa94-04c1-424b-9868-57a2d4851a1d" />
    <TestEntry testId="21f4b005-288f-ec31-490e-c85c6f0bfb5b" executionId="b7abd2ef-1e16-4768-8a86-aaa5b2ec2d32" testListId="8c84fa94-04c1-424b-9868-57a2d4851a1d" />
    <TestEntry testId="1ca97c0e-7679-327b-94f2-a560c2146a14" executionId="e77ae002-15c4-4a23-98bb-e0179a1ead4a" testListId="8c84fa94-04c1-424b-9868-57a2d4851a1d" />
    <TestEntry testId="82e026a2-a98a-7f03-ab75-fcc143cd663c" executionId="36a0d2fc-a70d-45d6-9965-88e4abe4cf24" testListId="8c84fa94-04c1-424b-9868-57a2d4851a1d" />
    <TestEntry testId="f624ab45-ddb0-2f36-95f4-72db1760647f" executionId="c6bb0089-4e17-4e91-bced-7b3e18a2959f" testListId="8c84fa94-04c1-424b-9868-57a2d4851a1d" />
    <TestEntry testId="80c77f9f-63c3-1416-82a8-2bde9f889de6" executionId="f11839d0-a18c-43af-9cf4-b53a7d817f10" testListId="8c84fa94-04c1-424b-9868-57a2d4851a1d" />
    <TestEntry testId="a42be449-56e4-7354-53f9-2d2f7f274b5f" executionId="bfc593bc-e7d4-46aa-a442-e2e3eafc9c92" testListId="8c84fa94-04c1-424b-9868-57a2d4851a1d" />
    <TestEntry testId="c70e5bab-d732-2b4e-7cd6-4c06c8749449" executionId="082853f7-9df3-426b-ab02-20e803a46f65" testListId="8c84fa94-04c1-424b-9868-57a2d4851a1d" />
    <TestEntry testId="73ddee02-7102-e28c-4588-8c7556c6eb14" executionId="0b16204e-2e6d-43b1-92d0-d4f96e6f9f3c" testListId="8c84fa94-04c1-424b-9868-57a2d4851a1d" />
    <TestEntry testId="0863d3e1-1c58-6b48-563e-ebc0f984fea1" executionId="87258c48-b328-4465-93df-182a1cef708c" testListId="8c84fa94-04c1-424b-9868-57a2d4851a1d" />
    <TestEntry testId="c87d0368-e92e-cbd1-44b9-4478b4ca0633" executionId="23b52128-851d-45d5-8b1e-7c4f4234e3e7" testListId="8c84fa94-04c1-424b-9868-57a2d4851a1d" />
    <TestEntry testId="7096e9a3-af4f-deed-9427-dd1fb34b4063" executionId="cfd1f004-2ed2-468c-b3e7-a068ddef9118" testListId="8c84fa94-04c1-424b-9868-57a2d4851a1d" />
    <TestEntry testId="3e282649-b1d7-efcc-16cb-88f797cfc6ce" executionId="a17cc0a5-03b0-4049-a061-ea9dcb217883" testListId="8c84fa94-04c1-424b-9868-57a2d4851a1d" />
    <TestEntry testId="77438b0f-37be-a771-73fe-b9c1e2e16842" executionId="07348230-da41-41f4-a51c-819a9e2e86b5" testListId="8c84fa94-04c1-424b-9868-57a2d4851a1d" />
    <TestEntry testId="6cbf86d3-9c8c-9b6d-c242-da680a1936ff" executionId="82736c14-0ba1-47ef-940a-35181ef2518e" testListId="8c84fa94-04c1-424b-9868-57a2d4851a1d" />
    <TestEntry testId="5d2cce68-aa58-3fbb-5388-3969c9367d31" executionId="40eecbb2-6c0e-4dd1-bf91-768228dba040" testListId="8c84fa94-04c1-424b-9868-57a2d4851a1d" />
    <TestEntry testId="9ce5d507-1647-2951-dfd9-d61272508026" executionId="a4f9fb1d-69d9-4415-9491-38f244d45132" testListId="8c84fa94-04c1-424b-9868-57a2d4851a1d" />
    <TestEntry testId="ae76524a-50d7-1f33-eda8-e0c10f6c5458" executionId="7dd03d93-0592-46d1-ba84-d40bc8bf6fc7" testListId="8c84fa94-04c1-424b-9868-57a2d4851a1d" />
    <TestEntry testId="ed159f69-05bc-cf8d-cbdb-b35557e06dfe" executionId="d840b164-7d5b-4309-b425-7e3ff2d603a2" testListId="8c84fa94-04c1-424b-9868-57a2d4851a1d" />
    <TestEntry testId="988a5a50-f787-d696-beb5-18d2ffd4817b" executionId="9f3a4f72-96d6-402c-9282-de7fb1eba2a7" testListId="8c84fa94-04c1-424b-9868-57a2d4851a1d" />
    <TestEntry testId="1787a117-b381-761a-e33a-03fb6820ba59" executionId="4fc8c567-1591-481b-aeaf-5b28f553f7f2" testListId="8c84fa94-04c1-424b-9868-57a2d4851a1d" />
    <TestEntry testId="ccb9cf6e-2029-420d-04ea-22db59cdf5e8" executionId="3d2616d3-23af-40b5-a38b-fed7278277cd" testListId="8c84fa94-04c1-424b-9868-57a2d4851a1d" />
    <TestEntry testId="54ba4e7e-6b1b-64e4-9151-a54e121eb723" executionId="3f95dece-ba6e-4c13-b6f8-e0197b7e7c74" testListId="8c84fa94-04c1-424b-9868-57a2d4851a1d" />
    <TestEntry testId="75ab77c2-8ece-44ad-582e-a3f2be54432a" executionId="54013718-0e49-4d8a-a509-6fb8d6d9e943" testListId="8c84fa94-04c1-424b-9868-57a2d4851a1d" />
    <TestEntry testId="1068b125-7e20-f5ad-a067-c696cae3e38b" executionId="d6538ee6-341c-4692-b77b-d5c0ec5a77ea" testListId="8c84fa94-04c1-424b-9868-57a2d4851a1d" />
    <TestEntry testId="6309b1f8-924e-61ad-cdef-75ef61dc7ae7" executionId="ea2af260-b112-4697-a7f7-cacdc1fdb3c2" testListId="8c84fa94-04c1-424b-9868-57a2d4851a1d" />
    <TestEntry testId="05d9f462-1f8f-b8df-388c-1724762f2858" executionId="ef0834bd-3cd3-40f2-9fc7-459445a26c00" testListId="8c84fa94-04c1-424b-9868-57a2d4851a1d" />
    <TestEntry testId="4bf69307-4792-89fb-074f-e8332a603ebc" executionId="81c8386a-b7fe-40ba-8b2b-5a7ac2d598db" testListId="8c84fa94-04c1-424b-9868-57a2d4851a1d" />
    <TestEntry testId="a72e4223-b465-17ca-fae0-70e98570c9ad" executionId="9d6e6bb4-b0e5-41f8-b346-ae9213e1cacc" testListId="8c84fa94-04c1-424b-9868-57a2d4851a1d" />
    <TestEntry testId="09bf6443-6779-c767-dc94-609331a6dcf2" executionId="13c44782-2118-4293-b75e-04e41e2e8c04" testListId="8c84fa94-04c1-424b-9868-57a2d4851a1d" />
    <TestEntry testId="63bee9b4-2d17-54f4-a756-36c3c7cd634a" executionId="16d8532a-0760-4758-86d6-43c979361181" testListId="8c84fa94-04c1-424b-9868-57a2d4851a1d" />
    <TestEntry testId="591b47a2-441f-bec8-c6b7-280228b6867d" executionId="3eb7a951-4e73-48f9-9023-387c209ffbe3" testListId="8c84fa94-04c1-424b-9868-57a2d4851a1d" />
    <TestEntry testId="648d4df5-9148-1a71-ad0e-9dbc003bddd7" executionId="05f7a09d-00fe-46b6-a922-b33bd7869183" testListId="8c84fa94-04c1-424b-9868-57a2d4851a1d" />
  </TestEntries>
  <Results>
    <UnitTestResult executionId="60c93191-d0be-49cf-9e49-56fe92dd2067" testId="0b4904af-d164-e8fb-af8b-5582ee86bf64" testName="OBD_Sensors_ReturnSetConstructorTest" computerName="DESKTOP" duration="-00:00:00.1986383" startTime="2008-05-04T16:36:33.7187500-05:00" endTime="2008-05-04T16:36:34.0156250-05:00" testType="13cdc9d9-ddb5-4fa4-a97d-d965ccfc6d4b" outcome="Inconclusive" testListId="8c84fa94-04c1-424b-9868-57a2d4851a1d">
      <Output>
        <ErrorInfo>
          <Message>Assert.Inconclusive failed. TODO: Implement code to verify target</Message>
          <StackTrace>   at OBDReapTestProject.OBD_Sensors_ReturnSetTest.OBD_Sensors_ReturnSetConstructorTest() in C:\Documents and Settings\Administrator\My Documents\Projects\Published\OBDReapTestProject\OBD_Sensors_ReturnSetTest.cs:line 72
</StackTrace>
        </ErrorInfo>
      </Output>
    </UnitTestResult>
    <UnitTestResult executionId="be40e274-5734-4c13-b564-6a774d89d16a" testId="f0f6ad11-e747-eb61-4b5a-c796ace2cdb0" testName="ParseOutBitsTest" computerName="DESKTOP" duration="-00:00:00.1677511" startTime="2008-05-04T16:36:34.0156250-05:00" endTime="2008-05-04T16:36:34.0937500-05:00" testType="13cdc9d9-ddb5-4fa4-a97d-d965ccfc6d4b" outcome="Passed" testListId="8c84fa94-04c1-424b-9868-57a2d4851a1d">
      <Output>
      </Output>
    </UnitTestResult>
    <UnitTestResult executionId="3ae5da5f-9186-4c55-97c8-273ef19fa2a7" testId="243c5db2-5ba8-4fc1-e5da-923eb39a8ec0" testName="Vehicle_SpeedTest" computerName="DESKTOP" duration="00:00:00.0020186" startTime="2008-05-04T16:36:34.1093750-05:00" endTime="2008-05-04T16:36:34.1093750-05:00" testType="13cdc9d9-ddb5-4fa4-a97d-d965ccfc6d4b" outcome="Passed" testListId="8c84fa94-04c1-424b-9868-57a2d4851a1d">
      <Output>
        <StdOut>1696.70602858919 MPH?</StdOut>
      </Output>
    </UnitTestResult>
    <UnitTestResult executionId="0939116b-6ca1-4418-b670-6c3aa6c6d072" testId="815e43d9-3176-8f1f-f190-39155f2bcced" testName="Timing_AdvanceTest" computerName="DESKTOP" duration="00:00:00.0006821" startTime="2008-05-04T16:36:34.1250000-05:00" endTime="2008-05-04T16:36:34.1250000-05:00" testType="13cdc9d9-ddb5-4fa4-a97d-d965ccfc6d4b" outcome="Passed" testListId="8c84fa94-04c1-424b-9868-57a2d4851a1d">
      <Output>
      </Output>
    </UnitTestResult>
    <UnitTestResult executionId="930a838f-adc8-4f27-a6ef-19f041869623" testId="9a6c8915-56d4-4a82-9bc8-9e322e8ae098" testName="Time_Since_Engine_StartTest" computerName="DESKTOP" duration="00:00:00.0104727" startTime="2008-05-04T16:36:34.1250000-05:00" endTime="2008-05-04T16:36:34.1406250-05:00" testType="13cdc9d9-ddb5-4fa4-a97d-d965ccfc6d4b" outcome="Failed" testListId="8c84fa94-04c1-424b-9868-57a2d4851a1d">
      <Output>
        <ErrorInfo>
          <Message>Assert.AreEqual failed. Expected:&lt;(null)&gt;. Actual:&lt;OBDReap.OBD+Sensors+ReturnSet&gt;. </Message>
          <StackTrace>   at OBDReapTestProject.OBD_SensorsTest.Time_Since_Engine_StartTest() in C:\Documents and Settings\Administrator\My Documents\Projects\Published\OBDReapTestProject\OBD_SensorsTest.cs:line 122
</StackTrace>
        </ErrorInfo>
      </Output>
    </UnitTestResult>
    <UnitTestResult executionId="2d895bb4-e351-46db-8216-99099279d051" testId="927993be-6fb9-c6f1-9872-7425ccc608ac" testName="Throttle_PositionTest" computerName="DESKTOP" duration="00:00:00.0104468" startTime="2008-05-04T16:36:34.1406250-05:00" endTime="2008-05-04T16:36:34.1562500-05:00" testType="13cdc9d9-ddb5-4fa4-a97d-d965ccfc6d4b" outcome="Failed" testListId="8c84fa94-04c1-424b-9868-57a2d4851a1d">
      <Output>
        <ErrorInfo>
          <Message>Assert.AreEqual failed. Expected:&lt;(null)&gt;. Actual:&lt;OBDReap.OBD+Sensors+ReturnSet&gt;. </Message>
          <StackTrace>   at OBDReapTestProject.OBD_SensorsTest.Throttle_PositionTest() in C:\Documents and Settings\Administrator\My Documents\Projects\Published\OBDReapTestProject\OBD_SensorsTest.cs:line 136
</StackTrace>
        </ErrorInfo>
      </Output>
    </UnitTestResult>
    <UnitTestResult executionId="bac8109c-3ca2-4441-945f-e62ffaa7952a" testId="3e8a8bc0-64de-4cfa-35db-7591df287936" testName="Supported_PIDsTest" computerName="DESKTOP" duration="00:00:00.2526646" startTime="2008-05-04T16:36:34.1718750-05:00" endTime="2008-05-04T16:36:34.1875000-05:00" testType="13cdc9d9-ddb5-4fa4-a97d-d965ccfc6d4b" outcome="Failed" testListId="8c84fa94-04c1-424b-9868-57a2d4851a1d">
      <Output>
        <ErrorInfo>
          <Message>Assert.AreEqual failed. Expected:&lt;(null)&gt;. Actual:&lt;OBDReap.OBD+Sensors+ReturnSet&gt;. </Message>
          <StackTrace>   at OBDReapTestProject.OBD_SensorsTest.Supported_PIDsTest() in C:\Documents and Settings\Administrator\My Documents\Projects\Published\OBDReapTestProject\OBD_SensorsTest.cs:line 150
</StackTrace>
        </ErrorInfo>
      </Output>
    </UnitTestResult>
    <UnitTestResult executionId="b03adf2e-317d-4753-b03c-2083b0a19cc1" testId="352ccee4-eca2-33a6-ce4c-5f8f8e0179a4" testName="Status_Since_DTC_ClearedTest" computerName="DESKTOP" duration="00:00:00.2539894" startTime="2008-05-04T16:36:34.1875000-05:00" endTime="2008-05-04T16:36:34.2031250-05:00" testType="13cdc9d9-ddb5-4fa4-a97d-d965ccfc6d4b" outcome="Failed" testListId="8c84fa94-04c1-424b-9868-57a2d4851a1d">
      <Output>
        <ErrorInfo>
          <Message>Assert.AreEqual failed. Expected:&lt;(null)&gt;. Actual:&lt;OBDReap.OBD+Sensors+ReturnSet&gt;. </Message>
          <StackTrace>   at OBDReapTestProject.OBD_SensorsTest.Status_Since_DTC_ClearedTest() in C:\Documents and Settings\Administrator\My Documents\Projects\Published\OBDReapTestProject\OBD_SensorsTest.cs:line 164
</StackTrace>
        </ErrorInfo>
      </Output>
    </UnitTestResult>
    <UnitTestResult executionId="d39d265d-f8c1-41d0-b342-1e6560f1b928" testId="aeba56a4-9fc4-bed9-8d76-a816d04cd652" testName="Short_Term_Fuel_Trim_2Test" computerName="DESKTOP" duration="00:00:00.0092075" startTime="2008-05-04T16:36:34.2031250-05:00" endTime="2008-05-04T16:36:34.2187500-05:00" testType="13cdc9d9-ddb5-4fa4-a97d-d965ccfc6d4b" outcome="Failed" testListId="8c84fa94-04c1-424b-9868-57a2d4851a1d">
      <Output>
        <ErrorInfo>
          <Message>Assert.AreEqual failed. Expected:&lt;(null)&gt;. Actual:&lt;OBDReap.OBD+Sensors+ReturnSet&gt;. </Message>
          <StackTrace>   at OBDReapTestProject.OBD_SensorsTest.Short_Term_Fuel_Trim_2Test() in C:\Documents and Settings\Administrator\My Documents\Projects\Published\OBDReapTestProject\OBD_SensorsTest.cs:line 178
</StackTrace>
        </ErrorInfo>
      </Output>
    </UnitTestResult>
    <UnitTestResult executionId="eee804a8-33fa-4863-bc58-0185dd4ff091" testId="47f8fb12-9b9f-9c40-e21c-ea2a6adbc222" testName="Short_Term_Fuel_Trim_1Test" computerName="DESKTOP" duration="00:00:00.0090423" startTime="2008-05-04T16:36:34.2187500-05:00" endTime="2008-05-04T16:36:34.2343750-05:00" testType="13cdc9d9-ddb5-4fa4-a97d-d965ccfc6d4b" outcome="Failed" testListId="8c84fa94-04c1-424b-9868-57a2d4851a1d">
      <Output>
        <ErrorInfo>
          <Message>Assert.AreEqual failed. Expected:&lt;(null)&gt;. Actual:&lt;OBDReap.OBD+Sensors+ReturnSet&gt;. </Message>
          <StackTrace>   at OBDReapTestProject.OBD_SensorsTest.Short_Term_Fuel_Trim_1Test() in C:\Documents and Settings\Administrator\My Documents\Projects\Published\OBDReapTestProject\OBD_SensorsTest.cs:line 192
</StackTrace>
        </ErrorInfo>
      </Output>
    </UnitTestResult>
    <UnitTestResult executionId="330d8299-c8e1-49b3-a051-ccfcca16741f" testId="097a3ffe-b38c-5f4a-e73d-c482abbb484e" testName="Secondary_Air_StatusTest" computerName="DESKTOP" duration="00:00:00.0092811" startTime="2008-05-04T16:36:34.2500000-05:00" endTime="2008-05-04T16:36:34.2656250-05:00" testType="13cdc9d9-ddb5-4fa4-a97d-d965ccfc6d4b" outcome="Failed" testListId="8c84fa94-04c1-424b-9868-57a2d4851a1d">
      <Output>
        <ErrorInfo>
          <Message>Assert.AreEqual failed. Expected:&lt;(null)&gt;. Actual:&lt;OBDReap.OBD+Sensors+ReturnSet&gt;. </Message>
          <StackTrace>   at OBDReapTestProject.OBD_SensorsTest.Secondary_Air_StatusTest() in C:\Documents and Settings\Administrator\My Documents\Projects\Published\OBDReapTestProject\OBD_SensorsTest.cs:line 206
</StackTrace>
        </ErrorInfo>
      </Output>
    </UnitTestResult>
    <UnitTestResult executionId="b7abd2ef-1e16-4768-8a86-aaa5b2ec2d32" testId="21f4b005-288f-ec31-490e-c85c6f0bfb5b" testName="ParseOutBitsTest1" computerName="DESKTOP" duration="00:00:00.0096608" startTime="2008-05-04T16:36:34.2656250-05:00" endTime="2008-05-04T16:36:34.2812500-05:00" testType="13cdc9d9-ddb5-4fa4-a97d-d965ccfc6d4b" outcome="Failed" testListId="8c84fa94-04c1-424b-9868-57a2d4851a1d">
      <Output>
        <ErrorInfo>
          <Message>Assert.AreEqual failed. Expected:&lt;(null)&gt;. Actual:&lt;System.Boolean[]&gt;. </Message>
          <StackTrace>   at OBDReapTestProject.OBD_SensorsTest.ParseOutBitsTest1() in C:\Documents and Settings\Administrator\My Documents\Projects\Published\OBDReapTestProject\OBD_SensorsTest.cs:line 222
</StackTrace>
        </ErrorInfo>
      </Output>
    </UnitTestResult>
    <UnitTestResult executionId="e77ae002-15c4-4a23-98bb-e0179a1ead4a" testId="1ca97c0e-7679-327b-94f2-a560c2146a14" testName="OBD_DesignationTest" computerName="DESKTOP" duration="-00:00:00.2345837" startTime="2008-05-04T16:36:34.2812500-05:00" endTime="2008-05-04T16:36:34.2968750-05:00" testType="13cdc9d9-ddb5-4fa4-a97d-d965ccfc6d4b" outcome="Failed" testListId="8c84fa94-04c1-424b-9868-57a2d4851a1d">
      <Output>
        <ErrorInfo>
          <Message>Assert.AreEqual failed. Expected:&lt;(null)&gt;. Actual:&lt;OBDReap.OBD+Sensors+ReturnSet&gt;. </Message>
          <StackTrace>   at OBDReapTestProject.OBD_SensorsTest.OBD_DesignationTest() in C:\Documents and Settings\Administrator\My Documents\Projects\Published\OBDReapTestProject\OBD_SensorsTest.cs:line 236
</StackTrace>
        </ErrorInfo>
      </Output>
    </UnitTestResult>
    <UnitTestResult executionId="36a0d2fc-a70d-45d6-9965-88e4abe4cf24" testId="82e026a2-a98a-7f03-ab75-fcc143cd663c" testName="O2_Sensor_2_4Test" computerName="DESKTOP" duration="00:00:00.0091015" startTime="2008-05-04T16:36:34.3125000-05:00" endTime="2008-05-04T16:36:34.3125000-05:00" testType="13cdc9d9-ddb5-4fa4-a97d-d965ccfc6d4b" outcome="Failed" testListId="8c84fa94-04c1-424b-9868-57a2d4851a1d">
      <Output>
        <ErrorInfo>
          <Message>Assert.AreEqual failed. Expected:&lt;(null)&gt;. Actual:&lt;OBDReap.OBD+Sensors+ReturnSet&gt;. </Message>
          <StackTrace>   at OBDReapTestProject.OBD_SensorsTest.O2_Sensor_2_4Test() in C:\Documents and Settings\Administrator\My Documents\Projects\Published\OBDReapTestProject\OBD_SensorsTest.cs:line 250
</StackTrace>
        </ErrorInfo>
      </Output>
    </UnitTestResult>
    <UnitTestResult executionId="c6bb0089-4e17-4e91-bced-7b3e18a2959f" testId="f624ab45-ddb0-2f36-95f4-72db1760647f" testName="O2_Sensor_2_3Test" computerName="DESKTOP" duration="00:00:00.0090200" startTime="2008-05-04T16:36:34.3281250-05:00" endTime="2008-05-04T16:36:34.3437500-05:00" testType="13cdc9d9-ddb5-4fa4-a97d-d965ccfc6d4b" outcome="Failed" testListId="8c84fa94-04c1-424b-9868-57a2d4851a1d">
      <Output>
        <ErrorInfo>
          <Message>Assert.AreEqual failed. Expected:&lt;(null)&gt;. Actual:&lt;OBDReap.OBD+Sensors+ReturnSet&gt;. </Message>
          <StackTrace>   at OBDReapTestProject.OBD_SensorsTest.O2_Sensor_2_3Test() in C:\Documents and Settings\Administrator\My Documents\Projects\Published\OBDReapTestProject\OBD_SensorsTest.cs:line 264
</StackTrace>
        </ErrorInfo>
      </Output>
    </UnitTestResult>
    <UnitTestResult executionId="f11839d0-a18c-43af-9cf4-b53a7d817f10" testId="80c77f9f-63c3-1416-82a8-2bde9f889de6" testName="O2_Sensor_2_2Test" computerName="DESKTOP" duration="00:00:00.2546283" startTime="2008-05-04T16:36:34.3437500-05:00" endTime="2008-05-04T16:36:34.3593750-05:00" testType="13cdc9d9-ddb5-4fa4-a97d-d965ccfc6d4b" outcome="Failed" testListId="8c84fa94-04c1-424b-9868-57a2d4851a1d">
      <Output>
        <ErrorInfo>
          <Message>Assert.AreEqual failed. Expected:&lt;(null)&gt;. Actual:&lt;OBDReap.OBD+Sensors+ReturnSet&gt;. </Message>
          <StackTrace>   at OBDReapTestProject.OBD_SensorsTest.O2_Sensor_2_2Test() in C:\Documents and Settings\Administrator\My Documents\Projects\Published\OBDReapTestProject\OBD_SensorsTest.cs:line 278
</StackTrace>
        </ErrorInfo>
      </Output>
    </UnitTestResult>
    <UnitTestResult executionId="bfc593bc-e7d4-46aa-a442-e2e3eafc9c92" testId="a42be449-56e4-7354-53f9-2d2f7f274b5f" testName="O2_Sensor_2_1Test" computerName="DESKTOP" duration="00:00:00.0089772" startTime="2008-05-04T16:36:34.3593750-05:00" endTime="2008-05-04T16:36:34.3750000-05:00" testType="13cdc9d9-ddb5-4fa4-a97d-d965ccfc6d4b" outcome="Failed" testListId="8c84fa94-04c1-424b-9868-57a2d4851a1d">
      <Output>
        <ErrorInfo>
          <Message>Assert.AreEqual failed. Expected:&lt;(null)&gt;. Actual:&lt;OBDReap.OBD+Sensors+ReturnSet&gt;. </Message>
          <StackTrace>   at OBDReapTestProject.OBD_SensorsTest.O2_Sensor_2_1Test() in C:\Documents and Settings\Administrator\My Documents\Projects\Published\OBDReapTestProject\OBD_SensorsTest.cs:line 292
</StackTrace>
        </ErrorInfo>
      </Output>
    </UnitTestResult>
    <UnitTestResult executionId="082853f7-9df3-426b-ab02-20e803a46f65" testId="c70e5bab-d732-2b4e-7cd6-4c06c8749449" testName="O2_Sensor_1_4Test" computerName="DESKTOP" duration="-00:00:00.2346235" startTime="2008-05-04T16:36:34.3750000-05:00" endTime="2008-05-04T16:36:34.3906250-05:00" testType="13cdc9d9-ddb5-4fa4-a97d-d965ccfc6d4b" outcome="Failed" testListId="8c84fa94-04c1-424b-9868-57a2d4851a1d">
      <Output>
        <ErrorInfo>
          <Message>Assert.AreEqual failed. Expected:&lt;(null)&gt;. Actual:&lt;OBDReap.OBD+Sensors+ReturnSet&gt;. </Message>
          <StackTrace>   at OBDReapTestProject.OBD_SensorsTest.O2_Sensor_1_4Test() in C:\Documents and Settings\Administrator\My Documents\Projects\Published\OBDReapTestProject\OBD_SensorsTest.cs:line 306
</StackTrace>
        </ErrorInfo>
      </Output>
    </UnitTestResult>
    <UnitTestResult executionId="0b16204e-2e6d-43b1-92d0-d4f96e6f9f3c" testId="73ddee02-7102-e28c-4588-8c7556c6eb14" testName="O2_Sensor_1_3Test" computerName="DESKTOP" duration="00:00:00.0092449" startTime="2008-05-04T16:36:34.4062500-05:00" endTime="2008-05-04T16:36:34.4218750-05:00" testType="13cdc9d9-ddb5-4fa4-a97d-d965ccfc6d4b" outcome="Failed" testListId="8c84fa94-04c1-424b-9868-57a2d4851a1d">
      <Output>
        <ErrorInfo>
          <Message>Assert.AreEqual failed. Expected:&lt;(null)&gt;. Actual:&lt;OBDReap.OBD+Sensors+ReturnSet&gt;. </Message>
          <StackTrace>   at OBDReapTestProject.OBD_SensorsTest.O2_Sensor_1_3Test() in C:\Documents and Settings\Administrator\My Documents\Projects\Published\OBDReapTestProject\OBD_SensorsTest.cs:line 320
</StackTrace>
        </ErrorInfo>
      </Output>
    </UnitTestResult>
    <UnitTestResult executionId="87258c48-b328-4465-93df-182a1cef708c" testId="0863d3e1-1c58-6b48-563e-ebc0f984fea1" testName="O2_Sensor_1_2Test" computerName="DESKTOP" duration="00:00:00.0092138" startTime="2008-05-04T16:36:34.4218750-05:00" endTime="2008-05-04T16:36:34.4375000-05:00" testType="13cdc9d9-ddb5-4fa4-a97d-d965ccfc6d4b" outcome="Failed" testListId="8c84fa94-04c1-424b-9868-57a2d4851a1d">
      <Output>
        <ErrorInfo>
          <Message>Assert.AreEqual failed. Expected:&lt;(null)&gt;. Actual:&lt;OBDReap.OBD+Sensors+ReturnSet&gt;. </Message>
          <StackTrace>   at OBDReapTestProject.OBD_SensorsTest.O2_Sensor_1_2Test() in C:\Documents and Settings\Administrator\My Documents\Projects\Published\OBDReapTestProject\OBD_SensorsTest.cs:line 334
</StackTrace>
        </ErrorInfo>
      </Output>
    </UnitTestResult>
    <UnitTestResult executionId="23b52128-851d-45d5-8b1e-7c4f4234e3e7" testId="c87d0368-e92e-cbd1-44b9-4478b4ca0633" testName="O2_Sensor_1_1Test" computerName="DESKTOP" duration="-00:00:00.2348957" startTime="2008-05-04T16:36:34.4375000-05:00" endTime="2008-05-04T16:36:34.4531250-05:00" testType="13cdc9d9-ddb5-4fa4-a97d-d965ccfc6d4b" outcome="Failed" testListId="8c84fa94-04c1-424b-9868-57a2d4851a1d">
      <Output>
        <ErrorInfo>
          <Message>Assert.AreEqual failed. Expected:&lt;(null)&gt;. Actual:&lt;OBDReap.OBD+Sensors+ReturnSet&gt;. </Message>
          <StackTrace>   at OBDReapTestProject.OBD_SensorsTest.O2_Sensor_1_1Test() in C:\Documents and Settings\Administrator\My Documents\Projects\Published\OBDReapTestProject\OBD_SensorsTest.cs:line 348
</StackTrace>
        </ErrorInfo>
      </Output>
    </UnitTestResult>
    <UnitTestResult executionId="cfd1f004-2ed2-468c-b3e7-a068ddef9118" testId="7096e9a3-af4f-deed-9427-dd1fb34b4063" testName="Long_Term_Fuel_Trim_2Test" computerName="DESKTOP" duration="00:00:00.0088079" startTime="2008-05-04T16:36:34.4687500-05:00" endTime="2008-05-04T16:36:34.4687500-05:00" testType="13cdc9d9-ddb5-4fa4-a97d-d965ccfc6d4b" outcome="Failed" testListId="8c84fa94-04c1-424b-9868-57a2d4851a1d">
      <Output>
        <ErrorInfo>
          <Message>Assert.AreEqual failed. Expected:&lt;(null)&gt;. Actual:&lt;OBDReap.OBD+Sensors+ReturnSet&gt;. </Message>
          <StackTrace>   at OBDReapTestProject.OBD_SensorsTest.Long_Term_Fuel_Trim_2Test() in C:\Documents and Settings\Administrator\My Documents\Projects\Published\OBDReapTestProject\OBD_SensorsTest.cs:line 362
</StackTrace>
        </ErrorInfo>
      </Output>
    </UnitTestResult>
    <UnitTestResult executionId="a17cc0a5-03b0-4049-a061-ea9dcb217883" testId="3e282649-b1d7-efcc-16cb-88f797cfc6ce" testName="Long_Term_Fuel_Trim_1Test" computerName="DESKTOP" duration="-00:00:00.2328880" startTime="2008-05-04T16:36:34.4843750-05:00" endTime="2008-05-04T16:36:34.5000000-05:00" testType="13cdc9d9-ddb5-4fa4-a97d-d965ccfc6d4b" outcome="Failed" testListId="8c84fa94-04c1-424b-9868-57a2d4851a1d">
      <Output>
        <ErrorInfo>
          <Message>Assert.AreEqual failed. Expected:&lt;(null)&gt;. Actual:&lt;OBDReap.OBD+Sensors+ReturnSet&gt;. </Message>
          <StackTrace>   at OBDReapTestProject.OBD_SensorsTest.Long_Term_Fuel_Trim_1Test() in C:\Documents and Settings\Administrator\My Documents\Projects\Published\OBDReapTestProject\OBD_SensorsTest.cs:line 376
</StackTrace>
        </ErrorInfo>
      </Output>
    </UnitTestResult>
    <UnitTestResult executionId="07348230-da41-41f4-a51c-819a9e2e86b5" testId="77438b0f-37be-a771-73fe-b9c1e2e16842" testName="Location_of_O2_sensors_2Test" computerName="DESKTOP" duration="00:00:00.0107085" startTime="2008-05-04T16:36:34.5000000-05:00" endTime="2008-05-04T16:36:34.5156250-05:00" testType="13cdc9d9-ddb5-4fa4-a97d-d965ccfc6d4b" outcome="Failed" testListId="8c84fa94-04c1-424b-9868-57a2d4851a1d">
      <Output>
        <ErrorInfo>
          <Message>Assert.AreEqual failed. Expected:&lt;(null)&gt;. Actual:&lt;OBDReap.OBD+Sensors+ReturnSet&gt;. </Message>
          <StackTrace>   at OBDReapTestProject.OBD_SensorsTest.Location_of_O2_sensors_2Test() in C:\Documents and Settings\Administrator\My Documents\Projects\Published\OBDReapTestProject\OBD_SensorsTest.cs:line 390
</StackTrace>
        </ErrorInfo>
      </Output>
    </UnitTestResult>
    <UnitTestResult executionId="82736c14-0ba1-47ef-940a-35181ef2518e" testId="6cbf86d3-9c8c-9b6d-c242-da680a1936ff" testName="Location_of_O2_sensors_1Test" computerName="DESKTOP" duration="00:00:00.0092151" startTime="2008-05-04T16:36:34.5156250-05:00" endTime="2008-05-04T16:36:34.5312500-05:00" testType="13cdc9d9-ddb5-4fa4-a97d-d965ccfc6d4b" outcome="Failed" testListId="8c84fa94-04c1-424b-9868-57a2d4851a1d">
      <Output>
        <ErrorInfo>
          <Message>Assert.AreEqual failed. Expected:&lt;(null)&gt;. Actual:&lt;OBDReap.OBD+Sensors+ReturnSet&gt;. </Message>
          <StackTrace>   at OBDReapTestProject.OBD_SensorsTest.Location_of_O2_sensors_1Test() in C:\Documents and Settings\Administrator\My Documents\Projects\Published\OBDReapTestProject\OBD_SensorsTest.cs:line 404
</StackTrace>
        </ErrorInfo>
      </Output>
    </UnitTestResult>
    <UnitTestResult executionId="40eecbb2-6c0e-4dd1-bf91-768228dba040" testId="5d2cce68-aa58-3fbb-5388-3969c9367d31" testName="Intake_Manifold_PressureTest" computerName="DESKTOP" duration="00:00:00.0092343" startTime="2008-05-04T16:36:34.5312500-05:00" endTime="2008-05-04T16:36:34.5468750-05:00" testType="13cdc9d9-ddb5-4fa4-a97d-d965ccfc6d4b" outcome="Failed" testListId="8c84fa94-04c1-424b-9868-57a2d4851a1d">
      <Output>
        <ErrorInfo>
          <Message>Assert.AreEqual failed. Expected:&lt;(null)&gt;. Actual:&lt;OBDReap.OBD+Sensors+ReturnSet&gt;. </Message>
          <StackTrace>   at OBDReapTestProject.OBD_SensorsTest.Intake_Manifold_PressureTest() in C:\Documents and Settings\Administrator\My Documents\Projects\Published\OBDReapTestProject\OBD_SensorsTest.cs:line 418
</StackTrace>
        </ErrorInfo>
      </Output>
    </UnitTestResult>
    <UnitTestResult executionId="a4f9fb1d-69d9-4415-9491-38f244d45132" testId="9ce5d507-1647-2951-dfd9-d61272508026" testName="Intake_Air_TempTest" computerName="DESKTOP" duration="00:00:00.0094777" startTime="2008-05-04T16:36:34.5625000-05:00" endTime="2008-05-04T16:36:34.5781250-05:00" testType="13cdc9d9-ddb5-4fa4-a97d-d965ccfc6d4b" outcome="Failed" testListId="8c84fa94-04c1-424b-9868-57a2d4851a1d">
      <Output>
        <ErrorInfo>
          <Message>Assert.AreEqual failed. Expected:&lt;(null)&gt;. Actual:&lt;OBDReap.OBD+Sensors+ReturnSet&gt;. </Message>
          <StackTrace>   at OBDReapTestProject.OBD_SensorsTest.Intake_Air_TempTest() in C:\Documents and Settings\Administrator\My Documents\Projects\Published\OBDReapTestProject\OBD_SensorsTest.cs:line 432
</StackTrace>
        </ErrorInfo>
      </Output>
    </UnitTestResult>
    <UnitTestResult executionId="7dd03d93-0592-46d1-ba84-d40bc8bf6fc7" testId="ae76524a-50d7-1f33-eda8-e0c10f6c5458" testName="HexToIntTest" computerName="DESKTOP" duration="00:00:00.0143212" startTime="2008-05-04T16:36:34.5781250-05:00" endTime="2008-05-04T16:36:34.5937500-05:00" testType="13cdc9d9-ddb5-4fa4-a97d-d965ccfc6d4b" outcome="Failed" testListId="8c84fa94-04c1-424b-9868-57a2d4851a1d">
      <Output>
        <ErrorInfo>
          <Message>Test method OBDReapTestProject.OBD_SensorsTest.HexToIntTest threw exception:  System.FormatException: Input string was not in a correct format..</Message>
          <StackTrace>    at System.Number.StringToNumber(String str, NumberStyles options, NumberBuffer&amp; number, NumberFormatInfo info, Boolean parseDecimal)
   at System.Number.ParseInt32(String s, NumberStyles style, NumberFormatInfo info)
   at System.Int32.Parse(String s, NumberStyles style)
   at OBDReap.OBD.Sensors.HexToInt(String hex) in C:\Documents and Settings\Administrator\My Documents\Projects\Published\OBDReap\Form1.cs:line 49
   at OBDReapTestProject.OBD_SensorsTest.HexToIntTest() in C:\Documents and Settings\Administrator\My Documents\Projects\Published\OBDReapTestProject\OBD_SensorsTest.cs:line 446
</StackTrace>
        </ErrorInfo>
      </Output>
    </UnitTestResult>
    <UnitTestResult executionId="d840b164-7d5b-4309-b425-7e3ff2d603a2" testId="ed159f69-05bc-cf8d-cbdb-b35557e06dfe" testName="GetCmdTest" computerName="DESKTOP" duration="-00:00:00.2147773" startTime="2008-05-04T16:36:34.6093750-05:00" endTime="2008-05-04T16:36:34.6406250-05:00" testType="13cdc9d9-ddb5-4fa4-a97d-d965ccfc6d4b" outcome="Failed" testListId="8c84fa94-04c1-424b-9868-57a2d4851a1d">
      <Output>
        <ErrorInfo>
          <Message>Assert.AreEqual failed. Expected:&lt;0&gt;. Actual:&lt;2730&gt;. </Message>
          <StackTrace>   at OBDReapTestProject.OBD_SensorsTest.GetCmdTest() in C:\Documents and Settings\Administrator\My Documents\Projects\Published\OBDReapTestProject\OBD_SensorsTest.cs:line 463
</StackTrace>
        </ErrorInfo>
      </Output>
    </UnitTestResult>
    <UnitTestResult executionId="9f3a4f72-96d6-402c-9282-de7fb1eba2a7" testId="988a5a50-f787-d696-beb5-18d2ffd4817b" testName="Fuel_System_StatusTest" computerName="DESKTOP" duration="00:00:00.0092382" startTime="2008-05-04T16:36:34.6718750-05:00" endTime="2008-05-04T16:36:34.6875000-05:00" testType="13cdc9d9-ddb5-4fa4-a97d-d965ccfc6d4b" outcome="Failed" testListId="8c84fa94-04c1-424b-9868-57a2d4851a1d">
      <Output>
        <ErrorInfo>
          <Message>Assert.AreEqual failed. Expected:&lt;(null)&gt;. Actual:&lt;OBDReap.OBD+Sensors+ReturnSet&gt;. </Message>
          <StackTrace>   at OBDReapTestProject.OBD_SensorsTest.Fuel_System_StatusTest() in C:\Documents and Settings\Administrator\My Documents\Projects\Published\OBDReapTestProject\OBD_SensorsTest.cs:line 477
</StackTrace>
        </ErrorInfo>
      </Output>
    </UnitTestResult>
    <UnitTestResult executionId="4fc8c567-1591-481b-aeaf-5b28f553f7f2" testId="1787a117-b381-761a-e33a-03fb6820ba59" testName="Fuel_Rail_PressureTest" computerName="DESKTOP" duration="00:00:00.0090554" startTime="2008-05-04T16:36:34.6875000-05:00" endTime="2008-05-04T16:36:34.7031250-05:00" testType="13cdc9d9-ddb5-4fa4-a97d-d965ccfc6d4b" outcome="Failed" testListId="8c84fa94-04c1-424b-9868-57a2d4851a1d">
      <Output>
        <ErrorInfo>
          <Message>Assert.AreEqual failed. Expected:&lt;(null)&gt;. Actual:&lt;OBDReap.OBD+Sensors+ReturnSet&gt;. </Message>
          <StackTrace>   at OBDReapTestProject.OBD_SensorsTest.Fuel_Rail_PressureTest() in C:\Documents and Settings\Administrator\My Documents\Projects\Published\OBDReapTestProject\OBD_SensorsTest.cs:line 491
</StackTrace>
        </ErrorInfo>
      </Output>
    </UnitTestResult>
    <UnitTestResult executionId="3d2616d3-23af-40b5-a38b-fed7278277cd" testId="ccb9cf6e-2029-420d-04ea-22db59cdf5e8" testName="Engine_Run_with_MIL_onTest" computerName="DESKTOP" duration="00:00:00.0091577" startTime="2008-05-04T16:36:34.7031250-05:00" endTime="2008-05-04T16:36:34.7187500-05:00" testType="13cdc9d9-ddb5-4fa4-a97d-d965ccfc6d4b" outcome="Failed" testListId="8c84fa94-04c1-424b-9868-57a2d4851a1d">
      <Output>
        <ErrorInfo>
          <Message>Assert.AreEqual failed. Expected:&lt;(null)&gt;. Actual:&lt;OBDReap.OBD+Sensors+ReturnSet&gt;. </Message>
          <StackTrace>   at OBDReapTestProject.OBD_SensorsTest.Engine_Run_with_MIL_onTest() in C:\Documents and Settings\Administrator\My Documents\Projects\Published\OBDReapTestProject\OBD_SensorsTest.cs:line 505
</StackTrace>
        </ErrorInfo>
      </Output>
    </UnitTestResult>
    <UnitTestResult executionId="3f95dece-ba6e-4c13-b6f8-e0197b7e7c74" testId="54ba4e7e-6b1b-64e4-9151-a54e121eb723" testName="Engine_RPMTest" computerName="DESKTOP" duration="-00:00:00.2346190" startTime="2008-05-04T16:36:34.7187500-05:00" endTime="2008-05-04T16:36:34.7343750-05:00" testType="13cdc9d9-ddb5-4fa4-a97d-d965ccfc6d4b" outcome="Failed" testListId="8c84fa94-04c1-424b-9868-57a2d4851a1d">
      <Output>
        <ErrorInfo>
          <Message>Assert.AreEqual failed. Expected:&lt;(null)&gt;. Actual:&lt;OBDReap.OBD+Sensors+ReturnSet&gt;. </Message>
          <StackTrace>   at OBDReapTestProject.OBD_SensorsTest.Engine_RPMTest() in C:\Documents and Settings\Administrator\My Documents\Projects\Published\OBDReapTestProject\OBD_SensorsTest.cs:line 519
</StackTrace>
        </ErrorInfo>
      </Output>
    </UnitTestResult>
    <UnitTestResult executionId="54013718-0e49-4d8a-a509-6fb8d6d9e943" testId="75ab77c2-8ece-44ad-582e-a3f2be54432a" testName="DTC_Causing_Freeze_FrameTest" computerName="DESKTOP" duration="00:00:00.0092067" startTime="2008-05-04T16:36:34.7656250-05:00" endTime="2008-05-04T16:36:34.7812500-05:00" testType="13cdc9d9-ddb5-4fa4-a97d-d965ccfc6d4b" outcome="Failed" testListId="8c84fa94-04c1-424b-9868-57a2d4851a1d">
      <Output>
        <ErrorInfo>
          <Message>Assert.AreEqual failed. Expected:&lt;(null)&gt;. Actual:&lt;OBDReap.OBD+Sensors+ReturnSet&gt;. </Message>
          <StackTrace>   at OBDReapTestProject.OBD_SensorsTest.DTC_Causing_Freeze_FrameTest() in C:\Documents and Settings\Administrator\My Documents\Projects\Published\OBDReapTestProject\OBD_SensorsTest.cs:line 533
</StackTrace>
        </ErrorInfo>
      </Output>
    </UnitTestResult>
    <UnitTestResult executionId="d6538ee6-341c-4692-b77b-d5c0ec5a77ea" testId="1068b125-7e20-f5ad-a067-c696cae3e38b" testName="Coolant_TemperatureTest" computerName="DESKTOP" duration="00:00:00.0088775" startTime="2008-05-04T16:36:34.7812500-05:00" endTime="2008-05-04T16:36:34.7968750-05:00" testType="13cdc9d9-ddb5-4fa4-a97d-d965ccfc6d4b" outcome="Failed" testListId="8c84fa94-04c1-424b-9868-57a2d4851a1d">
      <Output>
        <ErrorInfo>
          <Message>Assert.AreEqual failed. Expected:&lt;(null)&gt;. Actual:&lt;OBDReap.OBD+Sensors+ReturnSet&gt;. </Message>
          <StackTrace>   at OBDReapTestProject.OBD_SensorsTest.Coolant_TemperatureTest() in C:\Documents and Settings\Administrator\My Documents\Projects\Published\OBDReapTestProject\OBD_SensorsTest.cs:line 547
</StackTrace>
        </ErrorInfo>
      </Output>
    </UnitTestResult>
    <UnitTestResult executionId="ea2af260-b112-4697-a7f7-cacdc1fdb3c2" testId="6309b1f8-924e-61ad-cdef-75ef61dc7ae7" testName="Calculated_Load_ValueTest" computerName="DESKTOP" duration="00:00:00.2527991" startTime="2008-05-04T16:36:34.8125000-05:00" endTime="2008-05-04T16:36:34.8125000-05:00" testType="13cdc9d9-ddb5-4fa4-a97d-d965ccfc6d4b" outcome="Failed" testListId="8c84fa94-04c1-424b-9868-57a2d4851a1d">
      <Output>
        <ErrorInfo>
          <Message>Assert.AreEqual failed. Expected:&lt;(null)&gt;. Actual:&lt;OBDReap.OBD+Sensors+ReturnSet&gt;. </Message>
          <StackTrace>   at OBDReapTestProject.OBD_SensorsTest.Calculated_Load_ValueTest() in C:\Documents and Settings\Administrator\My Documents\Projects\Published\OBDReapTestProject\OBD_SensorsTest.cs:line 561
</StackTrace>
        </ErrorInfo>
      </Output>
    </UnitTestResult>
    <UnitTestResult executionId="ef0834bd-3cd3-40f2-9fc7-459445a26c00" testId="05d9f462-1f8f-b8df-388c-1724762f2858" testName="BitStringTest" computerName="DESKTOP" duration="-00:00:00.2210376" startTime="2008-05-04T16:36:34.8281250-05:00" endTime="2008-05-04T16:36:34.8593750-05:00" testType="13cdc9d9-ddb5-4fa4-a97d-d965ccfc6d4b" outcome="Failed" testListId="8c84fa94-04c1-424b-9868-57a2d4851a1d">
      <Output>
        <ErrorInfo>
          <Message>Test method OBDReapTestProject.OBD_SensorsTest.BitStringTest threw exception:  System.NullReferenceException: Object reference not set to an instance of an object..</Message>
          <StackTrace>    at OBDReap.OBD.Sensors.BitString(Boolean[] bBits) in C:\Documents and Settings\Administrator\My Documents\Projects\Published\OBDReap\Form1.cs:line 63
   at OBDReap.OBD_Accessor.Sensors.BitString(Boolean[] bBits)
   at OBDReapTestProject.OBD_SensorsTest.BitStringTest() in C:\Documents and Settings\Administrator\My Documents\Projects\Published\OBDReapTestProject\OBD_SensorsTest.cs:line 576
</StackTrace>
        </ErrorInfo>
      </Output>
    </UnitTestResult>
    <UnitTestResult executionId="81c8386a-b7fe-40ba-8b2b-5a7ac2d598db" testId="4bf69307-4792-89fb-074f-e8332a603ebc" testName="Aux_input_statusTest" computerName="DESKTOP" duration="-00:00:00.2118046" startTime="2008-05-04T16:36:34.8593750-05:00" endTime="2008-05-04T16:36:34.8906250-05:00" testType="13cdc9d9-ddb5-4fa4-a97d-d965ccfc6d4b" outcome="Failed" testListId="8c84fa94-04c1-424b-9868-57a2d4851a1d">
      <Output>
        <ErrorInfo>
          <Message>Assert.AreEqual failed. Expected:&lt;(null)&gt;. Actual:&lt;OBDReap.OBD+Sensors+ReturnSet&gt;. </Message>
          <StackTrace>   at OBDReapTestProject.OBD_SensorsTest.Aux_input_statusTest() in C:\Documents and Settings\Administrator\My Documents\Projects\Published\OBDReapTestProject\OBD_SensorsTest.cs:line 591
</StackTrace>
        </ErrorInfo>
      </Output>
    </UnitTestResult>
    <UnitTestResult executionId="9d6e6bb4-b0e5-41f8-b346-ae9213e1cacc" testId="a72e4223-b465-17ca-fae0-70e98570c9ad" testName="Air_Flow_Rate_MAFTest" computerName="DESKTOP" duration="00:00:00.2526890" startTime="2008-05-04T16:36:34.9062500-05:00" endTime="2008-05-04T16:36:34.9218750-05:00" testType="13cdc9d9-ddb5-4fa4-a97d-d965ccfc6d4b" outcome="Failed" testListId="8c84fa94-04c1-424b-9868-57a2d4851a1d">
      <Output>
        <ErrorInfo>
          <Message>Assert.AreEqual failed. Expected:&lt;(null)&gt;. Actual:&lt;OBDReap.OBD+Sensors+ReturnSet&gt;. </Message>
          <StackTrace>   at OBDReapTestProject.OBD_SensorsTest.Air_Flow_Rate_MAFTest() in C:\Documents and Settings\Administrator\My Documents\Projects\Published\OBDReapTestProject\OBD_SensorsTest.cs:line 605
</StackTrace>
        </ErrorInfo>
      </Output>
    </UnitTestResult>
    <UnitTestResult executionId="13c44782-2118-4293-b75e-04e41e2e8c04" testId="09bf6443-6779-c767-dc94-609331a6dcf2" testName="OBD_SensorsConstructorTest" computerName="DESKTOP" duration="-00:00:00.2342396" startTime="2008-05-04T16:36:34.9218750-05:00" endTime="2008-05-04T16:36:34.9375000-05:00" testType="13cdc9d9-ddb5-4fa4-a97d-d965ccfc6d4b" outcome="Inconclusive" testListId="8c84fa94-04c1-424b-9868-57a2d4851a1d">
      <Output>
        <ErrorInfo>
          <Message>Assert.Inconclusive failed. TODO: Implement code to verify target</Message>
          <StackTrace>   at OBDReapTestProject.OBD_SensorsTest.OBD_SensorsConstructorTest() in C:\Documents and Settings\Administrator\My Documents\Projects\Published\OBDReapTestProject\OBD_SensorsTest.cs:line 616
</StackTrace>
        </ErrorInfo>
      </Output>
    </UnitTestResult>
    <UnitTestResult executionId="16d8532a-0760-4758-86d6-43c979361181" testId="63bee9b4-2d17-54f4-a756-36c3c7cd634a" testName="Supported_PIDsTest" computerName="DESKTOP" duration="00:00:00.0092235" startTime="2008-05-04T16:36:34.9375000-05:00" endTime="2008-05-04T16:36:34.9531250-05:00" testType="13cdc9d9-ddb5-4fa4-a97d-d965ccfc6d4b" outcome="Failed" testListId="8c84fa94-04c1-424b-9868-57a2d4851a1d">
      <Output>
        <ErrorInfo>
          <Message>Assert.AreEqual failed. Expected:&lt;2730&gt;. Actual:&lt;01010101010100000&gt;. </Message>
          <StackTrace>   at OBDReapTestProject.OBDReap_SensorsTest.Supported_PIDsTest() in C:\Documents and Settings\Administrator\My Documents\Projects\Published\OBDReapTestProject\OBDReap_SensorsTest.cs:line 75
</StackTrace>
        </ErrorInfo>
      </Output>
    </UnitTestResult>
    <UnitTestResult executionId="3eb7a951-4e73-48f9-9023-387c209ffbe3" testId="591b47a2-441f-bec8-c6b7-280228b6867d" testName="TranslateCodeTest" computerName="DESKTOP" duration="00:00:00.0091039" startTime="2008-05-04T16:36:34.9687500-05:00" endTime="2008-05-04T16:36:34.9687500-05:00" testType="13cdc9d9-ddb5-4fa4-a97d-d965ccfc6d4b" outcome="Inconclusive" testListId="8c84fa94-04c1-424b-9868-57a2d4851a1d">
      <Output>
        <ErrorInfo>
          <Message>Assert.Inconclusive failed. A method that does not return a value cannot be verified.</Message>
          <StackTrace>   at OBDReapTestProject.OBDTest.TranslateCodeTest() in C:\Documents and Settings\Administrator\My Documents\Projects\Published\OBDReapTestProject\OBDTest.cs:line 73
</StackTrace>
        </ErrorInfo>
      </Output>
    </UnitTestResult>
    <UnitTestResult executionId="05f7a09d-00fe-46b6-a922-b33bd7869183" testId="648d4df5-9148-1a71-ad0e-9dbc003bddd7" testName="OBDConstructorTest" computerName="DESKTOP" duration="00:00:00.2745761" startTime="2008-05-04T16:36:34.9843750-05:00" endTime="2008-05-04T16:36:35.0156250-05:00" testType="13cdc9d9-ddb5-4fa4-a97d-d965ccfc6d4b" outcome="Inconclusive" testListId="8c84fa94-04c1-424b-9868-57a2d4851a1d">
      <Output>
        <ErrorInfo>
          <Message>Assert.Inconclusive failed. TODO: Implement code to verify target</Message>
          <StackTrace>   at OBDReapTestProject.OBDTest.OBDConstructorTest() in C:\Documents and Settings\Administrator\My Documents\Projects\Published\OBDReapTestProject\OBDTest.cs:line 83
</StackTrace>
        </ErrorInfo>
      </Output>
    </UnitTestResult>
  </Results>
</TestRun>