<?xml version="1.0" encoding="UTF-8"?>
<TestRun id="d9f55a9e-f16b-4e66-903f-e84adccc1f7d" name="remote@DESKTOP 2008-05-04 16:21:05" runUser="DESKTOP\remote" xmlns="http://microsoft.com/schemas/VisualStudio/TeamTest/2006">
  <TestRunConfiguration name="Local Test Run" id="83aba3ea-57f6-4249-8e07-3130942d9d3b">
    <Description>This is a default test run configuration for a local test run.</Description>
    <Deployment runDeploymentRoot="C:\Documents and Settings\Administrator\My Documents\Projects\Published\TestResults\remote_DESKTOP 2008-05-04 16_21_05">
      <DeploymentItem filename="C:\Documents and Settings\Administrator\My Documents\Projects\Published\OBDReap\bin\Debug\OBDReap.exe" />
    </Deployment>
    <TestTypeSpecific />
  </TestRunConfiguration>
  <ResultSummary outcome="Failed">
    <Counters total="43" executed="43" passed="2" error="0" failed="37" timeout="0" aborted="0" inconclusive="4" passedButRunAborted="0" notRunnable="0" notExecuted="0" disconnected="0" warning="0" completed="0" inProgress="0" pending="0" />
  </ResultSummary>
  <Times creation="2008-05-04T16:21:05.0937500-05:00" queuing="2008-05-04T16:21:06.7343750-05:00" start="2008-05-04T16:21:06.9843750-05:00" finish="2008-05-04T16:21:08.5312500-05:00" />
  <TestDefinitions>
    <UnitTest name="BitStringTest" storage="c:\documents and settings\administrator\my documents\projects\published\obdreaptestproject\bin\debug\obdreaptestproject.dll" id="05d9f462-1f8f-b8df-388c-1724762f2858">
      <Css projectStructure="" iteration="" />
      <Owners>
        <Owner name="" />
      </Owners>
      <DeploymentItems>
        <DeploymentItem filename="OBDReap.exe" />
      </DeploymentItems>
      <Execution id="b47c24cf-6e74-43ec-9506-0457ff204fe5" />
      <TestMethod codeBase="C:\Documents and Settings\Administrator\My Documents\Projects\Published\OBDReapTestProject\bin\Debug\OBDReapTestProject.dll" adapterTypeName="Microsoft.VisualStudio.TestTools.TestTypes.Unit.UnitTestAdapter, Microsoft.VisualStudio.QualityTools.Tips.UnitTest.Adapter, Version=9.0.0.0, Culture=neutral, PublicKeyToken=b03f5f7f11d50a3a" className="OBDReapTestProject.OBD_SensorsTest, OBDReapTestProject" name="BitStringTest" />
    </UnitTest>
    <UnitTest name="Fuel_System_StatusTest" storage="c:\documents and settings\administrator\my documents\projects\published\obdreaptestproject\bin\debug\obdreaptestproject.dll" id="988a5a50-f787-d696-beb5-18d2ffd4817b">
      <Css projectStructure="" iteration="" />
      <Owners>
        <Owner name="" />
      </Owners>
      <Execution id="8751af12-cc82-460b-9be1-c598c62e2a2b" />
      <TestMethod codeBase="C:\Documents and Settings\Administrator\My Documents\Projects\Published\OBDReapTestProject\bin\Debug\OBDReapTestProject.dll" adapterTypeName="Microsoft.VisualStudio.TestTools.TestTypes.Unit.UnitTestAdapter, Microsoft.VisualStudio.QualityTools.Tips.UnitTest.Adapter, Version=9.0.0.0, Culture=neutral, PublicKeyToken=b03f5f7f11d50a3a" className="OBDReapTestProject.OBD_SensorsTest, OBDReapTestProject" name="Fuel_System_StatusTest" />
    </UnitTest>
    <UnitTest name="OBD_SensorsConstructorTest" storage="c:\documents and settings\administrator\my documents\projects\published\obdreaptestproject\bin\debug\obdreaptestproject.dll" id="09bf6443-6779-c767-dc94-609331a6dcf2">
      <Css projectStructure="" iteration="" />
      <Owners>
        <Owner name="" />
      </Owners>
      <Execution id="f7183245-9079-4a13-bf23-19b8ccdd6fd9" />
      <TestMethod codeBase="C:\Documents and Settings\Administrator\My Documents\Projects\Published\OBDReapTestProject\bin\Debug\OBDReapTestProject.dll" adapterTypeName="Microsoft.VisualStudio.TestTools.TestTypes.Unit.UnitTestAdapter, Microsoft.VisualStudio.QualityTools.Tips.UnitTest.Adapter, Version=9.0.0.0, Culture=neutral, PublicKeyToken=b03f5f7f11d50a3a" className="OBDReapTestProject.OBD_SensorsTest, OBDReapTestProject" name="OBD_SensorsConstructorTest" />
    </UnitTest>
    <UnitTest name="Status_Since_DTC_ClearedTest" storage="c:\documents and settings\administrator\my documents\projects\published\obdreaptestproject\bin\debug\obdreaptestproject.dll" id="352ccee4-eca2-33a6-ce4c-5f8f8e0179a4">
      <Css projectStructure="" iteration="" />
      <Owners>
        <Owner name="" />
      </Owners>
      <Execution id="c488f22e-8627-46df-9de3-9e679c0250e7" />
      <TestMethod codeBase="C:\Documents and Settings\Administrator\My Documents\Projects\Published\OBDReapTestProject\bin\Debug\OBDReapTestProject.dll" adapterTypeName="Microsoft.VisualStudio.TestTools.TestTypes.Unit.UnitTestAdapter, Microsoft.VisualStudio.QualityTools.Tips.UnitTest.Adapter, Version=9.0.0.0, Culture=neutral, PublicKeyToken=b03f5f7f11d50a3a" className="OBDReapTestProject.OBD_SensorsTest, OBDReapTestProject" name="Status_Since_DTC_ClearedTest" />
    </UnitTest>
    <UnitTest name="Coolant_TemperatureTest" storage="c:\documents and settings\administrator\my documents\projects\published\obdreaptestproject\bin\debug\obdreaptestproject.dll" id="1068b125-7e20-f5ad-a067-c696cae3e38b">
      <Css projectStructure="" iteration="" />
      <Owners>
        <Owner name="" />
      </Owners>
      <Execution id="59b25e0b-cc92-408f-985f-d8039ae82046" />
      <TestMethod codeBase="C:\Documents and Settings\Administrator\My Documents\Projects\Published\OBDReapTestProject\bin\Debug\OBDReapTestProject.dll" adapterTypeName="Microsoft.VisualStudio.TestTools.TestTypes.Unit.UnitTestAdapter, Microsoft.VisualStudio.QualityTools.Tips.UnitTest.Adapter, Version=9.0.0.0, Culture=neutral, PublicKeyToken=b03f5f7f11d50a3a" className="OBDReapTestProject.OBD_SensorsTest, OBDReapTestProject" name="Coolant_TemperatureTest" />
    </UnitTest>
    <UnitTest name="Aux_input_statusTest" storage="c:\documents and settings\administrator\my documents\projects\published\obdreaptestproject\bin\debug\obdreaptestproject.dll" id="4bf69307-4792-89fb-074f-e8332a603ebc">
      <Css projectStructure="" iteration="" />
      <Owners>
        <Owner name="" />
      </Owners>
      <Execution id="eed12f2a-2003-437b-a7ec-e22b87514991" />
      <TestMethod codeBase="C:\Documents and Settings\Administrator\My Documents\Projects\Published\OBDReapTestProject\bin\Debug\OBDReapTestProject.dll" adapterTypeName="Microsoft.VisualStudio.TestTools.TestTypes.Unit.UnitTestAdapter, Microsoft.VisualStudio.QualityTools.Tips.UnitTest.Adapter, Version=9.0.0.0, Culture=neutral, PublicKeyToken=b03f5f7f11d50a3a" className="OBDReapTestProject.OBD_SensorsTest, OBDReapTestProject" name="Aux_input_statusTest" />
    </UnitTest>
    <UnitTest name="Air_Flow_Rate_MAFTest" storage="c:\documents and settings\administrator\my documents\projects\published\obdreaptestproject\bin\debug\obdreaptestproject.dll" id="a72e4223-b465-17ca-fae0-70e98570c9ad">
      <Css projectStructure="" iteration="" />
      <Owners>
        <Owner name="" />
      </Owners>
      <Execution id="576ce1e8-6863-42f4-a053-6110a8108408" />
      <TestMethod codeBase="C:\Documents and Settings\Administrator\My Documents\Projects\Published\OBDReapTestProject\bin\Debug\OBDReapTestProject.dll" adapterTypeName="Microsoft.VisualStudio.TestTools.TestTypes.Unit.UnitTestAdapter, Microsoft.VisualStudio.QualityTools.Tips.UnitTest.Adapter, Version=9.0.0.0, Culture=neutral, PublicKeyToken=b03f5f7f11d50a3a" className="OBDReapTestProject.OBD_SensorsTest, OBDReapTestProject" name="Air_Flow_Rate_MAFTest" />
    </UnitTest>
    <UnitTest name="Time_Since_Engine_StartTest" storage="c:\documents and settings\administrator\my documents\projects\published\obdreaptestproject\bin\debug\obdreaptestproject.dll" id="9a6c8915-56d4-4a82-9bc8-9e322e8ae098">
      <Css projectStructure="" iteration="" />
      <Owners>
        <Owner name="" />
      </Owners>
      <Execution id="67ed9d29-e19e-459f-9ff8-224efe632871" />
      <TestMethod codeBase="C:\Documents and Settings\Administrator\My Documents\Projects\Published\OBDReapTestProject\bin\Debug\OBDReapTestProject.dll" adapterTypeName="Microsoft.VisualStudio.TestTools.TestTypes.Unit.UnitTestAdapter, Microsoft.VisualStudio.QualityTools.Tips.UnitTest.Adapter, Version=9.0.0.0, Culture=neutral, PublicKeyToken=b03f5f7f11d50a3a" className="OBDReapTestProject.OBD_SensorsTest, OBDReapTestProject" name="Time_Since_Engine_StartTest" />
    </UnitTest>
    <UnitTest name="TranslateCodeTest" storage="c:\documents and settings\administrator\my documents\projects\published\obdreaptestproject\bin\debug\obdreaptestproject.dll" id="591b47a2-441f-bec8-c6b7-280228b6867d">
      <Css projectStructure="" iteration="" />
      <Owners>
        <Owner name="" />
      </Owners>
      <Execution id="5d0cf356-bf5d-4ce2-ab98-221d5d194e59" />
      <TestMethod codeBase="C:\Documents and Settings\Administrator\My Documents\Projects\Published\OBDReapTestProject\bin\Debug\OBDReapTestProject.dll" adapterTypeName="Microsoft.VisualStudio.TestTools.TestTypes.Unit.UnitTestAdapter, Microsoft.VisualStudio.QualityTools.Tips.UnitTest.Adapter, Version=9.0.0.0, Culture=neutral, PublicKeyToken=b03f5f7f11d50a3a" className="OBDReapTestProject.OBDTest, OBDReapTestProject" name="TranslateCodeTest" />
    </UnitTest>
    <UnitTest name="Supported_PIDsTest" storage="c:\documents and settings\administrator\my documents\projects\published\obdreaptestproject\bin\debug\obdreaptestproject.dll" id="63bee9b4-2d17-54f4-a756-36c3c7cd634a">
      <Css projectStructure="" iteration="" />
      <Owners>
        <Owner name="" />
      </Owners>
      <Execution id="696c5338-7081-466a-bb78-21843b6827ce" />
      <TestMethod codeBase="C:\Documents and Settings\Administrator\My Documents\Projects\Published\OBDReapTestProject\bin\Debug\OBDReapTestProject.dll" adapterTypeName="Microsoft.VisualStudio.TestTools.TestTypes.Unit.UnitTestAdapter, Microsoft.VisualStudio.QualityTools.Tips.UnitTest.Adapter, Version=9.0.0.0, Culture=neutral, PublicKeyToken=b03f5f7f11d50a3a" className="OBDReapTestProject.OBDReap_SensorsTest, OBDReapTestProject" name="Supported_PIDsTest" />
    </UnitTest>
    <UnitTest name="Short_Term_Fuel_Trim_1Test" storage="c:\documents and settings\administrator\my documents\projects\published\obdreaptestproject\bin\debug\obdreaptestproject.dll" id="47f8fb12-9b9f-9c40-e21c-ea2a6adbc222">
      <Css projectStructure="" iteration="" />
      <Owners>
        <Owner name="" />
      </Owners>
      <Execution id="699bd524-8600-45f1-af69-a9c4dbede678" />
      <TestMethod codeBase="C:\Documents and Settings\Administrator\My Documents\Projects\Published\OBDReapTestProject\bin\Debug\OBDReapTestProject.dll" adapterTypeName="Microsoft.VisualStudio.TestTools.TestTypes.Unit.UnitTestAdapter, Microsoft.VisualStudio.QualityTools.Tips.UnitTest.Adapter, Version=9.0.0.0, Culture=neutral, PublicKeyToken=b03f5f7f11d50a3a" className="OBDReapTestProject.OBD_SensorsTest, OBDReapTestProject" name="Short_Term_Fuel_Trim_1Test" />
    </UnitTest>
    <UnitTest name="Engine_Run_with_MIL_onTest" storage="c:\documents and settings\administrator\my documents\projects\published\obdreaptestproject\bin\debug\obdreaptestproject.dll" id="ccb9cf6e-2029-420d-04ea-22db59cdf5e8">
      <Css projectStructure="" iteration="" />
      <Owners>
        <Owner name="" />
      </Owners>
      <Execution id="0f314a09-c63b-4e6f-87e5-06929f167798" />
      <TestMethod codeBase="C:\Documents and Settings\Administrator\My Documents\Projects\Published\OBDReapTestProject\bin\Debug\OBDReapTestProject.dll" adapterTypeName="Microsoft.VisualStudio.TestTools.TestTypes.Unit.UnitTestAdapter, Microsoft.VisualStudio.QualityTools.Tips.UnitTest.Adapter, Version=9.0.0.0, Culture=neutral, PublicKeyToken=b03f5f7f11d50a3a" className="OBDReapTestProject.OBD_SensorsTest, OBDReapTestProject" name="Engine_Run_with_MIL_onTest" />
    </UnitTest>
    <UnitTest name="O2_Sensor_2_4Test" storage="c:\documents and settings\administrator\my documents\projects\published\obdreaptestproject\bin\debug\obdreaptestproject.dll" id="82e026a2-a98a-7f03-ab75-fcc143cd663c">
      <Css projectStructure="" iteration="" />
      <Owners>
        <Owner name="" />
      </Owners>
      <Execution id="32c3cf2c-4a35-488a-9c9a-5bbc73fb336f" />
      <TestMethod codeBase="C:\Documents and Settings\Administrator\My Documents\Projects\Published\OBDReapTestProject\bin\Debug\OBDReapTestProject.dll" adapterTypeName="Microsoft.VisualStudio.TestTools.TestTypes.Unit.UnitTestAdapter, Microsoft.VisualStudio.QualityTools.Tips.UnitTest.Adapter, Version=9.0.0.0, Culture=neutral, PublicKeyToken=b03f5f7f11d50a3a" className="OBDReapTestProject.OBD_SensorsTest, OBDReapTestProject" name="O2_Sensor_2_4Test" />
    </UnitTest>
    <UnitTest name="O2_Sensor_1_1Test" storage="c:\documents and settings\administrator\my documents\projects\published\obdreaptestproject\bin\debug\obdreaptestproject.dll" id="c87d0368-e92e-cbd1-44b9-4478b4ca0633">
      <Css projectStructure="" iteration="" />
      <Owners>
        <Owner name="" />
      </Owners>
      <Execution id="fa7ac09e-6261-49b6-b147-37b611362967" />
      <TestMethod codeBase="C:\Documents and Settings\Administrator\My Documents\Projects\Published\OBDReapTestProject\bin\Debug\OBDReapTestProject.dll" adapterTypeName="Microsoft.VisualStudio.TestTools.TestTypes.Unit.UnitTestAdapter, Microsoft.VisualStudio.QualityTools.Tips.UnitTest.Adapter, Version=9.0.0.0, Culture=neutral, PublicKeyToken=b03f5f7f11d50a3a" className="OBDReapTestProject.OBD_SensorsTest, OBDReapTestProject" name="O2_Sensor_1_1Test" />
    </UnitTest>
    <UnitTest name="ParseOutBitsTest1" storage="c:\documents and settings\administrator\my documents\projects\published\obdreaptestproject\bin\debug\obdreaptestproject.dll" id="21f4b005-288f-ec31-490e-c85c6f0bfb5b">
      <Css projectStructure="" iteration="" />
      <Owners>
        <Owner name="" />
      </Owners>
      <DeploymentItems>
        <DeploymentItem filename="OBDReap.exe" />
      </DeploymentItems>
      <Execution id="84dc14f4-8af6-4944-8f7e-3abcbf5a9734" />
      <TestMethod codeBase="C:\Documents and Settings\Administrator\My Documents\Projects\Published\OBDReapTestProject\bin\Debug\OBDReapTestProject.dll" adapterTypeName="Microsoft.VisualStudio.TestTools.TestTypes.Unit.UnitTestAdapter, Microsoft.VisualStudio.QualityTools.Tips.UnitTest.Adapter, Version=9.0.0.0, Culture=neutral, PublicKeyToken=b03f5f7f11d50a3a" className="OBDReapTestProject.OBD_SensorsTest, OBDReapTestProject" name="ParseOutBitsTest1" />
    </UnitTest>
    <UnitTest name="Timing_AdvanceTest" storage="c:\documents and settings\administrator\my documents\projects\published\obdreaptestproject\bin\debug\obdreaptestproject.dll" id="815e43d9-3176-8f1f-f190-39155f2bcced">
      <Css projectStructure="" iteration="" />
      <Owners>
        <Owner name="" />
      </Owners>
      <Execution id="4de19909-1ee9-4ebf-90c1-cef52dea8c44" />
      <TestMethod codeBase="C:\Documents and Settings\Administrator\My Documents\Projects\Published\OBDReapTestProject\bin\Debug\OBDReapTestProject.dll" adapterTypeName="Microsoft.VisualStudio.TestTools.TestTypes.Unit.UnitTestAdapter, Microsoft.VisualStudio.QualityTools.Tips.UnitTest.Adapter, Version=9.0.0.0, Culture=neutral, PublicKeyToken=b03f5f7f11d50a3a" className="OBDReapTestProject.OBD_SensorsTest, OBDReapTestProject" name="Timing_AdvanceTest" />
    </UnitTest>
    <UnitTest name="O2_Sensor_1_2Test" storage="c:\documents and settings\administrator\my documents\projects\published\obdreaptestproject\bin\debug\obdreaptestproject.dll" id="0863d3e1-1c58-6b48-563e-ebc0f984fea1">
      <Css projectStructure="" iteration="" />
      <Owners>
        <Owner name="" />
      </Owners>
      <Execution id="a7ac0cef-0662-4aed-b28a-1c01c6bffc30" />
      <TestMethod codeBase="C:\Documents and Settings\Administrator\My Documents\Projects\Published\OBDReapTestProject\bin\Debug\OBDReapTestProject.dll" adapterTypeName="Microsoft.VisualStudio.TestTools.TestTypes.Unit.UnitTestAdapter, Microsoft.VisualStudio.QualityTools.Tips.UnitTest.Adapter, Version=9.0.0.0, Culture=neutral, PublicKeyToken=b03f5f7f11d50a3a" className="OBDReapTestProject.OBD_SensorsTest, OBDReapTestProject" name="O2_Sensor_1_2Test" />
    </UnitTest>
    <UnitTest name="O2_Sensor_2_2Test" storage="c:\documents and settings\administrator\my documents\projects\published\obdreaptestproject\bin\debug\obdreaptestproject.dll" id="80c77f9f-63c3-1416-82a8-2bde9f889de6">
      <Css projectStructure="" iteration="" />
      <Owners>
        <Owner name="" />
      </Owners>
      <Execution id="935ad9f6-5dc4-4694-bf6f-267a23f63bca" />
      <TestMethod codeBase="C:\Documents and Settings\Administrator\My Documents\Projects\Published\OBDReapTestProject\bin\Debug\OBDReapTestProject.dll" adapterTypeName="Microsoft.VisualStudio.TestTools.TestTypes.Unit.UnitTestAdapter, Microsoft.VisualStudio.QualityTools.Tips.UnitTest.Adapter, Version=9.0.0.0, Culture=neutral, PublicKeyToken=b03f5f7f11d50a3a" className="OBDReapTestProject.OBD_SensorsTest, OBDReapTestProject" name="O2_Sensor_2_2Test" />
    </UnitTest>
    <UnitTest name="O2_Sensor_1_4Test" storage="c:\documents and settings\administrator\my documents\projects\published\obdreaptestproject\bin\debug\obdreaptestproject.dll" id="c70e5bab-d732-2b4e-7cd6-4c06c8749449">
      <Css projectStructure="" iteration="" />
      <Owners>
        <Owner name="" />
      </Owners>
      <Execution id="5aeb0df3-081d-47d1-81de-370678144ffe" />
      <TestMethod codeBase="C:\Documents and Settings\Administrator\My Documents\Projects\Published\OBDReapTestProject\bin\Debug\OBDReapTestProject.dll" adapterTypeName="Microsoft.VisualStudio.TestTools.TestTypes.Unit.UnitTestAdapter, Microsoft.VisualStudio.QualityTools.Tips.UnitTest.Adapter, Version=9.0.0.0, Culture=neutral, PublicKeyToken=b03f5f7f11d50a3a" className="OBDReapTestProject.OBD_SensorsTest, OBDReapTestProject" name="O2_Sensor_1_4Test" />
    </UnitTest>
    <UnitTest name="O2_Sensor_2_1Test" storage="c:\documents and settings\administrator\my documents\projects\published\obdreaptestproject\bin\debug\obdreaptestproject.dll" id="a42be449-56e4-7354-53f9-2d2f7f274b5f">
      <Css projectStructure="" iteration="" />
      <Owners>
        <Owner name="" />
      </Owners>
      <Execution id="6c8c876c-71fd-45bf-9069-e5ab77e26e28" />
      <TestMethod codeBase="C:\Documents and Settings\Administrator\My Documents\Projects\Published\OBDReapTestProject\bin\Debug\OBDReapTestProject.dll" adapterTypeName="Microsoft.VisualStudio.TestTools.TestTypes.Unit.UnitTestAdapter, Microsoft.VisualStudio.QualityTools.Tips.UnitTest.Adapter, Version=9.0.0.0, Culture=neutral, PublicKeyToken=b03f5f7f11d50a3a" className="OBDReapTestProject.OBD_SensorsTest, OBDReapTestProject" name="O2_Sensor_2_1Test" />
    </UnitTest>
    <UnitTest name="Location_of_O2_sensors_2Test" storage="c:\documents and settings\administrator\my documents\projects\published\obdreaptestproject\bin\debug\obdreaptestproject.dll" id="77438b0f-37be-a771-73fe-b9c1e2e16842">
      <Css projectStructure="" iteration="" />
      <Owners>
        <Owner name="" />
      </Owners>
      <Execution id="323ed6c9-ea81-4d3d-a58f-68de53ac7e00" />
      <TestMethod codeBase="C:\Documents and Settings\Administrator\My Documents\Projects\Published\OBDReapTestProject\bin\Debug\OBDReapTestProject.dll" adapterTypeName="Microsoft.VisualStudio.TestTools.TestTypes.Unit.UnitTestAdapter, Microsoft.VisualStudio.QualityTools.Tips.UnitTest.Adapter, Version=9.0.0.0, Culture=neutral, PublicKeyToken=b03f5f7f11d50a3a" className="OBDReapTestProject.OBD_SensorsTest, OBDReapTestProject" name="Location_of_O2_sensors_2Test" />
    </UnitTest>
    <UnitTest name="Intake_Air_TempTest" storage="c:\documents and settings\administrator\my documents\projects\published\obdreaptestproject\bin\debug\obdreaptestproject.dll" id="9ce5d507-1647-2951-dfd9-d61272508026">
      <Css projectStructure="" iteration="" />
      <Owners>
        <Owner name="" />
      </Owners>
      <Execution id="07f071e2-0b90-462f-943b-16de5f996280" />
      <TestMethod codeBase="C:\Documents and Settings\Administrator\My Documents\Projects\Published\OBDReapTestProject\bin\Debug\OBDReapTestProject.dll" adapterTypeName="Microsoft.VisualStudio.TestTools.TestTypes.Unit.UnitTestAdapter, Microsoft.VisualStudio.QualityTools.Tips.UnitTest.Adapter, Version=9.0.0.0, Culture=neutral, PublicKeyToken=b03f5f7f11d50a3a" className="OBDReapTestProject.OBD_SensorsTest, OBDReapTestProject" name="Intake_Air_TempTest" />
    </UnitTest>
    <UnitTest name="Throttle_PositionTest" storage="c:\documents and settings\administrator\my documents\projects\published\obdreaptestproject\bin\debug\obdreaptestproject.dll" id="927993be-6fb9-c6f1-9872-7425ccc608ac">
      <Css projectStructure="" iteration="" />
      <Owners>
        <Owner name="" />
      </Owners>
      <Execution id="b86eec63-08e8-4b6b-89b0-b4997d5c8d66" />
      <TestMethod codeBase="C:\Documents and Settings\Administrator\My Documents\Projects\Published\OBDReapTestProject\bin\Debug\OBDReapTestProject.dll" adapterTypeName="Microsoft.VisualStudio.TestTools.TestTypes.Unit.UnitTestAdapter, Microsoft.VisualStudio.QualityTools.Tips.UnitTest.Adapter, Version=9.0.0.0, Culture=neutral, PublicKeyToken=b03f5f7f11d50a3a" className="OBDReapTestProject.OBD_SensorsTest, OBDReapTestProject" name="Throttle_PositionTest" />
    </UnitTest>
    <UnitTest name="Vehicle_SpeedTest" storage="c:\documents and settings\administrator\my documents\projects\published\obdreaptestproject\bin\debug\obdreaptestproject.dll" id="243c5db2-5ba8-4fc1-e5da-923eb39a8ec0">
      <Css projectStructure="" iteration="" />
      <Owners>
        <Owner name="" />
      </Owners>
      <Execution id="91d139a5-32fa-4c55-9cd3-17b24f7944e9" />
      <TestMethod codeBase="C:\Documents and Settings\Administrator\My Documents\Projects\Published\OBDReapTestProject\bin\Debug\OBDReapTestProject.dll" adapterTypeName="Microsoft.VisualStudio.TestTools.TestTypes.Unit.UnitTestAdapter, Microsoft.VisualStudio.QualityTools.Tips.UnitTest.Adapter, Version=9.0.0.0, Culture=neutral, PublicKeyToken=b03f5f7f11d50a3a" className="OBDReapTestProject.OBD_SensorsTest, OBDReapTestProject" name="Vehicle_SpeedTest" />
    </UnitTest>
    <UnitTest name="Calculated_Load_ValueTest" storage="c:\documents and settings\administrator\my documents\projects\published\obdreaptestproject\bin\debug\obdreaptestproject.dll" id="6309b1f8-924e-61ad-cdef-75ef61dc7ae7">
      <Css projectStructure="" iteration="" />
      <Owners>
        <Owner name="" />
      </Owners>
      <Execution id="5a4b30b0-b89f-4284-ba77-079e2711e509" />
      <TestMethod codeBase="C:\Documents and Settings\Administrator\My Documents\Projects\Published\OBDReapTestProject\bin\Debug\OBDReapTestProject.dll" adapterTypeName="Microsoft.VisualStudio.TestTools.TestTypes.Unit.UnitTestAdapter, Microsoft.VisualStudio.QualityTools.Tips.UnitTest.Adapter, Version=9.0.0.0, Culture=neutral, PublicKeyToken=b03f5f7f11d50a3a" className="OBDReapTestProject.OBD_SensorsTest, OBDReapTestProject" name="Calculated_Load_ValueTest" />
    </UnitTest>
    <UnitTest name="O2_Sensor_2_3Test" storage="c:\documents and settings\administrator\my documents\projects\published\obdreaptestproject\bin\debug\obdreaptestproject.dll" id="f624ab45-ddb0-2f36-95f4-72db1760647f">
      <Css projectStructure="" iteration="" />
      <Owners>
        <Owner name="" />
      </Owners>
      <Execution id="ac47a1d4-b6b8-4bcd-b32f-65d19b0567b5" />
      <TestMethod codeBase="C:\Documents and Settings\Administrator\My Documents\Projects\Published\OBDReapTestProject\bin\Debug\OBDReapTestProject.dll" adapterTypeName="Microsoft.VisualStudio.TestTools.TestTypes.Unit.UnitTestAdapter, Microsoft.VisualStudio.QualityTools.Tips.UnitTest.Adapter, Version=9.0.0.0, Culture=neutral, PublicKeyToken=b03f5f7f11d50a3a" className="OBDReapTestProject.OBD_SensorsTest, OBDReapTestProject" name="O2_Sensor_2_3Test" />
    </UnitTest>
    <UnitTest name="OBDConstructorTest" storage="c:\documents and settings\administrator\my documents\projects\published\obdreaptestproject\bin\debug\obdreaptestproject.dll" id="648d4df5-9148-1a71-ad0e-9dbc003bddd7">
      <Css projectStructure="" iteration="" />
      <Owners>
        <Owner name="" />
      </Owners>
      <Execution id="99d32628-9013-4639-9bcb-c3a53caea524" />
      <TestMethod codeBase="C:\Documents and Settings\Administrator\My Documents\Projects\Published\OBDReapTestProject\bin\Debug\OBDReapTestProject.dll" adapterTypeName="Microsoft.VisualStudio.TestTools.TestTypes.Unit.UnitTestAdapter, Microsoft.VisualStudio.QualityTools.Tips.UnitTest.Adapter, Version=9.0.0.0, Culture=neutral, PublicKeyToken=b03f5f7f11d50a3a" className="OBDReapTestProject.OBDTest, OBDReapTestProject" name="OBDConstructorTest" />
    </UnitTest>
    <UnitTest name="Long_Term_Fuel_Trim_1Test" storage="c:\documents and settings\administrator\my documents\projects\published\obdreaptestproject\bin\debug\obdreaptestproject.dll" id="3e282649-b1d7-efcc-16cb-88f797cfc6ce">
      <Css projectStructure="" iteration="" />
      <Owners>
        <Owner name="" />
      </Owners>
      <Execution id="5f748115-431b-4743-a4d8-c4fbdc7641ae" />
      <TestMethod codeBase="C:\Documents and Settings\Administrator\My Documents\Projects\Published\OBDReapTestProject\bin\Debug\OBDReapTestProject.dll" adapterTypeName="Microsoft.VisualStudio.TestTools.TestTypes.Unit.UnitTestAdapter, Microsoft.VisualStudio.QualityTools.Tips.UnitTest.Adapter, Version=9.0.0.0, Culture=neutral, PublicKeyToken=b03f5f7f11d50a3a" className="OBDReapTestProject.OBD_SensorsTest, OBDReapTestProject" name="Long_Term_Fuel_Trim_1Test" />
    </UnitTest>
    <UnitTest name="Secondary_Air_StatusTest" storage="c:\documents and settings\administrator\my documents\projects\published\obdreaptestproject\bin\debug\obdreaptestproject.dll" id="097a3ffe-b38c-5f4a-e73d-c482abbb484e">
      <Css projectStructure="" iteration="" />
      <Owners>
        <Owner name="" />
      </Owners>
      <Execution id="4c399374-483e-4663-83f0-2d69e20c36da" />
      <TestMethod codeBase="C:\Documents and Settings\Administrator\My Documents\Projects\Published\OBDReapTestProject\bin\Debug\OBDReapTestProject.dll" adapterTypeName="Microsoft.VisualStudio.TestTools.TestTypes.Unit.UnitTestAdapter, Microsoft.VisualStudio.QualityTools.Tips.UnitTest.Adapter, Version=9.0.0.0, Culture=neutral, PublicKeyToken=b03f5f7f11d50a3a" className="OBDReapTestProject.OBD_SensorsTest, OBDReapTestProject" name="Secondary_Air_StatusTest" />
    </UnitTest>
    <UnitTest name="Supported_PIDsTest" storage="c:\documents and settings\administrator\my documents\projects\published\obdreaptestproject\bin\debug\obdreaptestproject.dll" id="3e8a8bc0-64de-4cfa-35db-7591df287936">
      <Css projectStructure="" iteration="" />
      <Owners>
        <Owner name="" />
      </Owners>
      <Execution id="335d92fd-02c3-4c6d-a780-4b798168ff77" />
      <TestMethod codeBase="C:\Documents and Settings\Administrator\My Documents\Projects\Published\OBDReapTestProject\bin\Debug\OBDReapTestProject.dll" adapterTypeName="Microsoft.VisualStudio.TestTools.TestTypes.Unit.UnitTestAdapter, Microsoft.VisualStudio.QualityTools.Tips.UnitTest.Adapter, Version=9.0.0.0, Culture=neutral, PublicKeyToken=b03f5f7f11d50a3a" className="OBDReapTestProject.OBD_SensorsTest, OBDReapTestProject" name="Supported_PIDsTest" />
    </UnitTest>
    <UnitTest name="Long_Term_Fuel_Trim_2Test" storage="c:\documents and settings\administrator\my documents\projects\published\obdreaptestproject\bin\debug\obdreaptestproject.dll" id="7096e9a3-af4f-deed-9427-dd1fb34b4063">
      <Css projectStructure="" iteration="" />
      <Owners>
        <Owner name="" />
      </Owners>
      <Execution id="4924b298-f99a-4dff-841a-ee77435c2f5b" />
      <TestMethod codeBase="C:\Documents and Settings\Administrator\My Documents\Projects\Published\OBDReapTestProject\bin\Debug\OBDReapTestProject.dll" adapterTypeName="Microsoft.VisualStudio.TestTools.TestTypes.Unit.UnitTestAdapter, Microsoft.VisualStudio.QualityTools.Tips.UnitTest.Adapter, Version=9.0.0.0, Culture=neutral, PublicKeyToken=b03f5f7f11d50a3a" className="OBDReapTestProject.OBD_SensorsTest, OBDReapTestProject" name="Long_Term_Fuel_Trim_2Test" />
    </UnitTest>
    <UnitTest name="O2_Sensor_1_3Test" storage="c:\documents and settings\administrator\my documents\projects\published\obdreaptestproject\bin\debug\obdreaptestproject.dll" id="73ddee02-7102-e28c-4588-8c7556c6eb14">
      <Css projectStructure="" iteration="" />
      <Owners>
        <Owner name="" />
      </Owners>
      <Execution id="b4ed951b-3317-4daa-957d-f09de5f59dc5" />
      <TestMethod codeBase="C:\Documents and Settings\Administrator\My Documents\Projects\Published\OBDReapTestProject\bin\Debug\OBDReapTestProject.dll" adapterTypeName="Microsoft.VisualStudio.TestTools.TestTypes.Unit.UnitTestAdapter, Microsoft.VisualStudio.QualityTools.Tips.UnitTest.Adapter, Version=9.0.0.0, Culture=neutral, PublicKeyToken=b03f5f7f11d50a3a" className="OBDReapTestProject.OBD_SensorsTest, OBDReapTestProject" name="O2_Sensor_1_3Test" />
    </UnitTest>
    <UnitTest name="GetCmdTest" storage="c:\documents and settings\administrator\my documents\projects\published\obdreaptestproject\bin\debug\obdreaptestproject.dll" id="ed159f69-05bc-cf8d-cbdb-b35557e06dfe">
      <Css projectStructure="" iteration="" />
      <Owners>
        <Owner name="" />
      </Owners>
      <DeploymentItems>
        <DeploymentItem filename="OBDReap.exe" />
      </DeploymentItems>
      <Execution id="5cc3bf8f-36a7-40ee-9b72-97e4baceb909" />
      <TestMethod codeBase="C:\Documents and Settings\Administrator\My Documents\Projects\Published\OBDReapTestProject\bin\Debug\OBDReapTestProject.dll" adapterTypeName="Microsoft.VisualStudio.TestTools.TestTypes.Unit.UnitTestAdapter, Microsoft.VisualStudio.QualityTools.Tips.UnitTest.Adapter, Version=9.0.0.0, Culture=neutral, PublicKeyToken=b03f5f7f11d50a3a" className="OBDReapTestProject.OBD_SensorsTest, OBDReapTestProject" name="GetCmdTest" />
    </UnitTest>
    <UnitTest name="ParseOutBitsTest" storage="c:\documents and settings\administrator\my documents\projects\published\obdreaptestproject\bin\debug\obdreaptestproject.dll" id="f0f6ad11-e747-eb61-4b5a-c796ace2cdb0">
      <Css projectStructure="" iteration="" />
      <Owners>
        <Owner name="" />
      </Owners>
      <DeploymentItems>
        <DeploymentItem filename="OBDReap.exe" />
      </DeploymentItems>
      <Execution id="6b292ffa-800d-421c-9f86-65fe5631b151" />
      <TestMethod codeBase="C:\Documents and Settings\Administrator\My Documents\Projects\Published\OBDReapTestProject\bin\Debug\OBDReapTestProject.dll" adapterTypeName="Microsoft.VisualStudio.TestTools.TestTypes.Unit.UnitTestAdapter, Microsoft.VisualStudio.QualityTools.Tips.UnitTest.Adapter, Version=9.0.0.0, Culture=neutral, PublicKeyToken=b03f5f7f11d50a3a" className="OBDReapTestProject.OBD_SensorsTest, OBDReapTestProject" name="ParseOutBitsTest" />
    </UnitTest>
    <UnitTest name="DTC_Causing_Freeze_FrameTest" storage="c:\documents and settings\administrator\my documents\projects\published\obdreaptestproject\bin\debug\obdreaptestproject.dll" id="75ab77c2-8ece-44ad-582e-a3f2be54432a">
      <Css projectStructure="" iteration="" />
      <Owners>
        <Owner name="" />
      </Owners>
      <Execution id="0d5429d7-edd6-4165-90dd-7f8938935202" />
      <TestMethod codeBase="C:\Documents and Settings\Administrator\My Documents\Projects\Published\OBDReapTestProject\bin\Debug\OBDReapTestProject.dll" adapterTypeName="Microsoft.VisualStudio.TestTools.TestTypes.Unit.UnitTestAdapter, Microsoft.VisualStudio.QualityTools.Tips.UnitTest.Adapter, Version=9.0.0.0, Culture=neutral, PublicKeyToken=b03f5f7f11d50a3a" className="OBDReapTestProject.OBD_SensorsTest, OBDReapTestProject" name="DTC_Causing_Freeze_FrameTest" />
    </UnitTest>
    <UnitTest name="Intake_Manifold_PressureTest" storage="c:\documents and settings\administrator\my documents\projects\published\obdreaptestproject\bin\debug\obdreaptestproject.dll" id="5d2cce68-aa58-3fbb-5388-3969c9367d31">
      <Css projectStructure="" iteration="" />
      <Owners>
        <Owner name="" />
      </Owners>
      <Execution id="ac20e461-af08-4fbb-968c-c4530ec92467" />
      <TestMethod codeBase="C:\Documents and Settings\Administrator\My Documents\Projects\Published\OBDReapTestProject\bin\Debug\OBDReapTestProject.dll" adapterTypeName="Microsoft.VisualStudio.TestTools.TestTypes.Unit.UnitTestAdapter, Microsoft.VisualStudio.QualityTools.Tips.UnitTest.Adapter, Version=9.0.0.0, Culture=neutral, PublicKeyToken=b03f5f7f11d50a3a" className="OBDReapTestProject.OBD_SensorsTest, OBDReapTestProject" name="Intake_Manifold_PressureTest" />
    </UnitTest>
    <UnitTest name="Engine_RPMTest" storage="c:\documents and settings\administrator\my documents\projects\published\obdreaptestproject\bin\debug\obdreaptestproject.dll" id="54ba4e7e-6b1b-64e4-9151-a54e121eb723">
      <Css projectStructure="" iteration="" />
      <Owners>
        <Owner name="" />
      </Owners>
      <Execution id="d9d07f52-1b28-4ac9-a12f-0a052d8fe640" />
      <TestMethod codeBase="C:\Documents and Settings\Administrator\My Documents\Projects\Published\OBDReapTestProject\bin\Debug\OBDReapTestProject.dll" adapterTypeName="Microsoft.VisualStudio.TestTools.TestTypes.Unit.UnitTestAdapter, Microsoft.VisualStudio.QualityTools.Tips.UnitTest.Adapter, Version=9.0.0.0, Culture=neutral, PublicKeyToken=b03f5f7f11d50a3a" className="OBDReapTestProject.OBD_SensorsTest, OBDReapTestProject" name="Engine_RPMTest" />
    </UnitTest>
    <UnitTest name="Fuel_Rail_PressureTest" storage="c:\documents and settings\administrator\my documents\projects\published\obdreaptestproject\bin\debug\obdreaptestproject.dll" id="1787a117-b381-761a-e33a-03fb6820ba59">
      <Css projectStructure="" iteration="" />
      <Owners>
        <Owner name="" />
      </Owners>
      <Execution id="23182b03-d889-486c-8c4c-bc0c7ca6fd29" />
      <TestMethod codeBase="C:\Documents and Settings\Administrator\My Documents\Projects\Published\OBDReapTestProject\bin\Debug\OBDReapTestProject.dll" adapterTypeName="Microsoft.VisualStudio.TestTools.TestTypes.Unit.UnitTestAdapter, Microsoft.VisualStudio.QualityTools.Tips.UnitTest.Adapter, Version=9.0.0.0, Culture=neutral, PublicKeyToken=b03f5f7f11d50a3a" className="OBDReapTestProject.OBD_SensorsTest, OBDReapTestProject" name="Fuel_Rail_PressureTest" />
    </UnitTest>
    <UnitTest name="OBD_Sensors_ReturnSetConstructorTest" storage="c:\documents and settings\administrator\my documents\projects\published\obdreaptestproject\bin\debug\obdreaptestproject.dll" id="0b4904af-d164-e8fb-af8b-5582ee86bf64">
      <Css projectStructure="" iteration="" />
      <Owners>
        <Owner name="" />
      </Owners>
      <Execution id="833c612c-8005-477a-af75-da9a3c471eb2" />
      <TestMethod codeBase="C:\Documents and Settings\Administrator\My Documents\Projects\Published\OBDReapTestProject\bin\Debug\OBDReapTestProject.dll" adapterTypeName="Microsoft.VisualStudio.TestTools.TestTypes.Unit.UnitTestAdapter, Microsoft.VisualStudio.QualityTools.Tips.UnitTest.Adapter, Version=9.0.0.0, Culture=neutral, PublicKeyToken=b03f5f7f11d50a3a" className="OBDReapTestProject.OBD_Sensors_ReturnSetTest, OBDReapTestProject" name="OBD_Sensors_ReturnSetConstructorTest" />
    </UnitTest>
    <UnitTest name="HexToIntTest" storage="c:\documents and settings\administrator\my documents\projects\published\obdreaptestproject\bin\debug\obdreaptestproject.dll" id="ae76524a-50d7-1f33-eda8-e0c10f6c5458">
      <Css projectStructure="" iteration="" />
      <Owners>
        <Owner name="" />
      </Owners>
      <Execution id="86b96f98-b6ae-4731-af93-08fbff618d7a" />
      <TestMethod codeBase="C:\Documents and Settings\Administrator\My Documents\Projects\Published\OBDReapTestProject\bin\Debug\OBDReapTestProject.dll" adapterTypeName="Microsoft.VisualStudio.TestTools.TestTypes.Unit.UnitTestAdapter, Microsoft.VisualStudio.QualityTools.Tips.UnitTest.Adapter, Version=9.0.0.0, Culture=neutral, PublicKeyToken=b03f5f7f11d50a3a" className="OBDReapTestProject.OBD_SensorsTest, OBDReapTestProject" name="HexToIntTest" />
    </UnitTest>
    <UnitTest name="OBD_DesignationTest" storage="c:\documents and settings\administrator\my documents\projects\published\obdreaptestproject\bin\debug\obdreaptestproject.dll" id="1ca97c0e-7679-327b-94f2-a560c2146a14">
      <Css projectStructure="" iteration="" />
      <Owners>
        <Owner name="" />
      </Owners>
      <Execution id="e2615e14-5a75-4bdf-8c66-35fba36bf498" />
      <TestMethod codeBase="C:\Documents and Settings\Administrator\My Documents\Projects\Published\OBDReapTestProject\bin\Debug\OBDReapTestProject.dll" adapterTypeName="Microsoft.VisualStudio.TestTools.TestTypes.Unit.UnitTestAdapter, Microsoft.VisualStudio.QualityTools.Tips.UnitTest.Adapter, Version=9.0.0.0, Culture=neutral, PublicKeyToken=b03f5f7f11d50a3a" className="OBDReapTestProject.OBD_SensorsTest, OBDReapTestProject" name="OBD_DesignationTest" />
    </UnitTest>
    <UnitTest name="Location_of_O2_sensors_1Test" storage="c:\documents and settings\administrator\my documents\projects\published\obdreaptestproject\bin\debug\obdreaptestproject.dll" id="6cbf86d3-9c8c-9b6d-c242-da680a1936ff">
      <Css projectStructure="" iteration="" />
      <Owners>
        <Owner name="" />
      </Owners>
      <Execution id="61b37571-deb1-4ccf-b87c-ce58c7d703b0" />
      <TestMethod codeBase="C:\Documents and Settings\Administrator\My Documents\Projects\Published\OBDReapTestProject\bin\Debug\OBDReapTestProject.dll" adapterTypeName="Microsoft.VisualStudio.TestTools.TestTypes.Unit.UnitTestAdapter, Microsoft.VisualStudio.QualityTools.Tips.UnitTest.Adapter, Version=9.0.0.0, Culture=neutral, PublicKeyToken=b03f5f7f11d50a3a" className="OBDReapTestProject.OBD_SensorsTest, OBDReapTestProject" name="Location_of_O2_sensors_1Test" />
    </UnitTest>
    <UnitTest name="Short_Term_Fuel_Trim_2Test" storage="c:\documents and settings\administrator\my documents\projects\published\obdreaptestproject\bin\debug\obdreaptestproject.dll" id="aeba56a4-9fc4-bed9-8d76-a816d04cd652">
      <Css projectStructure="" iteration="" />
      <Owners>
        <Owner name="" />
      </Owners>
      <Execution id="4afee383-eeae-4df3-8e18-82ce160c10af" />
      <TestMethod codeBase="C:\Documents and Settings\Administrator\My Documents\Projects\Published\OBDReapTestProject\bin\Debug\OBDReapTestProject.dll" adapterTypeName="Microsoft.VisualStudio.TestTools.TestTypes.Unit.UnitTestAdapter, Microsoft.VisualStudio.QualityTools.Tips.UnitTest.Adapter, Version=9.0.0.0, Culture=neutral, PublicKeyToken=b03f5f7f11d50a3a" className="OBDReapTestProject.OBD_SensorsTest, OBDReapTestProject" name="Short_Term_Fuel_Trim_2Test" />
    </UnitTest>
  </TestDefinitions>
  <TestLists>
    <TestList name="Results Not in a List" id="8c84fa94-04c1-424b-9868-57a2d4851a1d" />
    <TestList name="All Loaded Results" id="19431567-8539-422a-85d7-44ee4e166bda" />
  </TestLists>
  <TestEntries>
    <TestEntry testId="0b4904af-d164-e8fb-af8b-5582ee86bf64" executionId="833c612c-8005-477a-af75-da9a3c471eb2" testListId="8c84fa94-04c1-424b-9868-57a2d4851a1d" />
    <TestEntry testId="f0f6ad11-e747-eb61-4b5a-c796ace2cdb0" executionId="6b292ffa-800d-421c-9f86-65fe5631b151" testListId="8c84fa94-04c1-424b-9868-57a2d4851a1d" />
    <TestEntry testId="243c5db2-5ba8-4fc1-e5da-923eb39a8ec0" executionId="91d139a5-32fa-4c55-9cd3-17b24f7944e9" testListId="8c84fa94-04c1-424b-9868-57a2d4851a1d" />
    <TestEntry testId="815e43d9-3176-8f1f-f190-39155f2bcced" executionId="4de19909-1ee9-4ebf-90c1-cef52dea8c44" testListId="8c84fa94-04c1-424b-9868-57a2d4851a1d" />
    <TestEntry testId="9a6c8915-56d4-4a82-9bc8-9e322e8ae098" executionId="67ed9d29-e19e-459f-9ff8-224efe632871" testListId="8c84fa94-04c1-424b-9868-57a2d4851a1d" />
    <TestEntry testId="927993be-6fb9-c6f1-9872-7425ccc608ac" executionId="b86eec63-08e8-4b6b-89b0-b4997d5c8d66" testListId="8c84fa94-04c1-424b-9868-57a2d4851a1d" />
    <TestEntry testId="3e8a8bc0-64de-4cfa-35db-7591df287936" executionId="335d92fd-02c3-4c6d-a780-4b798168ff77" testListId="8c84fa94-04c1-424b-9868-57a2d4851a1d" />
    <TestEntry testId="352ccee4-eca2-33a6-ce4c-5f8f8e0179a4" executionId="c488f22e-8627-46df-9de3-9e679c0250e7" testListId="8c84fa94-04c1-424b-9868-57a2d4851a1d" />
    <TestEntry testId="aeba56a4-9fc4-bed9-8d76-a816d04cd652" executionId="4afee383-eeae-4df3-8e18-82ce160c10af" testListId="8c84fa94-04c1-424b-9868-57a2d4851a1d" />
    <TestEntry testId="47f8fb12-9b9f-9c40-e21c-ea2a6adbc222" executionId="699bd524-8600-45f1-af69-a9c4dbede678" testListId="8c84fa94-04c1-424b-9868-57a2d4851a1d" />
    <TestEntry testId="097a3ffe-b38c-5f4a-e73d-c482abbb484e" executionId="4c399374-483e-4663-83f0-2d69e20c36da" testListId="8c84fa94-04c1-424b-9868-57a2d4851a1d" />
    <TestEntry testId="21f4b005-288f-ec31-490e-c85c6f0bfb5b" executionId="84dc14f4-8af6-4944-8f7e-3abcbf5a9734" testListId="8c84fa94-04c1-424b-9868-57a2d4851a1d" />
    <TestEntry testId="1ca97c0e-7679-327b-94f2-a560c2146a14" executionId="e2615e14-5a75-4bdf-8c66-35fba36bf498" testListId="8c84fa94-04c1-424b-9868-57a2d4851a1d" />
    <TestEntry testId="82e026a2-a98a-7f03-ab75-fcc143cd663c" executionId="32c3cf2c-4a35-488a-9c9a-5bbc73fb336f" testListId="8c84fa94-04c1-424b-9868-57a2d4851a1d" />
    <TestEntry testId="f624ab45-ddb0-2f36-95f4-72db1760647f" executionId="ac47a1d4-b6b8-4bcd-b32f-65d19b0567b5" testListId="8c84fa94-04c1-424b-9868-57a2d4851a1d" />
    <TestEntry testId="80c77f9f-63c3-1416-82a8-2bde9f889de6" executionId="935ad9f6-5dc4-4694-bf6f-267a23f63bca" testListId="8c84fa94-04c1-424b-9868-57a2d4851a1d" />
    <TestEntry testId="a42be449-56e4-7354-53f9-2d2f7f274b5f" executionId="6c8c876c-71fd-45bf-9069-e5ab77e26e28" testListId="8c84fa94-04c1-424b-9868-57a2d4851a1d" />
    <TestEntry testId="c70e5bab-d732-2b4e-7cd6-4c06c8749449" executionId="5aeb0df3-081d-47d1-81de-370678144ffe" testListId="8c84fa94-04c1-424b-9868-57a2d4851a1d" />
    <TestEntry testId="73ddee02-7102-e28c-4588-8c7556c6eb14" executionId="b4ed951b-3317-4daa-957d-f09de5f59dc5" testListId="8c84fa94-04c1-424b-9868-57a2d4851a1d" />
    <TestEntry testId="0863d3e1-1c58-6b48-563e-ebc0f984fea1" executionId="a7ac0cef-0662-4aed-b28a-1c01c6bffc30" testListId="8c84fa94-04c1-424b-9868-57a2d4851a1d" />
    <TestEntry testId="c87d0368-e92e-cbd1-44b9-4478b4ca0633" executionId="fa7ac09e-6261-49b6-b147-37b611362967" testListId="8c84fa94-04c1-424b-9868-57a2d4851a1d" />
    <TestEntry testId="7096e9a3-af4f-deed-9427-dd1fb34b4063" executionId="4924b298-f99a-4dff-841a-ee77435c2f5b" testListId="8c84fa94-04c1-424b-9868-57a2d4851a1d" />
    <TestEntry testId="3e282649-b1d7-efcc-16cb-88f797cfc6ce" executionId="5f748115-431b-4743-a4d8-c4fbdc7641ae" testListId="8c84fa94-04c1-424b-9868-57a2d4851a1d" />
    <TestEntry testId="77438b0f-37be-a771-73fe-b9c1e2e16842" executionId="323ed6c9-ea81-4d3d-a58f-68de53ac7e00" testListId="8c84fa94-04c1-424b-9868-57a2d4851a1d" />
    <TestEntry testId="6cbf86d3-9c8c-9b6d-c242-da680a1936ff" executionId="61b37571-deb1-4ccf-b87c-ce58c7d703b0" testListId="8c84fa94-04c1-424b-9868-57a2d4851a1d" />
    <TestEntry testId="5d2cce68-aa58-3fbb-5388-3969c9367d31" executionId="ac20e461-af08-4fbb-968c-c4530ec92467" testListId="8c84fa94-04c1-424b-9868-57a2d4851a1d" />
    <TestEntry testId="9ce5d507-1647-2951-dfd9-d61272508026" executionId="07f071e2-0b90-462f-943b-16de5f996280" testListId="8c84fa94-04c1-424b-9868-57a2d4851a1d" />
    <TestEntry testId="ae76524a-50d7-1f33-eda8-e0c10f6c5458" executionId="86b96f98-b6ae-4731-af93-08fbff618d7a" testListId="8c84fa94-04c1-424b-9868-57a2d4851a1d" />
    <TestEntry testId="ed159f69-05bc-cf8d-cbdb-b35557e06dfe" executionId="5cc3bf8f-36a7-40ee-9b72-97e4baceb909" testListId="8c84fa94-04c1-424b-9868-57a2d4851a1d" />
    <TestEntry testId="988a5a50-f787-d696-beb5-18d2ffd4817b" executionId="8751af12-cc82-460b-9be1-c598c62e2a2b" testListId="8c84fa94-04c1-424b-9868-57a2d4851a1d" />
    <TestEntry testId="1787a117-b381-761a-e33a-03fb6820ba59" executionId="23182b03-d889-486c-8c4c-bc0c7ca6fd29" testListId="8c84fa94-04c1-424b-9868-57a2d4851a1d" />
    <TestEntry testId="ccb9cf6e-2029-420d-04ea-22db59cdf5e8" executionId="0f314a09-c63b-4e6f-87e5-06929f167798" testListId="8c84fa94-04c1-424b-9868-57a2d4851a1d" />
    <TestEntry testId="54ba4e7e-6b1b-64e4-9151-a54e121eb723" executionId="d9d07f52-1b28-4ac9-a12f-0a052d8fe640" testListId="8c84fa94-04c1-424b-9868-57a2d4851a1d" />
    <TestEntry testId="75ab77c2-8ece-44ad-582e-a3f2be54432a" executionId="0d5429d7-edd6-4165-90dd-7f8938935202" testListId="8c84fa94-04c1-424b-9868-57a2d4851a1d" />
    <TestEntry testId="1068b125-7e20-f5ad-a067-c696cae3e38b" executionId="59b25e0b-cc92-408f-985f-d8039ae82046" testListId="8c84fa94-04c1-424b-9868-57a2d4851a1d" />
    <TestEntry testId="6309b1f8-924e-61ad-cdef-75ef61dc7ae7" executionId="5a4b30b0-b89f-4284-ba77-079e2711e509" testListId="8c84fa94-04c1-424b-9868-57a2d4851a1d" />
    <TestEntry testId="05d9f462-1f8f-b8df-388c-1724762f2858" executionId="b47c24cf-6e74-43ec-9506-0457ff204fe5" testListId="8c84fa94-04c1-424b-9868-57a2d4851a1d" />
    <TestEntry testId="4bf69307-4792-89fb-074f-e8332a603ebc" executionId="eed12f2a-2003-437b-a7ec-e22b87514991" testListId="8c84fa94-04c1-424b-9868-57a2d4851a1d" />
    <TestEntry testId="a72e4223-b465-17ca-fae0-70e98570c9ad" executionId="576ce1e8-6863-42f4-a053-6110a8108408" testListId="8c84fa94-04c1-424b-9868-57a2d4851a1d" />
    <TestEntry testId="09bf6443-6779-c767-dc94-609331a6dcf2" executionId="f7183245-9079-4a13-bf23-19b8ccdd6fd9" testListId="8c84fa94-04c1-424b-9868-57a2d4851a1d" />
    <TestEntry testId="63bee9b4-2d17-54f4-a756-36c3c7cd634a" executionId="696c5338-7081-466a-bb78-21843b6827ce" testListId="8c84fa94-04c1-424b-9868-57a2d4851a1d" />
    <TestEntry testId="591b47a2-441f-bec8-c6b7-280228b6867d" executionId="5d0cf356-bf5d-4ce2-ab98-221d5d194e59" testListId="8c84fa94-04c1-424b-9868-57a2d4851a1d" />
    <TestEntry testId="648d4df5-9148-1a71-ad0e-9dbc003bddd7" executionId="99d32628-9013-4639-9bcb-c3a53caea524" testListId="8c84fa94-04c1-424b-9868-57a2d4851a1d" />
  </TestEntries>
  <Results>
    <UnitTestResult executionId="833c612c-8005-477a-af75-da9a3c471eb2" testId="0b4904af-d164-e8fb-af8b-5582ee86bf64" testName="OBD_Sensors_ReturnSetConstructorTest" computerName="DESKTOP" duration="00:00:00.0518355" startTime="2008-05-04T16:21:07.0312500-05:00" endTime="2008-05-04T16:21:07.3593750-05:00" testType="13cdc9d9-ddb5-4fa4-a97d-d965ccfc6d4b" outcome="Inconclusive" testListId="8c84fa94-04c1-424b-9868-57a2d4851a1d">
      <Output>
        <ErrorInfo>
          <Message>Assert.Inconclusive failed. TODO: Implement code to verify target</Message>
          <StackTrace>   at OBDReapTestProject.OBD_Sensors_ReturnSetTest.OBD_Sensors_ReturnSetConstructorTest() in C:\Documents and Settings\Administrator\My Documents\Projects\Published\OBDReapTestProject\OBD_Sensors_ReturnSetTest.cs:line 72
</StackTrace>
        </ErrorInfo>
      </Output>
    </UnitTestResult>
    <UnitTestResult executionId="6b292ffa-800d-421c-9f86-65fe5631b151" testId="f0f6ad11-e747-eb61-4b5a-c796ace2cdb0" testName="ParseOutBitsTest" computerName="DESKTOP" duration="00:00:00.0557054" startTime="2008-05-04T16:21:07.3750000-05:00" endTime="2008-05-04T16:21:07.4375000-05:00" testType="13cdc9d9-ddb5-4fa4-a97d-d965ccfc6d4b" outcome="Passed" testListId="8c84fa94-04c1-424b-9868-57a2d4851a1d">
      <Output>
      </Output>
    </UnitTestResult>
    <UnitTestResult executionId="91d139a5-32fa-4c55-9cd3-17b24f7944e9" testId="243c5db2-5ba8-4fc1-e5da-923eb39a8ec0" testName="Vehicle_SpeedTest" computerName="DESKTOP" duration="00:00:00.0016376" startTime="2008-05-04T16:21:07.4375000-05:00" endTime="2008-05-04T16:21:07.4375000-05:00" testType="13cdc9d9-ddb5-4fa4-a97d-d965ccfc6d4b" outcome="Passed" testListId="8c84fa94-04c1-424b-9868-57a2d4851a1d">
      <Output>
      </Output>
    </UnitTestResult>
    <UnitTestResult executionId="4de19909-1ee9-4ebf-90c1-cef52dea8c44" testId="815e43d9-3176-8f1f-f190-39155f2bcced" testName="Timing_AdvanceTest" computerName="DESKTOP" duration="-00:00:00.2338194" startTime="2008-05-04T16:21:07.4531250-05:00" endTime="2008-05-04T16:21:07.4531250-05:00" testType="13cdc9d9-ddb5-4fa4-a97d-d965ccfc6d4b" outcome="Failed" testListId="8c84fa94-04c1-424b-9868-57a2d4851a1d">
      <Output>
        <ErrorInfo>
          <Message>Assert.AreEqual failed. Expected:&lt;(null)&gt;. Actual:&lt;OBDReap.OBD+Sensors+ReturnSet&gt;. </Message>
          <StackTrace>   at OBDReapTestProject.OBD_SensorsTest.Timing_AdvanceTest() in C:\Documents and Settings\Administrator\My Documents\Projects\Published\OBDReapTestProject\OBD_SensorsTest.cs:line 108
</StackTrace>
        </ErrorInfo>
      </Output>
    </UnitTestResult>
    <UnitTestResult executionId="67ed9d29-e19e-459f-9ff8-224efe632871" testId="9a6c8915-56d4-4a82-9bc8-9e322e8ae098" testName="Time_Since_Engine_StartTest" computerName="DESKTOP" duration="-00:00:00.2343060" startTime="2008-05-04T16:21:07.4687500-05:00" endTime="2008-05-04T16:21:07.4843750-05:00" testType="13cdc9d9-ddb5-4fa4-a97d-d965ccfc6d4b" outcome="Failed" testListId="8c84fa94-04c1-424b-9868-57a2d4851a1d">
      <Output>
        <ErrorInfo>
          <Message>Assert.AreEqual failed. Expected:&lt;(null)&gt;. Actual:&lt;OBDReap.OBD+Sensors+ReturnSet&gt;. </Message>
          <StackTrace>   at OBDReapTestProject.OBD_SensorsTest.Time_Since_Engine_StartTest() in C:\Documents and Settings\Administrator\My Documents\Projects\Published\OBDReapTestProject\OBD_SensorsTest.cs:line 122
</StackTrace>
        </ErrorInfo>
      </Output>
    </UnitTestResult>
    <UnitTestResult executionId="b86eec63-08e8-4b6b-89b0-b4997d5c8d66" testId="927993be-6fb9-c6f1-9872-7425ccc608ac" testName="Throttle_PositionTest" computerName="DESKTOP" duration="00:00:00.2524105" startTime="2008-05-04T16:21:07.4843750-05:00" endTime="2008-05-04T16:21:07.5000000-05:00" testType="13cdc9d9-ddb5-4fa4-a97d-d965ccfc6d4b" outcome="Failed" testListId="8c84fa94-04c1-424b-9868-57a2d4851a1d">
      <Output>
        <ErrorInfo>
          <Message>Assert.AreEqual failed. Expected:&lt;(null)&gt;. Actual:&lt;OBDReap.OBD+Sensors+ReturnSet&gt;. </Message>
          <StackTrace>   at OBDReapTestProject.OBD_SensorsTest.Throttle_PositionTest() in C:\Documents and Settings\Administrator\My Documents\Projects\Published\OBDReapTestProject\OBD_SensorsTest.cs:line 136
</StackTrace>
        </ErrorInfo>
      </Output>
    </UnitTestResult>
    <UnitTestResult executionId="335d92fd-02c3-4c6d-a780-4b798168ff77" testId="3e8a8bc0-64de-4cfa-35db-7591df287936" testName="Supported_PIDsTest" computerName="DESKTOP" duration="00:00:00.0102012" startTime="2008-05-04T16:21:07.5000000-05:00" endTime="2008-05-04T16:21:07.5156250-05:00" testType="13cdc9d9-ddb5-4fa4-a97d-d965ccfc6d4b" outcome="Failed" testListId="8c84fa94-04c1-424b-9868-57a2d4851a1d">
      <Output>
        <ErrorInfo>
          <Message>Assert.AreEqual failed. Expected:&lt;(null)&gt;. Actual:&lt;OBDReap.OBD+Sensors+ReturnSet&gt;. </Message>
          <StackTrace>   at OBDReapTestProject.OBD_SensorsTest.Supported_PIDsTest() in C:\Documents and Settings\Administrator\My Documents\Projects\Published\OBDReapTestProject\OBD_SensorsTest.cs:line 150
</StackTrace>
        </ErrorInfo>
      </Output>
    </UnitTestResult>
    <UnitTestResult executionId="c488f22e-8627-46df-9de3-9e679c0250e7" testId="352ccee4-eca2-33a6-ce4c-5f8f8e0179a4" testName="Status_Since_DTC_ClearedTest" computerName="DESKTOP" duration="00:00:00.0089992" startTime="2008-05-04T16:21:07.5312500-05:00" endTime="2008-05-04T16:21:07.5312500-05:00" testType="13cdc9d9-ddb5-4fa4-a97d-d965ccfc6d4b" outcome="Failed" testListId="8c84fa94-04c1-424b-9868-57a2d4851a1d">
      <Output>
        <ErrorInfo>
          <Message>Assert.AreEqual failed. Expected:&lt;(null)&gt;. Actual:&lt;OBDReap.OBD+Sensors+ReturnSet&gt;. </Message>
          <StackTrace>   at OBDReapTestProject.OBD_SensorsTest.Status_Since_DTC_ClearedTest() in C:\Documents and Settings\Administrator\My Documents\Projects\Published\OBDReapTestProject\OBD_SensorsTest.cs:line 164
</StackTrace>
        </ErrorInfo>
      </Output>
    </UnitTestResult>
    <UnitTestResult executionId="4afee383-eeae-4df3-8e18-82ce160c10af" testId="aeba56a4-9fc4-bed9-8d76-a816d04cd652" testName="Short_Term_Fuel_Trim_2Test" computerName="DESKTOP" duration="00:00:00.2525413" startTime="2008-05-04T16:21:07.5468750-05:00" endTime="2008-05-04T16:21:07.5625000-05:00" testType="13cdc9d9-ddb5-4fa4-a97d-d965ccfc6d4b" outcome="Failed" testListId="8c84fa94-04c1-424b-9868-57a2d4851a1d">
      <Output>
        <ErrorInfo>
          <Message>Assert.AreEqual failed. Expected:&lt;(null)&gt;. Actual:&lt;OBDReap.OBD+Sensors+ReturnSet&gt;. </Message>
          <StackTrace>   at OBDReapTestProject.OBD_SensorsTest.Short_Term_Fuel_Trim_2Test() in C:\Documents and Settings\Administrator\My Documents\Projects\Published\OBDReapTestProject\OBD_SensorsTest.cs:line 178
</StackTrace>
        </ErrorInfo>
      </Output>
    </UnitTestResult>
    <UnitTestResult executionId="699bd524-8600-45f1-af69-a9c4dbede678" testId="47f8fb12-9b9f-9c40-e21c-ea2a6adbc222" testName="Short_Term_Fuel_Trim_1Test" computerName="DESKTOP" duration="00:00:00.2538010" startTime="2008-05-04T16:21:07.5625000-05:00" endTime="2008-05-04T16:21:07.5781250-05:00" testType="13cdc9d9-ddb5-4fa4-a97d-d965ccfc6d4b" outcome="Failed" testListId="8c84fa94-04c1-424b-9868-57a2d4851a1d">
      <Output>
        <ErrorInfo>
          <Message>Assert.AreEqual failed. Expected:&lt;(null)&gt;. Actual:&lt;OBDReap.OBD+Sensors+ReturnSet&gt;. </Message>
          <StackTrace>   at OBDReapTestProject.OBD_SensorsTest.Short_Term_Fuel_Trim_1Test() in C:\Documents and Settings\Administrator\My Documents\Projects\Published\OBDReapTestProject\OBD_SensorsTest.cs:line 192
</StackTrace>
        </ErrorInfo>
      </Output>
    </UnitTestResult>
    <UnitTestResult executionId="4c399374-483e-4663-83f0-2d69e20c36da" testId="097a3ffe-b38c-5f4a-e73d-c482abbb484e" testName="Secondary_Air_StatusTest" computerName="DESKTOP" duration="00:00:00.0087726" startTime="2008-05-04T16:21:07.5781250-05:00" endTime="2008-05-04T16:21:07.5937500-05:00" testType="13cdc9d9-ddb5-4fa4-a97d-d965ccfc6d4b" outcome="Failed" testListId="8c84fa94-04c1-424b-9868-57a2d4851a1d">
      <Output>
        <ErrorInfo>
          <Message>Assert.AreEqual failed. Expected:&lt;(null)&gt;. Actual:&lt;OBDReap.OBD+Sensors+ReturnSet&gt;. </Message>
          <StackTrace>   at OBDReapTestProject.OBD_SensorsTest.Secondary_Air_StatusTest() in C:\Documents and Settings\Administrator\My Documents\Projects\Published\OBDReapTestProject\OBD_SensorsTest.cs:line 206
</StackTrace>
        </ErrorInfo>
      </Output>
    </UnitTestResult>
    <UnitTestResult executionId="84dc14f4-8af6-4944-8f7e-3abcbf5a9734" testId="21f4b005-288f-ec31-490e-c85c6f0bfb5b" testName="ParseOutBitsTest1" computerName="DESKTOP" duration="-00:00:00.2336187" startTime="2008-05-04T16:21:07.5937500-05:00" endTime="2008-05-04T16:21:07.6093750-05:00" testType="13cdc9d9-ddb5-4fa4-a97d-d965ccfc6d4b" outcome="Failed" testListId="8c84fa94-04c1-424b-9868-57a2d4851a1d">
      <Output>
        <ErrorInfo>
          <Message>Assert.AreEqual failed. Expected:&lt;(null)&gt;. Actual:&lt;System.Boolean[]&gt;. </Message>
          <StackTrace>   at OBDReapTestProject.OBD_SensorsTest.ParseOutBitsTest1() in C:\Documents and Settings\Administrator\My Documents\Projects\Published\OBDReapTestProject\OBD_SensorsTest.cs:line 222
</StackTrace>
        </ErrorInfo>
      </Output>
    </UnitTestResult>
    <UnitTestResult executionId="e2615e14-5a75-4bdf-8c66-35fba36bf498" testId="1ca97c0e-7679-327b-94f2-a560c2146a14" testName="OBD_DesignationTest" computerName="DESKTOP" duration="00:00:00.0087053" startTime="2008-05-04T16:21:07.6250000-05:00" endTime="2008-05-04T16:21:07.6250000-05:00" testType="13cdc9d9-ddb5-4fa4-a97d-d965ccfc6d4b" outcome="Failed" testListId="8c84fa94-04c1-424b-9868-57a2d4851a1d">
      <Output>
        <ErrorInfo>
          <Message>Assert.AreEqual failed. Expected:&lt;(null)&gt;. Actual:&lt;OBDReap.OBD+Sensors+ReturnSet&gt;. </Message>
          <StackTrace>   at OBDReapTestProject.OBD_SensorsTest.OBD_DesignationTest() in C:\Documents and Settings\Administrator\My Documents\Projects\Published\OBDReapTestProject\OBD_SensorsTest.cs:line 236
</StackTrace>
        </ErrorInfo>
      </Output>
    </UnitTestResult>
    <UnitTestResult executionId="32c3cf2c-4a35-488a-9c9a-5bbc73fb336f" testId="82e026a2-a98a-7f03-ab75-fcc143cd663c" testName="O2_Sensor_2_4Test" computerName="DESKTOP" duration="00:00:00.0087146" startTime="2008-05-04T16:21:07.6406250-05:00" endTime="2008-05-04T16:21:07.6406250-05:00" testType="13cdc9d9-ddb5-4fa4-a97d-d965ccfc6d4b" outcome="Failed" testListId="8c84fa94-04c1-424b-9868-57a2d4851a1d">
      <Output>
        <ErrorInfo>
          <Message>Assert.AreEqual failed. Expected:&lt;(null)&gt;. Actual:&lt;OBDReap.OBD+Sensors+ReturnSet&gt;. </Message>
          <StackTrace>   at OBDReapTestProject.OBD_SensorsTest.O2_Sensor_2_4Test() in C:\Documents and Settings\Administrator\My Documents\Projects\Published\OBDReapTestProject\OBD_SensorsTest.cs:line 250
</StackTrace>
        </ErrorInfo>
      </Output>
    </UnitTestResult>
    <UnitTestResult executionId="ac47a1d4-b6b8-4bcd-b32f-65d19b0567b5" testId="f624ab45-ddb0-2f36-95f4-72db1760647f" testName="O2_Sensor_2_3Test" computerName="DESKTOP" duration="00:00:00.0106515" startTime="2008-05-04T16:21:07.6562500-05:00" endTime="2008-05-04T16:21:07.6718750-05:00" testType="13cdc9d9-ddb5-4fa4-a97d-d965ccfc6d4b" outcome="Failed" testListId="8c84fa94-04c1-424b-9868-57a2d4851a1d">
      <Output>
        <ErrorInfo>
          <Message>Assert.AreEqual failed. Expected:&lt;(null)&gt;. Actual:&lt;OBDReap.OBD+Sensors+ReturnSet&gt;. </Message>
          <StackTrace>   at OBDReapTestProject.OBD_SensorsTest.O2_Sensor_2_3Test() in C:\Documents and Settings\Administrator\My Documents\Projects\Published\OBDReapTestProject\OBD_SensorsTest.cs:line 264
</StackTrace>
        </ErrorInfo>
      </Output>
    </UnitTestResult>
    <UnitTestResult executionId="935ad9f6-5dc4-4694-bf6f-267a23f63bca" testId="80c77f9f-63c3-1416-82a8-2bde9f889de6" testName="O2_Sensor_2_2Test" computerName="DESKTOP" duration="00:00:00.0099594" startTime="2008-05-04T16:21:07.6718750-05:00" endTime="2008-05-04T16:21:07.6875000-05:00" testType="13cdc9d9-ddb5-4fa4-a97d-d965ccfc6d4b" outcome="Failed" testListId="8c84fa94-04c1-424b-9868-57a2d4851a1d">
      <Output>
        <ErrorInfo>
          <Message>Assert.AreEqual failed. Expected:&lt;(null)&gt;. Actual:&lt;OBDReap.OBD+Sensors+ReturnSet&gt;. </Message>
          <StackTrace>   at OBDReapTestProject.OBD_SensorsTest.O2_Sensor_2_2Test() in C:\Documents and Settings\Administrator\My Documents\Projects\Published\OBDReapTestProject\OBD_SensorsTest.cs:line 278
</StackTrace>
        </ErrorInfo>
      </Output>
    </UnitTestResult>
    <UnitTestResult executionId="6c8c876c-71fd-45bf-9069-e5ab77e26e28" testId="a42be449-56e4-7354-53f9-2d2f7f274b5f" testName="O2_Sensor_2_1Test" computerName="DESKTOP" duration="-00:00:00.2348739" startTime="2008-05-04T16:21:07.6875000-05:00" endTime="2008-05-04T16:21:07.7031250-05:00" testType="13cdc9d9-ddb5-4fa4-a97d-d965ccfc6d4b" outcome="Failed" testListId="8c84fa94-04c1-424b-9868-57a2d4851a1d">
      <Output>
        <ErrorInfo>
          <Message>Assert.AreEqual failed. Expected:&lt;(null)&gt;. Actual:&lt;OBDReap.OBD+Sensors+ReturnSet&gt;. </Message>
          <StackTrace>   at OBDReapTestProject.OBD_SensorsTest.O2_Sensor_2_1Test() in C:\Documents and Settings\Administrator\My Documents\Projects\Published\OBDReapTestProject\OBD_SensorsTest.cs:line 292
</StackTrace>
        </ErrorInfo>
      </Output>
    </UnitTestResult>
    <UnitTestResult executionId="5aeb0df3-081d-47d1-81de-370678144ffe" testId="c70e5bab-d732-2b4e-7cd6-4c06c8749449" testName="O2_Sensor_1_4Test" computerName="DESKTOP" duration="00:00:00.0088479" startTime="2008-05-04T16:21:07.7187500-05:00" endTime="2008-05-04T16:21:07.7187500-05:00" testType="13cdc9d9-ddb5-4fa4-a97d-d965ccfc6d4b" outcome="Failed" testListId="8c84fa94-04c1-424b-9868-57a2d4851a1d">
      <Output>
        <ErrorInfo>
          <Message>Assert.AreEqual failed. Expected:&lt;(null)&gt;. Actual:&lt;OBDReap.OBD+Sensors+ReturnSet&gt;. </Message>
          <StackTrace>   at OBDReapTestProject.OBD_SensorsTest.O2_Sensor_1_4Test() in C:\Documents and Settings\Administrator\My Documents\Projects\Published\OBDReapTestProject\OBD_SensorsTest.cs:line 306
</StackTrace>
        </ErrorInfo>
      </Output>
    </UnitTestResult>
    <UnitTestResult executionId="b4ed951b-3317-4daa-957d-f09de5f59dc5" testId="73ddee02-7102-e28c-4588-8c7556c6eb14" testName="O2_Sensor_1_3Test" computerName="DESKTOP" duration="-00:00:00.2349687" startTime="2008-05-04T16:21:07.7343750-05:00" endTime="2008-05-04T16:21:07.7500000-05:00" testType="13cdc9d9-ddb5-4fa4-a97d-d965ccfc6d4b" outcome="Failed" testListId="8c84fa94-04c1-424b-9868-57a2d4851a1d">
      <Output>
        <ErrorInfo>
          <Message>Assert.AreEqual failed. Expected:&lt;(null)&gt;. Actual:&lt;OBDReap.OBD+Sensors+ReturnSet&gt;. </Message>
          <StackTrace>   at OBDReapTestProject.OBD_SensorsTest.O2_Sensor_1_3Test() in C:\Documents and Settings\Administrator\My Documents\Projects\Published\OBDReapTestProject\OBD_SensorsTest.cs:line 320
</StackTrace>
        </ErrorInfo>
      </Output>
    </UnitTestResult>
    <UnitTestResult executionId="a7ac0cef-0662-4aed-b28a-1c01c6bffc30" testId="0863d3e1-1c58-6b48-563e-ebc0f984fea1" testName="O2_Sensor_1_2Test" computerName="DESKTOP" duration="00:00:00.0467828" startTime="2008-05-04T16:21:07.7500000-05:00" endTime="2008-05-04T16:21:07.7968750-05:00" testType="13cdc9d9-ddb5-4fa4-a97d-d965ccfc6d4b" outcome="Failed" testListId="8c84fa94-04c1-424b-9868-57a2d4851a1d">
      <Output>
        <ErrorInfo>
          <Message>Assert.AreEqual failed. Expected:&lt;(null)&gt;. Actual:&lt;OBDReap.OBD+Sensors+ReturnSet&gt;. </Message>
          <StackTrace>   at OBDReapTestProject.OBD_SensorsTest.O2_Sensor_1_2Test() in C:\Documents and Settings\Administrator\My Documents\Projects\Published\OBDReapTestProject\OBD_SensorsTest.cs:line 334
</StackTrace>
        </ErrorInfo>
      </Output>
    </UnitTestResult>
    <UnitTestResult executionId="fa7ac09e-6261-49b6-b147-37b611362967" testId="c87d0368-e92e-cbd1-44b9-4478b4ca0633" testName="O2_Sensor_1_1Test" computerName="DESKTOP" duration="-00:00:00.2348538" startTime="2008-05-04T16:21:07.8125000-05:00" endTime="2008-05-04T16:21:07.8281250-05:00" testType="13cdc9d9-ddb5-4fa4-a97d-d965ccfc6d4b" outcome="Failed" testListId="8c84fa94-04c1-424b-9868-57a2d4851a1d">
      <Output>
        <ErrorInfo>
          <Message>Assert.AreEqual failed. Expected:&lt;(null)&gt;. Actual:&lt;OBDReap.OBD+Sensors+ReturnSet&gt;. </Message>
          <StackTrace>   at OBDReapTestProject.OBD_SensorsTest.O2_Sensor_1_1Test() in C:\Documents and Settings\Administrator\My Documents\Projects\Published\OBDReapTestProject\OBD_SensorsTest.cs:line 348
</StackTrace>
        </ErrorInfo>
      </Output>
    </UnitTestResult>
    <UnitTestResult executionId="4924b298-f99a-4dff-841a-ee77435c2f5b" testId="7096e9a3-af4f-deed-9427-dd1fb34b4063" testName="Long_Term_Fuel_Trim_2Test" computerName="DESKTOP" duration="00:00:00.0090159" startTime="2008-05-04T16:21:07.8281250-05:00" endTime="2008-05-04T16:21:07.8437500-05:00" testType="13cdc9d9-ddb5-4fa4-a97d-d965ccfc6d4b" outcome="Failed" testListId="8c84fa94-04c1-424b-9868-57a2d4851a1d">
      <Output>
        <ErrorInfo>
          <Message>Assert.AreEqual failed. Expected:&lt;(null)&gt;. Actual:&lt;OBDReap.OBD+Sensors+ReturnSet&gt;. </Message>
          <StackTrace>   at OBDReapTestProject.OBD_SensorsTest.Long_Term_Fuel_Trim_2Test() in C:\Documents and Settings\Administrator\My Documents\Projects\Published\OBDReapTestProject\OBD_SensorsTest.cs:line 362
</StackTrace>
        </ErrorInfo>
      </Output>
    </UnitTestResult>
    <UnitTestResult executionId="5f748115-431b-4743-a4d8-c4fbdc7641ae" testId="3e282649-b1d7-efcc-16cb-88f797cfc6ce" testName="Long_Term_Fuel_Trim_1Test" computerName="DESKTOP" duration="00:00:00.2528935" startTime="2008-05-04T16:21:07.8437500-05:00" endTime="2008-05-04T16:21:07.8593750-05:00" testType="13cdc9d9-ddb5-4fa4-a97d-d965ccfc6d4b" outcome="Failed" testListId="8c84fa94-04c1-424b-9868-57a2d4851a1d">
      <Output>
        <ErrorInfo>
          <Message>Assert.AreEqual failed. Expected:&lt;(null)&gt;. Actual:&lt;OBDReap.OBD+Sensors+ReturnSet&gt;. </Message>
          <StackTrace>   at OBDReapTestProject.OBD_SensorsTest.Long_Term_Fuel_Trim_1Test() in C:\Documents and Settings\Administrator\My Documents\Projects\Published\OBDReapTestProject\OBD_SensorsTest.cs:line 376
</StackTrace>
        </ErrorInfo>
      </Output>
    </UnitTestResult>
    <UnitTestResult executionId="323ed6c9-ea81-4d3d-a58f-68de53ac7e00" testId="77438b0f-37be-a771-73fe-b9c1e2e16842" testName="Location_of_O2_sensors_2Test" computerName="DESKTOP" duration="-00:00:00.2347807" startTime="2008-05-04T16:21:07.8593750-05:00" endTime="2008-05-04T16:21:07.8750000-05:00" testType="13cdc9d9-ddb5-4fa4-a97d-d965ccfc6d4b" outcome="Failed" testListId="8c84fa94-04c1-424b-9868-57a2d4851a1d">
      <Output>
        <ErrorInfo>
          <Message>Assert.AreEqual failed. Expected:&lt;(null)&gt;. Actual:&lt;OBDReap.OBD+Sensors+ReturnSet&gt;. </Message>
          <StackTrace>   at OBDReapTestProject.OBD_SensorsTest.Location_of_O2_sensors_2Test() in C:\Documents and Settings\Administrator\My Documents\Projects\Published\OBDReapTestProject\OBD_SensorsTest.cs:line 390
</StackTrace>
        </ErrorInfo>
      </Output>
    </UnitTestResult>
    <UnitTestResult executionId="61b37571-deb1-4ccf-b87c-ce58c7d703b0" testId="6cbf86d3-9c8c-9b6d-c242-da680a1936ff" testName="Location_of_O2_sensors_1Test" computerName="DESKTOP" duration="-00:00:00.2349590" startTime="2008-05-04T16:21:07.8906250-05:00" endTime="2008-05-04T16:21:07.9062500-05:00" testType="13cdc9d9-ddb5-4fa4-a97d-d965ccfc6d4b" outcome="Failed" testListId="8c84fa94-04c1-424b-9868-57a2d4851a1d">
      <Output>
        <ErrorInfo>
          <Message>Assert.AreEqual failed. Expected:&lt;(null)&gt;. Actual:&lt;OBDReap.OBD+Sensors+ReturnSet&gt;. </Message>
          <StackTrace>   at OBDReapTestProject.OBD_SensorsTest.Location_of_O2_sensors_1Test() in C:\Documents and Settings\Administrator\My Documents\Projects\Published\OBDReapTestProject\OBD_SensorsTest.cs:line 404
</StackTrace>
        </ErrorInfo>
      </Output>
    </UnitTestResult>
    <UnitTestResult executionId="ac20e461-af08-4fbb-968c-c4530ec92467" testId="5d2cce68-aa58-3fbb-5388-3969c9367d31" testName="Intake_Manifold_PressureTest" computerName="DESKTOP" duration="00:00:00.0093877" startTime="2008-05-04T16:21:07.9531250-05:00" endTime="2008-05-04T16:21:07.9687500-05:00" testType="13cdc9d9-ddb5-4fa4-a97d-d965ccfc6d4b" outcome="Failed" testListId="8c84fa94-04c1-424b-9868-57a2d4851a1d">
      <Output>
        <ErrorInfo>
          <Message>Assert.AreEqual failed. Expected:&lt;(null)&gt;. Actual:&lt;OBDReap.OBD+Sensors+ReturnSet&gt;. </Message>
          <StackTrace>   at OBDReapTestProject.OBD_SensorsTest.Intake_Manifold_PressureTest() in C:\Documents and Settings\Administrator\My Documents\Projects\Published\OBDReapTestProject\OBD_SensorsTest.cs:line 418
</StackTrace>
        </ErrorInfo>
      </Output>
    </UnitTestResult>
    <UnitTestResult executionId="07f071e2-0b90-462f-943b-16de5f996280" testId="9ce5d507-1647-2951-dfd9-d61272508026" testName="Intake_Air_TempTest" computerName="DESKTOP" duration="00:00:00.2528814" startTime="2008-05-04T16:21:07.9687500-05:00" endTime="2008-05-04T16:21:07.9843750-05:00" testType="13cdc9d9-ddb5-4fa4-a97d-d965ccfc6d4b" outcome="Failed" testListId="8c84fa94-04c1-424b-9868-57a2d4851a1d">
      <Output>
        <ErrorInfo>
          <Message>Assert.AreEqual failed. Expected:&lt;(null)&gt;. Actual:&lt;OBDReap.OBD+Sensors+ReturnSet&gt;. </Message>
          <StackTrace>   at OBDReapTestProject.OBD_SensorsTest.Intake_Air_TempTest() in C:\Documents and Settings\Administrator\My Documents\Projects\Published\OBDReapTestProject\OBD_SensorsTest.cs:line 432
</StackTrace>
        </ErrorInfo>
      </Output>
    </UnitTestResult>
    <UnitTestResult executionId="86b96f98-b6ae-4731-af93-08fbff618d7a" testId="ae76524a-50d7-1f33-eda8-e0c10f6c5458" testName="HexToIntTest" computerName="DESKTOP" duration="00:00:00.0145077" startTime="2008-05-04T16:21:07.9843750-05:00" endTime="2008-05-04T16:21:08.0000000-05:00" testType="13cdc9d9-ddb5-4fa4-a97d-d965ccfc6d4b" outcome="Failed" testListId="8c84fa94-04c1-424b-9868-57a2d4851a1d">
      <Output>
        <ErrorInfo>
          <Message>Test method OBDReapTestProject.OBD_SensorsTest.HexToIntTest threw exception:  System.FormatException: Input string was not in a correct format..</Message>
          <StackTrace>    at System.Number.StringToNumber(String str, NumberStyles options, NumberBuffer&amp; number, NumberFormatInfo info, Boolean parseDecimal)
   at System.Number.ParseInt32(String s, NumberStyles style, NumberFormatInfo info)
   at System.Int32.Parse(String s, NumberStyles style)
   at OBDReap.OBD.Sensors.HexToInt(String hex) in C:\Documents and Settings\Administrator\My Documents\Projects\Published\OBDReap\Form1.cs:line 49
   at OBDReapTestProject.OBD_SensorsTest.HexToIntTest() in C:\Documents and Settings\Administrator\My Documents\Projects\Published\OBDReapTestProject\OBD_SensorsTest.cs:line 446
</StackTrace>
        </ErrorInfo>
      </Output>
    </UnitTestResult>
    <UnitTestResult executionId="5cc3bf8f-36a7-40ee-9b72-97e4baceb909" testId="ed159f69-05bc-cf8d-cbdb-b35557e06dfe" testName="GetCmdTest" computerName="DESKTOP" duration="-00:00:00.2335320" startTime="2008-05-04T16:21:08.0156250-05:00" endTime="2008-05-04T16:21:08.0312500-05:00" testType="13cdc9d9-ddb5-4fa4-a97d-d965ccfc6d4b" outcome="Failed" testListId="8c84fa94-04c1-424b-9868-57a2d4851a1d">
      <Output>
        <ErrorInfo>
          <Message>Assert.AreEqual failed. Expected:&lt;0&gt;. Actual:&lt;2730&gt;. </Message>
          <StackTrace>   at OBDReapTestProject.OBD_SensorsTest.GetCmdTest() in C:\Documents and Settings\Administrator\My Documents\Projects\Published\OBDReapTestProject\OBD_SensorsTest.cs:line 463
</StackTrace>
        </ErrorInfo>
      </Output>
    </UnitTestResult>
    <UnitTestResult executionId="8751af12-cc82-460b-9be1-c598c62e2a2b" testId="988a5a50-f787-d696-beb5-18d2ffd4817b" testName="Fuel_System_StatusTest" computerName="DESKTOP" duration="00:00:00.0088328" startTime="2008-05-04T16:21:08.0312500-05:00" endTime="2008-05-04T16:21:08.0468750-05:00" testType="13cdc9d9-ddb5-4fa4-a97d-d965ccfc6d4b" outcome="Failed" testListId="8c84fa94-04c1-424b-9868-57a2d4851a1d">
      <Output>
        <ErrorInfo>
          <Message>Assert.AreEqual failed. Expected:&lt;(null)&gt;. Actual:&lt;OBDReap.OBD+Sensors+ReturnSet&gt;. </Message>
          <StackTrace>   at OBDReapTestProject.OBD_SensorsTest.Fuel_System_StatusTest() in C:\Documents and Settings\Administrator\My Documents\Projects\Published\OBDReapTestProject\OBD_SensorsTest.cs:line 477
</StackTrace>
        </ErrorInfo>
      </Output>
    </UnitTestResult>
    <UnitTestResult executionId="23182b03-d889-486c-8c4c-bc0c7ca6fd29" testId="1787a117-b381-761a-e33a-03fb6820ba59" testName="Fuel_Rail_PressureTest" computerName="DESKTOP" duration="-00:00:00.2347071" startTime="2008-05-04T16:21:08.0468750-05:00" endTime="2008-05-04T16:21:08.1093750-05:00" testType="13cdc9d9-ddb5-4fa4-a97d-d965ccfc6d4b" outcome="Failed" testListId="8c84fa94-04c1-424b-9868-57a2d4851a1d">
      <Output>
        <ErrorInfo>
          <Message>Assert.AreEqual failed. Expected:&lt;(null)&gt;. Actual:&lt;OBDReap.OBD+Sensors+ReturnSet&gt;. </Message>
          <StackTrace>   at OBDReapTestProject.OBD_SensorsTest.Fuel_Rail_PressureTest() in C:\Documents and Settings\Administrator\My Documents\Projects\Published\OBDReapTestProject\OBD_SensorsTest.cs:line 491
</StackTrace>
        </ErrorInfo>
      </Output>
    </UnitTestResult>
    <UnitTestResult executionId="0f314a09-c63b-4e6f-87e5-06929f167798" testId="ccb9cf6e-2029-420d-04ea-22db59cdf5e8" testName="Engine_Run_with_MIL_onTest" computerName="DESKTOP" duration="00:00:00.0089970" startTime="2008-05-04T16:21:08.1093750-05:00" endTime="2008-05-04T16:21:08.1250000-05:00" testType="13cdc9d9-ddb5-4fa4-a97d-d965ccfc6d4b" outcome="Failed" testListId="8c84fa94-04c1-424b-9868-57a2d4851a1d">
      <Output>
        <ErrorInfo>
          <Message>Assert.AreEqual failed. Expected:&lt;(null)&gt;. Actual:&lt;OBDReap.OBD+Sensors+ReturnSet&gt;. </Message>
          <StackTrace>   at OBDReapTestProject.OBD_SensorsTest.Engine_Run_with_MIL_onTest() in C:\Documents and Settings\Administrator\My Documents\Projects\Published\OBDReapTestProject\OBD_SensorsTest.cs:line 505
</StackTrace>
        </ErrorInfo>
      </Output>
    </UnitTestResult>
    <UnitTestResult executionId="d9d07f52-1b28-4ac9-a12f-0a052d8fe640" testId="54ba4e7e-6b1b-64e4-9151-a54e121eb723" testName="Engine_RPMTest" computerName="DESKTOP" duration="00:00:00.0089338" startTime="2008-05-04T16:21:08.1250000-05:00" endTime="2008-05-04T16:21:08.1406250-05:00" testType="13cdc9d9-ddb5-4fa4-a97d-d965ccfc6d4b" outcome="Failed" testListId="8c84fa94-04c1-424b-9868-57a2d4851a1d">
      <Output>
        <ErrorInfo>
          <Message>Assert.AreEqual failed. Expected:&lt;(null)&gt;. Actual:&lt;OBDReap.OBD+Sensors+ReturnSet&gt;. </Message>
          <StackTrace>   at OBDReapTestProject.OBD_SensorsTest.Engine_RPMTest() in C:\Documents and Settings\Administrator\My Documents\Projects\Published\OBDReapTestProject\OBD_SensorsTest.cs:line 519
</StackTrace>
        </ErrorInfo>
      </Output>
    </UnitTestResult>
    <UnitTestResult executionId="0d5429d7-edd6-4165-90dd-7f8938935202" testId="75ab77c2-8ece-44ad-582e-a3f2be54432a" testName="DTC_Causing_Freeze_FrameTest" computerName="DESKTOP" duration="-00:00:00.2346747" startTime="2008-05-04T16:21:08.1562500-05:00" endTime="2008-05-04T16:21:08.1562500-05:00" testType="13cdc9d9-ddb5-4fa4-a97d-d965ccfc6d4b" outcome="Failed" testListId="8c84fa94-04c1-424b-9868-57a2d4851a1d">
      <Output>
        <ErrorInfo>
          <Message>Assert.AreEqual failed. Expected:&lt;(null)&gt;. Actual:&lt;OBDReap.OBD+Sensors+ReturnSet&gt;. </Message>
          <StackTrace>   at OBDReapTestProject.OBD_SensorsTest.DTC_Causing_Freeze_FrameTest() in C:\Documents and Settings\Administrator\My Documents\Projects\Published\OBDReapTestProject\OBD_SensorsTest.cs:line 533
</StackTrace>
        </ErrorInfo>
      </Output>
    </UnitTestResult>
    <UnitTestResult executionId="59b25e0b-cc92-408f-985f-d8039ae82046" testId="1068b125-7e20-f5ad-a067-c696cae3e38b" testName="Coolant_TemperatureTest" computerName="DESKTOP" duration="-00:00:00.2348259" startTime="2008-05-04T16:21:08.1718750-05:00" endTime="2008-05-04T16:21:08.1875000-05:00" testType="13cdc9d9-ddb5-4fa4-a97d-d965ccfc6d4b" outcome="Failed" testListId="8c84fa94-04c1-424b-9868-57a2d4851a1d">
      <Output>
        <ErrorInfo>
          <Message>Assert.AreEqual failed. Expected:&lt;(null)&gt;. Actual:&lt;OBDReap.OBD+Sensors+ReturnSet&gt;. </Message>
          <StackTrace>   at OBDReapTestProject.OBD_SensorsTest.Coolant_TemperatureTest() in C:\Documents and Settings\Administrator\My Documents\Projects\Published\OBDReapTestProject\OBD_SensorsTest.cs:line 547
</StackTrace>
        </ErrorInfo>
      </Output>
    </UnitTestResult>
    <UnitTestResult executionId="5a4b30b0-b89f-4284-ba77-079e2711e509" testId="6309b1f8-924e-61ad-cdef-75ef61dc7ae7" testName="Calculated_Load_ValueTest" computerName="DESKTOP" duration="00:00:00.0443943" startTime="2008-05-04T16:21:08.1875000-05:00" endTime="2008-05-04T16:21:08.2343750-05:00" testType="13cdc9d9-ddb5-4fa4-a97d-d965ccfc6d4b" outcome="Failed" testListId="8c84fa94-04c1-424b-9868-57a2d4851a1d">
      <Output>
        <ErrorInfo>
          <Message>Assert.AreEqual failed. Expected:&lt;(null)&gt;. Actual:&lt;OBDReap.OBD+Sensors+ReturnSet&gt;. </Message>
          <StackTrace>   at OBDReapTestProject.OBD_SensorsTest.Calculated_Load_ValueTest() in C:\Documents and Settings\Administrator\My Documents\Projects\Published\OBDReapTestProject\OBD_SensorsTest.cs:line 561
</StackTrace>
        </ErrorInfo>
      </Output>
    </UnitTestResult>
    <UnitTestResult executionId="b47c24cf-6e74-43ec-9506-0457ff204fe5" testId="05d9f462-1f8f-b8df-388c-1724762f2858" testName="BitStringTest" computerName="DESKTOP" duration="-00:00:00.2213694" startTime="2008-05-04T16:21:08.2500000-05:00" endTime="2008-05-04T16:21:08.2656250-05:00" testType="13cdc9d9-ddb5-4fa4-a97d-d965ccfc6d4b" outcome="Failed" testListId="8c84fa94-04c1-424b-9868-57a2d4851a1d">
      <Output>
        <ErrorInfo>
          <Message>Test method OBDReapTestProject.OBD_SensorsTest.BitStringTest threw exception:  System.NullReferenceException: Object reference not set to an instance of an object..</Message>
          <StackTrace>    at OBDReap.OBD.Sensors.BitString(Boolean[] bBits) in C:\Documents and Settings\Administrator\My Documents\Projects\Published\OBDReap\Form1.cs:line 63
   at OBDReap.OBD_Accessor.Sensors.BitString(Boolean[] bBits)
   at OBDReapTestProject.OBD_SensorsTest.BitStringTest() in C:\Documents and Settings\Administrator\My Documents\Projects\Published\OBDReapTestProject\OBD_SensorsTest.cs:line 576
</StackTrace>
        </ErrorInfo>
      </Output>
    </UnitTestResult>
    <UnitTestResult executionId="eed12f2a-2003-437b-a7ec-e22b87514991" testId="4bf69307-4792-89fb-074f-e8332a603ebc" testName="Aux_input_statusTest" computerName="DESKTOP" duration="00:00:00.0090466" startTime="2008-05-04T16:21:08.2812500-05:00" endTime="2008-05-04T16:21:08.2968750-05:00" testType="13cdc9d9-ddb5-4fa4-a97d-d965ccfc6d4b" outcome="Failed" testListId="8c84fa94-04c1-424b-9868-57a2d4851a1d">
      <Output>
        <ErrorInfo>
          <Message>Assert.AreEqual failed. Expected:&lt;(null)&gt;. Actual:&lt;OBDReap.OBD+Sensors+ReturnSet&gt;. </Message>
          <StackTrace>   at OBDReapTestProject.OBD_SensorsTest.Aux_input_statusTest() in C:\Documents and Settings\Administrator\My Documents\Projects\Published\OBDReapTestProject\OBD_SensorsTest.cs:line 591
</StackTrace>
        </ErrorInfo>
      </Output>
    </UnitTestResult>
    <UnitTestResult executionId="576ce1e8-6863-42f4-a053-6110a8108408" testId="a72e4223-b465-17ca-fae0-70e98570c9ad" testName="Air_Flow_Rate_MAFTest" computerName="DESKTOP" duration="-00:00:00.2347403" startTime="2008-05-04T16:21:08.2968750-05:00" endTime="2008-05-04T16:21:08.3125000-05:00" testType="13cdc9d9-ddb5-4fa4-a97d-d965ccfc6d4b" outcome="Failed" testListId="8c84fa94-04c1-424b-9868-57a2d4851a1d">
      <Output>
        <ErrorInfo>
          <Message>Assert.AreEqual failed. Expected:&lt;(null)&gt;. Actual:&lt;OBDReap.OBD+Sensors+ReturnSet&gt;. </Message>
          <StackTrace>   at OBDReapTestProject.OBD_SensorsTest.Air_Flow_Rate_MAFTest() in C:\Documents and Settings\Administrator\My Documents\Projects\Published\OBDReapTestProject\OBD_SensorsTest.cs:line 605
</StackTrace>
        </ErrorInfo>
      </Output>
    </UnitTestResult>
    <UnitTestResult executionId="f7183245-9079-4a13-bf23-19b8ccdd6fd9" testId="09bf6443-6779-c767-dc94-609331a6dcf2" testName="OBD_SensorsConstructorTest" computerName="DESKTOP" duration="00:00:00.0086290" startTime="2008-05-04T16:21:08.3125000-05:00" endTime="2008-05-04T16:21:08.3281250-05:00" testType="13cdc9d9-ddb5-4fa4-a97d-d965ccfc6d4b" outcome="Inconclusive" testListId="8c84fa94-04c1-424b-9868-57a2d4851a1d">
      <Output>
        <ErrorInfo>
          <Message>Assert.Inconclusive failed. TODO: Implement code to verify target</Message>
          <StackTrace>   at OBDReapTestProject.OBD_SensorsTest.OBD_SensorsConstructorTest() in C:\Documents and Settings\Administrator\My Documents\Projects\Published\OBDReapTestProject\OBD_SensorsTest.cs:line 616
</StackTrace>
        </ErrorInfo>
      </Output>
    </UnitTestResult>
    <UnitTestResult executionId="696c5338-7081-466a-bb78-21843b6827ce" testId="63bee9b4-2d17-54f4-a756-36c3c7cd634a" testName="Supported_PIDsTest" computerName="DESKTOP" duration="-00:00:00.2345644" startTime="2008-05-04T16:21:08.3593750-05:00" endTime="2008-05-04T16:21:08.3750000-05:00" testType="13cdc9d9-ddb5-4fa4-a97d-d965ccfc6d4b" outcome="Failed" testListId="8c84fa94-04c1-424b-9868-57a2d4851a1d">
      <Output>
        <ErrorInfo>
          <Message>Assert.AreEqual failed. Expected:&lt;2730&gt;. Actual:&lt;01010101010100000&gt;. </Message>
          <StackTrace>   at OBDReapTestProject.OBDReap_SensorsTest.Supported_PIDsTest() in C:\Documents and Settings\Administrator\My Documents\Projects\Published\OBDReapTestProject\OBDReap_SensorsTest.cs:line 75
</StackTrace>
        </ErrorInfo>
      </Output>
    </UnitTestResult>
    <UnitTestResult executionId="5d0cf356-bf5d-4ce2-ab98-221d5d194e59" testId="591b47a2-441f-bec8-c6b7-280228b6867d" testName="TranslateCodeTest" computerName="DESKTOP" duration="00:00:00.0090105" startTime="2008-05-04T16:21:08.3750000-05:00" endTime="2008-05-04T16:21:08.3906250-05:00" testType="13cdc9d9-ddb5-4fa4-a97d-d965ccfc6d4b" outcome="Inconclusive" testListId="8c84fa94-04c1-424b-9868-57a2d4851a1d">
      <Output>
        <ErrorInfo>
          <Message>Assert.Inconclusive failed. A method that does not return a value cannot be verified.</Message>
          <StackTrace>   at OBDReapTestProject.OBDTest.TranslateCodeTest() in C:\Documents and Settings\Administrator\My Documents\Projects\Published\OBDReapTestProject\OBDTest.cs:line 73
</StackTrace>
        </ErrorInfo>
      </Output>
    </UnitTestResult>
    <UnitTestResult executionId="99d32628-9013-4639-9bcb-c3a53caea524" testId="648d4df5-9148-1a71-ad0e-9dbc003bddd7" testName="OBDConstructorTest" computerName="DESKTOP" duration="00:00:00.2520485" startTime="2008-05-04T16:21:08.4062500-05:00" endTime="2008-05-04T16:21:08.4062500-05:00" testType="13cdc9d9-ddb5-4fa4-a97d-d965ccfc6d4b" outcome="Inconclusive" testListId="8c84fa94-04c1-424b-9868-57a2d4851a1d">
      <Output>
        <ErrorInfo>
          <Message>Assert.Inconclusive failed. TODO: Implement code to verify target</Message>
          <StackTrace>   at OBDReapTestProject.OBDTest.OBDConstructorTest() in C:\Documents and Settings\Administrator\My Documents\Projects\Published\OBDReapTestProject\OBDTest.cs:line 83
</StackTrace>
        </ErrorInfo>
      </Output>
    </UnitTestResult>
  </Results>
</TestRun>